2025-10-12 11:21:33.181 +02:00 [INF] User profile is available. Using 'C:\Users\anjat\AppData\Local\ASP.NET\DataProtection-Keys' as key repository and Windows DPAPI to encrypt keys at rest.
2025-10-12 11:21:33.330 +02:00 [INF] Now listening on: http://localhost:5299
2025-10-12 11:21:33.339 +02:00 [INF] Application started. Press Ctrl+C to shut down.
2025-10-12 11:21:33.343 +02:00 [INF] Hosting environment: Development
2025-10-12 11:21:33.345 +02:00 [INF] Content root path: C:\Users\anjat\QuizzyPop\QuizzyPop
2025-10-12 11:21:34.226 +02:00 [INF] Request starting HTTP/1.1 GET http://localhost:5299/ - null null
2025-10-12 11:21:34.307 +02:00 [WRN] Failed to determine the https port for redirect.
2025-10-12 11:21:34.369 +02:00 [INF] Executing endpoint 'QuizzyPop.Controllers.HomeController.Index (QuizzyPop)'
2025-10-12 11:21:34.500 +02:00 [INF] Route matched with {action = "Index", controller = "Home"}. Executing controller action with signature Microsoft.AspNetCore.Mvc.IActionResult Index() on controller QuizzyPop.Controllers.HomeController (QuizzyPop).
2025-10-12 11:21:34.537 +02:00 [INF] Executing ViewResult, running view Index.
2025-10-12 11:21:34.941 +02:00 [INF] Executed ViewResult - view Index executed in 414.7312ms.
2025-10-12 11:21:34.950 +02:00 [INF] Executed action QuizzyPop.Controllers.HomeController.Index (QuizzyPop) in 448.7413ms
2025-10-12 11:21:34.950 +02:00 [INF] Executed endpoint 'QuizzyPop.Controllers.HomeController.Index (QuizzyPop)'
2025-10-12 11:21:34.959 +02:00 [INF] Request finished HTTP/1.1 GET http://localhost:5299/ - 200 null text/html; charset=utf-8 748.1881ms
2025-10-12 11:21:35.010 +02:00 [INF] Request starting HTTP/1.1 GET http://localhost:5299/css/purged.css - null null
2025-10-12 11:21:35.016 +02:00 [INF] Request starting HTTP/1.1 GET http://localhost:5299/css/clouds.css - null null
2025-10-12 11:21:35.025 +02:00 [INF] The file /css/clouds.css was not modified
2025-10-12 11:21:35.026 +02:00 [INF] The file /css/purged.css was not modified
2025-10-12 11:21:35.028 +02:00 [INF] Request finished HTTP/1.1 GET http://localhost:5299/css/purged.css - 304 null text/css 18.0834ms
2025-10-12 11:21:35.028 +02:00 [INF] Request finished HTTP/1.1 GET http://localhost:5299/css/clouds.css - 304 null text/css 11.8772ms
2025-10-12 11:21:56.658 +02:00 [INF] Request starting HTTP/1.1 GET http://localhost:5299/Home/CreateQuiz - null null
2025-10-12 11:21:56.668 +02:00 [INF] Executing endpoint 'QuizzyPop.Controllers.HomeController.CreateQuiz (QuizzyPop)'
2025-10-12 11:21:56.674 +02:00 [INF] Route matched with {action = "CreateQuiz", controller = "Home"}. Executing controller action with signature Microsoft.AspNetCore.Mvc.IActionResult CreateQuiz() on controller QuizzyPop.Controllers.HomeController (QuizzyPop).
2025-10-12 11:21:56.676 +02:00 [INF] This is an information message.
2025-10-12 11:21:56.679 +02:00 [WRN] This is a warning message
2025-10-12 11:21:56.681 +02:00 [ERR] This is an error message.
2025-10-12 11:21:56.682 +02:00 [INF] Executing ViewResult, running view CreateQuiz.
2025-10-12 11:21:56.734 +02:00 [INF] Executed ViewResult - view CreateQuiz executed in 52.7259ms.
2025-10-12 11:21:56.735 +02:00 [INF] Executed action QuizzyPop.Controllers.HomeController.CreateQuiz (QuizzyPop) in 60.3772ms
2025-10-12 11:21:56.735 +02:00 [INF] Executed endpoint 'QuizzyPop.Controllers.HomeController.CreateQuiz (QuizzyPop)'
2025-10-12 11:21:56.735 +02:00 [INF] Request finished HTTP/1.1 GET http://localhost:5299/Home/CreateQuiz - 200 null text/html; charset=utf-8 76.8307ms
2025-10-12 11:22:00.421 +02:00 [INF] Request starting HTTP/1.1 GET http://localhost:5299/Home/About - null null
2025-10-12 11:22:00.424 +02:00 [INF] Executing endpoint 'QuizzyPop.Controllers.HomeController.About (QuizzyPop)'
2025-10-12 11:22:00.426 +02:00 [INF] Route matched with {action = "About", controller = "Home"}. Executing controller action with signature Microsoft.AspNetCore.Mvc.IActionResult About() on controller QuizzyPop.Controllers.HomeController (QuizzyPop).
2025-10-12 11:22:00.427 +02:00 [INF] Executing ViewResult, running view About.
2025-10-12 11:22:00.431 +02:00 [INF] Executed ViewResult - view About executed in 5.3425ms.
2025-10-12 11:22:00.432 +02:00 [INF] Executed action QuizzyPop.Controllers.HomeController.About (QuizzyPop) in 5.8224ms
2025-10-12 11:22:00.432 +02:00 [INF] Executed endpoint 'QuizzyPop.Controllers.HomeController.About (QuizzyPop)'
2025-10-12 11:22:00.432 +02:00 [INF] Request finished HTTP/1.1 GET http://localhost:5299/Home/About - 200 null text/html; charset=utf-8 10.9105ms
2025-10-12 11:22:00.547 +02:00 [INF] Request starting HTTP/1.1 GET http://localhost:5299/fonts/Baloo2-Regular.ttf - null null
2025-10-12 11:22:00.548 +02:00 [INF] Request finished HTTP/1.1 GET http://localhost:5299/fonts/Baloo2-Regular.ttf - 404 0 null 1.5236ms
2025-10-12 11:22:00.550 +02:00 [INF] Request reached the end of the middleware pipeline without being handled by application code. Request path: GET http://localhost:5299/fonts/Baloo2-Regular.ttf, Response status code: 404
2025-10-12 11:22:02.493 +02:00 [INF] Request starting HTTP/1.1 GET http://localhost:5299/ - null null
2025-10-12 11:22:02.493 +02:00 [INF] Executing endpoint 'QuizzyPop.Controllers.HomeController.Index (QuizzyPop)'
2025-10-12 11:22:02.494 +02:00 [INF] Route matched with {action = "Index", controller = "Home"}. Executing controller action with signature Microsoft.AspNetCore.Mvc.IActionResult Index() on controller QuizzyPop.Controllers.HomeController (QuizzyPop).
2025-10-12 11:22:02.494 +02:00 [INF] Executing ViewResult, running view Index.
2025-10-12 11:22:02.494 +02:00 [INF] Executed ViewResult - view Index executed in 0.6794ms.
2025-10-12 11:22:02.495 +02:00 [INF] Executed action QuizzyPop.Controllers.HomeController.Index (QuizzyPop) in 0.8677ms
2025-10-12 11:22:02.495 +02:00 [INF] Executed endpoint 'QuizzyPop.Controllers.HomeController.Index (QuizzyPop)'
2025-10-12 11:22:02.495 +02:00 [INF] Request finished HTTP/1.1 GET http://localhost:5299/ - 200 null text/html; charset=utf-8 1.7057ms
2025-10-12 11:22:03.674 +02:00 [INF] Request starting HTTP/1.1 GET http://localhost:5299/Home/TakeQuiz - null null
2025-10-12 11:22:03.674 +02:00 [INF] Executing endpoint 'QuizzyPop.Controllers.HomeController.TakeQuiz (QuizzyPop)'
2025-10-12 11:22:03.676 +02:00 [INF] Route matched with {action = "TakeQuiz", controller = "Home"}. Executing controller action with signature Microsoft.AspNetCore.Mvc.IActionResult TakeQuiz() on controller QuizzyPop.Controllers.HomeController (QuizzyPop).
2025-10-12 11:22:03.679 +02:00 [INF] TakeQuiz() called — loaded 5 quizzes
2025-10-12 11:22:03.680 +02:00 [INF] Executing ViewResult, running view TakeQuiz.
2025-10-12 11:22:03.685 +02:00 [INF] Executed ViewResult - view TakeQuiz executed in 6.2135ms.
2025-10-12 11:22:03.685 +02:00 [INF] Executed action QuizzyPop.Controllers.HomeController.TakeQuiz (QuizzyPop) in 9.5782ms
2025-10-12 11:22:03.686 +02:00 [INF] Executed endpoint 'QuizzyPop.Controllers.HomeController.TakeQuiz (QuizzyPop)'
2025-10-12 11:22:03.686 +02:00 [INF] Request finished HTTP/1.1 GET http://localhost:5299/Home/TakeQuiz - 200 null text/html; charset=utf-8 12.0283ms
2025-10-12 11:22:03.739 +02:00 [INF] Request starting HTTP/1.1 GET http://localhost:5299/fonts/Baloo2-Regular.ttf - null null
2025-10-12 11:22:03.741 +02:00 [INF] Request finished HTTP/1.1 GET http://localhost:5299/fonts/Baloo2-Regular.ttf - 404 0 null 1.3416ms
2025-10-12 11:22:03.741 +02:00 [INF] Request reached the end of the middleware pipeline without being handled by application code. Request path: GET http://localhost:5299/fonts/Baloo2-Regular.ttf, Response status code: 404
2025-10-12 11:22:08.697 +02:00 [INF] Request starting HTTP/1.1 GET http://localhost:5299/Home/TakeQuiz - null null
2025-10-12 11:22:08.699 +02:00 [INF] Executing endpoint 'QuizzyPop.Controllers.HomeController.TakeQuiz (QuizzyPop)'
2025-10-12 11:22:08.701 +02:00 [INF] Route matched with {action = "TakeQuiz", controller = "Home"}. Executing controller action with signature Microsoft.AspNetCore.Mvc.IActionResult TakeQuiz() on controller QuizzyPop.Controllers.HomeController (QuizzyPop).
2025-10-12 11:22:08.706 +02:00 [INF] TakeQuiz() called — loaded 5 quizzes
2025-10-12 11:22:08.706 +02:00 [INF] Executing ViewResult, running view TakeQuiz.
2025-10-12 11:22:08.707 +02:00 [INF] Executed ViewResult - view TakeQuiz executed in 1.3344ms.
2025-10-12 11:22:08.707 +02:00 [INF] Executed action QuizzyPop.Controllers.HomeController.TakeQuiz (QuizzyPop) in 5.5244ms
2025-10-12 11:22:08.707 +02:00 [INF] Executed endpoint 'QuizzyPop.Controllers.HomeController.TakeQuiz (QuizzyPop)'
2025-10-12 11:22:08.707 +02:00 [INF] Request finished HTTP/1.1 GET http://localhost:5299/Home/TakeQuiz - 200 null text/html; charset=utf-8 10.2777ms
2025-10-12 11:22:08.750 +02:00 [INF] Request starting HTTP/1.1 GET http://localhost:5299/fonts/Baloo2-Regular.ttf - null null
2025-10-12 11:22:08.751 +02:00 [INF] Request finished HTTP/1.1 GET http://localhost:5299/fonts/Baloo2-Regular.ttf - 404 0 null 0.9369ms
2025-10-12 11:22:08.752 +02:00 [INF] Request reached the end of the middleware pipeline without being handled by application code. Request path: GET http://localhost:5299/fonts/Baloo2-Regular.ttf, Response status code: 404
2025-10-12 11:22:09.432 +02:00 [INF] Request starting HTTP/1.1 GET http://localhost:5299/Home/CreateQuiz - null null
2025-10-12 11:22:09.432 +02:00 [INF] Executing endpoint 'QuizzyPop.Controllers.HomeController.CreateQuiz (QuizzyPop)'
2025-10-12 11:22:09.432 +02:00 [INF] Route matched with {action = "CreateQuiz", controller = "Home"}. Executing controller action with signature Microsoft.AspNetCore.Mvc.IActionResult CreateQuiz() on controller QuizzyPop.Controllers.HomeController (QuizzyPop).
2025-10-12 11:22:09.434 +02:00 [INF] This is an information message.
2025-10-12 11:22:09.437 +02:00 [WRN] This is a warning message
2025-10-12 11:22:09.440 +02:00 [ERR] This is an error message.
2025-10-12 11:22:09.441 +02:00 [INF] Executing ViewResult, running view CreateQuiz.
2025-10-12 11:22:09.444 +02:00 [INF] Executed ViewResult - view CreateQuiz executed in 3.5327ms.
2025-10-12 11:22:09.444 +02:00 [INF] Executed action QuizzyPop.Controllers.HomeController.CreateQuiz (QuizzyPop) in 11.9605ms
2025-10-12 11:22:09.444 +02:00 [INF] Executed endpoint 'QuizzyPop.Controllers.HomeController.CreateQuiz (QuizzyPop)'
2025-10-12 11:22:09.444 +02:00 [INF] Request finished HTTP/1.1 GET http://localhost:5299/Home/CreateQuiz - 200 null text/html; charset=utf-8 12.4598ms
2025-10-12 11:22:10.531 +02:00 [INF] Request starting HTTP/1.1 GET http://localhost:5299/ - null null
2025-10-12 11:22:10.531 +02:00 [INF] Executing endpoint 'QuizzyPop.Controllers.HomeController.Index (QuizzyPop)'
2025-10-12 11:22:10.531 +02:00 [INF] Route matched with {action = "Index", controller = "Home"}. Executing controller action with signature Microsoft.AspNetCore.Mvc.IActionResult Index() on controller QuizzyPop.Controllers.HomeController (QuizzyPop).
2025-10-12 11:22:10.532 +02:00 [INF] Executing ViewResult, running view Index.
2025-10-12 11:22:10.532 +02:00 [INF] Executed ViewResult - view Index executed in 0.4573ms.
2025-10-12 11:22:10.532 +02:00 [INF] Executed action QuizzyPop.Controllers.HomeController.Index (QuizzyPop) in 0.6241ms
2025-10-12 11:22:10.532 +02:00 [INF] Executed endpoint 'QuizzyPop.Controllers.HomeController.Index (QuizzyPop)'
2025-10-12 11:22:10.532 +02:00 [INF] Request finished HTTP/1.1 GET http://localhost:5299/ - 200 null text/html; charset=utf-8 0.9785ms
2025-10-12 11:22:14.184 +02:00 [INF] Request starting HTTP/1.1 GET http://localhost:5299/Home/CreateQuiz - null null
2025-10-12 11:22:14.184 +02:00 [INF] Executing endpoint 'QuizzyPop.Controllers.HomeController.CreateQuiz (QuizzyPop)'
2025-10-12 11:22:14.184 +02:00 [INF] Route matched with {action = "CreateQuiz", controller = "Home"}. Executing controller action with signature Microsoft.AspNetCore.Mvc.IActionResult CreateQuiz() on controller QuizzyPop.Controllers.HomeController (QuizzyPop).
2025-10-12 11:22:14.186 +02:00 [INF] This is an information message.
2025-10-12 11:22:14.189 +02:00 [WRN] This is a warning message
2025-10-12 11:22:14.192 +02:00 [ERR] This is an error message.
2025-10-12 11:22:14.192 +02:00 [INF] Executing ViewResult, running view CreateQuiz.
2025-10-12 11:22:14.194 +02:00 [INF] Executed ViewResult - view CreateQuiz executed in 2.3291ms.
2025-10-12 11:22:14.194 +02:00 [INF] Executed action QuizzyPop.Controllers.HomeController.CreateQuiz (QuizzyPop) in 10.1029ms
2025-10-12 11:22:14.194 +02:00 [INF] Executed endpoint 'QuizzyPop.Controllers.HomeController.CreateQuiz (QuizzyPop)'
2025-10-12 11:22:14.195 +02:00 [INF] Request finished HTTP/1.1 GET http://localhost:5299/Home/CreateQuiz - 200 null text/html; charset=utf-8 10.5754ms
2025-10-12 11:22:15.275 +02:00 [INF] Request starting HTTP/1.1 GET http://localhost:5299/Account/Login - null null
2025-10-12 11:22:15.276 +02:00 [INF] Executing endpoint 'QuizzyPop.Controllers.AccountController.Login (QuizzyPop)'
2025-10-12 11:22:15.277 +02:00 [INF] Route matched with {action = "Login", controller = "Account"}. Executing controller action with signature Microsoft.AspNetCore.Mvc.IActionResult Login() on controller QuizzyPop.Controllers.AccountController (QuizzyPop).
2025-10-12 11:22:15.279 +02:00 [INF] Executing ViewResult, running view Login.
2025-10-12 11:22:15.285 +02:00 [INF] Executed ViewResult - view Login executed in 7.5628ms.
2025-10-12 11:22:15.285 +02:00 [INF] Executed action QuizzyPop.Controllers.AccountController.Login (QuizzyPop) in 8.1491ms
2025-10-12 11:22:15.285 +02:00 [INF] Executed endpoint 'QuizzyPop.Controllers.AccountController.Login (QuizzyPop)'
2025-10-12 11:22:15.285 +02:00 [INF] Request finished HTTP/1.1 GET http://localhost:5299/Account/Login - 200 null text/html; charset=utf-8 10.2538ms
2025-10-12 11:22:15.397 +02:00 [INF] Request starting HTTP/1.1 GET http://localhost:5299/fonts/Baloo2-Regular.ttf - null null
2025-10-12 11:22:15.397 +02:00 [INF] Request finished HTTP/1.1 GET http://localhost:5299/fonts/Baloo2-Regular.ttf - 404 0 null 0.8183ms
2025-10-12 11:22:15.398 +02:00 [INF] Request reached the end of the middleware pipeline without being handled by application code. Request path: GET http://localhost:5299/fonts/Baloo2-Regular.ttf, Response status code: 404
2025-10-12 11:22:18.886 +02:00 [INF] Request starting HTTP/1.1 GET http://localhost:5299/Account/Register - null null
2025-10-12 11:22:18.887 +02:00 [INF] Executing endpoint 'QuizzyPop.Controllers.AccountController.Register (QuizzyPop)'
2025-10-12 11:22:18.888 +02:00 [INF] Route matched with {action = "Register", controller = "Account"}. Executing controller action with signature Microsoft.AspNetCore.Mvc.IActionResult Register() on controller QuizzyPop.Controllers.AccountController (QuizzyPop).
2025-10-12 11:22:18.889 +02:00 [INF] Executing ViewResult, running view Register.
2025-10-12 11:22:18.894 +02:00 [INF] Executed ViewResult - view Register executed in 6.4614ms.
2025-10-12 11:22:18.894 +02:00 [INF] Executed action QuizzyPop.Controllers.AccountController.Register (QuizzyPop) in 6.715ms
2025-10-12 11:22:18.895 +02:00 [INF] Executed endpoint 'QuizzyPop.Controllers.AccountController.Register (QuizzyPop)'
2025-10-12 11:22:18.895 +02:00 [INF] Request finished HTTP/1.1 GET http://localhost:5299/Account/Register - 200 null text/html; charset=utf-8 8.6035ms
2025-10-12 11:22:18.941 +02:00 [INF] Request starting HTTP/1.1 GET http://localhost:5299/fonts/Baloo2-Regular.ttf - null null
2025-10-12 11:22:18.942 +02:00 [INF] Request finished HTTP/1.1 GET http://localhost:5299/fonts/Baloo2-Regular.ttf - 404 0 null 0.4578ms
2025-10-12 11:22:18.942 +02:00 [INF] Request reached the end of the middleware pipeline without being handled by application code. Request path: GET http://localhost:5299/fonts/Baloo2-Regular.ttf, Response status code: 404
