2025-10-23 12:14:36.459 +02:00 [WRN] The property 'Question.Choices' is a collection or enumeration type with a value converter but with no value comparer. Set a value comparer to ensure the collection/enumeration elements are compared correctly.
2025-10-23 12:14:37.116 +02:00 [INF] User profile is available. Using 'C:\Users\Vincent Ngo\AppData\Local\ASP.NET\DataProtection-Keys' as key repository and Windows DPAPI to encrypt keys at rest.
2025-10-23 12:14:37.215 +02:00 [INF] Now listening on: http://localhost:5299
2025-10-23 12:14:37.219 +02:00 [INF] Application started. Press Ctrl+C to shut down.
2025-10-23 12:14:37.220 +02:00 [INF] Hosting environment: Development
2025-10-23 12:14:37.220 +02:00 [INF] Content root path: C:\Users\Vincent Ngo\Downloads\QuizzyPop\QuizzyPop
2025-10-23 12:14:48.101 +02:00 [INF] Request starting HTTP/1.1 GET http://localhost:5299/ - null null
2025-10-23 12:14:48.122 +02:00 [WRN] Failed to determine the https port for redirect.
2025-10-23 12:14:48.180 +02:00 [INF] Executing endpoint 'QuizzyPop.Controllers.HomeController.Index (QuizzyPop)'
2025-10-23 12:14:48.207 +02:00 [INF] Route matched with {action = "Index", controller = "Home"}. Executing controller action with signature Microsoft.AspNetCore.Mvc.IActionResult Index() on controller QuizzyPop.Controllers.HomeController (QuizzyPop).
2025-10-23 12:14:48.226 +02:00 [INF] Executing ViewResult, running view Index.
2025-10-23 12:14:48.320 +02:00 [INF] Executed ViewResult - view Index executed in 87.4319ms.
2025-10-23 12:14:48.324 +02:00 [INF] Executed action QuizzyPop.Controllers.HomeController.Index (QuizzyPop) in 116.3442ms
2025-10-23 12:14:48.324 +02:00 [INF] Executed endpoint 'QuizzyPop.Controllers.HomeController.Index (QuizzyPop)'
2025-10-23 12:14:48.337 +02:00 [INF] Request finished HTTP/1.1 GET http://localhost:5299/ - 200 null text/html; charset=utf-8 237.515ms
2025-10-23 12:14:51.709 +02:00 [INF] Request starting HTTP/1.1 GET http://localhost:5299/fonts/Baloo2-Regular.ttf - null null
2025-10-23 12:14:51.722 +02:00 [INF] Request finished HTTP/1.1 GET http://localhost:5299/fonts/Baloo2-Regular.ttf - 404 0 null 12.5056ms
2025-10-23 12:14:51.723 +02:00 [INF] Request reached the end of the middleware pipeline without being handled by application code. Request path: GET http://localhost:5299/fonts/Baloo2-Regular.ttf, Response status code: 404
2025-10-23 12:14:53.177 +02:00 [INF] Request starting HTTP/1.1 GET http://localhost:5299/Home/TakeQuiz - null null
2025-10-23 12:14:53.182 +02:00 [INF] Executing endpoint 'QuizzyPop.Controllers.HomeController.TakeQuiz (QuizzyPop)'
2025-10-23 12:14:53.191 +02:00 [INF] Route matched with {action = "TakeQuiz", controller = "Home"}. Executing controller action with signature System.Threading.Tasks.Task`1[Microsoft.AspNetCore.Mvc.IActionResult] TakeQuiz() on controller QuizzyPop.Controllers.HomeController (QuizzyPop).
2025-10-23 12:14:53.577 +02:00 [INF] Loaded 7 quizzes from repository.
2025-10-23 12:14:53.580 +02:00 [INF] Executing ViewResult, running view TakeQuiz.
2025-10-23 12:14:53.632 +02:00 [INF] Accessing expired session, Key:9a63785d-eac7-fe47-9a75-9d1a1b9838b0
2025-10-23 12:14:53.635 +02:00 [INF] Executed ViewResult - view TakeQuiz executed in 56.9386ms.
2025-10-23 12:14:53.635 +02:00 [INF] Executed action QuizzyPop.Controllers.HomeController.TakeQuiz (QuizzyPop) in 444.1722ms
2025-10-23 12:14:53.635 +02:00 [INF] Executed endpoint 'QuizzyPop.Controllers.HomeController.TakeQuiz (QuizzyPop)'
2025-10-23 12:14:53.638 +02:00 [INF] Request finished HTTP/1.1 GET http://localhost:5299/Home/TakeQuiz - 200 null text/html; charset=utf-8 460.194ms
2025-10-23 12:14:53.666 +02:00 [INF] Request starting HTTP/1.1 GET http://localhost:5299/images/default-cover.png - null null
2025-10-23 12:14:53.668 +02:00 [INF] Request finished HTTP/1.1 GET http://localhost:5299/images/default-cover.png - 404 0 null 1.2444ms
2025-10-23 12:14:53.668 +02:00 [INF] Request reached the end of the middleware pipeline without being handled by application code. Request path: GET http://localhost:5299/images/default-cover.png, Response status code: 404
2025-10-23 12:14:53.689 +02:00 [INF] Request starting HTTP/1.1 GET http://localhost:5299/fonts/Baloo2-Regular.ttf - null null
2025-10-23 12:14:53.689 +02:00 [INF] Request finished HTTP/1.1 GET http://localhost:5299/fonts/Baloo2-Regular.ttf - 404 0 null 0.6484ms
2025-10-23 12:14:53.690 +02:00 [INF] Request reached the end of the middleware pipeline without being handled by application code. Request path: GET http://localhost:5299/fonts/Baloo2-Regular.ttf, Response status code: 404
2025-10-23 12:14:57.134 +02:00 [INF] Request starting HTTP/1.1 GET http://localhost:5299/Home/StartQuiz/2 - null null
2025-10-23 12:14:57.136 +02:00 [INF] Executing endpoint 'QuizzyPop.Controllers.HomeController.StartQuiz (QuizzyPop)'
2025-10-23 12:14:57.150 +02:00 [INF] Route matched with {action = "StartQuiz", controller = "Home"}. Executing controller action with signature System.Threading.Tasks.Task`1[Microsoft.AspNetCore.Mvc.IActionResult] StartQuiz(Int32, Int32) on controller QuizzyPop.Controllers.HomeController (QuizzyPop).
2025-10-23 12:14:57.272 +02:00 [INF] Executing ViewResult, running view TakingQuiz.
2025-10-23 12:14:57.289 +02:00 [INF] Accessing expired session, Key:9a63785d-eac7-fe47-9a75-9d1a1b9838b0
2025-10-23 12:14:57.289 +02:00 [INF] Executed ViewResult - view TakingQuiz executed in 17.3891ms.
2025-10-23 12:14:57.289 +02:00 [INF] Executed action QuizzyPop.Controllers.HomeController.StartQuiz (QuizzyPop) in 139.2466ms
2025-10-23 12:14:57.289 +02:00 [INF] Executed endpoint 'QuizzyPop.Controllers.HomeController.StartQuiz (QuizzyPop)'
2025-10-23 12:14:57.290 +02:00 [INF] Request finished HTTP/1.1 GET http://localhost:5299/Home/StartQuiz/2 - 200 null text/html; charset=utf-8 156.0291ms
2025-10-23 12:14:57.337 +02:00 [INF] Request starting HTTP/1.1 GET http://localhost:5299/fonts/Baloo2-Regular.ttf - null null
2025-10-23 12:14:57.338 +02:00 [INF] Request finished HTTP/1.1 GET http://localhost:5299/fonts/Baloo2-Regular.ttf - 404 0 null 1.0204ms
2025-10-23 12:14:57.338 +02:00 [INF] Request reached the end of the middleware pipeline without being handled by application code. Request path: GET http://localhost:5299/fonts/Baloo2-Regular.ttf, Response status code: 404
2025-10-23 12:15:00.722 +02:00 [INF] Request starting HTTP/1.1 POST http://localhost:5299/Home/SubmitQuiz - application/x-www-form-urlencoded 321
2025-10-23 12:15:00.723 +02:00 [INF] Executing endpoint 'QuizzyPop.Controllers.HomeController.SubmitQuiz (QuizzyPop)'
2025-10-23 12:15:00.737 +02:00 [INF] Route matched with {action = "SubmitQuiz", controller = "Home"}. Executing controller action with signature System.Threading.Tasks.Task`1[Microsoft.AspNetCore.Mvc.IActionResult] SubmitQuiz(QuizzyPop.ViewModels.TakingQuizViewModel, System.String, Int32) on controller QuizzyPop.Controllers.HomeController (QuizzyPop).
2025-10-23 12:15:00.785 +02:00 [INF] Executing RedirectResult, redirecting to /Home/StartQuiz/2?questionIndex=1.
2025-10-23 12:15:00.790 +02:00 [INF] Executed action QuizzyPop.Controllers.HomeController.SubmitQuiz (QuizzyPop) in 53.0132ms
2025-10-23 12:15:00.790 +02:00 [INF] Executed endpoint 'QuizzyPop.Controllers.HomeController.SubmitQuiz (QuizzyPop)'
2025-10-23 12:15:00.790 +02:00 [INF] Request finished HTTP/1.1 POST http://localhost:5299/Home/SubmitQuiz - 302 0 null 68.136ms
2025-10-23 12:15:00.793 +02:00 [INF] Request starting HTTP/1.1 GET http://localhost:5299/Home/StartQuiz/2?questionIndex=1 - null null
2025-10-23 12:15:00.794 +02:00 [INF] Executing endpoint 'QuizzyPop.Controllers.HomeController.StartQuiz (QuizzyPop)'
2025-10-23 12:15:00.794 +02:00 [INF] Route matched with {action = "StartQuiz", controller = "Home"}. Executing controller action with signature System.Threading.Tasks.Task`1[Microsoft.AspNetCore.Mvc.IActionResult] StartQuiz(Int32, Int32) on controller QuizzyPop.Controllers.HomeController (QuizzyPop).
2025-10-23 12:15:00.806 +02:00 [INF] Executing ViewResult, running view TakingQuiz.
2025-10-23 12:15:00.808 +02:00 [INF] Accessing expired session, Key:9a63785d-eac7-fe47-9a75-9d1a1b9838b0
2025-10-23 12:15:00.808 +02:00 [INF] Executed ViewResult - view TakingQuiz executed in 1.8285ms.
2025-10-23 12:15:00.808 +02:00 [INF] Executed action QuizzyPop.Controllers.HomeController.StartQuiz (QuizzyPop) in 14.095ms
2025-10-23 12:15:00.808 +02:00 [INF] Executed endpoint 'QuizzyPop.Controllers.HomeController.StartQuiz (QuizzyPop)'
2025-10-23 12:15:00.808 +02:00 [INF] Request finished HTTP/1.1 GET http://localhost:5299/Home/StartQuiz/2?questionIndex=1 - 200 null text/html; charset=utf-8 15.3448ms
2025-10-23 12:15:00.868 +02:00 [INF] Request starting HTTP/1.1 GET http://localhost:5299/fonts/Baloo2-Regular.ttf - null null
2025-10-23 12:15:00.868 +02:00 [INF] Request finished HTTP/1.1 GET http://localhost:5299/fonts/Baloo2-Regular.ttf - 404 0 null 0.6687ms
2025-10-23 12:15:00.869 +02:00 [INF] Request reached the end of the middleware pipeline without being handled by application code. Request path: GET http://localhost:5299/fonts/Baloo2-Regular.ttf, Response status code: 404
2025-10-23 12:15:02.240 +02:00 [INF] Request starting HTTP/1.1 POST http://localhost:5299/Home/SubmitQuiz - application/x-www-form-urlencoded 321
2025-10-23 12:15:02.240 +02:00 [INF] Executing endpoint 'QuizzyPop.Controllers.HomeController.SubmitQuiz (QuizzyPop)'
2025-10-23 12:15:02.241 +02:00 [INF] Route matched with {action = "SubmitQuiz", controller = "Home"}. Executing controller action with signature System.Threading.Tasks.Task`1[Microsoft.AspNetCore.Mvc.IActionResult] SubmitQuiz(QuizzyPop.ViewModels.TakingQuizViewModel, System.String, Int32) on controller QuizzyPop.Controllers.HomeController (QuizzyPop).
2025-10-23 12:15:02.254 +02:00 [INF] Executing RedirectResult, redirecting to /Home/StartQuiz/2?questionIndex=2.
2025-10-23 12:15:02.254 +02:00 [INF] Executed action QuizzyPop.Controllers.HomeController.SubmitQuiz (QuizzyPop) in 13.9433ms
2025-10-23 12:15:02.255 +02:00 [INF] Executed endpoint 'QuizzyPop.Controllers.HomeController.SubmitQuiz (QuizzyPop)'
2025-10-23 12:15:02.255 +02:00 [INF] Request finished HTTP/1.1 POST http://localhost:5299/Home/SubmitQuiz - 302 0 null 14.6947ms
2025-10-23 12:15:02.257 +02:00 [INF] Request starting HTTP/1.1 GET http://localhost:5299/Home/StartQuiz/2?questionIndex=2 - null null
2025-10-23 12:15:02.257 +02:00 [INF] Executing endpoint 'QuizzyPop.Controllers.HomeController.StartQuiz (QuizzyPop)'
2025-10-23 12:15:02.257 +02:00 [INF] Route matched with {action = "StartQuiz", controller = "Home"}. Executing controller action with signature System.Threading.Tasks.Task`1[Microsoft.AspNetCore.Mvc.IActionResult] StartQuiz(Int32, Int32) on controller QuizzyPop.Controllers.HomeController (QuizzyPop).
2025-10-23 12:15:02.259 +02:00 [INF] Executing ViewResult, running view TakingQuiz.
2025-10-23 12:15:02.264 +02:00 [INF] Accessing expired session, Key:9a63785d-eac7-fe47-9a75-9d1a1b9838b0
2025-10-23 12:15:02.266 +02:00 [INF] Executed ViewResult - view TakingQuiz executed in 6.8913ms.
2025-10-23 12:15:02.266 +02:00 [INF] Executed action QuizzyPop.Controllers.HomeController.StartQuiz (QuizzyPop) in 9.0183ms
2025-10-23 12:15:02.267 +02:00 [INF] Executed endpoint 'QuizzyPop.Controllers.HomeController.StartQuiz (QuizzyPop)'
2025-10-23 12:15:02.268 +02:00 [INF] Request finished HTTP/1.1 GET http://localhost:5299/Home/StartQuiz/2?questionIndex=2 - 200 null text/html; charset=utf-8 10.8375ms
2025-10-23 12:15:02.356 +02:00 [INF] Request starting HTTP/1.1 GET http://localhost:5299/fonts/Baloo2-Regular.ttf - null null
2025-10-23 12:15:02.357 +02:00 [INF] Request finished HTTP/1.1 GET http://localhost:5299/fonts/Baloo2-Regular.ttf - 404 0 null 1.0848ms
2025-10-23 12:15:02.357 +02:00 [INF] Request reached the end of the middleware pipeline without being handled by application code. Request path: GET http://localhost:5299/fonts/Baloo2-Regular.ttf, Response status code: 404
2025-10-23 12:15:04.390 +02:00 [INF] Request starting HTTP/1.1 POST http://localhost:5299/Home/SubmitQuiz - application/x-www-form-urlencoded 323
2025-10-23 12:15:04.390 +02:00 [INF] Executing endpoint 'QuizzyPop.Controllers.HomeController.SubmitQuiz (QuizzyPop)'
2025-10-23 12:15:04.391 +02:00 [INF] Route matched with {action = "SubmitQuiz", controller = "Home"}. Executing controller action with signature System.Threading.Tasks.Task`1[Microsoft.AspNetCore.Mvc.IActionResult] SubmitQuiz(QuizzyPop.ViewModels.TakingQuizViewModel, System.String, Int32) on controller QuizzyPop.Controllers.HomeController (QuizzyPop).
2025-10-23 12:15:04.397 +02:00 [INF] Executing RedirectResult, redirecting to /Home/QuizCompleted?quizId=2&totalQuestions=3&correctAnswers=3.
2025-10-23 12:15:04.398 +02:00 [INF] Executed action QuizzyPop.Controllers.HomeController.SubmitQuiz (QuizzyPop) in 7.5152ms
2025-10-23 12:15:04.398 +02:00 [INF] Executed endpoint 'QuizzyPop.Controllers.HomeController.SubmitQuiz (QuizzyPop)'
2025-10-23 12:15:04.399 +02:00 [INF] Request finished HTTP/1.1 POST http://localhost:5299/Home/SubmitQuiz - 302 0 null 8.2625ms
2025-10-23 12:15:04.404 +02:00 [INF] Request starting HTTP/1.1 GET http://localhost:5299/Home/QuizCompleted?quizId=2&totalQuestions=3&correctAnswers=3 - null null
2025-10-23 12:15:04.404 +02:00 [INF] Executing endpoint 'QuizzyPop.Controllers.HomeController.QuizCompleted (QuizzyPop)'
2025-10-23 12:15:04.407 +02:00 [INF] Route matched with {action = "QuizCompleted", controller = "Home"}. Executing controller action with signature System.Threading.Tasks.Task`1[Microsoft.AspNetCore.Mvc.IActionResult] QuizCompleted(Int32, Int32, Int32) on controller QuizzyPop.Controllers.HomeController (QuizzyPop).
2025-10-23 12:15:04.425 +02:00 [INF] Executing ViewResult, running view QuizCompleted.
2025-10-23 12:15:04.437 +02:00 [INF] Accessing expired session, Key:9a63785d-eac7-fe47-9a75-9d1a1b9838b0
2025-10-23 12:15:04.437 +02:00 [INF] Executed ViewResult - view QuizCompleted executed in 12.8071ms.
2025-10-23 12:15:04.437 +02:00 [INF] Executed action QuizzyPop.Controllers.HomeController.QuizCompleted (QuizzyPop) in 30.4293ms
2025-10-23 12:15:04.437 +02:00 [INF] Executed endpoint 'QuizzyPop.Controllers.HomeController.QuizCompleted (QuizzyPop)'
2025-10-23 12:15:04.437 +02:00 [INF] Request finished HTTP/1.1 GET http://localhost:5299/Home/QuizCompleted?quizId=2&totalQuestions=3&correctAnswers=3 - 200 null text/html; charset=utf-8 33.3204ms
2025-10-23 12:15:04.458 +02:00 [INF] Request starting HTTP/1.1 GET http://localhost:5299/images/quizzy-celebrate.png - null null
2025-10-23 12:15:04.470 +02:00 [INF] The file /images/quizzy-celebrate.png was not modified
2025-10-23 12:15:04.471 +02:00 [INF] Request finished HTTP/1.1 GET http://localhost:5299/images/quizzy-celebrate.png - 304 null image/png 12.6628ms
2025-10-23 12:15:04.512 +02:00 [INF] Request starting HTTP/1.1 GET http://localhost:5299/fonts/Baloo2-Regular.ttf - null null
2025-10-23 12:15:04.513 +02:00 [INF] Request finished HTTP/1.1 GET http://localhost:5299/fonts/Baloo2-Regular.ttf - 404 0 null 0.8484ms
2025-10-23 12:15:04.513 +02:00 [INF] Request reached the end of the middleware pipeline without being handled by application code. Request path: GET http://localhost:5299/fonts/Baloo2-Regular.ttf, Response status code: 404
2025-10-23 12:15:47.855 +02:00 [INF] Application is shutting down...
