2025-10-22 21:08:54.945 +02:00 [WRN] The property 'Question.Choices' is a collection or enumeration type with a value converter but with no value comparer. Set a value comparer to ensure the collection/enumeration elements are compared correctly.
2025-10-22 21:08:55.693 +02:00 [INF] User profile is available. Using 'C:\Users\Vincent Ngo\AppData\Local\ASP.NET\DataProtection-Keys' as key repository and Windows DPAPI to encrypt keys at rest.
2025-10-22 21:08:55.758 +02:00 [INF] Now listening on: http://localhost:5299
2025-10-22 21:08:55.761 +02:00 [INF] Application started. Press Ctrl+C to shut down.
2025-10-22 21:08:55.762 +02:00 [INF] Hosting environment: Development
2025-10-22 21:08:55.762 +02:00 [INF] Content root path: C:\Users\Vincent Ngo\Downloads\QuizzyPop\QuizzyPop
2025-10-22 21:09:49.937 +02:00 [INF] Request starting HTTP/1.1 GET http://localhost:5299/ - null null
2025-10-22 21:09:49.965 +02:00 [WRN] Failed to determine the https port for redirect.
2025-10-22 21:09:50.057 +02:00 [INF] Executing endpoint 'QuizzyPop.Controllers.HomeController.Index (QuizzyPop)'
2025-10-22 21:09:50.089 +02:00 [INF] Route matched with {action = "Index", controller = "Home"}. Executing controller action with signature Microsoft.AspNetCore.Mvc.IActionResult Index() on controller QuizzyPop.Controllers.HomeController (QuizzyPop).
2025-10-22 21:09:50.119 +02:00 [INF] Executing ViewResult, running view Index.
2025-10-22 21:09:50.223 +02:00 [INF] Executed ViewResult - view Index executed in 108.3028ms.
2025-10-22 21:09:50.228 +02:00 [INF] Executed action QuizzyPop.Controllers.HomeController.Index (QuizzyPop) in 136.0264ms
2025-10-22 21:09:50.230 +02:00 [INF] Executed endpoint 'QuizzyPop.Controllers.HomeController.Index (QuizzyPop)'
2025-10-22 21:09:50.235 +02:00 [INF] Request finished HTTP/1.1 GET http://localhost:5299/ - 200 null text/html; charset=utf-8 303.0736ms
2025-10-22 21:09:54.923 +02:00 [INF] Request starting HTTP/1.1 GET http://localhost:5299/fonts/Baloo2-Regular.ttf - null null
2025-10-22 21:09:54.938 +02:00 [INF] Request finished HTTP/1.1 GET http://localhost:5299/fonts/Baloo2-Regular.ttf - 404 0 null 14.6297ms
2025-10-22 21:09:54.941 +02:00 [INF] Request reached the end of the middleware pipeline without being handled by application code. Request path: GET http://localhost:5299/fonts/Baloo2-Regular.ttf, Response status code: 404
2025-10-22 21:09:57.665 +02:00 [INF] Request starting HTTP/1.1 GET http://localhost:5299/Home/CreateQuiz - null null
2025-10-22 21:09:57.668 +02:00 [INF] Executing endpoint 'QuizzyPop.Controllers.HomeController.CreateQuiz (QuizzyPop)'
2025-10-22 21:09:57.675 +02:00 [INF] Route matched with {action = "CreateQuiz", controller = "Home"}. Executing controller action with signature Microsoft.AspNetCore.Mvc.IActionResult CreateQuiz() on controller QuizzyPop.Controllers.HomeController (QuizzyPop).
2025-10-22 21:09:57.801 +02:00 [INF] Executing ViewResult, running view CreateQuiz.
2025-10-22 21:09:57.937 +02:00 [INF] Accessing expired session, Key:9a63785d-eac7-fe47-9a75-9d1a1b9838b0
2025-10-22 21:09:57.939 +02:00 [INF] Executed ViewResult - view CreateQuiz executed in 148.3941ms.
2025-10-22 21:09:57.940 +02:00 [INF] Executed action QuizzyPop.Controllers.HomeController.CreateQuiz (QuizzyPop) in 264.3515ms
2025-10-22 21:09:57.940 +02:00 [INF] Executed endpoint 'QuizzyPop.Controllers.HomeController.CreateQuiz (QuizzyPop)'
2025-10-22 21:09:57.949 +02:00 [INF] Request finished HTTP/1.1 GET http://localhost:5299/Home/CreateQuiz - 200 null text/html; charset=utf-8 283.6323ms
2025-10-22 21:09:58.016 +02:00 [INF] Request starting HTTP/1.1 GET http://localhost:5299/fonts/Baloo2-Regular.ttf - null null
2025-10-22 21:09:58.017 +02:00 [INF] Request finished HTTP/1.1 GET http://localhost:5299/fonts/Baloo2-Regular.ttf - 404 0 null 1.3655ms
2025-10-22 21:09:58.018 +02:00 [INF] Request reached the end of the middleware pipeline without being handled by application code. Request path: GET http://localhost:5299/fonts/Baloo2-Regular.ttf, Response status code: 404
2025-10-22 21:10:02.315 +02:00 [INF] Request starting HTTP/1.1 GET http://localhost:5299/Home/TakeQuiz - null null
2025-10-22 21:10:02.318 +02:00 [INF] Executing endpoint 'QuizzyPop.Controllers.HomeController.TakeQuiz (QuizzyPop)'
2025-10-22 21:10:02.328 +02:00 [INF] Route matched with {action = "TakeQuiz", controller = "Home"}. Executing controller action with signature System.Threading.Tasks.Task`1[Microsoft.AspNetCore.Mvc.IActionResult] TakeQuiz() on controller QuizzyPop.Controllers.HomeController (QuizzyPop).
2025-10-22 21:10:02.569 +02:00 [INF] Loaded 2 quizzes from database.
2025-10-22 21:10:02.571 +02:00 [INF] Executing ViewResult, running view TakeQuiz.
2025-10-22 21:10:02.624 +02:00 [INF] Accessing expired session, Key:9a63785d-eac7-fe47-9a75-9d1a1b9838b0
2025-10-22 21:10:02.626 +02:00 [INF] Executed ViewResult - view TakeQuiz executed in 55.6775ms.
2025-10-22 21:10:02.627 +02:00 [INF] Executed action QuizzyPop.Controllers.HomeController.TakeQuiz (QuizzyPop) in 297.3329ms
2025-10-22 21:10:02.627 +02:00 [INF] Executed endpoint 'QuizzyPop.Controllers.HomeController.TakeQuiz (QuizzyPop)'
2025-10-22 21:10:02.628 +02:00 [INF] Request finished HTTP/1.1 GET http://localhost:5299/Home/TakeQuiz - 200 null text/html; charset=utf-8 312.8827ms
2025-10-22 21:10:02.671 +02:00 [INF] Request starting HTTP/1.1 GET http://localhost:5299/fonts/Baloo2-Regular.ttf - null null
2025-10-22 21:10:02.673 +02:00 [INF] Request finished HTTP/1.1 GET http://localhost:5299/fonts/Baloo2-Regular.ttf - 404 0 null 2.3165ms
2025-10-22 21:10:02.674 +02:00 [INF] Request reached the end of the middleware pipeline without being handled by application code. Request path: GET http://localhost:5299/fonts/Baloo2-Regular.ttf, Response status code: 404
2025-10-22 21:10:03.605 +02:00 [INF] Request starting HTTP/1.1 GET http://localhost:5299/Home/CreateQuiz - null null
2025-10-22 21:10:03.606 +02:00 [INF] Executing endpoint 'QuizzyPop.Controllers.HomeController.CreateQuiz (QuizzyPop)'
2025-10-22 21:10:03.606 +02:00 [INF] Route matched with {action = "CreateQuiz", controller = "Home"}. Executing controller action with signature Microsoft.AspNetCore.Mvc.IActionResult CreateQuiz() on controller QuizzyPop.Controllers.HomeController (QuizzyPop).
2025-10-22 21:10:03.613 +02:00 [INF] Executing ViewResult, running view CreateQuiz.
2025-10-22 21:10:03.621 +02:00 [INF] Accessing expired session, Key:9a63785d-eac7-fe47-9a75-9d1a1b9838b0
2025-10-22 21:10:03.623 +02:00 [INF] Executed ViewResult - view CreateQuiz executed in 9.7734ms.
2025-10-22 21:10:03.623 +02:00 [INF] Executed action QuizzyPop.Controllers.HomeController.CreateQuiz (QuizzyPop) in 16.6662ms
2025-10-22 21:10:03.623 +02:00 [INF] Executed endpoint 'QuizzyPop.Controllers.HomeController.CreateQuiz (QuizzyPop)'
2025-10-22 21:10:03.623 +02:00 [INF] Request finished HTTP/1.1 GET http://localhost:5299/Home/CreateQuiz - 200 null text/html; charset=utf-8 18.5351ms
2025-10-22 21:10:03.680 +02:00 [INF] Request starting HTTP/1.1 GET http://localhost:5299/fonts/Baloo2-Regular.ttf - null null
2025-10-22 21:10:03.681 +02:00 [INF] Request finished HTTP/1.1 GET http://localhost:5299/fonts/Baloo2-Regular.ttf - 404 0 null 0.9751ms
2025-10-22 21:10:03.681 +02:00 [INF] Request reached the end of the middleware pipeline without being handled by application code. Request path: GET http://localhost:5299/fonts/Baloo2-Regular.ttf, Response status code: 404
2025-10-22 21:10:24.691 +02:00 [INF] Request starting HTTP/1.1 POST http://localhost:5299/Home/CreateQuiz - multipart/form-data; boundary=----WebKitFormBoundaryPJgzekHxtPaQ2iuu 1175
2025-10-22 21:10:24.692 +02:00 [INF] Executing endpoint 'QuizzyPop.Controllers.HomeController.CreateQuiz (QuizzyPop)'
2025-10-22 21:10:24.706 +02:00 [INF] Route matched with {action = "CreateQuiz", controller = "Home"}. Executing controller action with signature System.Threading.Tasks.Task`1[Microsoft.AspNetCore.Mvc.IActionResult] CreateQuiz(QuizzyPop.ViewModels.QuizMetaDataViewModel) on controller QuizzyPop.Controllers.HomeController (QuizzyPop).
2025-10-22 21:10:24.746 +02:00 [INF] Accessing expired session, Key:9a63785d-eac7-fe47-9a75-9d1a1b9838b0
2025-10-22 21:10:24.766 +02:00 [INF] Executing RedirectResult, redirecting to /Home/AddQuestions?quizId=3.
2025-10-22 21:10:24.766 +02:00 [INF] Executed action QuizzyPop.Controllers.HomeController.CreateQuiz (QuizzyPop) in 59.6423ms
2025-10-22 21:10:24.766 +02:00 [INF] Executed endpoint 'QuizzyPop.Controllers.HomeController.CreateQuiz (QuizzyPop)'
2025-10-22 21:10:24.766 +02:00 [INF] Request finished HTTP/1.1 POST http://localhost:5299/Home/CreateQuiz - 302 0 null 74.961ms
2025-10-22 21:10:24.769 +02:00 [INF] Request starting HTTP/1.1 GET http://localhost:5299/Home/AddQuestions?quizId=3 - null null
2025-10-22 21:10:24.769 +02:00 [INF] Executing endpoint 'QuizzyPop.Controllers.HomeController.AddQuestions (QuizzyPop)'
2025-10-22 21:10:24.770 +02:00 [INF] Route matched with {action = "AddQuestions", controller = "Home"}. Executing controller action with signature Microsoft.AspNetCore.Mvc.IActionResult AddQuestions(Int32) on controller QuizzyPop.Controllers.HomeController (QuizzyPop).
2025-10-22 21:10:24.780 +02:00 [INF] Executing ViewResult, running view AddQuestions.
2025-10-22 21:10:24.815 +02:00 [INF] Accessing expired session, Key:9a63785d-eac7-fe47-9a75-9d1a1b9838b0
2025-10-22 21:10:24.816 +02:00 [INF] Executed ViewResult - view AddQuestions executed in 37.0241ms.
2025-10-22 21:10:24.816 +02:00 [INF] Executed action QuizzyPop.Controllers.HomeController.AddQuestions (QuizzyPop) in 45.7694ms
2025-10-22 21:10:24.816 +02:00 [INF] Executed endpoint 'QuizzyPop.Controllers.HomeController.AddQuestions (QuizzyPop)'
2025-10-22 21:10:24.817 +02:00 [INF] Request finished HTTP/1.1 GET http://localhost:5299/Home/AddQuestions?quizId=3 - 200 null text/html; charset=utf-8 47.8787ms
2025-10-22 21:10:24.875 +02:00 [INF] Request starting HTTP/1.1 GET http://localhost:5299/fonts/Baloo2-Regular.ttf - null null
2025-10-22 21:10:24.878 +02:00 [INF] Request finished HTTP/1.1 GET http://localhost:5299/fonts/Baloo2-Regular.ttf - 404 0 null 3.1564ms
2025-10-22 21:10:24.879 +02:00 [INF] Request reached the end of the middleware pipeline without being handled by application code. Request path: GET http://localhost:5299/fonts/Baloo2-Regular.ttf, Response status code: 404
2025-10-22 21:10:28.265 +02:00 [INF] Request starting HTTP/1.1 POST http://localhost:5299/Home/AddQuestions - application/x-www-form-urlencoded 402
2025-10-22 21:10:28.266 +02:00 [INF] Executing endpoint 'QuizzyPop.Controllers.HomeController.AddQuestions (QuizzyPop)'
2025-10-22 21:10:28.268 +02:00 [INF] Route matched with {action = "AddQuestions", controller = "Home"}. Executing controller action with signature System.Threading.Tasks.Task`1[Microsoft.AspNetCore.Mvc.IActionResult] AddQuestions(QuizzyPop.ViewModels.QuizQuestionViewModel, System.String) on controller QuizzyPop.Controllers.HomeController (QuizzyPop).
2025-10-22 21:10:28.280 +02:00 [INF] Executing ViewResult, running view AddQuestions.
2025-10-22 21:10:28.283 +02:00 [INF] Accessing expired session, Key:9a63785d-eac7-fe47-9a75-9d1a1b9838b0
2025-10-22 21:10:28.283 +02:00 [INF] Executed ViewResult - view AddQuestions executed in 3.2352ms.
2025-10-22 21:10:28.283 +02:00 [INF] Executed action QuizzyPop.Controllers.HomeController.AddQuestions (QuizzyPop) in 14.5423ms
2025-10-22 21:10:28.283 +02:00 [INF] Executed endpoint 'QuizzyPop.Controllers.HomeController.AddQuestions (QuizzyPop)'
2025-10-22 21:10:28.283 +02:00 [INF] Request finished HTTP/1.1 POST http://localhost:5299/Home/AddQuestions - 200 null text/html; charset=utf-8 17.6804ms
2025-10-22 21:10:28.312 +02:00 [INF] Request starting HTTP/1.1 GET http://localhost:5299/fonts/Baloo2-Regular.ttf - null null
2025-10-22 21:10:28.313 +02:00 [INF] Request finished HTTP/1.1 GET http://localhost:5299/fonts/Baloo2-Regular.ttf - 404 0 null 0.8891ms
2025-10-22 21:10:28.313 +02:00 [INF] Request reached the end of the middleware pipeline without being handled by application code. Request path: GET http://localhost:5299/fonts/Baloo2-Regular.ttf, Response status code: 404
2025-10-22 21:10:29.786 +02:00 [INF] Request starting HTTP/1.1 GET http://localhost:5299/Home/TakeQuiz - null null
2025-10-22 21:10:29.786 +02:00 [INF] Executing endpoint 'QuizzyPop.Controllers.HomeController.TakeQuiz (QuizzyPop)'
2025-10-22 21:10:29.786 +02:00 [INF] Route matched with {action = "TakeQuiz", controller = "Home"}. Executing controller action with signature System.Threading.Tasks.Task`1[Microsoft.AspNetCore.Mvc.IActionResult] TakeQuiz() on controller QuizzyPop.Controllers.HomeController (QuizzyPop).
2025-10-22 21:10:29.797 +02:00 [INF] Loaded 3 quizzes from database.
2025-10-22 21:10:29.797 +02:00 [INF] Executing ViewResult, running view TakeQuiz.
2025-10-22 21:10:29.798 +02:00 [INF] Accessing expired session, Key:9a63785d-eac7-fe47-9a75-9d1a1b9838b0
2025-10-22 21:10:29.798 +02:00 [INF] Executed ViewResult - view TakeQuiz executed in 1.1867ms.
2025-10-22 21:10:29.798 +02:00 [INF] Executed action QuizzyPop.Controllers.HomeController.TakeQuiz (QuizzyPop) in 11.88ms
2025-10-22 21:10:29.798 +02:00 [INF] Executed endpoint 'QuizzyPop.Controllers.HomeController.TakeQuiz (QuizzyPop)'
2025-10-22 21:10:29.798 +02:00 [INF] Request finished HTTP/1.1 GET http://localhost:5299/Home/TakeQuiz - 200 null text/html; charset=utf-8 12.4478ms
2025-10-22 21:10:29.825 +02:00 [INF] Request starting HTTP/1.1 GET http://localhost:5299/images/default-cover.png - null null
2025-10-22 21:10:29.828 +02:00 [INF] Request finished HTTP/1.1 GET http://localhost:5299/images/default-cover.png - 404 0 null 3.1217ms
2025-10-22 21:10:29.829 +02:00 [INF] Request reached the end of the middleware pipeline without being handled by application code. Request path: GET http://localhost:5299/images/default-cover.png, Response status code: 404
2025-10-22 21:10:29.862 +02:00 [INF] Request starting HTTP/1.1 GET http://localhost:5299/fonts/Baloo2-Regular.ttf - null null
2025-10-22 21:10:29.862 +02:00 [INF] Request finished HTTP/1.1 GET http://localhost:5299/fonts/Baloo2-Regular.ttf - 404 0 null 0.5751ms
2025-10-22 21:10:29.862 +02:00 [INF] Request reached the end of the middleware pipeline without being handled by application code. Request path: GET http://localhost:5299/fonts/Baloo2-Regular.ttf, Response status code: 404
2025-10-22 21:10:37.306 +02:00 [INF] Application is shutting down...
