2025-10-22 23:01:36.774 +02:00 [WRN] The property 'Question.Choices' is a collection or enumeration type with a value converter but with no value comparer. Set a value comparer to ensure the collection/enumeration elements are compared correctly.
2025-10-22 23:01:37.015 +02:00 [INF] User profile is available. Using '/Users/mathiasjudre/.aspnet/DataProtection-Keys' as key repository; keys will not be encrypted at rest.
2025-10-22 23:01:37.220 +02:00 [INF] Now listening on: https://localhost:7037
2025-10-22 23:01:37.220 +02:00 [INF] Now listening on: http://localhost:5299
2025-10-22 23:01:37.223 +02:00 [INF] Application started. Press Ctrl+C to shut down.
2025-10-22 23:01:37.223 +02:00 [INF] Hosting environment: Development
2025-10-22 23:01:37.224 +02:00 [INF] Content root path: /Users/mathiasjudre/Desktop/Skole/5. Semester/ITPE3200 - Webapplikasjoner/QuizzyPop/QuizzyPop
2025-10-22 23:01:37.768 +02:00 [INF] Request starting HTTP/2 GET https://localhost:7037/Home/Index - null null
2025-10-22 23:01:37.814 +02:00 [INF] Executing endpoint 'QuizzyPop.Controllers.HomeController.Index (QuizzyPop)'
2025-10-22 23:01:37.824 +02:00 [INF] Route matched with {action = "Index", controller = "Home"}. Executing controller action with signature Microsoft.AspNetCore.Mvc.IActionResult Index() on controller QuizzyPop.Controllers.HomeController (QuizzyPop).
2025-10-22 23:01:37.832 +02:00 [INF] Executing ViewResult, running view Index.
2025-10-22 23:01:37.877 +02:00 [INF] Executed ViewResult - view Index executed in 45.7245ms.
2025-10-22 23:01:37.878 +02:00 [INF] Executed action QuizzyPop.Controllers.HomeController.Index (QuizzyPop) in 53.9612ms
2025-10-22 23:01:37.878 +02:00 [INF] Executed endpoint 'QuizzyPop.Controllers.HomeController.Index (QuizzyPop)'
2025-10-22 23:01:37.881 +02:00 [INF] Request finished HTTP/2 GET https://localhost:7037/Home/Index - 200 null text/html; charset=utf-8 114.2293ms
2025-10-22 23:01:38.106 +02:00 [INF] Request starting HTTP/2 GET https://localhost:7037/fonts/Baloo2-Regular.ttf - null null
2025-10-22 23:01:38.109 +02:00 [INF] Request finished HTTP/2 GET https://localhost:7037/fonts/Baloo2-Regular.ttf - 404 0 null 3.172ms
2025-10-22 23:01:38.109 +02:00 [INF] Request reached the end of the middleware pipeline without being handled by application code. Request path: GET https://localhost:7037/fonts/Baloo2-Regular.ttf, Response status code: 404
2025-10-22 23:01:39.267 +02:00 [INF] Request starting HTTP/2 GET https://localhost:7037/Home/CreateQuiz - null null
2025-10-22 23:01:39.294 +02:00 [INF] Executing endpoint 'QuizzyPop.Controllers.HomeController.CreateQuiz (QuizzyPop)'
2025-10-22 23:01:39.307 +02:00 [INF] Route matched with {action = "CreateQuiz", controller = "Home"}. Executing controller action with signature System.Threading.Tasks.Task`1[Microsoft.AspNetCore.Mvc.IActionResult] CreateQuiz() on controller QuizzyPop.Controllers.HomeController (QuizzyPop).
2025-10-22 23:01:39.438 +02:00 [INF] Executing ViewResult, running view CreateQuiz.
2025-10-22 23:01:39.499 +02:00 [INF] Executed ViewResult - view CreateQuiz executed in 62.2952ms.
2025-10-22 23:01:39.527 +02:00 [INF] Executed action QuizzyPop.Controllers.HomeController.CreateQuiz (QuizzyPop) in 219.1483ms
2025-10-22 23:01:39.529 +02:00 [INF] Executed endpoint 'QuizzyPop.Controllers.HomeController.CreateQuiz (QuizzyPop)'
2025-10-22 23:01:39.532 +02:00 [INF] Request finished HTTP/2 GET https://localhost:7037/Home/CreateQuiz - 200 null text/html; charset=utf-8 266.0964ms
2025-10-22 23:01:39.553 +02:00 [INF] Request starting HTTP/2 GET https://localhost:7037/fonts/Baloo2-Regular.ttf - null null
2025-10-22 23:01:39.558 +02:00 [INF] Request finished HTTP/2 GET https://localhost:7037/fonts/Baloo2-Regular.ttf - 404 0 null 5.3689ms
2025-10-22 23:01:39.558 +02:00 [INF] Request reached the end of the middleware pipeline without being handled by application code. Request path: GET https://localhost:7037/fonts/Baloo2-Regular.ttf, Response status code: 404
2025-10-22 23:01:45.320 +02:00 [INF] Request starting HTTP/2 POST https://localhost:7037/Home/CreateQuiz - multipart/form-data; boundary=----WebKitFormBoundarydCI0Yv8ftxsIBSTj 1164
2025-10-22 23:01:45.327 +02:00 [INF] Executing endpoint 'QuizzyPop.Controllers.HomeController.CreateQuiz (QuizzyPop)'
2025-10-22 23:01:45.366 +02:00 [INF] Route matched with {action = "CreateQuiz", controller = "Home"}. Executing controller action with signature System.Threading.Tasks.Task`1[Microsoft.AspNetCore.Mvc.IActionResult] CreateQuiz(QuizzyPop.ViewModels.QuizMetaDataViewModel) on controller QuizzyPop.Controllers.HomeController (QuizzyPop).
2025-10-22 23:01:45.496 +02:00 [INF] Quiz 'matte' added successfully (ID: 8)
2025-10-22 23:01:45.497 +02:00 [INF] Quiz 'matte' created successfully with ID 8
2025-10-22 23:01:45.499 +02:00 [INF] Executing RedirectResult, redirecting to /Home/AddQuestions?quizId=8.
2025-10-22 23:01:45.500 +02:00 [INF] Executed action QuizzyPop.Controllers.HomeController.CreateQuiz (QuizzyPop) in 133.0413ms
2025-10-22 23:01:45.500 +02:00 [INF] Executed endpoint 'QuizzyPop.Controllers.HomeController.CreateQuiz (QuizzyPop)'
2025-10-22 23:01:45.500 +02:00 [INF] Request finished HTTP/2 POST https://localhost:7037/Home/CreateQuiz - 302 0 null 202.0518ms
2025-10-22 23:01:45.506 +02:00 [INF] Request starting HTTP/2 GET https://localhost:7037/Home/AddQuestions?quizId=8 - null null
2025-10-22 23:01:45.506 +02:00 [INF] Executing endpoint 'QuizzyPop.Controllers.HomeController.AddQuestions (QuizzyPop)'
2025-10-22 23:01:45.507 +02:00 [INF] Route matched with {action = "AddQuestions", controller = "Home"}. Executing controller action with signature Microsoft.AspNetCore.Mvc.IActionResult AddQuestions(Int32) on controller QuizzyPop.Controllers.HomeController (QuizzyPop).
2025-10-22 23:01:45.510 +02:00 [INF] Executing ViewResult, running view AddQuestions.
2025-10-22 23:01:45.546 +02:00 [INF] Executed ViewResult - view AddQuestions executed in 35.9062ms.
2025-10-22 23:01:45.546 +02:00 [INF] Executed action QuizzyPop.Controllers.HomeController.AddQuestions (QuizzyPop) in 38.8865ms
2025-10-22 23:01:45.572 +02:00 [INF] Executed endpoint 'QuizzyPop.Controllers.HomeController.AddQuestions (QuizzyPop)'
2025-10-22 23:01:45.599 +02:00 [INF] Request finished HTTP/2 GET https://localhost:7037/Home/AddQuestions?quizId=8 - 200 null text/html; charset=utf-8 93.2942ms
2025-10-22 23:01:45.600 +02:00 [INF] Request starting HTTP/2 GET https://localhost:7037/fonts/Baloo2-Regular.ttf - null null
2025-10-22 23:01:45.627 +02:00 [INF] Request finished HTTP/2 GET https://localhost:7037/fonts/Baloo2-Regular.ttf - 404 0 null 27.0543ms
2025-10-22 23:01:45.627 +02:00 [INF] Request reached the end of the middleware pipeline without being handled by application code. Request path: GET https://localhost:7037/fonts/Baloo2-Regular.ttf, Response status code: 404
2025-10-22 23:02:01.015 +02:00 [INF] Request starting HTTP/2 POST https://localhost:7037/Home/AddQuestions - application/x-www-form-urlencoded 413
2025-10-22 23:02:01.066 +02:00 [INF] Executing endpoint 'QuizzyPop.Controllers.HomeController.AddQuestions (QuizzyPop)'
2025-10-22 23:02:01.083 +02:00 [INF] Route matched with {action = "AddQuestions", controller = "Home"}. Executing controller action with signature System.Threading.Tasks.Task`1[Microsoft.AspNetCore.Mvc.IActionResult] AddQuestions(QuizzyPop.ViewModels.QuizQuestionViewModel, System.String) on controller QuizzyPop.Controllers.HomeController (QuizzyPop).
2025-10-22 23:02:01.100 +02:00 [INF] Executing ViewResult, running view AddQuestions.
2025-10-22 23:02:01.258 +02:00 [INF] Executed ViewResult - view AddQuestions executed in 158.5489ms.
2025-10-22 23:02:01.260 +02:00 [INF] Executed action QuizzyPop.Controllers.HomeController.AddQuestions (QuizzyPop) in 176.4275ms
2025-10-22 23:02:01.260 +02:00 [INF] Executed endpoint 'QuizzyPop.Controllers.HomeController.AddQuestions (QuizzyPop)'
2025-10-22 23:02:01.260 +02:00 [INF] Request finished HTTP/2 POST https://localhost:7037/Home/AddQuestions - 200 null text/html; charset=utf-8 245.7934ms
2025-10-22 23:02:01.302 +02:00 [INF] Request starting HTTP/2 GET https://localhost:7037/fonts/Baloo2-Regular.ttf - null null
2025-10-22 23:02:01.303 +02:00 [INF] Request finished HTTP/2 GET https://localhost:7037/fonts/Baloo2-Regular.ttf - 404 0 null 0.8305ms
2025-10-22 23:02:01.304 +02:00 [INF] Request reached the end of the middleware pipeline without being handled by application code. Request path: GET https://localhost:7037/fonts/Baloo2-Regular.ttf, Response status code: 404
2025-10-22 23:02:02.956 +02:00 [INF] Request starting HTTP/2 GET https://localhost:7037/Home/TakeQuiz - null null
2025-10-22 23:02:02.958 +02:00 [INF] Executing endpoint 'QuizzyPop.Controllers.HomeController.TakeQuiz (QuizzyPop)'
2025-10-22 23:02:02.961 +02:00 [INF] Route matched with {action = "TakeQuiz", controller = "Home"}. Executing controller action with signature System.Threading.Tasks.Task`1[Microsoft.AspNetCore.Mvc.IActionResult] TakeQuiz() on controller QuizzyPop.Controllers.HomeController (QuizzyPop).
2025-10-22 23:02:03.078 +02:00 [INF] Loaded 5 quizzes from repository.
2025-10-22 23:02:03.079 +02:00 [INF] Executing ViewResult, running view TakeQuiz.
2025-10-22 23:02:03.325 +02:00 [INF] Executed ViewResult - view TakeQuiz executed in 246.4316ms.
2025-10-22 23:02:03.377 +02:00 [INF] Executed action QuizzyPop.Controllers.HomeController.TakeQuiz (QuizzyPop) in 415.5746ms
2025-10-22 23:02:03.377 +02:00 [INF] Executed endpoint 'QuizzyPop.Controllers.HomeController.TakeQuiz (QuizzyPop)'
2025-10-22 23:02:03.378 +02:00 [INF] Request finished HTTP/2 GET https://localhost:7037/Home/TakeQuiz - 200 null text/html; charset=utf-8 446.8798ms
2025-10-22 23:02:03.377 +02:00 [INF] Request starting HTTP/2 GET https://localhost:7037/images/default-cover.png - null null
2025-10-22 23:02:03.379 +02:00 [INF] Request starting HTTP/2 GET https://localhost:7037/fonts/Baloo2-Regular.ttf - null null
2025-10-22 23:02:03.379 +02:00 [INF] Request finished HTTP/2 GET https://localhost:7037/images/default-cover.png - 404 0 null 1.9932ms
2025-10-22 23:02:03.379 +02:00 [INF] Request reached the end of the middleware pipeline without being handled by application code. Request path: GET https://localhost:7037/images/default-cover.png, Response status code: 404
2025-10-22 23:02:03.380 +02:00 [INF] Request finished HTTP/2 GET https://localhost:7037/fonts/Baloo2-Regular.ttf - 404 0 null 1.086ms
2025-10-22 23:02:03.380 +02:00 [INF] Request reached the end of the middleware pipeline without being handled by application code. Request path: GET https://localhost:7037/fonts/Baloo2-Regular.ttf, Response status code: 404
2025-10-22 23:02:04.760 +02:00 [INF] Request starting HTTP/2 GET https://localhost:7037/Home/StartQuiz/8 - null null
2025-10-22 23:02:04.763 +02:00 [INF] Executing endpoint 'QuizzyPop.Controllers.HomeController.StartQuiz (QuizzyPop)'
2025-10-22 23:02:04.770 +02:00 [INF] Route matched with {action = "StartQuiz", controller = "Home"}. Executing controller action with signature System.Threading.Tasks.Task`1[Microsoft.AspNetCore.Mvc.IActionResult] StartQuiz(Int32, Int32) on controller QuizzyPop.Controllers.HomeController (QuizzyPop).
2025-10-22 23:02:04.811 +02:00 [INF] Executing ViewResult, running view EmptyQuiz.
2025-10-22 23:02:04.817 +02:00 [ERR] The view 'EmptyQuiz' was not found. Searched locations: ["/Views/Home/EmptyQuiz.cshtml","/Views/Shared/EmptyQuiz.cshtml"]
2025-10-22 23:02:04.822 +02:00 [INF] Executed action QuizzyPop.Controllers.HomeController.StartQuiz (QuizzyPop) in 52.2736ms
2025-10-22 23:02:04.823 +02:00 [INF] Executed endpoint 'QuizzyPop.Controllers.HomeController.StartQuiz (QuizzyPop)'
2025-10-22 23:02:04.853 +02:00 [ERR] An unhandled exception has occurred while executing the request.
System.InvalidOperationException: The view 'EmptyQuiz' was not found. The following locations were searched:
/Views/Home/EmptyQuiz.cshtml
/Views/Shared/EmptyQuiz.cshtml
   at Microsoft.AspNetCore.Mvc.ViewEngines.ViewEngineResult.EnsureSuccessful(IEnumerable`1 originalLocations)
   at Microsoft.AspNetCore.Mvc.ViewFeatures.ViewResultExecutor.ExecuteAsync(ActionContext context, ViewResult result)
   at Microsoft.AspNetCore.Mvc.ViewResult.ExecuteResultAsync(ActionContext context)
   at Microsoft.AspNetCore.Mvc.Infrastructure.ResourceInvoker.<InvokeNextResultFilterAsync>g__Awaited|30_0[TFilter,TFilterAsync](ResourceInvoker invoker, Task lastTask, State next, Scope scope, Object state, Boolean isCompleted)
   at Microsoft.AspNetCore.Mvc.Infrastructure.ResourceInvoker.Rethrow(ResultExecutedContextSealed context)
   at Microsoft.AspNetCore.Mvc.Infrastructure.ResourceInvoker.ResultNext[TFilter,TFilterAsync](State& next, Scope& scope, Object& state, Boolean& isCompleted)
   at Microsoft.AspNetCore.Mvc.Infrastructure.ResourceInvoker.InvokeResultFilters()
--- End of stack trace from previous location ---
   at Microsoft.AspNetCore.Mvc.Infrastructure.ResourceInvoker.<InvokeNextResourceFilter>g__Awaited|25_0(ResourceInvoker invoker, Task lastTask, State next, Scope scope, Object state, Boolean isCompleted)
   at Microsoft.AspNetCore.Mvc.Infrastructure.ResourceInvoker.Rethrow(ResourceExecutedContextSealed context)
   at Microsoft.AspNetCore.Mvc.Infrastructure.ResourceInvoker.Next(State& next, Scope& scope, Object& state, Boolean& isCompleted)
   at Microsoft.AspNetCore.Mvc.Infrastructure.ResourceInvoker.InvokeFilterPipelineAsync()
--- End of stack trace from previous location ---
   at Microsoft.AspNetCore.Mvc.Infrastructure.ResourceInvoker.<InvokeAsync>g__Logged|17_1(ResourceInvoker invoker)
   at Microsoft.AspNetCore.Mvc.Infrastructure.ResourceInvoker.<InvokeAsync>g__Logged|17_1(ResourceInvoker invoker)
   at Microsoft.AspNetCore.Routing.EndpointMiddleware.<Invoke>g__AwaitRequestTask|7_0(Endpoint endpoint, Task requestTask, ILogger logger)
   at Microsoft.AspNetCore.Authorization.AuthorizationMiddleware.Invoke(HttpContext context)
   at Microsoft.AspNetCore.Session.SessionMiddleware.Invoke(HttpContext context)
   at Microsoft.AspNetCore.Session.SessionMiddleware.Invoke(HttpContext context)
   at Microsoft.AspNetCore.Diagnostics.DeveloperExceptionPageMiddlewareImpl.Invoke(HttpContext context)
2025-10-22 23:02:04.941 +02:00 [INF] Request finished HTTP/2 GET https://localhost:7037/Home/StartQuiz/8 - 500 null text/html; charset=utf-8 181.032ms
