2025-10-22 21:45:34.750 +02:00 [WRN] The property 'Question.Choices' is a collection or enumeration type with a value converter but with no value comparer. Set a value comparer to ensure the collection/enumeration elements are compared correctly.
2025-10-22 21:45:34.960 +02:00 [INF] User profile is available. Using '/Users/mathiasjudre/.aspnet/DataProtection-Keys' as key repository; keys will not be encrypted at rest.
2025-10-22 21:45:35.165 +02:00 [INF] Now listening on: https://localhost:7037
2025-10-22 21:45:35.165 +02:00 [INF] Now listening on: http://localhost:5299
2025-10-22 21:45:35.169 +02:00 [INF] Application started. Press Ctrl+C to shut down.
2025-10-22 21:45:35.171 +02:00 [INF] Hosting environment: Development
2025-10-22 21:45:35.171 +02:00 [INF] Content root path: /Users/mathiasjudre/Desktop/Skole/5. Semester/ITPE3200 - Webapplikasjoner/QuizzyPop/QuizzyPop
2025-10-22 21:45:35.476 +02:00 [INF] Request starting HTTP/2 GET https://localhost:7037/Home/Index - null null
2025-10-22 21:45:35.489 +02:00 [INF] Executing endpoint 'QuizzyPop.Controllers.HomeController.Index (QuizzyPop)'
2025-10-22 21:45:35.496 +02:00 [INF] Route matched with {action = "Index", controller = "Home"}. Executing controller action with signature Microsoft.AspNetCore.Mvc.IActionResult Index() on controller QuizzyPop.Controllers.HomeController (QuizzyPop).
2025-10-22 21:45:35.502 +02:00 [INF] Executing ViewResult, running view Index.
2025-10-22 21:45:35.566 +02:00 [INF] Executed ViewResult - view Index executed in 63.5635ms.
2025-10-22 21:45:35.572 +02:00 [INF] Executed action QuizzyPop.Controllers.HomeController.Index (QuizzyPop) in 75.3567ms
2025-10-22 21:45:35.573 +02:00 [INF] Executed endpoint 'QuizzyPop.Controllers.HomeController.Index (QuizzyPop)'
2025-10-22 21:45:35.577 +02:00 [INF] Request finished HTTP/2 GET https://localhost:7037/Home/Index - 200 null text/html; charset=utf-8 101.7739ms
2025-10-22 21:45:35.587 +02:00 [INF] Request starting HTTP/2 GET https://localhost:7037/images/quizzy-blueberry.png - null null
2025-10-22 21:45:35.612 +02:00 [INF] Request starting HTTP/2 GET https://localhost:7037/images/quizzy-no-arms.png - null null
2025-10-22 21:45:35.615 +02:00 [INF] The file /images/quizzy-no-arms.png was not modified
2025-10-22 21:45:35.615 +02:00 [INF] The file /images/quizzy-blueberry.png was not modified
2025-10-22 21:45:35.616 +02:00 [INF] Request finished HTTP/2 GET https://localhost:7037/images/quizzy-no-arms.png - 304 null image/png 4.053ms
2025-10-22 21:45:35.616 +02:00 [INF] Request finished HTTP/2 GET https://localhost:7037/images/quizzy-blueberry.png - 304 null image/png 29.2318ms
2025-10-22 21:45:35.762 +02:00 [INF] Request starting HTTP/2 GET https://localhost:7037/fonts/Baloo2-Regular.ttf - null null
2025-10-22 21:45:35.790 +02:00 [INF] Request finished HTTP/2 GET https://localhost:7037/fonts/Baloo2-Regular.ttf - 404 0 null 52.5817ms
2025-10-22 21:45:35.790 +02:00 [INF] Request reached the end of the middleware pipeline without being handled by application code. Request path: GET https://localhost:7037/fonts/Baloo2-Regular.ttf, Response status code: 404
2025-10-22 21:45:37.119 +02:00 [INF] Request starting HTTP/2 GET https://localhost:7037/Home/TakeQuiz - null null
2025-10-22 21:45:37.123 +02:00 [INF] Executing endpoint 'QuizzyPop.Controllers.HomeController.TakeQuiz (QuizzyPop)'
2025-10-22 21:45:37.132 +02:00 [INF] Route matched with {action = "TakeQuiz", controller = "Home"}. Executing controller action with signature System.Threading.Tasks.Task`1[Microsoft.AspNetCore.Mvc.IActionResult] TakeQuiz() on controller QuizzyPop.Controllers.HomeController (QuizzyPop).
2025-10-22 21:45:37.259 +02:00 [INF] Fetched 3 quizzes from database.
2025-10-22 21:45:37.260 +02:00 [INF] Loaded 3 quizzes from repository.
2025-10-22 21:45:37.261 +02:00 [INF] Executing ViewResult, running view TakeQuiz.
2025-10-22 21:45:37.424 +02:00 [INF] Executed ViewResult - view TakeQuiz executed in 162.7777ms.
2025-10-22 21:45:37.424 +02:00 [INF] Executed action QuizzyPop.Controllers.HomeController.TakeQuiz (QuizzyPop) in 291.9523ms
2025-10-22 21:45:37.424 +02:00 [INF] Executed endpoint 'QuizzyPop.Controllers.HomeController.TakeQuiz (QuizzyPop)'
2025-10-22 21:45:37.426 +02:00 [INF] Request finished HTTP/2 GET https://localhost:7037/Home/TakeQuiz - 200 null text/html; charset=utf-8 307.8006ms
2025-10-22 21:45:37.504 +02:00 [INF] Request starting HTTP/2 GET https://localhost:7037/images/default-cover.png - null null
2025-10-22 21:45:37.504 +02:00 [INF] Request starting HTTP/2 GET https://localhost:7037/images/disney.webp?v=NaKwJmwsewkBDWX7ARsrHFZ7UNulgvesAY3mmwUAyOE - null null
2025-10-22 21:45:37.504 +02:00 [INF] Request starting HTTP/2 GET https://localhost:7037/images/geometry.jpeg?v=ILbFYdycBluJl9o3yZDPEUTdIRSw7eFw8tJXk3FKY2E - null null
2025-10-22 21:45:37.504 +02:00 [INF] The file /images/disney.webp was not modified
2025-10-22 21:45:37.505 +02:00 [INF] Request starting HTTP/2 GET https://localhost:7037/fonts/Baloo2-Regular.ttf - null null
2025-10-22 21:45:37.505 +02:00 [INF] The file /images/geometry.jpeg was not modified
2025-10-22 21:45:37.530 +02:00 [INF] Request finished HTTP/2 GET https://localhost:7037/images/disney.webp?v=NaKwJmwsewkBDWX7ARsrHFZ7UNulgvesAY3mmwUAyOE - 304 null image/webp 1.11ms
2025-10-22 21:45:37.530 +02:00 [INF] Request finished HTTP/2 GET https://localhost:7037/images/default-cover.png - 404 0 null 26.5262ms
2025-10-22 21:45:37.530 +02:00 [INF] Request finished HTTP/2 GET https://localhost:7037/fonts/Baloo2-Regular.ttf - 404 0 null 25.8025ms
2025-10-22 21:45:37.530 +02:00 [INF] Request finished HTTP/2 GET https://localhost:7037/images/geometry.jpeg?v=ILbFYdycBluJl9o3yZDPEUTdIRSw7eFw8tJXk3FKY2E - 304 null image/jpeg 26.4679ms
2025-10-22 21:45:37.530 +02:00 [INF] Request reached the end of the middleware pipeline without being handled by application code. Request path: GET https://localhost:7037/images/default-cover.png, Response status code: 404
2025-10-22 21:45:37.533 +02:00 [INF] Request reached the end of the middleware pipeline without being handled by application code. Request path: GET https://localhost:7037/fonts/Baloo2-Regular.ttf, Response status code: 404
2025-10-22 21:45:42.305 +02:00 [INF] Request starting HTTP/2 GET https://localhost:7037/Home/StartQuiz/1 - null null
2025-10-22 21:45:42.307 +02:00 [INF] Executing endpoint 'QuizzyPop.Controllers.HomeController.StartQuiz (QuizzyPop)'
2025-10-22 21:45:42.328 +02:00 [INF] Route matched with {action = "StartQuiz", controller = "Home"}. Executing controller action with signature System.Threading.Tasks.Task`1[Microsoft.AspNetCore.Mvc.IActionResult] StartQuiz(Int32, Int32) on controller QuizzyPop.Controllers.HomeController (QuizzyPop).
2025-10-22 21:45:42.390 +02:00 [INF] Executing ViewResult, running view TakingQuiz.
2025-10-22 21:45:42.471 +02:00 [INF] Executed ViewResult - view TakingQuiz executed in 81.0603ms.
2025-10-22 21:45:42.471 +02:00 [INF] Executed action QuizzyPop.Controllers.HomeController.StartQuiz (QuizzyPop) in 142.3909ms
2025-10-22 21:45:42.471 +02:00 [INF] Executed endpoint 'QuizzyPop.Controllers.HomeController.StartQuiz (QuizzyPop)'
2025-10-22 21:45:42.471 +02:00 [INF] Request finished HTTP/2 GET https://localhost:7037/Home/StartQuiz/1 - 200 null text/html; charset=utf-8 166.9358ms
2025-10-22 21:45:42.568 +02:00 [INF] Request starting HTTP/2 GET https://localhost:7037/fonts/Baloo2-Regular.ttf - null null
2025-10-22 21:45:42.569 +02:00 [INF] Request finished HTTP/2 GET https://localhost:7037/fonts/Baloo2-Regular.ttf - 404 0 null 26.394ms
2025-10-22 21:45:42.569 +02:00 [INF] Request reached the end of the middleware pipeline without being handled by application code. Request path: GET https://localhost:7037/fonts/Baloo2-Regular.ttf, Response status code: 404
2025-10-22 21:45:54.523 +02:00 [INF] Request starting HTTP/2 POST https://localhost:7037/Home/SubmitQuiz - application/x-www-form-urlencoded 345
2025-10-22 21:45:54.524 +02:00 [INF] Executing endpoint 'QuizzyPop.Controllers.HomeController.SubmitQuiz (QuizzyPop)'
2025-10-22 21:45:54.539 +02:00 [INF] Route matched with {action = "SubmitQuiz", controller = "Home"}. Executing controller action with signature System.Threading.Tasks.Task`1[Microsoft.AspNetCore.Mvc.IActionResult] SubmitQuiz(QuizzyPop.ViewModels.TakingQuizViewModel, System.String, Int32) on controller QuizzyPop.Controllers.HomeController (QuizzyPop).
2025-10-22 21:45:54.567 +02:00 [INF] Executing RedirectResult, redirecting to /Home/StartQuiz/1?questionIndex=1.
2025-10-22 21:45:54.569 +02:00 [INF] Executed action QuizzyPop.Controllers.HomeController.SubmitQuiz (QuizzyPop) in 29.9244ms
2025-10-22 21:45:54.569 +02:00 [INF] Executed endpoint 'QuizzyPop.Controllers.HomeController.SubmitQuiz (QuizzyPop)'
2025-10-22 21:45:54.569 +02:00 [INF] Request finished HTTP/2 POST https://localhost:7037/Home/SubmitQuiz - 302 0 null 46.7559ms
2025-10-22 21:45:54.597 +02:00 [INF] Request starting HTTP/2 GET https://localhost:7037/Home/StartQuiz/1?questionIndex=1 - null null
2025-10-22 21:45:54.597 +02:00 [INF] Executing endpoint 'QuizzyPop.Controllers.HomeController.StartQuiz (QuizzyPop)'
2025-10-22 21:45:54.597 +02:00 [INF] Route matched with {action = "StartQuiz", controller = "Home"}. Executing controller action with signature System.Threading.Tasks.Task`1[Microsoft.AspNetCore.Mvc.IActionResult] StartQuiz(Int32, Int32) on controller QuizzyPop.Controllers.HomeController (QuizzyPop).
2025-10-22 21:45:54.603 +02:00 [INF] Executing ViewResult, running view TakingQuiz.
2025-10-22 21:45:54.676 +02:00 [INF] Executed ViewResult - view TakingQuiz executed in 48.9873ms.
2025-10-22 21:45:54.702 +02:00 [INF] Executed action QuizzyPop.Controllers.HomeController.StartQuiz (QuizzyPop) in 104.4134ms
2025-10-22 21:45:54.728 +02:00 [INF] Executed endpoint 'QuizzyPop.Controllers.HomeController.StartQuiz (QuizzyPop)'
2025-10-22 21:45:54.771 +02:00 [INF] Request starting HTTP/2 GET https://localhost:7037/fonts/Baloo2-Regular.ttf - null null
2025-10-22 21:45:54.772 +02:00 [INF] Request finished HTTP/2 GET https://localhost:7037/Home/StartQuiz/1?questionIndex=1 - 200 null text/html; charset=utf-8 174.7315ms
2025-10-22 21:45:54.773 +02:00 [INF] Request finished HTTP/2 GET https://localhost:7037/fonts/Baloo2-Regular.ttf - 404 0 null 23.057ms
2025-10-22 21:45:54.773 +02:00 [INF] Request reached the end of the middleware pipeline without being handled by application code. Request path: GET https://localhost:7037/fonts/Baloo2-Regular.ttf, Response status code: 404
2025-10-22 21:46:07.651 +02:00 [INF] Request starting HTTP/2 POST https://localhost:7037/Home/SubmitQuiz - application/x-www-form-urlencoded 345
2025-10-22 21:46:07.676 +02:00 [INF] Executing endpoint 'QuizzyPop.Controllers.HomeController.SubmitQuiz (QuizzyPop)'
2025-10-22 21:46:07.677 +02:00 [INF] Route matched with {action = "SubmitQuiz", controller = "Home"}. Executing controller action with signature System.Threading.Tasks.Task`1[Microsoft.AspNetCore.Mvc.IActionResult] SubmitQuiz(QuizzyPop.ViewModels.TakingQuizViewModel, System.String, Int32) on controller QuizzyPop.Controllers.HomeController (QuizzyPop).
2025-10-22 21:46:07.683 +02:00 [INF] Executing RedirectResult, redirecting to /Home/StartQuiz/1?questionIndex=2.
2025-10-22 21:46:07.683 +02:00 [INF] Executed action QuizzyPop.Controllers.HomeController.SubmitQuiz (QuizzyPop) in 6.5961ms
2025-10-22 21:46:07.683 +02:00 [INF] Executed endpoint 'QuizzyPop.Controllers.HomeController.SubmitQuiz (QuizzyPop)'
2025-10-22 21:46:07.684 +02:00 [INF] Request finished HTTP/2 POST https://localhost:7037/Home/SubmitQuiz - 302 0 null 33.0124ms
2025-10-22 21:46:07.735 +02:00 [INF] Request starting HTTP/2 GET https://localhost:7037/Home/StartQuiz/1?questionIndex=2 - null null
2025-10-22 21:46:07.736 +02:00 [INF] Executing endpoint 'QuizzyPop.Controllers.HomeController.StartQuiz (QuizzyPop)'
2025-10-22 21:46:07.736 +02:00 [INF] Route matched with {action = "StartQuiz", controller = "Home"}. Executing controller action with signature System.Threading.Tasks.Task`1[Microsoft.AspNetCore.Mvc.IActionResult] StartQuiz(Int32, Int32) on controller QuizzyPop.Controllers.HomeController (QuizzyPop).
2025-10-22 21:46:07.742 +02:00 [INF] Executing ViewResult, running view TakingQuiz.
2025-10-22 21:46:07.799 +02:00 [INF] Executed ViewResult - view TakingQuiz executed in 56.7418ms.
2025-10-22 21:46:07.874 +02:00 [INF] Executed action QuizzyPop.Controllers.HomeController.StartQuiz (QuizzyPop) in 112.6486ms
2025-10-22 21:46:07.901 +02:00 [INF] Executed endpoint 'QuizzyPop.Controllers.HomeController.StartQuiz (QuizzyPop)'
2025-10-22 21:46:07.901 +02:00 [INF] Request starting HTTP/2 GET https://localhost:7037/fonts/Baloo2-Regular.ttf - null null
2025-10-22 21:46:07.901 +02:00 [INF] Request finished HTTP/2 GET https://localhost:7037/Home/StartQuiz/1?questionIndex=2 - 200 null text/html; charset=utf-8 190.5579ms
2025-10-22 21:46:07.902 +02:00 [INF] Request finished HTTP/2 GET https://localhost:7037/fonts/Baloo2-Regular.ttf - 404 0 null 0.9991ms
2025-10-22 21:46:07.902 +02:00 [INF] Request reached the end of the middleware pipeline without being handled by application code. Request path: GET https://localhost:7037/fonts/Baloo2-Regular.ttf, Response status code: 404
2025-10-22 21:46:15.238 +02:00 [INF] Request starting HTTP/2 POST https://localhost:7037/Home/SubmitQuiz - application/x-www-form-urlencoded 347
2025-10-22 21:46:15.264 +02:00 [INF] Executing endpoint 'QuizzyPop.Controllers.HomeController.SubmitQuiz (QuizzyPop)'
2025-10-22 21:46:15.264 +02:00 [INF] Route matched with {action = "SubmitQuiz", controller = "Home"}. Executing controller action with signature System.Threading.Tasks.Task`1[Microsoft.AspNetCore.Mvc.IActionResult] SubmitQuiz(QuizzyPop.ViewModels.TakingQuizViewModel, System.String, Int32) on controller QuizzyPop.Controllers.HomeController (QuizzyPop).
2025-10-22 21:46:15.272 +02:00 [INF] Executing RedirectResult, redirecting to /Home/QuizCompleted?quizId=1&totalQuestions=3&correctAnswers=3.
2025-10-22 21:46:15.272 +02:00 [INF] Executed action QuizzyPop.Controllers.HomeController.SubmitQuiz (QuizzyPop) in 8.1074ms
2025-10-22 21:46:15.272 +02:00 [INF] Executed endpoint 'QuizzyPop.Controllers.HomeController.SubmitQuiz (QuizzyPop)'
2025-10-22 21:46:15.273 +02:00 [INF] Request finished HTTP/2 POST https://localhost:7037/Home/SubmitQuiz - 302 0 null 56.4901ms
2025-10-22 21:46:15.275 +02:00 [INF] Request starting HTTP/2 GET https://localhost:7037/Home/QuizCompleted?quizId=1&totalQuestions=3&correctAnswers=3 - null null
2025-10-22 21:46:15.276 +02:00 [INF] Executing endpoint 'QuizzyPop.Controllers.HomeController.QuizCompleted (QuizzyPop)'
2025-10-22 21:46:15.279 +02:00 [INF] Route matched with {action = "QuizCompleted", controller = "Home"}. Executing controller action with signature System.Threading.Tasks.Task`1[Microsoft.AspNetCore.Mvc.IActionResult] QuizCompleted(Int32, Int32, Int32) on controller QuizzyPop.Controllers.HomeController (QuizzyPop).
2025-10-22 21:46:15.287 +02:00 [INF] Executing ViewResult, running view QuizCompleted.
2025-10-22 21:46:15.390 +02:00 [INF] Executed ViewResult - view QuizCompleted executed in 103.6335ms.
2025-10-22 21:46:15.416 +02:00 [INF] Request starting HTTP/2 GET https://localhost:7037/images/quizzy-celebrate.png - null null
2025-10-22 21:46:15.489 +02:00 [INF] The file /images/quizzy-celebrate.png was not modified
2025-10-22 21:46:15.510 +02:00 [INF] Executed action QuizzyPop.Controllers.HomeController.QuizCompleted (QuizzyPop) in 209.6945ms
2025-10-22 21:46:15.511 +02:00 [INF] Request finished HTTP/2 GET https://localhost:7037/images/quizzy-celebrate.png - 304 null image/png 119.9575ms
2025-10-22 21:46:15.510 +02:00 [INF] Request starting HTTP/2 GET https://localhost:7037/fonts/Baloo2-Regular.ttf - null null
2025-10-22 21:46:15.511 +02:00 [INF] Executed endpoint 'QuizzyPop.Controllers.HomeController.QuizCompleted (QuizzyPop)'
2025-10-22 21:46:15.561 +02:00 [INF] Request finished HTTP/2 GET https://localhost:7037/Home/QuizCompleted?quizId=1&totalQuestions=3&correctAnswers=3 - 200 null text/html; charset=utf-8 286.0834ms
2025-10-22 21:46:15.562 +02:00 [INF] Request finished HTTP/2 GET https://localhost:7037/fonts/Baloo2-Regular.ttf - 404 0 null 51.0947ms
2025-10-22 21:46:15.564 +02:00 [INF] Request reached the end of the middleware pipeline without being handled by application code. Request path: GET https://localhost:7037/fonts/Baloo2-Regular.ttf, Response status code: 404
2025-10-22 21:46:20.152 +02:00 [INF] Request starting HTTP/2 GET https://localhost:7037/Home/TakeQuiz - null null
2025-10-22 21:46:20.153 +02:00 [INF] Executing endpoint 'QuizzyPop.Controllers.HomeController.TakeQuiz (QuizzyPop)'
2025-10-22 21:46:20.153 +02:00 [INF] Route matched with {action = "TakeQuiz", controller = "Home"}. Executing controller action with signature System.Threading.Tasks.Task`1[Microsoft.AspNetCore.Mvc.IActionResult] TakeQuiz() on controller QuizzyPop.Controllers.HomeController (QuizzyPop).
2025-10-22 21:46:20.160 +02:00 [INF] Fetched 3 quizzes from database.
2025-10-22 21:46:20.161 +02:00 [INF] Loaded 3 quizzes from repository.
2025-10-22 21:46:20.161 +02:00 [INF] Executing ViewResult, running view TakeQuiz.
2025-10-22 21:46:20.165 +02:00 [INF] Executed ViewResult - view TakeQuiz executed in 3.3529ms.
2025-10-22 21:46:20.209 +02:00 [INF] Executed action QuizzyPop.Controllers.HomeController.TakeQuiz (QuizzyPop) in 55.8924ms
2025-10-22 21:46:20.259 +02:00 [INF] Executed endpoint 'QuizzyPop.Controllers.HomeController.TakeQuiz (QuizzyPop)'
2025-10-22 21:46:20.261 +02:00 [INF] Request starting HTTP/2 GET https://localhost:7037/images/default-cover.png - null null
2025-10-22 21:46:20.261 +02:00 [INF] Request starting HTTP/2 GET https://localhost:7037/fonts/Baloo2-Regular.ttf - null null
2025-10-22 21:46:20.261 +02:00 [INF] Request finished HTTP/2 GET https://localhost:7037/Home/TakeQuiz - 200 null text/html; charset=utf-8 109.0426ms
2025-10-22 21:46:20.261 +02:00 [INF] Request finished HTTP/2 GET https://localhost:7037/fonts/Baloo2-Regular.ttf - 404 0 null 0.6038ms
2025-10-22 21:46:20.261 +02:00 [INF] Request finished HTTP/2 GET https://localhost:7037/images/default-cover.png - 404 0 null 0.6065ms
2025-10-22 21:46:20.261 +02:00 [INF] Request reached the end of the middleware pipeline without being handled by application code. Request path: GET https://localhost:7037/fonts/Baloo2-Regular.ttf, Response status code: 404
2025-10-22 21:46:20.261 +02:00 [INF] Request reached the end of the middleware pipeline without being handled by application code. Request path: GET https://localhost:7037/images/default-cover.png, Response status code: 404
2025-10-22 21:46:20.857 +02:00 [INF] Request starting HTTP/2 GET https://localhost:7037/Home/CreateQuiz - null null
2025-10-22 21:46:20.881 +02:00 [INF] Executing endpoint 'QuizzyPop.Controllers.HomeController.CreateQuiz (QuizzyPop)'
2025-10-22 21:46:20.883 +02:00 [INF] Route matched with {action = "CreateQuiz", controller = "Home"}. Executing controller action with signature Microsoft.AspNetCore.Mvc.IActionResult CreateQuiz() on controller QuizzyPop.Controllers.HomeController (QuizzyPop).
2025-10-22 21:46:20.885 +02:00 [INF] Executing ViewResult, running view CreateQuiz.
2025-10-22 21:46:20.984 +02:00 [INF] Executed ViewResult - view CreateQuiz executed in 99.7993ms.
2025-10-22 21:46:20.985 +02:00 [INF] Executed action QuizzyPop.Controllers.HomeController.CreateQuiz (QuizzyPop) in 101.7667ms
2025-10-22 21:46:21.011 +02:00 [INF] Executed endpoint 'QuizzyPop.Controllers.HomeController.CreateQuiz (QuizzyPop)'
2025-10-22 21:46:21.011 +02:00 [INF] Request starting HTTP/2 GET https://localhost:7037/fonts/Baloo2-Regular.ttf - null null
2025-10-22 21:46:21.037 +02:00 [INF] Request finished HTTP/2 GET https://localhost:7037/Home/CreateQuiz - 200 null text/html; charset=utf-8 179.7772ms
2025-10-22 21:46:21.037 +02:00 [INF] Request finished HTTP/2 GET https://localhost:7037/fonts/Baloo2-Regular.ttf - 404 0 null 26.5487ms
2025-10-22 21:46:21.037 +02:00 [INF] Request reached the end of the middleware pipeline without being handled by application code. Request path: GET https://localhost:7037/fonts/Baloo2-Regular.ttf, Response status code: 404
2025-10-22 21:46:22.625 +02:00 [INF] Request starting HTTP/2 GET https://localhost:7037/Home/TakeQuiz - null null
2025-10-22 21:46:22.647 +02:00 [INF] Executing endpoint 'QuizzyPop.Controllers.HomeController.TakeQuiz (QuizzyPop)'
2025-10-22 21:46:22.648 +02:00 [INF] Route matched with {action = "TakeQuiz", controller = "Home"}. Executing controller action with signature System.Threading.Tasks.Task`1[Microsoft.AspNetCore.Mvc.IActionResult] TakeQuiz() on controller QuizzyPop.Controllers.HomeController (QuizzyPop).
2025-10-22 21:46:22.655 +02:00 [INF] Fetched 3 quizzes from database.
2025-10-22 21:46:22.656 +02:00 [INF] Loaded 3 quizzes from repository.
2025-10-22 21:46:22.656 +02:00 [INF] Executing ViewResult, running view TakeQuiz.
2025-10-22 21:46:22.705 +02:00 [INF] Executed ViewResult - view TakeQuiz executed in 48.9303ms.
2025-10-22 21:46:22.706 +02:00 [INF] Executed action QuizzyPop.Controllers.HomeController.TakeQuiz (QuizzyPop) in 57.9367ms
2025-10-22 21:46:22.706 +02:00 [INF] Executed endpoint 'QuizzyPop.Controllers.HomeController.TakeQuiz (QuizzyPop)'
2025-10-22 21:46:22.706 +02:00 [INF] Request starting HTTP/2 GET https://localhost:7037/fonts/Baloo2-Regular.ttf - null null
2025-10-22 21:46:22.706 +02:00 [INF] Request starting HTTP/2 GET https://localhost:7037/images/default-cover.png - null null
2025-10-22 21:46:22.707 +02:00 [INF] Request finished HTTP/2 GET https://localhost:7037/images/default-cover.png - 404 0 null 1.1943ms
2025-10-22 21:46:22.707 +02:00 [INF] Request reached the end of the middleware pipeline without being handled by application code. Request path: GET https://localhost:7037/images/default-cover.png, Response status code: 404
2025-10-22 21:46:22.709 +02:00 [INF] Request finished HTTP/2 GET https://localhost:7037/fonts/Baloo2-Regular.ttf - 404 0 null 2.6263ms
2025-10-22 21:46:22.709 +02:00 [INF] Request finished HTTP/2 GET https://localhost:7037/Home/TakeQuiz - 200 null text/html; charset=utf-8 84.2086ms
2025-10-22 21:46:22.709 +02:00 [INF] Request reached the end of the middleware pipeline without being handled by application code. Request path: GET https://localhost:7037/fonts/Baloo2-Regular.ttf, Response status code: 404
2025-10-22 21:46:23.324 +02:00 [INF] Request starting HTTP/2 GET https://localhost:7037/Home/CreateQuiz - null null
2025-10-22 21:46:23.325 +02:00 [INF] Executing endpoint 'QuizzyPop.Controllers.HomeController.CreateQuiz (QuizzyPop)'
2025-10-22 21:46:23.325 +02:00 [INF] Route matched with {action = "CreateQuiz", controller = "Home"}. Executing controller action with signature Microsoft.AspNetCore.Mvc.IActionResult CreateQuiz() on controller QuizzyPop.Controllers.HomeController (QuizzyPop).
2025-10-22 21:46:23.325 +02:00 [INF] Executing ViewResult, running view CreateQuiz.
2025-10-22 21:46:23.454 +02:00 [INF] Executed ViewResult - view CreateQuiz executed in 128.3145ms.
2025-10-22 21:46:23.454 +02:00 [INF] Executed action QuizzyPop.Controllers.HomeController.CreateQuiz (QuizzyPop) in 129.2118ms
2025-10-22 21:46:23.454 +02:00 [INF] Request starting HTTP/2 GET https://localhost:7037/fonts/Baloo2-Regular.ttf - null null
2025-10-22 21:46:23.454 +02:00 [INF] Executed endpoint 'QuizzyPop.Controllers.HomeController.CreateQuiz (QuizzyPop)'
2025-10-22 21:46:23.455 +02:00 [INF] Request finished HTTP/2 GET https://localhost:7037/Home/CreateQuiz - 200 null text/html; charset=utf-8 130.8789ms
2025-10-22 21:46:23.455 +02:00 [INF] Request finished HTTP/2 GET https://localhost:7037/fonts/Baloo2-Regular.ttf - 404 0 null 0.6503ms
2025-10-22 21:46:23.455 +02:00 [INF] Request reached the end of the middleware pipeline without being handled by application code. Request path: GET https://localhost:7037/fonts/Baloo2-Regular.ttf, Response status code: 404
2025-10-22 21:46:24.067 +02:00 [INF] Request starting HTTP/2 GET https://localhost:7037/Home/TakeQuiz - null null
2025-10-22 21:46:24.115 +02:00 [INF] Executing endpoint 'QuizzyPop.Controllers.HomeController.TakeQuiz (QuizzyPop)'
2025-10-22 21:46:24.115 +02:00 [INF] Route matched with {action = "TakeQuiz", controller = "Home"}. Executing controller action with signature System.Threading.Tasks.Task`1[Microsoft.AspNetCore.Mvc.IActionResult] TakeQuiz() on controller QuizzyPop.Controllers.HomeController (QuizzyPop).
2025-10-22 21:46:24.121 +02:00 [INF] Fetched 3 quizzes from database.
2025-10-22 21:46:24.123 +02:00 [INF] Loaded 3 quizzes from repository.
2025-10-22 21:46:24.123 +02:00 [INF] Executing ViewResult, running view TakeQuiz.
2025-10-22 21:46:24.148 +02:00 [INF] Executed ViewResult - view TakeQuiz executed in 24.0354ms.
2025-10-22 21:46:24.173 +02:00 [INF] Executed action QuizzyPop.Controllers.HomeController.TakeQuiz (QuizzyPop) in 33.4017ms
2025-10-22 21:46:24.174 +02:00 [INF] Executed endpoint 'QuizzyPop.Controllers.HomeController.TakeQuiz (QuizzyPop)'
2025-10-22 21:46:24.174 +02:00 [INF] Request starting HTTP/2 GET https://localhost:7037/images/default-cover.png - null null
2025-10-22 21:46:24.174 +02:00 [INF] Request starting HTTP/2 GET https://localhost:7037/fonts/Baloo2-Regular.ttf - null null
2025-10-22 21:46:24.174 +02:00 [INF] Request finished HTTP/2 GET https://localhost:7037/Home/TakeQuiz - 200 null text/html; charset=utf-8 106.7872ms
2025-10-22 21:46:24.225 +02:00 [INF] Request finished HTTP/2 GET https://localhost:7037/fonts/Baloo2-Regular.ttf - 404 0 null 50.8936ms
2025-10-22 21:46:24.225 +02:00 [INF] Request finished HTTP/2 GET https://localhost:7037/images/default-cover.png - 404 0 null 51.0931ms
2025-10-22 21:46:24.225 +02:00 [INF] Request reached the end of the middleware pipeline without being handled by application code. Request path: GET https://localhost:7037/fonts/Baloo2-Regular.ttf, Response status code: 404
2025-10-22 21:46:24.225 +02:00 [INF] Request reached the end of the middleware pipeline without being handled by application code. Request path: GET https://localhost:7037/images/default-cover.png, Response status code: 404
2025-10-22 21:47:57.388 +02:00 [INF] Request starting HTTP/2 GET https://localhost:7037/Home/CreateQuiz - null null
2025-10-22 21:47:57.393 +02:00 [INF] Executing endpoint 'QuizzyPop.Controllers.HomeController.CreateQuiz (QuizzyPop)'
2025-10-22 21:47:57.395 +02:00 [INF] Route matched with {action = "CreateQuiz", controller = "Home"}. Executing controller action with signature Microsoft.AspNetCore.Mvc.IActionResult CreateQuiz() on controller QuizzyPop.Controllers.HomeController (QuizzyPop).
2025-10-22 21:47:57.402 +02:00 [INF] Executing ViewResult, running view CreateQuiz.
2025-10-22 21:47:57.552 +02:00 [INF] Executed ViewResult - view CreateQuiz executed in 108.2017ms.
2025-10-22 21:47:57.575 +02:00 [INF] Executed action QuizzyPop.Controllers.HomeController.CreateQuiz (QuizzyPop) in 180.5221ms
2025-10-22 21:47:57.601 +02:00 [INF] Executed endpoint 'QuizzyPop.Controllers.HomeController.CreateQuiz (QuizzyPop)'
2025-10-22 21:47:57.602 +02:00 [INF] Request starting HTTP/2 GET https://localhost:7037/fonts/Baloo2-Regular.ttf - null null
2025-10-22 21:47:57.653 +02:00 [INF] Request finished HTTP/2 GET https://localhost:7037/Home/CreateQuiz - 200 null text/html; charset=utf-8 288.3096ms
2025-10-22 21:47:57.653 +02:00 [INF] Request finished HTTP/2 GET https://localhost:7037/fonts/Baloo2-Regular.ttf - 404 0 null 50.779ms
2025-10-22 21:47:57.653 +02:00 [INF] Request reached the end of the middleware pipeline without being handled by application code. Request path: GET https://localhost:7037/fonts/Baloo2-Regular.ttf, Response status code: 404
2025-10-22 21:48:02.934 +02:00 [INF] Request starting HTTP/2 GET https://localhost:7037/Home/TakeQuiz - null null
2025-10-22 21:48:02.935 +02:00 [INF] Executing endpoint 'QuizzyPop.Controllers.HomeController.TakeQuiz (QuizzyPop)'
2025-10-22 21:48:02.935 +02:00 [INF] Route matched with {action = "TakeQuiz", controller = "Home"}. Executing controller action with signature System.Threading.Tasks.Task`1[Microsoft.AspNetCore.Mvc.IActionResult] TakeQuiz() on controller QuizzyPop.Controllers.HomeController (QuizzyPop).
2025-10-22 21:48:02.947 +02:00 [INF] Fetched 3 quizzes from database.
2025-10-22 21:48:02.948 +02:00 [INF] Loaded 3 quizzes from repository.
2025-10-22 21:48:02.948 +02:00 [INF] Executing ViewResult, running view TakeQuiz.
2025-10-22 21:48:02.975 +02:00 [INF] Executed ViewResult - view TakeQuiz executed in 25.9745ms.
2025-10-22 21:48:02.999 +02:00 [INF] Executed action QuizzyPop.Controllers.HomeController.TakeQuiz (QuizzyPop) in 64.0054ms
2025-10-22 21:48:03.024 +02:00 [INF] Executed endpoint 'QuizzyPop.Controllers.HomeController.TakeQuiz (QuizzyPop)'
2025-10-22 21:48:03.025 +02:00 [INF] Request starting HTTP/2 GET https://localhost:7037/images/default-cover.png - null null
2025-10-22 21:48:03.025 +02:00 [INF] Request starting HTTP/2 GET https://localhost:7037/fonts/Baloo2-Regular.ttf - null null
2025-10-22 21:48:03.026 +02:00 [INF] Request finished HTTP/2 GET https://localhost:7037/images/default-cover.png - 404 0 null 0.452ms
2025-10-22 21:48:03.026 +02:00 [INF] Request finished HTTP/2 GET https://localhost:7037/fonts/Baloo2-Regular.ttf - 404 0 null 0.4309ms
2025-10-22 21:48:03.026 +02:00 [INF] Request reached the end of the middleware pipeline without being handled by application code. Request path: GET https://localhost:7037/fonts/Baloo2-Regular.ttf, Response status code: 404
2025-10-22 21:48:03.026 +02:00 [INF] Request finished HTTP/2 GET https://localhost:7037/Home/TakeQuiz - 200 null text/html; charset=utf-8 115.739ms
2025-10-22 21:48:03.026 +02:00 [INF] Request reached the end of the middleware pipeline without being handled by application code. Request path: GET https://localhost:7037/images/default-cover.png, Response status code: 404
2025-10-22 21:48:06.444 +02:00 [INF] Request starting HTTP/2 GET https://localhost:7037/Home/CreateQuiz - null null
2025-10-22 21:48:06.469 +02:00 [INF] Executing endpoint 'QuizzyPop.Controllers.HomeController.CreateQuiz (QuizzyPop)'
2025-10-22 21:48:06.469 +02:00 [INF] Route matched with {action = "CreateQuiz", controller = "Home"}. Executing controller action with signature Microsoft.AspNetCore.Mvc.IActionResult CreateQuiz() on controller QuizzyPop.Controllers.HomeController (QuizzyPop).
2025-10-22 21:48:06.470 +02:00 [INF] Executing ViewResult, running view CreateQuiz.
2025-10-22 21:48:06.573 +02:00 [INF] Executed ViewResult - view CreateQuiz executed in 78.0455ms.
2025-10-22 21:48:06.608 +02:00 [INF] Executed action QuizzyPop.Controllers.HomeController.CreateQuiz (QuizzyPop) in 131.2968ms
2025-10-22 21:48:06.608 +02:00 [INF] Executed endpoint 'QuizzyPop.Controllers.HomeController.CreateQuiz (QuizzyPop)'
2025-10-22 21:48:06.608 +02:00 [INF] Request starting HTTP/2 GET https://localhost:7037/fonts/Baloo2-Regular.ttf - null null
2025-10-22 21:48:06.636 +02:00 [INF] Request finished HTTP/2 GET https://localhost:7037/Home/CreateQuiz - 200 null text/html; charset=utf-8 192.1887ms
2025-10-22 21:48:06.636 +02:00 [INF] Request finished HTTP/2 GET https://localhost:7037/fonts/Baloo2-Regular.ttf - 404 0 null 27.7107ms
2025-10-22 21:48:06.636 +02:00 [INF] Request reached the end of the middleware pipeline without being handled by application code. Request path: GET https://localhost:7037/fonts/Baloo2-Regular.ttf, Response status code: 404
2025-10-22 21:48:08.491 +02:00 [INF] Request starting HTTP/2 GET https://localhost:7037/Home/TakeQuiz - null null
2025-10-22 21:48:08.517 +02:00 [INF] Executing endpoint 'QuizzyPop.Controllers.HomeController.TakeQuiz (QuizzyPop)'
2025-10-22 21:48:08.518 +02:00 [INF] Route matched with {action = "TakeQuiz", controller = "Home"}. Executing controller action with signature System.Threading.Tasks.Task`1[Microsoft.AspNetCore.Mvc.IActionResult] TakeQuiz() on controller QuizzyPop.Controllers.HomeController (QuizzyPop).
2025-10-22 21:48:08.524 +02:00 [INF] Fetched 3 quizzes from database.
2025-10-22 21:48:08.525 +02:00 [INF] Loaded 3 quizzes from repository.
2025-10-22 21:48:08.526 +02:00 [INF] Executing ViewResult, running view TakeQuiz.
2025-10-22 21:48:08.529 +02:00 [INF] Executed ViewResult - view TakeQuiz executed in 2.1217ms.
2025-10-22 21:48:08.529 +02:00 [INF] Executed action QuizzyPop.Controllers.HomeController.TakeQuiz (QuizzyPop) in 11.5981ms
2025-10-22 21:48:08.530 +02:00 [INF] Executed endpoint 'QuizzyPop.Controllers.HomeController.TakeQuiz (QuizzyPop)'
2025-10-22 21:48:08.530 +02:00 [INF] Request finished HTTP/2 GET https://localhost:7037/Home/TakeQuiz - 200 null text/html; charset=utf-8 39.0982ms
2025-10-22 21:48:08.538 +02:00 [INF] Request starting HTTP/2 GET https://localhost:7037/images/default-cover.png - null null
2025-10-22 21:48:08.586 +02:00 [INF] Request starting HTTP/2 GET https://localhost:7037/fonts/Baloo2-Regular.ttf - null null
2025-10-22 21:48:08.587 +02:00 [INF] Request finished HTTP/2 GET https://localhost:7037/images/default-cover.png - 404 0 null 48.5136ms
2025-10-22 21:48:08.587 +02:00 [INF] Request reached the end of the middleware pipeline without being handled by application code. Request path: GET https://localhost:7037/images/default-cover.png, Response status code: 404
2025-10-22 21:48:08.587 +02:00 [INF] Request finished HTTP/2 GET https://localhost:7037/fonts/Baloo2-Regular.ttf - 404 0 null 0.7531ms
2025-10-22 21:48:08.587 +02:00 [INF] Request reached the end of the middleware pipeline without being handled by application code. Request path: GET https://localhost:7037/fonts/Baloo2-Regular.ttf, Response status code: 404
2025-10-22 21:48:11.135 +02:00 [INF] Request starting HTTP/2 GET https://localhost:7037/ - null null
2025-10-22 21:48:11.136 +02:00 [INF] Executing endpoint 'QuizzyPop.Controllers.HomeController.Index (QuizzyPop)'
2025-10-22 21:48:11.136 +02:00 [INF] Route matched with {action = "Index", controller = "Home"}. Executing controller action with signature Microsoft.AspNetCore.Mvc.IActionResult Index() on controller QuizzyPop.Controllers.HomeController (QuizzyPop).
2025-10-22 21:48:11.137 +02:00 [INF] Executing ViewResult, running view Index.
2025-10-22 21:48:11.167 +02:00 [INF] Executed ViewResult - view Index executed in 29.382ms.
2025-10-22 21:48:11.189 +02:00 [INF] Executed action QuizzyPop.Controllers.HomeController.Index (QuizzyPop) in 52.8584ms
2025-10-22 21:48:11.199 +02:00 [INF] Executed endpoint 'QuizzyPop.Controllers.HomeController.Index (QuizzyPop)'
2025-10-22 21:48:11.199 +02:00 [INF] Request finished HTTP/2 GET https://localhost:7037/ - 200 null text/html; charset=utf-8 89.5303ms
2025-10-22 21:48:11.190 +02:00 [INF] Request starting HTTP/2 GET https://localhost:7037/fonts/Baloo2-Regular.ttf - null null
2025-10-22 21:48:11.200 +02:00 [INF] Request finished HTTP/2 GET https://localhost:7037/fonts/Baloo2-Regular.ttf - 404 0 null 10.2401ms
2025-10-22 21:48:11.200 +02:00 [INF] Request reached the end of the middleware pipeline without being handled by application code. Request path: GET https://localhost:7037/fonts/Baloo2-Regular.ttf, Response status code: 404
2025-10-22 21:48:12.963 +02:00 [INF] Request starting HTTP/2 GET https://localhost:7037/Home/CreateQuiz - null null
2025-10-22 21:48:13.013 +02:00 [INF] Executing endpoint 'QuizzyPop.Controllers.HomeController.CreateQuiz (QuizzyPop)'
2025-10-22 21:48:13.014 +02:00 [INF] Route matched with {action = "CreateQuiz", controller = "Home"}. Executing controller action with signature Microsoft.AspNetCore.Mvc.IActionResult CreateQuiz() on controller QuizzyPop.Controllers.HomeController (QuizzyPop).
2025-10-22 21:48:13.014 +02:00 [INF] Executing ViewResult, running view CreateQuiz.
2025-10-22 21:48:13.019 +02:00 [INF] Executed ViewResult - view CreateQuiz executed in 5.1842ms.
2025-10-22 21:48:13.020 +02:00 [INF] Executed action QuizzyPop.Controllers.HomeController.CreateQuiz (QuizzyPop) in 5.9653ms
2025-10-22 21:48:13.020 +02:00 [INF] Executed endpoint 'QuizzyPop.Controllers.HomeController.CreateQuiz (QuizzyPop)'
2025-10-22 21:48:13.020 +02:00 [INF] Request finished HTTP/2 GET https://localhost:7037/Home/CreateQuiz - 200 null text/html; charset=utf-8 57.8452ms
2025-10-22 21:48:13.028 +02:00 [INF] Request starting HTTP/2 GET https://localhost:7037/fonts/Baloo2-Regular.ttf - null null
2025-10-22 21:48:13.054 +02:00 [INF] Request finished HTTP/2 GET https://localhost:7037/fonts/Baloo2-Regular.ttf - 404 0 null 25.6957ms
2025-10-22 21:48:13.054 +02:00 [INF] Request reached the end of the middleware pipeline without being handled by application code. Request path: GET https://localhost:7037/fonts/Baloo2-Regular.ttf, Response status code: 404
2025-10-22 21:48:36.962 +02:00 [INF] Request starting HTTP/2 POST https://localhost:7037/Home/CreateQuiz - multipart/form-data; boundary=----WebKitFormBoundaryy0A3oivmh4OZ0P3H 1061
2025-10-22 21:48:36.964 +02:00 [INF] Executing endpoint 'QuizzyPop.Controllers.HomeController.CreateQuiz (QuizzyPop)'
2025-10-22 21:48:36.974 +02:00 [INF] Route matched with {action = "CreateQuiz", controller = "Home"}. Executing controller action with signature System.Threading.Tasks.Task`1[Microsoft.AspNetCore.Mvc.IActionResult] CreateQuiz(QuizzyPop.ViewModels.QuizMetaDataViewModel) on controller QuizzyPop.Controllers.HomeController (QuizzyPop).
2025-10-22 21:48:37.060 +02:00 [ERR] Failed executing DbCommand (6ms) [Parameters=[@p0='?' (DbType = Int32), @p1='?' (DbType = DateTime), @p2='?', @p3='?' (Size = 4), @p4='?', @p5='?' (Size = 5), @p6='?' (DbType = Int32)], CommandType='"Text"', CommandTimeout='30']
INSERT INTO "Quiz" ("CategoryId", "CreatedAt", "Description", "Difficulty", "ImageUrl", "Title", "UserId")
VALUES (@p0, @p1, @p2, @p3, @p4, @p5, @p6)
RETURNING "Id";
2025-10-22 21:48:37.084 +02:00 [ERR] An exception occurred in the database while saving changes for context type 'QuizzyPop.DAL.UserDbContext'.
Microsoft.EntityFrameworkCore.DbUpdateException: An error occurred while saving the entity changes. See the inner exception for details.
 ---> Microsoft.Data.Sqlite.SqliteException (0x80004005): SQLite Error 19: 'NOT NULL constraint failed: Quiz.Description'.
   at Microsoft.Data.Sqlite.SqliteException.ThrowExceptionForRC(Int32 rc, sqlite3 db)
   at Microsoft.Data.Sqlite.SqliteDataReader.NextResult()
   at Microsoft.Data.Sqlite.SqliteCommand.ExecuteReader(CommandBehavior behavior)
   at Microsoft.Data.Sqlite.SqliteCommand.ExecuteReaderAsync(CommandBehavior behavior, CancellationToken cancellationToken)
   at Microsoft.Data.Sqlite.SqliteCommand.ExecuteDbDataReaderAsync(CommandBehavior behavior, CancellationToken cancellationToken)
   at Microsoft.EntityFrameworkCore.Storage.RelationalCommand.ExecuteReaderAsync(RelationalCommandParameterObject parameterObject, CancellationToken cancellationToken)
   at Microsoft.EntityFrameworkCore.Storage.RelationalCommand.ExecuteReaderAsync(RelationalCommandParameterObject parameterObject, CancellationToken cancellationToken)
   at Microsoft.EntityFrameworkCore.Update.ReaderModificationCommandBatch.ExecuteAsync(IRelationalConnection connection, CancellationToken cancellationToken)
   --- End of inner exception stack trace ---
   at Microsoft.EntityFrameworkCore.Update.ReaderModificationCommandBatch.ExecuteAsync(IRelationalConnection connection, CancellationToken cancellationToken)
   at Microsoft.EntityFrameworkCore.Update.Internal.BatchExecutor.ExecuteAsync(IEnumerable`1 commandBatches, IRelationalConnection connection, CancellationToken cancellationToken)
   at Microsoft.EntityFrameworkCore.Update.Internal.BatchExecutor.ExecuteAsync(IEnumerable`1 commandBatches, IRelationalConnection connection, CancellationToken cancellationToken)
   at Microsoft.EntityFrameworkCore.Update.Internal.BatchExecutor.ExecuteAsync(IEnumerable`1 commandBatches, IRelationalConnection connection, CancellationToken cancellationToken)
   at Microsoft.EntityFrameworkCore.ChangeTracking.Internal.StateManager.SaveChangesAsync(IList`1 entriesToSave, CancellationToken cancellationToken)
   at Microsoft.EntityFrameworkCore.ChangeTracking.Internal.StateManager.SaveChangesAsync(StateManager stateManager, Boolean acceptAllChangesOnSuccess, CancellationToken cancellationToken)
   at Microsoft.EntityFrameworkCore.DbContext.SaveChangesAsync(Boolean acceptAllChangesOnSuccess, CancellationToken cancellationToken)
Microsoft.EntityFrameworkCore.DbUpdateException: An error occurred while saving the entity changes. See the inner exception for details.
 ---> Microsoft.Data.Sqlite.SqliteException (0x80004005): SQLite Error 19: 'NOT NULL constraint failed: Quiz.Description'.
   at Microsoft.Data.Sqlite.SqliteException.ThrowExceptionForRC(Int32 rc, sqlite3 db)
   at Microsoft.Data.Sqlite.SqliteDataReader.NextResult()
   at Microsoft.Data.Sqlite.SqliteCommand.ExecuteReader(CommandBehavior behavior)
   at Microsoft.Data.Sqlite.SqliteCommand.ExecuteReaderAsync(CommandBehavior behavior, CancellationToken cancellationToken)
   at Microsoft.Data.Sqlite.SqliteCommand.ExecuteDbDataReaderAsync(CommandBehavior behavior, CancellationToken cancellationToken)
   at Microsoft.EntityFrameworkCore.Storage.RelationalCommand.ExecuteReaderAsync(RelationalCommandParameterObject parameterObject, CancellationToken cancellationToken)
   at Microsoft.EntityFrameworkCore.Storage.RelationalCommand.ExecuteReaderAsync(RelationalCommandParameterObject parameterObject, CancellationToken cancellationToken)
   at Microsoft.EntityFrameworkCore.Update.ReaderModificationCommandBatch.ExecuteAsync(IRelationalConnection connection, CancellationToken cancellationToken)
   --- End of inner exception stack trace ---
   at Microsoft.EntityFrameworkCore.Update.ReaderModificationCommandBatch.ExecuteAsync(IRelationalConnection connection, CancellationToken cancellationToken)
   at Microsoft.EntityFrameworkCore.Update.Internal.BatchExecutor.ExecuteAsync(IEnumerable`1 commandBatches, IRelationalConnection connection, CancellationToken cancellationToken)
   at Microsoft.EntityFrameworkCore.Update.Internal.BatchExecutor.ExecuteAsync(IEnumerable`1 commandBatches, IRelationalConnection connection, CancellationToken cancellationToken)
   at Microsoft.EntityFrameworkCore.Update.Internal.BatchExecutor.ExecuteAsync(IEnumerable`1 commandBatches, IRelationalConnection connection, CancellationToken cancellationToken)
   at Microsoft.EntityFrameworkCore.ChangeTracking.Internal.StateManager.SaveChangesAsync(IList`1 entriesToSave, CancellationToken cancellationToken)
   at Microsoft.EntityFrameworkCore.ChangeTracking.Internal.StateManager.SaveChangesAsync(StateManager stateManager, Boolean acceptAllChangesOnSuccess, CancellationToken cancellationToken)
   at Microsoft.EntityFrameworkCore.DbContext.SaveChangesAsync(Boolean acceptAllChangesOnSuccess, CancellationToken cancellationToken)
2025-10-22 21:48:37.141 +02:00 [ERR] Database update error while adding quiz 'Music'
Microsoft.EntityFrameworkCore.DbUpdateException: An error occurred while saving the entity changes. See the inner exception for details.
 ---> Microsoft.Data.Sqlite.SqliteException (0x80004005): SQLite Error 19: 'NOT NULL constraint failed: Quiz.Description'.
   at Microsoft.Data.Sqlite.SqliteException.ThrowExceptionForRC(Int32 rc, sqlite3 db)
   at Microsoft.Data.Sqlite.SqliteDataReader.NextResult()
   at Microsoft.Data.Sqlite.SqliteCommand.ExecuteReader(CommandBehavior behavior)
   at Microsoft.Data.Sqlite.SqliteCommand.ExecuteReaderAsync(CommandBehavior behavior, CancellationToken cancellationToken)
   at Microsoft.Data.Sqlite.SqliteCommand.ExecuteDbDataReaderAsync(CommandBehavior behavior, CancellationToken cancellationToken)
   at Microsoft.EntityFrameworkCore.Storage.RelationalCommand.ExecuteReaderAsync(RelationalCommandParameterObject parameterObject, CancellationToken cancellationToken)
   at Microsoft.EntityFrameworkCore.Storage.RelationalCommand.ExecuteReaderAsync(RelationalCommandParameterObject parameterObject, CancellationToken cancellationToken)
   at Microsoft.EntityFrameworkCore.Update.ReaderModificationCommandBatch.ExecuteAsync(IRelationalConnection connection, CancellationToken cancellationToken)
   --- End of inner exception stack trace ---
   at Microsoft.EntityFrameworkCore.Update.ReaderModificationCommandBatch.ExecuteAsync(IRelationalConnection connection, CancellationToken cancellationToken)
   at Microsoft.EntityFrameworkCore.Update.Internal.BatchExecutor.ExecuteAsync(IEnumerable`1 commandBatches, IRelationalConnection connection, CancellationToken cancellationToken)
   at Microsoft.EntityFrameworkCore.Update.Internal.BatchExecutor.ExecuteAsync(IEnumerable`1 commandBatches, IRelationalConnection connection, CancellationToken cancellationToken)
   at Microsoft.EntityFrameworkCore.Update.Internal.BatchExecutor.ExecuteAsync(IEnumerable`1 commandBatches, IRelationalConnection connection, CancellationToken cancellationToken)
   at Microsoft.EntityFrameworkCore.ChangeTracking.Internal.StateManager.SaveChangesAsync(IList`1 entriesToSave, CancellationToken cancellationToken)
   at Microsoft.EntityFrameworkCore.ChangeTracking.Internal.StateManager.SaveChangesAsync(StateManager stateManager, Boolean acceptAllChangesOnSuccess, CancellationToken cancellationToken)
   at Microsoft.EntityFrameworkCore.DbContext.SaveChangesAsync(Boolean acceptAllChangesOnSuccess, CancellationToken cancellationToken)
   at Microsoft.EntityFrameworkCore.DbContext.SaveChangesAsync(Boolean acceptAllChangesOnSuccess, CancellationToken cancellationToken)
   at QuizzyPop.DAL.Repositories.QuizRepository.AddAsync(Quiz quiz) in /Users/mathiasjudre/Desktop/Skole/5. Semester/ITPE3200 - Webapplikasjoner/QuizzyPop/QuizzyPop/DAL/Repositories/QuizRepository.cs:line 58
2025-10-22 21:48:37.158 +02:00 [ERR] Error creating new quiz
Microsoft.EntityFrameworkCore.DbUpdateException: An error occurred while saving the entity changes. See the inner exception for details.
 ---> Microsoft.Data.Sqlite.SqliteException (0x80004005): SQLite Error 19: 'NOT NULL constraint failed: Quiz.Description'.
   at Microsoft.Data.Sqlite.SqliteException.ThrowExceptionForRC(Int32 rc, sqlite3 db)
   at Microsoft.Data.Sqlite.SqliteDataReader.NextResult()
   at Microsoft.Data.Sqlite.SqliteCommand.ExecuteReader(CommandBehavior behavior)
   at Microsoft.Data.Sqlite.SqliteCommand.ExecuteReaderAsync(CommandBehavior behavior, CancellationToken cancellationToken)
   at Microsoft.Data.Sqlite.SqliteCommand.ExecuteDbDataReaderAsync(CommandBehavior behavior, CancellationToken cancellationToken)
   at Microsoft.EntityFrameworkCore.Storage.RelationalCommand.ExecuteReaderAsync(RelationalCommandParameterObject parameterObject, CancellationToken cancellationToken)
   at Microsoft.EntityFrameworkCore.Storage.RelationalCommand.ExecuteReaderAsync(RelationalCommandParameterObject parameterObject, CancellationToken cancellationToken)
   at Microsoft.EntityFrameworkCore.Update.ReaderModificationCommandBatch.ExecuteAsync(IRelationalConnection connection, CancellationToken cancellationToken)
   --- End of inner exception stack trace ---
   at Microsoft.EntityFrameworkCore.Update.ReaderModificationCommandBatch.ExecuteAsync(IRelationalConnection connection, CancellationToken cancellationToken)
   at Microsoft.EntityFrameworkCore.Update.Internal.BatchExecutor.ExecuteAsync(IEnumerable`1 commandBatches, IRelationalConnection connection, CancellationToken cancellationToken)
   at Microsoft.EntityFrameworkCore.Update.Internal.BatchExecutor.ExecuteAsync(IEnumerable`1 commandBatches, IRelationalConnection connection, CancellationToken cancellationToken)
   at Microsoft.EntityFrameworkCore.Update.Internal.BatchExecutor.ExecuteAsync(IEnumerable`1 commandBatches, IRelationalConnection connection, CancellationToken cancellationToken)
   at Microsoft.EntityFrameworkCore.ChangeTracking.Internal.StateManager.SaveChangesAsync(IList`1 entriesToSave, CancellationToken cancellationToken)
   at Microsoft.EntityFrameworkCore.ChangeTracking.Internal.StateManager.SaveChangesAsync(StateManager stateManager, Boolean acceptAllChangesOnSuccess, CancellationToken cancellationToken)
   at Microsoft.EntityFrameworkCore.DbContext.SaveChangesAsync(Boolean acceptAllChangesOnSuccess, CancellationToken cancellationToken)
   at Microsoft.EntityFrameworkCore.DbContext.SaveChangesAsync(Boolean acceptAllChangesOnSuccess, CancellationToken cancellationToken)
   at QuizzyPop.DAL.Repositories.QuizRepository.AddAsync(Quiz quiz) in /Users/mathiasjudre/Desktop/Skole/5. Semester/ITPE3200 - Webapplikasjoner/QuizzyPop/QuizzyPop/DAL/Repositories/QuizRepository.cs:line 58
   at QuizzyPop.Controllers.HomeController.CreateQuiz(QuizMetaDataViewModel model) in /Users/mathiasjudre/Desktop/Skole/5. Semester/ITPE3200 - Webapplikasjoner/QuizzyPop/QuizzyPop/Controllers/HomeController.cs:line 60
2025-10-22 21:48:37.158 +02:00 [INF] Executing ViewResult, running view CreateQuiz.
2025-10-22 21:48:37.210 +02:00 [INF] Executed ViewResult - view CreateQuiz executed in 52.0629ms.
2025-10-22 21:48:37.210 +02:00 [INF] Executed action QuizzyPop.Controllers.HomeController.CreateQuiz (QuizzyPop) in 236.2272ms
2025-10-22 21:48:37.211 +02:00 [INF] Executed endpoint 'QuizzyPop.Controllers.HomeController.CreateQuiz (QuizzyPop)'
2025-10-22 21:48:37.237 +02:00 [INF] Request finished HTTP/2 POST https://localhost:7037/Home/CreateQuiz - 200 null text/html; charset=utf-8 275.1535ms
2025-10-22 21:48:37.338 +02:00 [INF] Request starting HTTP/2 GET https://localhost:7037/fonts/Baloo2-Regular.ttf - null null
2025-10-22 21:48:37.344 +02:00 [INF] Request finished HTTP/2 GET https://localhost:7037/fonts/Baloo2-Regular.ttf - 404 0 null 31.7612ms
2025-10-22 21:48:37.344 +02:00 [INF] Request reached the end of the middleware pipeline without being handled by application code. Request path: GET https://localhost:7037/fonts/Baloo2-Regular.ttf, Response status code: 404
2025-10-22 21:48:44.206 +02:00 [INF] Request starting HTTP/2 GET https://localhost:7037/Home/TakeQuiz - null null
2025-10-22 21:48:44.207 +02:00 [INF] Executing endpoint 'QuizzyPop.Controllers.HomeController.TakeQuiz (QuizzyPop)'
2025-10-22 21:48:44.207 +02:00 [INF] Route matched with {action = "TakeQuiz", controller = "Home"}. Executing controller action with signature System.Threading.Tasks.Task`1[Microsoft.AspNetCore.Mvc.IActionResult] TakeQuiz() on controller QuizzyPop.Controllers.HomeController (QuizzyPop).
2025-10-22 21:48:44.214 +02:00 [INF] Fetched 3 quizzes from database.
2025-10-22 21:48:44.215 +02:00 [INF] Loaded 3 quizzes from repository.
2025-10-22 21:48:44.215 +02:00 [INF] Executing ViewResult, running view TakeQuiz.
2025-10-22 21:48:44.241 +02:00 [INF] Executed ViewResult - view TakeQuiz executed in 25.8629ms.
2025-10-22 21:48:44.242 +02:00 [INF] Executed action QuizzyPop.Controllers.HomeController.TakeQuiz (QuizzyPop) in 34.9609ms
2025-10-22 21:48:44.243 +02:00 [INF] Executed endpoint 'QuizzyPop.Controllers.HomeController.TakeQuiz (QuizzyPop)'
2025-10-22 21:48:44.293 +02:00 [INF] Request finished HTTP/2 GET https://localhost:7037/Home/TakeQuiz - 200 null text/html; charset=utf-8 109.1779ms
2025-10-22 21:48:44.337 +02:00 [INF] Request starting HTTP/2 GET https://localhost:7037/images/default-cover.png - null null
2025-10-22 21:48:44.361 +02:00 [INF] Request finished HTTP/2 GET https://localhost:7037/images/default-cover.png - 404 0 null 45.4092ms
2025-10-22 21:48:44.364 +02:00 [INF] Request reached the end of the middleware pipeline without being handled by application code. Request path: GET https://localhost:7037/images/default-cover.png, Response status code: 404
2025-10-22 21:48:44.361 +02:00 [INF] Request starting HTTP/2 GET https://localhost:7037/fonts/Baloo2-Regular.ttf - null null
2025-10-22 21:48:44.367 +02:00 [INF] Request finished HTTP/2 GET https://localhost:7037/fonts/Baloo2-Regular.ttf - 404 0 null 5.651ms
2025-10-22 21:48:44.367 +02:00 [INF] Request reached the end of the middleware pipeline without being handled by application code. Request path: GET https://localhost:7037/fonts/Baloo2-Regular.ttf, Response status code: 404
2025-10-22 21:48:45.593 +02:00 [INF] Request starting HTTP/2 GET https://localhost:7037/Home/CreateQuiz - null null
2025-10-22 21:48:45.619 +02:00 [INF] Executing endpoint 'QuizzyPop.Controllers.HomeController.CreateQuiz (QuizzyPop)'
2025-10-22 21:48:45.619 +02:00 [INF] Route matched with {action = "CreateQuiz", controller = "Home"}. Executing controller action with signature Microsoft.AspNetCore.Mvc.IActionResult CreateQuiz() on controller QuizzyPop.Controllers.HomeController (QuizzyPop).
2025-10-22 21:48:45.619 +02:00 [INF] Executing ViewResult, running view CreateQuiz.
2025-10-22 21:48:45.626 +02:00 [INF] Executed ViewResult - view CreateQuiz executed in 6.2755ms.
2025-10-22 21:48:45.651 +02:00 [INF] Executed action QuizzyPop.Controllers.HomeController.CreateQuiz (QuizzyPop) in 32.1962ms
2025-10-22 21:48:45.651 +02:00 [INF] Executed endpoint 'QuizzyPop.Controllers.HomeController.CreateQuiz (QuizzyPop)'
2025-10-22 21:48:45.677 +02:00 [INF] Request starting HTTP/2 GET https://localhost:7037/fonts/Baloo2-Regular.ttf - null null
2025-10-22 21:48:45.677 +02:00 [INF] Request finished HTTP/2 GET https://localhost:7037/Home/CreateQuiz - 200 null text/html; charset=utf-8 84.5855ms
2025-10-22 21:48:45.678 +02:00 [INF] Request finished HTTP/2 GET https://localhost:7037/fonts/Baloo2-Regular.ttf - 404 0 null 0.8637ms
2025-10-22 21:48:45.678 +02:00 [INF] Request reached the end of the middleware pipeline without being handled by application code. Request path: GET https://localhost:7037/fonts/Baloo2-Regular.ttf, Response status code: 404
2025-10-22 21:49:05.955 +02:00 [INF] Request starting HTTP/2 POST https://localhost:7037/Home/CreateQuiz - multipart/form-data; boundary=----WebKitFormBoundaryUmnIu6HmeS20k5LO 1162
2025-10-22 21:49:05.959 +02:00 [INF] Executing endpoint 'QuizzyPop.Controllers.HomeController.CreateQuiz (QuizzyPop)'
2025-10-22 21:49:05.959 +02:00 [INF] Route matched with {action = "CreateQuiz", controller = "Home"}. Executing controller action with signature System.Threading.Tasks.Task`1[Microsoft.AspNetCore.Mvc.IActionResult] CreateQuiz(QuizzyPop.ViewModels.QuizMetaDataViewModel) on controller QuizzyPop.Controllers.HomeController (QuizzyPop).
2025-10-22 21:49:05.969 +02:00 [ERR] Failed executing DbCommand (1ms) [Parameters=[@p0='?' (DbType = Int32), @p1='?' (DbType = DateTime), @p2='?', @p3='?' (Size = 4), @p4='?', @p5='?' (Size = 5), @p6='?' (DbType = Int32)], CommandType='"Text"', CommandTimeout='30']
INSERT INTO "Quiz" ("CategoryId", "CreatedAt", "Description", "Difficulty", "ImageUrl", "Title", "UserId")
VALUES (@p0, @p1, @p2, @p3, @p4, @p5, @p6)
RETURNING "Id";
2025-10-22 21:49:05.975 +02:00 [ERR] An exception occurred in the database while saving changes for context type 'QuizzyPop.DAL.UserDbContext'.
Microsoft.EntityFrameworkCore.DbUpdateException: An error occurred while saving the entity changes. See the inner exception for details.
 ---> Microsoft.Data.Sqlite.SqliteException (0x80004005): SQLite Error 19: 'NOT NULL constraint failed: Quiz.Description'.
   at Microsoft.Data.Sqlite.SqliteException.ThrowExceptionForRC(Int32 rc, sqlite3 db)
   at Microsoft.Data.Sqlite.SqliteDataReader.NextResult()
   at Microsoft.Data.Sqlite.SqliteCommand.ExecuteReader(CommandBehavior behavior)
   at Microsoft.Data.Sqlite.SqliteCommand.ExecuteReaderAsync(CommandBehavior behavior, CancellationToken cancellationToken)
   at Microsoft.Data.Sqlite.SqliteCommand.ExecuteDbDataReaderAsync(CommandBehavior behavior, CancellationToken cancellationToken)
   at Microsoft.EntityFrameworkCore.Storage.RelationalCommand.ExecuteReaderAsync(RelationalCommandParameterObject parameterObject, CancellationToken cancellationToken)
   at Microsoft.EntityFrameworkCore.Storage.RelationalCommand.ExecuteReaderAsync(RelationalCommandParameterObject parameterObject, CancellationToken cancellationToken)
   at Microsoft.EntityFrameworkCore.Update.ReaderModificationCommandBatch.ExecuteAsync(IRelationalConnection connection, CancellationToken cancellationToken)
   --- End of inner exception stack trace ---
   at Microsoft.EntityFrameworkCore.Update.ReaderModificationCommandBatch.ExecuteAsync(IRelationalConnection connection, CancellationToken cancellationToken)
   at Microsoft.EntityFrameworkCore.Update.Internal.BatchExecutor.ExecuteAsync(IEnumerable`1 commandBatches, IRelationalConnection connection, CancellationToken cancellationToken)
   at Microsoft.EntityFrameworkCore.Update.Internal.BatchExecutor.ExecuteAsync(IEnumerable`1 commandBatches, IRelationalConnection connection, CancellationToken cancellationToken)
   at Microsoft.EntityFrameworkCore.Update.Internal.BatchExecutor.ExecuteAsync(IEnumerable`1 commandBatches, IRelationalConnection connection, CancellationToken cancellationToken)
   at Microsoft.EntityFrameworkCore.ChangeTracking.Internal.StateManager.SaveChangesAsync(IList`1 entriesToSave, CancellationToken cancellationToken)
   at Microsoft.EntityFrameworkCore.ChangeTracking.Internal.StateManager.SaveChangesAsync(StateManager stateManager, Boolean acceptAllChangesOnSuccess, CancellationToken cancellationToken)
   at Microsoft.EntityFrameworkCore.DbContext.SaveChangesAsync(Boolean acceptAllChangesOnSuccess, CancellationToken cancellationToken)
Microsoft.EntityFrameworkCore.DbUpdateException: An error occurred while saving the entity changes. See the inner exception for details.
 ---> Microsoft.Data.Sqlite.SqliteException (0x80004005): SQLite Error 19: 'NOT NULL constraint failed: Quiz.Description'.
   at Microsoft.Data.Sqlite.SqliteException.ThrowExceptionForRC(Int32 rc, sqlite3 db)
   at Microsoft.Data.Sqlite.SqliteDataReader.NextResult()
   at Microsoft.Data.Sqlite.SqliteCommand.ExecuteReader(CommandBehavior behavior)
   at Microsoft.Data.Sqlite.SqliteCommand.ExecuteReaderAsync(CommandBehavior behavior, CancellationToken cancellationToken)
   at Microsoft.Data.Sqlite.SqliteCommand.ExecuteDbDataReaderAsync(CommandBehavior behavior, CancellationToken cancellationToken)
   at Microsoft.EntityFrameworkCore.Storage.RelationalCommand.ExecuteReaderAsync(RelationalCommandParameterObject parameterObject, CancellationToken cancellationToken)
   at Microsoft.EntityFrameworkCore.Storage.RelationalCommand.ExecuteReaderAsync(RelationalCommandParameterObject parameterObject, CancellationToken cancellationToken)
   at Microsoft.EntityFrameworkCore.Update.ReaderModificationCommandBatch.ExecuteAsync(IRelationalConnection connection, CancellationToken cancellationToken)
   --- End of inner exception stack trace ---
   at Microsoft.EntityFrameworkCore.Update.ReaderModificationCommandBatch.ExecuteAsync(IRelationalConnection connection, CancellationToken cancellationToken)
   at Microsoft.EntityFrameworkCore.Update.Internal.BatchExecutor.ExecuteAsync(IEnumerable`1 commandBatches, IRelationalConnection connection, CancellationToken cancellationToken)
   at Microsoft.EntityFrameworkCore.Update.Internal.BatchExecutor.ExecuteAsync(IEnumerable`1 commandBatches, IRelationalConnection connection, CancellationToken cancellationToken)
   at Microsoft.EntityFrameworkCore.Update.Internal.BatchExecutor.ExecuteAsync(IEnumerable`1 commandBatches, IRelationalConnection connection, CancellationToken cancellationToken)
   at Microsoft.EntityFrameworkCore.ChangeTracking.Internal.StateManager.SaveChangesAsync(IList`1 entriesToSave, CancellationToken cancellationToken)
   at Microsoft.EntityFrameworkCore.ChangeTracking.Internal.StateManager.SaveChangesAsync(StateManager stateManager, Boolean acceptAllChangesOnSuccess, CancellationToken cancellationToken)
   at Microsoft.EntityFrameworkCore.DbContext.SaveChangesAsync(Boolean acceptAllChangesOnSuccess, CancellationToken cancellationToken)
2025-10-22 21:49:06.007 +02:00 [ERR] Database update error while adding quiz 'Music'
Microsoft.EntityFrameworkCore.DbUpdateException: An error occurred while saving the entity changes. See the inner exception for details.
 ---> Microsoft.Data.Sqlite.SqliteException (0x80004005): SQLite Error 19: 'NOT NULL constraint failed: Quiz.Description'.
   at Microsoft.Data.Sqlite.SqliteException.ThrowExceptionForRC(Int32 rc, sqlite3 db)
   at Microsoft.Data.Sqlite.SqliteDataReader.NextResult()
   at Microsoft.Data.Sqlite.SqliteCommand.ExecuteReader(CommandBehavior behavior)
   at Microsoft.Data.Sqlite.SqliteCommand.ExecuteReaderAsync(CommandBehavior behavior, CancellationToken cancellationToken)
   at Microsoft.Data.Sqlite.SqliteCommand.ExecuteDbDataReaderAsync(CommandBehavior behavior, CancellationToken cancellationToken)
   at Microsoft.EntityFrameworkCore.Storage.RelationalCommand.ExecuteReaderAsync(RelationalCommandParameterObject parameterObject, CancellationToken cancellationToken)
   at Microsoft.EntityFrameworkCore.Storage.RelationalCommand.ExecuteReaderAsync(RelationalCommandParameterObject parameterObject, CancellationToken cancellationToken)
   at Microsoft.EntityFrameworkCore.Update.ReaderModificationCommandBatch.ExecuteAsync(IRelationalConnection connection, CancellationToken cancellationToken)
   --- End of inner exception stack trace ---
   at Microsoft.EntityFrameworkCore.Update.ReaderModificationCommandBatch.ExecuteAsync(IRelationalConnection connection, CancellationToken cancellationToken)
   at Microsoft.EntityFrameworkCore.Update.Internal.BatchExecutor.ExecuteAsync(IEnumerable`1 commandBatches, IRelationalConnection connection, CancellationToken cancellationToken)
   at Microsoft.EntityFrameworkCore.Update.Internal.BatchExecutor.ExecuteAsync(IEnumerable`1 commandBatches, IRelationalConnection connection, CancellationToken cancellationToken)
   at Microsoft.EntityFrameworkCore.Update.Internal.BatchExecutor.ExecuteAsync(IEnumerable`1 commandBatches, IRelationalConnection connection, CancellationToken cancellationToken)
   at Microsoft.EntityFrameworkCore.ChangeTracking.Internal.StateManager.SaveChangesAsync(IList`1 entriesToSave, CancellationToken cancellationToken)
   at Microsoft.EntityFrameworkCore.ChangeTracking.Internal.StateManager.SaveChangesAsync(StateManager stateManager, Boolean acceptAllChangesOnSuccess, CancellationToken cancellationToken)
   at Microsoft.EntityFrameworkCore.DbContext.SaveChangesAsync(Boolean acceptAllChangesOnSuccess, CancellationToken cancellationToken)
   at Microsoft.EntityFrameworkCore.DbContext.SaveChangesAsync(Boolean acceptAllChangesOnSuccess, CancellationToken cancellationToken)
   at QuizzyPop.DAL.Repositories.QuizRepository.AddAsync(Quiz quiz) in /Users/mathiasjudre/Desktop/Skole/5. Semester/ITPE3200 - Webapplikasjoner/QuizzyPop/QuizzyPop/DAL/Repositories/QuizRepository.cs:line 58
2025-10-22 21:49:06.030 +02:00 [ERR] Error creating new quiz
Microsoft.EntityFrameworkCore.DbUpdateException: An error occurred while saving the entity changes. See the inner exception for details.
 ---> Microsoft.Data.Sqlite.SqliteException (0x80004005): SQLite Error 19: 'NOT NULL constraint failed: Quiz.Description'.
   at Microsoft.Data.Sqlite.SqliteException.ThrowExceptionForRC(Int32 rc, sqlite3 db)
   at Microsoft.Data.Sqlite.SqliteDataReader.NextResult()
   at Microsoft.Data.Sqlite.SqliteCommand.ExecuteReader(CommandBehavior behavior)
   at Microsoft.Data.Sqlite.SqliteCommand.ExecuteReaderAsync(CommandBehavior behavior, CancellationToken cancellationToken)
   at Microsoft.Data.Sqlite.SqliteCommand.ExecuteDbDataReaderAsync(CommandBehavior behavior, CancellationToken cancellationToken)
   at Microsoft.EntityFrameworkCore.Storage.RelationalCommand.ExecuteReaderAsync(RelationalCommandParameterObject parameterObject, CancellationToken cancellationToken)
   at Microsoft.EntityFrameworkCore.Storage.RelationalCommand.ExecuteReaderAsync(RelationalCommandParameterObject parameterObject, CancellationToken cancellationToken)
   at Microsoft.EntityFrameworkCore.Update.ReaderModificationCommandBatch.ExecuteAsync(IRelationalConnection connection, CancellationToken cancellationToken)
   --- End of inner exception stack trace ---
   at Microsoft.EntityFrameworkCore.Update.ReaderModificationCommandBatch.ExecuteAsync(IRelationalConnection connection, CancellationToken cancellationToken)
   at Microsoft.EntityFrameworkCore.Update.Internal.BatchExecutor.ExecuteAsync(IEnumerable`1 commandBatches, IRelationalConnection connection, CancellationToken cancellationToken)
   at Microsoft.EntityFrameworkCore.Update.Internal.BatchExecutor.ExecuteAsync(IEnumerable`1 commandBatches, IRelationalConnection connection, CancellationToken cancellationToken)
   at Microsoft.EntityFrameworkCore.Update.Internal.BatchExecutor.ExecuteAsync(IEnumerable`1 commandBatches, IRelationalConnection connection, CancellationToken cancellationToken)
   at Microsoft.EntityFrameworkCore.ChangeTracking.Internal.StateManager.SaveChangesAsync(IList`1 entriesToSave, CancellationToken cancellationToken)
   at Microsoft.EntityFrameworkCore.ChangeTracking.Internal.StateManager.SaveChangesAsync(StateManager stateManager, Boolean acceptAllChangesOnSuccess, CancellationToken cancellationToken)
   at Microsoft.EntityFrameworkCore.DbContext.SaveChangesAsync(Boolean acceptAllChangesOnSuccess, CancellationToken cancellationToken)
   at Microsoft.EntityFrameworkCore.DbContext.SaveChangesAsync(Boolean acceptAllChangesOnSuccess, CancellationToken cancellationToken)
   at QuizzyPop.DAL.Repositories.QuizRepository.AddAsync(Quiz quiz) in /Users/mathiasjudre/Desktop/Skole/5. Semester/ITPE3200 - Webapplikasjoner/QuizzyPop/QuizzyPop/DAL/Repositories/QuizRepository.cs:line 58
   at QuizzyPop.Controllers.HomeController.CreateQuiz(QuizMetaDataViewModel model) in /Users/mathiasjudre/Desktop/Skole/5. Semester/ITPE3200 - Webapplikasjoner/QuizzyPop/QuizzyPop/Controllers/HomeController.cs:line 60
2025-10-22 21:49:06.031 +02:00 [INF] Executing ViewResult, running view CreateQuiz.
2025-10-22 21:49:06.134 +02:00 [INF] Executed ViewResult - view CreateQuiz executed in 76.8844ms.
2025-10-22 21:49:06.185 +02:00 [INF] Executed action QuizzyPop.Controllers.HomeController.CreateQuiz (QuizzyPop) in 225.0267ms
2025-10-22 21:49:06.185 +02:00 [INF] Executed endpoint 'QuizzyPop.Controllers.HomeController.CreateQuiz (QuizzyPop)'
2025-10-22 21:49:06.211 +02:00 [INF] Request finished HTTP/2 POST https://localhost:7037/Home/CreateQuiz - 200 null text/html; charset=utf-8 308.8545ms
2025-10-22 21:49:06.211 +02:00 [INF] Request starting HTTP/2 GET https://localhost:7037/fonts/Baloo2-Regular.ttf - null null
2025-10-22 21:49:06.215 +02:00 [INF] Request finished HTTP/2 GET https://localhost:7037/fonts/Baloo2-Regular.ttf - 404 0 null 4.08ms
2025-10-22 21:49:06.215 +02:00 [INF] Request reached the end of the middleware pipeline without being handled by application code. Request path: GET https://localhost:7037/fonts/Baloo2-Regular.ttf, Response status code: 404
2025-10-22 21:49:07.559 +02:00 [INF] Request starting HTTP/2 GET https://localhost:7037/Home/TakeQuiz - null null
2025-10-22 21:49:07.581 +02:00 [INF] Executing endpoint 'QuizzyPop.Controllers.HomeController.TakeQuiz (QuizzyPop)'
2025-10-22 21:49:07.581 +02:00 [INF] Route matched with {action = "TakeQuiz", controller = "Home"}. Executing controller action with signature System.Threading.Tasks.Task`1[Microsoft.AspNetCore.Mvc.IActionResult] TakeQuiz() on controller QuizzyPop.Controllers.HomeController (QuizzyPop).
2025-10-22 21:49:07.587 +02:00 [INF] Fetched 3 quizzes from database.
2025-10-22 21:49:07.589 +02:00 [INF] Loaded 3 quizzes from repository.
2025-10-22 21:49:07.589 +02:00 [INF] Executing ViewResult, running view TakeQuiz.
2025-10-22 21:49:07.617 +02:00 [INF] Executed ViewResult - view TakeQuiz executed in 27.987ms.
2025-10-22 21:49:07.618 +02:00 [INF] Executed action QuizzyPop.Controllers.HomeController.TakeQuiz (QuizzyPop) in 36.7469ms
2025-10-22 21:49:07.618 +02:00 [INF] Executed endpoint 'QuizzyPop.Controllers.HomeController.TakeQuiz (QuizzyPop)'
2025-10-22 21:49:07.669 +02:00 [INF] Request starting HTTP/2 GET https://localhost:7037/images/default-cover.png - null null
2025-10-22 21:49:07.670 +02:00 [INF] Request finished HTTP/2 GET https://localhost:7037/Home/TakeQuiz - 200 null text/html; charset=utf-8 110.764ms
2025-10-22 21:49:07.669 +02:00 [INF] Request starting HTTP/2 GET https://localhost:7037/fonts/Baloo2-Regular.ttf - null null
2025-10-22 21:49:07.670 +02:00 [INF] Request finished HTTP/2 GET https://localhost:7037/fonts/Baloo2-Regular.ttf - 404 0 null 0.786ms
2025-10-22 21:49:07.670 +02:00 [INF] Request reached the end of the middleware pipeline without being handled by application code. Request path: GET https://localhost:7037/fonts/Baloo2-Regular.ttf, Response status code: 404
2025-10-22 21:49:07.670 +02:00 [INF] Request finished HTTP/2 GET https://localhost:7037/images/default-cover.png - 404 0 null 0.7949ms
2025-10-22 21:49:07.670 +02:00 [INF] Request reached the end of the middleware pipeline without being handled by application code. Request path: GET https://localhost:7037/images/default-cover.png, Response status code: 404
2025-10-22 21:49:08.695 +02:00 [INF] Request starting HTTP/2 GET https://localhost:7037/Home/CreateQuiz - null null
2025-10-22 21:49:08.722 +02:00 [INF] Executing endpoint 'QuizzyPop.Controllers.HomeController.CreateQuiz (QuizzyPop)'
2025-10-22 21:49:08.722 +02:00 [INF] Route matched with {action = "CreateQuiz", controller = "Home"}. Executing controller action with signature Microsoft.AspNetCore.Mvc.IActionResult CreateQuiz() on controller QuizzyPop.Controllers.HomeController (QuizzyPop).
2025-10-22 21:49:08.723 +02:00 [INF] Executing ViewResult, running view CreateQuiz.
2025-10-22 21:49:08.726 +02:00 [INF] Executed ViewResult - view CreateQuiz executed in 3.4197ms.
2025-10-22 21:49:08.749 +02:00 [INF] Executed action QuizzyPop.Controllers.HomeController.CreateQuiz (QuizzyPop) in 26.4705ms
2025-10-22 21:49:08.749 +02:00 [INF] Executed endpoint 'QuizzyPop.Controllers.HomeController.CreateQuiz (QuizzyPop)'
2025-10-22 21:49:08.750 +02:00 [INF] Request starting HTTP/2 GET https://localhost:7037/fonts/Baloo2-Regular.ttf - null null
2025-10-22 21:49:08.750 +02:00 [INF] Request finished HTTP/2 GET https://localhost:7037/Home/CreateQuiz - 200 null text/html; charset=utf-8 54.9638ms
2025-10-22 21:49:08.750 +02:00 [INF] Request finished HTTP/2 GET https://localhost:7037/fonts/Baloo2-Regular.ttf - 404 0 null 0.8085ms
2025-10-22 21:49:08.750 +02:00 [INF] Request reached the end of the middleware pipeline without being handled by application code. Request path: GET https://localhost:7037/fonts/Baloo2-Regular.ttf, Response status code: 404
2025-10-22 21:49:17.853 +02:00 [INF] Request starting HTTP/2 GET https://localhost:7037/ - null null
2025-10-22 21:49:17.854 +02:00 [INF] Executing endpoint 'QuizzyPop.Controllers.HomeController.Index (QuizzyPop)'
2025-10-22 21:49:17.854 +02:00 [INF] Route matched with {action = "Index", controller = "Home"}. Executing controller action with signature Microsoft.AspNetCore.Mvc.IActionResult Index() on controller QuizzyPop.Controllers.HomeController (QuizzyPop).
2025-10-22 21:49:17.855 +02:00 [INF] Executing ViewResult, running view Index.
2025-10-22 21:49:17.934 +02:00 [INF] Executed ViewResult - view Index executed in 78.4413ms.
2025-10-22 21:49:18.004 +02:00 [INF] Executed action QuizzyPop.Controllers.HomeController.Index (QuizzyPop) in 103.6872ms
2025-10-22 21:49:18.004 +02:00 [INF] Executed endpoint 'QuizzyPop.Controllers.HomeController.Index (QuizzyPop)'
2025-10-22 21:49:18.028 +02:00 [INF] Request finished HTTP/2 GET https://localhost:7037/ - 200 null text/html; charset=utf-8 177.3613ms
2025-10-22 21:49:18.028 +02:00 [INF] Request starting HTTP/2 GET https://localhost:7037/fonts/Baloo2-Regular.ttf - null null
2025-10-22 21:49:18.029 +02:00 [INF] Request finished HTTP/2 GET https://localhost:7037/fonts/Baloo2-Regular.ttf - 404 0 null 0.3874ms
2025-10-22 21:49:18.029 +02:00 [INF] Request reached the end of the middleware pipeline without being handled by application code. Request path: GET https://localhost:7037/fonts/Baloo2-Regular.ttf, Response status code: 404
