2025-10-12 11:10:48.271 +02:00 [INF] User profile is available. Using 'C:\Users\anjat\AppData\Local\ASP.NET\DataProtection-Keys' as key repository and Windows DPAPI to encrypt keys at rest.
2025-10-12 11:10:48.642 +02:00 [INF] Now listening on: http://localhost:5299
2025-10-12 11:10:48.656 +02:00 [INF] Application started. Press Ctrl+C to shut down.
2025-10-12 11:10:48.660 +02:00 [INF] Hosting environment: Development
2025-10-12 11:10:48.663 +02:00 [INF] Content root path: C:\Users\anjat\QuizzyPop\QuizzyPop
2025-10-12 11:10:49.169 +02:00 [INF] Request starting HTTP/1.1 GET http://localhost:5299/ - null null
2025-10-12 11:10:49.219 +02:00 [WRN] Failed to determine the https port for redirect.
2025-10-12 11:10:49.282 +02:00 [INF] Executing endpoint 'QuizzyPop.Controllers.HomeController.Index (QuizzyPop)'
2025-10-12 11:10:49.406 +02:00 [INF] Route matched with {action = "Index", controller = "Home"}. Executing controller action with signature Microsoft.AspNetCore.Mvc.IActionResult Index() on controller QuizzyPop.Controllers.HomeController (QuizzyPop).
2025-10-12 11:10:49.429 +02:00 [INF] Executing ViewResult, running view Index.
2025-10-12 11:10:49.669 +02:00 [INF] Executed ViewResult - view Index executed in 237.3795ms.
2025-10-12 11:10:49.684 +02:00 [INF] Executed action QuizzyPop.Controllers.HomeController.Index (QuizzyPop) in 273.1161ms
2025-10-12 11:10:49.684 +02:00 [INF] Executed endpoint 'QuizzyPop.Controllers.HomeController.Index (QuizzyPop)'
2025-10-12 11:10:49.693 +02:00 [INF] Request finished HTTP/1.1 GET http://localhost:5299/ - 200 null text/html; charset=utf-8 531.7491ms
2025-10-12 11:10:49.753 +02:00 [INF] Request starting HTTP/1.1 GET http://localhost:5299/css/clouds.css - null null
2025-10-12 11:10:49.807 +02:00 [INF] Sending file. Request path: '/css/clouds.css'. Physical path: 'C:\Users\anjat\QuizzyPop\QuizzyPop\wwwroot\css\clouds.css'
2025-10-12 11:10:49.807 +02:00 [INF] Request finished HTTP/1.1 GET http://localhost:5299/css/clouds.css - 200 1877 text/css 55.9607ms
2025-10-12 11:10:57.659 +02:00 [INF] Request starting HTTP/1.1 GET http://localhost:5299/Home/CreateQuiz - null null
2025-10-12 11:10:57.662 +02:00 [INF] Executing endpoint 'QuizzyPop.Controllers.HomeController.CreateQuiz (QuizzyPop)'
2025-10-12 11:10:57.665 +02:00 [INF] Route matched with {action = "CreateQuiz", controller = "Home"}. Executing controller action with signature Microsoft.AspNetCore.Mvc.IActionResult CreateQuiz() on controller QuizzyPop.Controllers.HomeController (QuizzyPop).
2025-10-12 11:10:57.667 +02:00 [INF] This is an information message.
2025-10-12 11:10:57.670 +02:00 [WRN] This is a warning message
2025-10-12 11:10:57.672 +02:00 [ERR] This is an error message.
2025-10-12 11:10:57.674 +02:00 [INF] Executing ViewResult, running view CreateQuiz.
2025-10-12 11:10:57.736 +02:00 [INF] Executed ViewResult - view CreateQuiz executed in 62.5135ms.
2025-10-12 11:10:57.736 +02:00 [INF] Executed action QuizzyPop.Controllers.HomeController.CreateQuiz (QuizzyPop) in 70.9211ms
2025-10-12 11:10:57.736 +02:00 [INF] Executed endpoint 'QuizzyPop.Controllers.HomeController.CreateQuiz (QuizzyPop)'
2025-10-12 11:10:57.736 +02:00 [INF] Request finished HTTP/1.1 GET http://localhost:5299/Home/CreateQuiz - 200 null text/html; charset=utf-8 76.9806ms
2025-10-12 11:10:57.769 +02:00 [INF] Request starting HTTP/1.1 GET http://localhost:5299/css/clouds.css - null null
2025-10-12 11:10:57.770 +02:00 [INF] The file /css/clouds.css was not modified
2025-10-12 11:10:57.770 +02:00 [INF] Request finished HTTP/1.1 GET http://localhost:5299/css/clouds.css - 304 null text/css 1.4798ms
2025-10-12 11:11:03.425 +02:00 [INF] Request starting HTTP/1.1 GET http://localhost:5299/Home/About - null null
2025-10-12 11:11:03.427 +02:00 [INF] Executing endpoint 'QuizzyPop.Controllers.HomeController.About (QuizzyPop)'
2025-10-12 11:11:03.428 +02:00 [INF] Route matched with {action = "About", controller = "Home"}. Executing controller action with signature Microsoft.AspNetCore.Mvc.IActionResult About() on controller QuizzyPop.Controllers.HomeController (QuizzyPop).
2025-10-12 11:11:03.429 +02:00 [INF] Executing ViewResult, running view About.
2025-10-12 11:11:03.433 +02:00 [INF] Executed ViewResult - view About executed in 4.7371ms.
2025-10-12 11:11:03.433 +02:00 [INF] Executed action QuizzyPop.Controllers.HomeController.About (QuizzyPop) in 5.1225ms
2025-10-12 11:11:03.434 +02:00 [INF] Executed endpoint 'QuizzyPop.Controllers.HomeController.About (QuizzyPop)'
2025-10-12 11:11:03.434 +02:00 [INF] Request finished HTTP/1.1 GET http://localhost:5299/Home/About - 200 null text/html; charset=utf-8 8.3718ms
2025-10-12 11:11:03.473 +02:00 [INF] Request starting HTTP/1.1 GET http://localhost:5299/css/clouds.css - null null
2025-10-12 11:11:03.473 +02:00 [INF] The file /css/clouds.css was not modified
2025-10-12 11:11:03.473 +02:00 [INF] Request finished HTTP/1.1 GET http://localhost:5299/css/clouds.css - 304 null text/css 0.5514ms
2025-10-12 11:11:03.544 +02:00 [INF] Request starting HTTP/1.1 GET http://localhost:5299/fonts/Baloo2-Regular.ttf - null null
2025-10-12 11:11:03.549 +02:00 [INF] Request finished HTTP/1.1 GET http://localhost:5299/fonts/Baloo2-Regular.ttf - 404 0 null 4.2919ms
2025-10-12 11:11:03.551 +02:00 [INF] Request reached the end of the middleware pipeline without being handled by application code. Request path: GET http://localhost:5299/fonts/Baloo2-Regular.ttf, Response status code: 404
2025-10-12 11:11:07.075 +02:00 [INF] Request starting HTTP/1.1 GET http://localhost:5299/ - null null
2025-10-12 11:11:07.076 +02:00 [INF] Executing endpoint 'QuizzyPop.Controllers.HomeController.Index (QuizzyPop)'
2025-10-12 11:11:07.076 +02:00 [INF] Route matched with {action = "Index", controller = "Home"}. Executing controller action with signature Microsoft.AspNetCore.Mvc.IActionResult Index() on controller QuizzyPop.Controllers.HomeController (QuizzyPop).
2025-10-12 11:11:07.076 +02:00 [INF] Executing ViewResult, running view Index.
2025-10-12 11:11:07.076 +02:00 [INF] Executed ViewResult - view Index executed in 0.5516ms.
2025-10-12 11:11:07.076 +02:00 [INF] Executed action QuizzyPop.Controllers.HomeController.Index (QuizzyPop) in 0.6996ms
2025-10-12 11:11:07.076 +02:00 [INF] Executed endpoint 'QuizzyPop.Controllers.HomeController.Index (QuizzyPop)'
2025-10-12 11:11:07.077 +02:00 [INF] Request finished HTTP/1.1 GET http://localhost:5299/ - 200 null text/html; charset=utf-8 1.3929ms
2025-10-12 11:11:07.112 +02:00 [INF] Request starting HTTP/1.1 GET http://localhost:5299/css/clouds.css - null null
2025-10-12 11:11:07.112 +02:00 [INF] The file /css/clouds.css was not modified
2025-10-12 11:11:07.113 +02:00 [INF] Request finished HTTP/1.1 GET http://localhost:5299/css/clouds.css - 304 null text/css 0.7526ms
