2025-10-23 12:03:39.015 +02:00 [WRN] The property 'Question.Choices' is a collection or enumeration type with a value converter but with no value comparer. Set a value comparer to ensure the collection/enumeration elements are compared correctly.
2025-10-23 12:03:39.279 +02:00 [INF] User profile is available. Using '/Users/schuttyh/.aspnet/DataProtection-Keys' as key repository; keys will not be encrypted at rest.
2025-10-23 12:03:39.316 +02:00 [INF] Now listening on: http://localhost:5299
2025-10-23 12:03:39.318 +02:00 [INF] Application started. Press Ctrl+C to shut down.
2025-10-23 12:03:39.319 +02:00 [INF] Hosting environment: Development
2025-10-23 12:03:39.319 +02:00 [INF] Content root path: /Users/schuttyh/Documents/QuizzyPop/QuizzyPop
2025-10-23 12:04:35.006 +02:00 [INF] Request starting HTTP/1.1 GET http://localhost:5299/ - null null
2025-10-23 12:04:35.013 +02:00 [WRN] Failed to determine the https port for redirect.
2025-10-23 12:04:35.038 +02:00 [INF] Executing endpoint 'QuizzyPop.Controllers.HomeController.Index (QuizzyPop)'
2025-10-23 12:04:35.058 +02:00 [INF] Route matched with {action = "Index", controller = "Home"}. Executing controller action with signature Microsoft.AspNetCore.Mvc.IActionResult Index() on controller QuizzyPop.Controllers.HomeController (QuizzyPop).
2025-10-23 12:04:35.068 +02:00 [INF] Executing ViewResult, running view Index.
2025-10-23 12:04:35.105 +02:00 [INF] Executed ViewResult - view Index executed in 35.656ms.
2025-10-23 12:04:35.108 +02:00 [INF] Executed action QuizzyPop.Controllers.HomeController.Index (QuizzyPop) in 49.7064ms
2025-10-23 12:04:35.108 +02:00 [INF] Executed endpoint 'QuizzyPop.Controllers.HomeController.Index (QuizzyPop)'
2025-10-23 12:04:35.129 +02:00 [INF] Request starting HTTP/1.1 GET http://localhost:5299/css/clouds.css - null null
2025-10-23 12:04:35.129 +02:00 [INF] Request starting HTTP/1.1 GET http://localhost:5299/css/layout.css - null null
2025-10-23 12:04:35.130 +02:00 [INF] Request finished HTTP/1.1 GET http://localhost:5299/ - 200 null text/html; charset=utf-8 126.9471ms
2025-10-23 12:04:35.132 +02:00 [INF] Request starting HTTP/1.1 GET http://localhost:5299/css/quizzy-theme.css - null null
2025-10-23 12:04:35.145 +02:00 [INF] Sending file. Request path: '/css/clouds.css'. Physical path: '/Users/schuttyh/Documents/QuizzyPop/QuizzyPop/wwwroot/css/clouds.css'
2025-10-23 12:04:35.145 +02:00 [INF] Request finished HTTP/1.1 GET http://localhost:5299/css/clouds.css - 200 1836 text/css 16.9487ms
2025-10-23 12:04:35.154 +02:00 [INF] Sending file. Request path: '/css/layout.css'. Physical path: '/Users/schuttyh/Documents/QuizzyPop/QuizzyPop/wwwroot/css/layout.css'
2025-10-23 12:04:35.154 +02:00 [INF] Sending file. Request path: '/css/quizzy-theme.css'. Physical path: '/Users/schuttyh/Documents/QuizzyPop/QuizzyPop/wwwroot/css/quizzy-theme.css'
2025-10-23 12:04:35.156 +02:00 [INF] Request finished HTTP/1.1 GET http://localhost:5299/css/quizzy-theme.css - 200 3327 text/css 24.0405ms
2025-10-23 12:04:35.156 +02:00 [INF] Request finished HTTP/1.1 GET http://localhost:5299/css/layout.css - 200 6190 text/css 26.8455ms
2025-10-23 12:04:35.188 +02:00 [INF] Request starting HTTP/1.1 GET http://localhost:5299/images/quizzy-no-arms.png - null null
2025-10-23 12:04:35.188 +02:00 [INF] Request starting HTTP/1.1 GET http://localhost:5299/images/quizzy-blueberry.png - null null
2025-10-23 12:04:35.189 +02:00 [INF] Sending file. Request path: '/images/quizzy-no-arms.png'. Physical path: '/Users/schuttyh/Documents/QuizzyPop/QuizzyPop/wwwroot/images/quizzy-no-arms.png'
2025-10-23 12:04:35.190 +02:00 [INF] Request finished HTTP/1.1 GET http://localhost:5299/images/quizzy-no-arms.png - 200 1734 image/png 2.0901ms
2025-10-23 12:04:35.197 +02:00 [INF] Sending file. Request path: '/images/quizzy-blueberry.png'. Physical path: '/Users/schuttyh/Documents/QuizzyPop/QuizzyPop/wwwroot/images/quizzy-blueberry.png'
2025-10-23 12:04:35.198 +02:00 [INF] Request finished HTTP/1.1 GET http://localhost:5299/images/quizzy-blueberry.png - 200 1609119 image/png 9.46ms
2025-10-23 12:04:35.292 +02:00 [INF] Request starting HTTP/1.1 GET http://localhost:5299/fonts/Baby.ttf - null null
2025-10-23 12:04:35.292 +02:00 [INF] Request starting HTTP/1.1 GET http://localhost:5299/fonts/Baloo2-Regular.ttf - null null
2025-10-23 12:04:35.293 +02:00 [INF] Sending file. Request path: '/fonts/Baby.ttf'. Physical path: '/Users/schuttyh/Documents/QuizzyPop/QuizzyPop/wwwroot/fonts/Baby.ttf'
2025-10-23 12:04:35.294 +02:00 [INF] Request finished HTTP/1.1 GET http://localhost:5299/fonts/Baby.ttf - 200 30700 application/x-font-ttf 1.3639ms
2025-10-23 12:04:35.298 +02:00 [INF] Request finished HTTP/1.1 GET http://localhost:5299/fonts/Baloo2-Regular.ttf - 404 0 null 5.761ms
2025-10-23 12:04:35.299 +02:00 [INF] Request reached the end of the middleware pipeline without being handled by application code. Request path: GET http://localhost:5299/fonts/Baloo2-Regular.ttf, Response status code: 404
2025-10-23 12:04:35.301 +02:00 [INF] Request starting HTTP/1.1 GET http://localhost:5299/favicon.ico - null null
2025-10-23 12:04:35.301 +02:00 [INF] Sending file. Request path: '/favicon.ico'. Physical path: '/Users/schuttyh/Documents/QuizzyPop/QuizzyPop/wwwroot/favicon.ico'
2025-10-23 12:04:35.301 +02:00 [INF] Request finished HTTP/1.1 GET http://localhost:5299/favicon.ico - 200 5430 image/x-icon 0.6017ms
2025-10-23 12:04:39.561 +02:00 [INF] Request starting HTTP/1.1 GET http://localhost:5299/Home/CreateQuiz - null null
2025-10-23 12:04:39.563 +02:00 [INF] Executing endpoint 'QuizzyPop.Controllers.HomeController.CreateQuiz (QuizzyPop)'
2025-10-23 12:04:39.571 +02:00 [INF] Route matched with {action = "CreateQuiz", controller = "Home"}. Executing controller action with signature System.Threading.Tasks.Task`1[Microsoft.AspNetCore.Mvc.IActionResult] CreateQuiz() on controller QuizzyPop.Controllers.HomeController (QuizzyPop).
2025-10-23 12:04:39.638 +02:00 [INF] Executing ViewResult, running view CreateQuiz.
2025-10-23 12:04:39.671 +02:00 [INF] Executed ViewResult - view CreateQuiz executed in 33.88ms.
2025-10-23 12:04:39.671 +02:00 [INF] Executed action QuizzyPop.Controllers.HomeController.CreateQuiz (QuizzyPop) in 100.6474ms
2025-10-23 12:04:39.671 +02:00 [INF] Executed endpoint 'QuizzyPop.Controllers.HomeController.CreateQuiz (QuizzyPop)'
2025-10-23 12:04:39.677 +02:00 [INF] Request finished HTTP/1.1 GET http://localhost:5299/Home/CreateQuiz - 200 null text/html; charset=utf-8 115.5602ms
2025-10-23 12:04:39.723 +02:00 [INF] Request starting HTTP/1.1 GET http://localhost:5299/fonts/Baloo2-Regular.ttf - null null
2025-10-23 12:04:39.724 +02:00 [INF] Request finished HTTP/1.1 GET http://localhost:5299/fonts/Baloo2-Regular.ttf - 404 0 null 1.3622ms
2025-10-23 12:04:39.724 +02:00 [INF] Request reached the end of the middleware pipeline without being handled by application code. Request path: GET http://localhost:5299/fonts/Baloo2-Regular.ttf, Response status code: 404
