2025-10-13 13:16:37.803 +02:00 [INF] User profile is available. Using 'C:\Users\anjat\AppData\Local\ASP.NET\DataProtection-Keys' as key repository and Windows DPAPI to encrypt keys at rest.
2025-10-13 13:16:38.046 +02:00 [INF] Now listening on: http://localhost:5299
2025-10-13 13:16:38.052 +02:00 [INF] Application started. Press Ctrl+C to shut down.
2025-10-13 13:16:38.055 +02:00 [INF] Hosting environment: Development
2025-10-13 13:16:38.059 +02:00 [INF] Content root path: C:\Users\anjat\QuizzyPop\QuizzyPop
2025-10-13 13:16:38.471 +02:00 [INF] Request starting HTTP/1.1 GET http://localhost:5299/ - null null
2025-10-13 13:16:38.509 +02:00 [WRN] Failed to determine the https port for redirect.
2025-10-13 13:16:38.565 +02:00 [INF] Executing endpoint 'QuizzyPop.Controllers.HomeController.Index (QuizzyPop)'
2025-10-13 13:16:38.634 +02:00 [INF] Route matched with {action = "Index", controller = "Home"}. Executing controller action with signature Microsoft.AspNetCore.Mvc.IActionResult Index() on controller QuizzyPop.Controllers.HomeController (QuizzyPop).
2025-10-13 13:16:38.652 +02:00 [INF] Executing ViewResult, running view Index.
2025-10-13 13:16:38.779 +02:00 [INF] Executed ViewResult - view Index executed in 134.4517ms.
2025-10-13 13:16:38.784 +02:00 [INF] Executed action QuizzyPop.Controllers.HomeController.Index (QuizzyPop) in 149.8315ms
2025-10-13 13:16:38.785 +02:00 [INF] Executed endpoint 'QuizzyPop.Controllers.HomeController.Index (QuizzyPop)'
2025-10-13 13:16:38.789 +02:00 [INF] Request finished HTTP/1.1 GET http://localhost:5299/ - 200 null text/html; charset=utf-8 320.3785ms
2025-10-13 13:16:38.820 +02:00 [INF] Request starting HTTP/1.1 GET http://localhost:5299/images/QuizzyNoArms.png - null null
2025-10-13 13:16:38.903 +02:00 [INF] The file /images/QuizzyNoArms.png was not modified
2025-10-13 13:16:38.905 +02:00 [INF] Request finished HTTP/1.1 GET http://localhost:5299/images/QuizzyNoArms.png - 304 null image/png 85.8861ms
2025-10-13 13:16:42.465 +02:00 [INF] Request starting HTTP/1.1 GET http://localhost:5299/Home/CreateQuiz - null null
2025-10-13 13:16:42.469 +02:00 [INF] Executing endpoint 'QuizzyPop.Controllers.HomeController.CreateQuiz (QuizzyPop)'
2025-10-13 13:16:42.472 +02:00 [INF] Route matched with {action = "CreateQuiz", controller = "Home"}. Executing controller action with signature Microsoft.AspNetCore.Mvc.IActionResult CreateQuiz() on controller QuizzyPop.Controllers.HomeController (QuizzyPop).
2025-10-13 13:16:42.474 +02:00 [INF] Executing ViewResult, running view CreateQuiz.
2025-10-13 13:16:42.512 +02:00 [INF] Executed ViewResult - view CreateQuiz executed in 39.1741ms.
2025-10-13 13:16:42.512 +02:00 [INF] Executed action QuizzyPop.Controllers.HomeController.CreateQuiz (QuizzyPop) in 40.3206ms
2025-10-13 13:16:42.512 +02:00 [INF] Executed endpoint 'QuizzyPop.Controllers.HomeController.CreateQuiz (QuizzyPop)'
2025-10-13 13:16:42.512 +02:00 [INF] Request finished HTTP/1.1 GET http://localhost:5299/Home/CreateQuiz - 200 null text/html; charset=utf-8 47.9294ms
2025-10-13 13:16:42.575 +02:00 [INF] Request starting HTTP/1.1 GET http://localhost:5299/fonts/Baloo2-Regular.ttf - null null
2025-10-13 13:16:42.578 +02:00 [INF] Request finished HTTP/1.1 GET http://localhost:5299/fonts/Baloo2-Regular.ttf - 404 0 null 3.0588ms
2025-10-13 13:16:42.580 +02:00 [INF] Request reached the end of the middleware pipeline without being handled by application code. Request path: GET http://localhost:5299/fonts/Baloo2-Regular.ttf, Response status code: 404
2025-10-13 13:16:44.133 +02:00 [INF] Request starting HTTP/1.1 GET http://localhost:5299/Account/Login - null null
2025-10-13 13:16:44.134 +02:00 [INF] Executing endpoint 'QuizzyPop.Controllers.AccountController.Login (QuizzyPop)'
2025-10-13 13:16:44.137 +02:00 [INF] Route matched with {action = "Login", controller = "Account"}. Executing controller action with signature Microsoft.AspNetCore.Mvc.IActionResult Login() on controller QuizzyPop.Controllers.AccountController (QuizzyPop).
2025-10-13 13:16:44.140 +02:00 [INF] Executing ViewResult, running view Login.
2025-10-13 13:16:44.154 +02:00 [INF] Executed ViewResult - view Login executed in 16.3012ms.
2025-10-13 13:16:44.154 +02:00 [INF] Executed action QuizzyPop.Controllers.AccountController.Login (QuizzyPop) in 17.4022ms
2025-10-13 13:16:44.155 +02:00 [INF] Executed endpoint 'QuizzyPop.Controllers.AccountController.Login (QuizzyPop)'
2025-10-13 13:16:44.155 +02:00 [INF] Request finished HTTP/1.1 GET http://localhost:5299/Account/Login - 200 null text/html; charset=utf-8 22.3542ms
2025-10-13 13:16:44.217 +02:00 [INF] Request starting HTTP/1.1 GET http://localhost:5299/fonts/Baloo2-Regular.ttf - null null
2025-10-13 13:16:44.218 +02:00 [INF] Request finished HTTP/1.1 GET http://localhost:5299/fonts/Baloo2-Regular.ttf - 404 0 null 0.5252ms
2025-10-13 13:16:44.218 +02:00 [INF] Request reached the end of the middleware pipeline without being handled by application code. Request path: GET http://localhost:5299/fonts/Baloo2-Regular.ttf, Response status code: 404
2025-10-13 13:17:09.289 +02:00 [INF] Request starting HTTP/1.1 POST http://localhost:5299/Account/Login - application/x-www-form-urlencoded 226
2025-10-13 13:17:09.292 +02:00 [INF] Executing endpoint 'QuizzyPop.Controllers.AccountController.Login (QuizzyPop)'
2025-10-13 13:17:09.315 +02:00 [INF] Route matched with {action = "Login", controller = "Account"}. Executing controller action with signature Microsoft.AspNetCore.Mvc.IActionResult Login(QuizzyPop.ViewModels.LoginViewModel) on controller QuizzyPop.Controllers.AccountController (QuizzyPop).
