2025-10-23 12:07:03.368 +02:00 [WRN] The property 'Question.Choices' is a collection or enumeration type with a value converter but with no value comparer. Set a value comparer to ensure the collection/enumeration elements are compared correctly.
2025-10-23 12:07:03.995 +02:00 [INF] User profile is available. Using 'C:\Users\Vincent Ngo\AppData\Local\ASP.NET\DataProtection-Keys' as key repository and Windows DPAPI to encrypt keys at rest.
2025-10-23 12:07:04.090 +02:00 [INF] Now listening on: http://localhost:5299
2025-10-23 12:07:04.095 +02:00 [INF] Application started. Press Ctrl+C to shut down.
2025-10-23 12:07:04.096 +02:00 [INF] Hosting environment: Development
2025-10-23 12:07:04.096 +02:00 [INF] Content root path: C:\Users\Vincent Ngo\Downloads\QuizzyPop\QuizzyPop
2025-10-23 12:07:07.454 +02:00 [INF] Request starting HTTP/1.1 GET http://localhost:5299/ - null null
2025-10-23 12:07:07.485 +02:00 [WRN] Failed to determine the https port for redirect.
2025-10-23 12:07:07.540 +02:00 [INF] Executing endpoint 'QuizzyPop.Controllers.HomeController.Index (QuizzyPop)'
2025-10-23 12:07:07.571 +02:00 [INF] Route matched with {action = "Index", controller = "Home"}. Executing controller action with signature Microsoft.AspNetCore.Mvc.IActionResult Index() on controller QuizzyPop.Controllers.HomeController (QuizzyPop).
2025-10-23 12:07:07.603 +02:00 [INF] Executing ViewResult, running view Index.
2025-10-23 12:07:07.744 +02:00 [INF] Executed ViewResult - view Index executed in 139.0466ms.
2025-10-23 12:07:07.749 +02:00 [INF] Executed action QuizzyPop.Controllers.HomeController.Index (QuizzyPop) in 174.0797ms
2025-10-23 12:07:07.749 +02:00 [INF] Executed endpoint 'QuizzyPop.Controllers.HomeController.Index (QuizzyPop)'
2025-10-23 12:07:07.755 +02:00 [INF] Request finished HTTP/1.1 GET http://localhost:5299/ - 200 null text/html; charset=utf-8 303.848ms
2025-10-23 12:07:08.009 +02:00 [INF] Request starting HTTP/1.1 GET http://localhost:5299/images/quizzy-no-arms.png - null null
2025-10-23 12:07:08.010 +02:00 [INF] Request starting HTTP/1.1 GET http://localhost:5299/css/clouds.css - null null
2025-10-23 12:07:08.016 +02:00 [INF] Request starting HTTP/1.1 GET http://localhost:5299/css/quizzy-theme.css - null null
2025-10-23 12:07:08.019 +02:00 [INF] Request starting HTTP/1.1 GET http://localhost:5299/css/layout.css - null null
2025-10-23 12:07:08.023 +02:00 [INF] Request starting HTTP/1.1 GET http://localhost:5299/images/quizzy-blueberry.png - null null
2025-10-23 12:07:08.032 +02:00 [INF] The file /images/quizzy-no-arms.png was not modified
2025-10-23 12:07:08.033 +02:00 [INF] The file /css/layout.css was not modified
2025-10-23 12:07:08.033 +02:00 [INF] The file /images/quizzy-blueberry.png was not modified
2025-10-23 12:07:08.033 +02:00 [INF] The file /css/quizzy-theme.css was not modified
2025-10-23 12:07:08.033 +02:00 [INF] The file /css/clouds.css was not modified
2025-10-23 12:07:08.036 +02:00 [INF] Request finished HTTP/1.1 GET http://localhost:5299/css/layout.css - 304 null text/css 17.3507ms
2025-10-23 12:07:08.036 +02:00 [INF] Request finished HTTP/1.1 GET http://localhost:5299/images/quizzy-no-arms.png - 304 null image/png 27.192ms
2025-10-23 12:07:08.037 +02:00 [INF] Request finished HTTP/1.1 GET http://localhost:5299/css/clouds.css - 304 null text/css 27.7278ms
2025-10-23 12:07:08.048 +02:00 [INF] Request finished HTTP/1.1 GET http://localhost:5299/css/quizzy-theme.css - 304 null text/css 20.6027ms
2025-10-23 12:07:08.053 +02:00 [INF] Request finished HTTP/1.1 GET http://localhost:5299/images/quizzy-blueberry.png - 304 null image/png 29.5068ms
2025-10-23 12:07:11.258 +02:00 [INF] Request starting HTTP/1.1 GET http://localhost:5299/fonts/Baloo2-Regular.ttf - null null
2025-10-23 12:07:11.266 +02:00 [INF] Request finished HTTP/1.1 GET http://localhost:5299/fonts/Baloo2-Regular.ttf - 404 0 null 8.5202ms
2025-10-23 12:07:11.269 +02:00 [INF] Request reached the end of the middleware pipeline without being handled by application code. Request path: GET http://localhost:5299/fonts/Baloo2-Regular.ttf, Response status code: 404
2025-10-23 12:07:12.762 +02:00 [INF] Request starting HTTP/1.1 GET http://localhost:5299/Home/CreateQuiz - null null
2025-10-23 12:07:12.765 +02:00 [INF] Executing endpoint 'QuizzyPop.Controllers.HomeController.CreateQuiz (QuizzyPop)'
2025-10-23 12:07:12.782 +02:00 [INF] Route matched with {action = "CreateQuiz", controller = "Home"}. Executing controller action with signature System.Threading.Tasks.Task`1[Microsoft.AspNetCore.Mvc.IActionResult] CreateQuiz() on controller QuizzyPop.Controllers.HomeController (QuizzyPop).
2025-10-23 12:07:12.973 +02:00 [INF] Executing ViewResult, running view CreateQuiz.
2025-10-23 12:07:13.083 +02:00 [INF] Accessing expired session, Key:9a63785d-eac7-fe47-9a75-9d1a1b9838b0
2025-10-23 12:07:13.085 +02:00 [INF] Executed ViewResult - view CreateQuiz executed in 112.8868ms.
2025-10-23 12:07:13.085 +02:00 [INF] Executed action QuizzyPop.Controllers.HomeController.CreateQuiz (QuizzyPop) in 302.4565ms
2025-10-23 12:07:13.085 +02:00 [INF] Executed endpoint 'QuizzyPop.Controllers.HomeController.CreateQuiz (QuizzyPop)'
2025-10-23 12:07:13.087 +02:00 [INF] Request finished HTTP/1.1 GET http://localhost:5299/Home/CreateQuiz - 200 null text/html; charset=utf-8 324.3523ms
2025-10-23 12:07:13.168 +02:00 [INF] Request starting HTTP/1.1 GET http://localhost:5299/fonts/Baloo2-Regular.ttf - null null
2025-10-23 12:07:13.168 +02:00 [INF] Request finished HTTP/1.1 GET http://localhost:5299/fonts/Baloo2-Regular.ttf - 404 0 null 0.7976ms
2025-10-23 12:07:13.169 +02:00 [INF] Request reached the end of the middleware pipeline without being handled by application code. Request path: GET http://localhost:5299/fonts/Baloo2-Regular.ttf, Response status code: 404
2025-10-23 12:07:14.946 +02:00 [INF] Request starting HTTP/1.1 GET http://localhost:5299/Home/TakeQuiz - null null
2025-10-23 12:07:14.948 +02:00 [INF] Executing endpoint 'QuizzyPop.Controllers.HomeController.TakeQuiz (QuizzyPop)'
2025-10-23 12:07:14.953 +02:00 [INF] Route matched with {action = "TakeQuiz", controller = "Home"}. Executing controller action with signature System.Threading.Tasks.Task`1[Microsoft.AspNetCore.Mvc.IActionResult] TakeQuiz() on controller QuizzyPop.Controllers.HomeController (QuizzyPop).
2025-10-23 12:07:15.252 +02:00 [INF] Loaded 6 quizzes from repository.
2025-10-23 12:07:15.253 +02:00 [INF] Executing ViewResult, running view TakeQuiz.
2025-10-23 12:07:15.306 +02:00 [INF] Accessing expired session, Key:9a63785d-eac7-fe47-9a75-9d1a1b9838b0
2025-10-23 12:07:15.307 +02:00 [INF] Executed ViewResult - view TakeQuiz executed in 54.3499ms.
2025-10-23 12:07:15.307 +02:00 [INF] Executed action QuizzyPop.Controllers.HomeController.TakeQuiz (QuizzyPop) in 354.3873ms
2025-10-23 12:07:15.308 +02:00 [INF] Executed endpoint 'QuizzyPop.Controllers.HomeController.TakeQuiz (QuizzyPop)'
2025-10-23 12:07:15.309 +02:00 [INF] Request finished HTTP/1.1 GET http://localhost:5299/Home/TakeQuiz - 200 null text/html; charset=utf-8 362.6792ms
2025-10-23 12:07:15.324 +02:00 [INF] Request starting HTTP/1.1 GET http://localhost:5299/images/search.png - null null
2025-10-23 12:07:15.324 +02:00 [INF] The file /images/search.png was not modified
2025-10-23 12:07:15.325 +02:00 [INF] Request finished HTTP/1.1 GET http://localhost:5299/images/search.png - 304 null image/png 0.9216ms
2025-10-23 12:07:15.349 +02:00 [INF] Request starting HTTP/1.1 GET http://localhost:5299/images/default-cover.png - null null
2025-10-23 12:07:15.349 +02:00 [INF] Request starting HTTP/1.1 GET http://localhost:5299/images/disney.webp?v=NaKwJmwsewkBDWX7ARsrHFZ7UNulgvesAY3mmwUAyOE - null null
2025-10-23 12:07:15.349 +02:00 [INF] Request starting HTTP/1.1 GET http://localhost:5299/images/geometry.jpeg?v=ILbFYdycBluJl9o3yZDPEUTdIRSw7eFw8tJXk3FKY2E - null null
2025-10-23 12:07:15.349 +02:00 [INF] The file /images/disney.webp was not modified
2025-10-23 12:07:15.349 +02:00 [INF] The file /images/geometry.jpeg was not modified
2025-10-23 12:07:15.349 +02:00 [INF] Request finished HTTP/1.1 GET http://localhost:5299/images/disney.webp?v=NaKwJmwsewkBDWX7ARsrHFZ7UNulgvesAY3mmwUAyOE - 304 null image/webp 0.3696ms
2025-10-23 12:07:15.349 +02:00 [INF] Request finished HTTP/1.1 GET http://localhost:5299/images/geometry.jpeg?v=ILbFYdycBluJl9o3yZDPEUTdIRSw7eFw8tJXk3FKY2E - 304 null image/jpeg 0.2479ms
2025-10-23 12:07:15.349 +02:00 [INF] Request finished HTTP/1.1 GET http://localhost:5299/images/default-cover.png - 404 0 null 0.5921ms
2025-10-23 12:07:15.350 +02:00 [INF] Request reached the end of the middleware pipeline without being handled by application code. Request path: GET http://localhost:5299/images/default-cover.png, Response status code: 404
2025-10-23 12:07:15.371 +02:00 [INF] Request starting HTTP/1.1 GET http://localhost:5299/fonts/Baloo2-Regular.ttf - null null
2025-10-23 12:07:15.372 +02:00 [INF] Request finished HTTP/1.1 GET http://localhost:5299/fonts/Baloo2-Regular.ttf - 404 0 null 1.0909ms
2025-10-23 12:07:15.372 +02:00 [INF] Request reached the end of the middleware pipeline without being handled by application code. Request path: GET http://localhost:5299/fonts/Baloo2-Regular.ttf, Response status code: 404
2025-10-23 12:07:16.993 +02:00 [INF] Request starting HTTP/1.1 GET http://localhost:5299/Home/CreateQuiz - null null
2025-10-23 12:07:16.993 +02:00 [INF] Executing endpoint 'QuizzyPop.Controllers.HomeController.CreateQuiz (QuizzyPop)'
2025-10-23 12:07:16.993 +02:00 [INF] Route matched with {action = "CreateQuiz", controller = "Home"}. Executing controller action with signature System.Threading.Tasks.Task`1[Microsoft.AspNetCore.Mvc.IActionResult] CreateQuiz() on controller QuizzyPop.Controllers.HomeController (QuizzyPop).
2025-10-23 12:07:16.996 +02:00 [INF] Executing ViewResult, running view CreateQuiz.
2025-10-23 12:07:17.000 +02:00 [INF] Accessing expired session, Key:9a63785d-eac7-fe47-9a75-9d1a1b9838b0
2025-10-23 12:07:17.001 +02:00 [INF] Executed ViewResult - view CreateQuiz executed in 5.2091ms.
2025-10-23 12:07:17.001 +02:00 [INF] Executed action QuizzyPop.Controllers.HomeController.CreateQuiz (QuizzyPop) in 7.6496ms
2025-10-23 12:07:17.001 +02:00 [INF] Executed endpoint 'QuizzyPop.Controllers.HomeController.CreateQuiz (QuizzyPop)'
2025-10-23 12:07:17.001 +02:00 [INF] Request finished HTTP/1.1 GET http://localhost:5299/Home/CreateQuiz - 200 null text/html; charset=utf-8 8.3266ms
2025-10-23 12:07:17.042 +02:00 [INF] Request starting HTTP/1.1 GET http://localhost:5299/fonts/Baloo2-Regular.ttf - null null
2025-10-23 12:07:17.047 +02:00 [INF] Request finished HTTP/1.1 GET http://localhost:5299/fonts/Baloo2-Regular.ttf - 404 0 null 4.4254ms
2025-10-23 12:07:17.047 +02:00 [INF] Request reached the end of the middleware pipeline without being handled by application code. Request path: GET http://localhost:5299/fonts/Baloo2-Regular.ttf, Response status code: 404
2025-10-23 12:07:28.772 +02:00 [INF] Request starting HTTP/1.1 POST http://localhost:5299/Home/CreateQuiz - multipart/form-data; boundary=----WebKitFormBoundaryanhCskS4lbzAlRwC 1159
2025-10-23 12:07:28.773 +02:00 [INF] Executing endpoint 'QuizzyPop.Controllers.HomeController.CreateQuiz (QuizzyPop)'
2025-10-23 12:07:28.793 +02:00 [INF] Route matched with {action = "CreateQuiz", controller = "Home"}. Executing controller action with signature System.Threading.Tasks.Task`1[Microsoft.AspNetCore.Mvc.IActionResult] CreateQuiz(QuizzyPop.ViewModels.QuizMetaDataViewModel) on controller QuizzyPop.Controllers.HomeController (QuizzyPop).
2025-10-23 12:07:28.837 +02:00 [INF] Accessing expired session, Key:9a63785d-eac7-fe47-9a75-9d1a1b9838b0
2025-10-23 12:07:29.101 +02:00 [INF] Quiz 'Test' added (ID: 14)
2025-10-23 12:07:29.102 +02:00 [INF] Quiz 'Test' created successfully with ID 14
2025-10-23 12:07:29.103 +02:00 [INF] Executing RedirectResult, redirecting to /Home/AddQuestions?quizId=14.
2025-10-23 12:07:29.103 +02:00 [INF] Executed action QuizzyPop.Controllers.HomeController.CreateQuiz (QuizzyPop) in 310.0596ms
2025-10-23 12:07:29.104 +02:00 [INF] Executed endpoint 'QuizzyPop.Controllers.HomeController.CreateQuiz (QuizzyPop)'
2025-10-23 12:07:29.104 +02:00 [INF] Request finished HTTP/1.1 POST http://localhost:5299/Home/CreateQuiz - 302 0 null 331.4623ms
2025-10-23 12:07:29.112 +02:00 [INF] Request starting HTTP/1.1 GET http://localhost:5299/Home/AddQuestions?quizId=14 - null null
2025-10-23 12:07:29.112 +02:00 [INF] Executing endpoint 'QuizzyPop.Controllers.HomeController.AddQuestions (QuizzyPop)'
2025-10-23 12:07:29.116 +02:00 [INF] Route matched with {action = "AddQuestions", controller = "Home"}. Executing controller action with signature Microsoft.AspNetCore.Mvc.IActionResult AddQuestions(Int32) on controller QuizzyPop.Controllers.HomeController (QuizzyPop).
2025-10-23 12:07:29.123 +02:00 [INF] Executing ViewResult, running view AddQuestions.
2025-10-23 12:07:29.183 +02:00 [INF] Accessing expired session, Key:9a63785d-eac7-fe47-9a75-9d1a1b9838b0
2025-10-23 12:07:29.184 +02:00 [INF] Executed ViewResult - view AddQuestions executed in 63.1121ms.
2025-10-23 12:07:29.184 +02:00 [INF] Executed action QuizzyPop.Controllers.HomeController.AddQuestions (QuizzyPop) in 68.4903ms
2025-10-23 12:07:29.184 +02:00 [INF] Executed endpoint 'QuizzyPop.Controllers.HomeController.AddQuestions (QuizzyPop)'
2025-10-23 12:07:29.184 +02:00 [INF] Request finished HTTP/1.1 GET http://localhost:5299/Home/AddQuestions?quizId=14 - 200 null text/html; charset=utf-8 72.7495ms
2025-10-23 12:07:29.269 +02:00 [INF] Request starting HTTP/1.1 GET http://localhost:5299/fonts/Baloo2-Regular.ttf - null null
2025-10-23 12:07:29.271 +02:00 [INF] Request finished HTTP/1.1 GET http://localhost:5299/fonts/Baloo2-Regular.ttf - 404 0 null 1.3531ms
2025-10-23 12:07:29.271 +02:00 [INF] Request reached the end of the middleware pipeline without being handled by application code. Request path: GET http://localhost:5299/fonts/Baloo2-Regular.ttf, Response status code: 404
2025-10-23 12:07:38.480 +02:00 [INF] Request starting HTTP/1.1 POST http://localhost:5299/Home/AddQuestions - application/x-www-form-urlencoded 422
2025-10-23 12:07:38.481 +02:00 [INF] Executing endpoint 'QuizzyPop.Controllers.HomeController.AddQuestions (QuizzyPop)'
2025-10-23 12:07:38.484 +02:00 [INF] Route matched with {action = "AddQuestions", controller = "Home"}. Executing controller action with signature System.Threading.Tasks.Task`1[Microsoft.AspNetCore.Mvc.IActionResult] AddQuestions(QuizzyPop.ViewModels.QuizQuestionViewModel, System.String) on controller QuizzyPop.Controllers.HomeController (QuizzyPop).
2025-10-23 12:07:38.497 +02:00 [INF] Executing ViewResult, running view AddQuestions.
2025-10-23 12:07:38.500 +02:00 [INF] Accessing expired session, Key:9a63785d-eac7-fe47-9a75-9d1a1b9838b0
2025-10-23 12:07:38.500 +02:00 [INF] Executed ViewResult - view AddQuestions executed in 3.0261ms.
2025-10-23 12:07:38.500 +02:00 [INF] Executed action QuizzyPop.Controllers.HomeController.AddQuestions (QuizzyPop) in 16.7402ms
2025-10-23 12:07:38.500 +02:00 [INF] Executed endpoint 'QuizzyPop.Controllers.HomeController.AddQuestions (QuizzyPop)'
2025-10-23 12:07:38.501 +02:00 [INF] Request finished HTTP/1.1 POST http://localhost:5299/Home/AddQuestions - 200 null text/html; charset=utf-8 20.4937ms
2025-10-23 12:07:38.537 +02:00 [INF] Request starting HTTP/1.1 GET http://localhost:5299/fonts/Baloo2-Regular.ttf - null null
2025-10-23 12:07:38.538 +02:00 [INF] Request finished HTTP/1.1 GET http://localhost:5299/fonts/Baloo2-Regular.ttf - 404 0 null 1.5011ms
2025-10-23 12:07:38.539 +02:00 [INF] Request reached the end of the middleware pipeline without being handled by application code. Request path: GET http://localhost:5299/fonts/Baloo2-Regular.ttf, Response status code: 404
2025-10-23 12:07:40.178 +02:00 [INF] Request starting HTTP/1.1 GET http://localhost:5299/Home/TakeQuiz - null null
2025-10-23 12:07:40.179 +02:00 [INF] Executing endpoint 'QuizzyPop.Controllers.HomeController.TakeQuiz (QuizzyPop)'
2025-10-23 12:07:40.179 +02:00 [INF] Route matched with {action = "TakeQuiz", controller = "Home"}. Executing controller action with signature System.Threading.Tasks.Task`1[Microsoft.AspNetCore.Mvc.IActionResult] TakeQuiz() on controller QuizzyPop.Controllers.HomeController (QuizzyPop).
2025-10-23 12:07:40.199 +02:00 [INF] Loaded 7 quizzes from repository.
2025-10-23 12:07:40.199 +02:00 [INF] Executing ViewResult, running view TakeQuiz.
2025-10-23 12:07:40.200 +02:00 [INF] Accessing expired session, Key:9a63785d-eac7-fe47-9a75-9d1a1b9838b0
2025-10-23 12:07:40.200 +02:00 [INF] Executed ViewResult - view TakeQuiz executed in 1.5567ms.
2025-10-23 12:07:40.200 +02:00 [INF] Executed action QuizzyPop.Controllers.HomeController.TakeQuiz (QuizzyPop) in 21.3801ms
2025-10-23 12:07:40.200 +02:00 [INF] Executed endpoint 'QuizzyPop.Controllers.HomeController.TakeQuiz (QuizzyPop)'
2025-10-23 12:07:40.201 +02:00 [INF] Request finished HTTP/1.1 GET http://localhost:5299/Home/TakeQuiz - 200 null text/html; charset=utf-8 22.2343ms
2025-10-23 12:07:40.224 +02:00 [INF] Request starting HTTP/1.1 GET http://localhost:5299/images/default-cover.png - null null
2025-10-23 12:07:40.228 +02:00 [INF] Request finished HTTP/1.1 GET http://localhost:5299/images/default-cover.png - 404 0 null 3.0065ms
2025-10-23 12:07:40.228 +02:00 [INF] Request reached the end of the middleware pipeline without being handled by application code. Request path: GET http://localhost:5299/images/default-cover.png, Response status code: 404
2025-10-23 12:07:40.264 +02:00 [INF] Request starting HTTP/1.1 GET http://localhost:5299/fonts/Baloo2-Regular.ttf - null null
2025-10-23 12:07:40.265 +02:00 [INF] Request finished HTTP/1.1 GET http://localhost:5299/fonts/Baloo2-Regular.ttf - 404 0 null 1.1932ms
2025-10-23 12:07:40.266 +02:00 [INF] Request reached the end of the middleware pipeline without being handled by application code. Request path: GET http://localhost:5299/fonts/Baloo2-Regular.ttf, Response status code: 404
2025-10-23 12:07:40.268 +02:00 [INF] Request starting HTTP/1.1 GET http://localhost:5299/images/default-cover.png - null null
2025-10-23 12:07:40.274 +02:00 [INF] Request finished HTTP/1.1 GET http://localhost:5299/images/default-cover.png - 404 0 null 5.4204ms
2025-10-23 12:07:40.274 +02:00 [INF] Request reached the end of the middleware pipeline without being handled by application code. Request path: GET http://localhost:5299/images/default-cover.png, Response status code: 404
2025-10-23 12:07:43.723 +02:00 [INF] Request starting HTTP/1.1 GET http://localhost:5299/Home/StartQuiz/11 - null null
2025-10-23 12:07:43.724 +02:00 [INF] Executing endpoint 'QuizzyPop.Controllers.HomeController.StartQuiz (QuizzyPop)'
2025-10-23 12:07:43.730 +02:00 [INF] Route matched with {action = "StartQuiz", controller = "Home"}. Executing controller action with signature System.Threading.Tasks.Task`1[Microsoft.AspNetCore.Mvc.IActionResult] StartQuiz(Int32, Int32) on controller QuizzyPop.Controllers.HomeController (QuizzyPop).
2025-10-23 12:07:43.780 +02:00 [INF] Executing ViewResult, running view EmptyQuiz.
2025-10-23 12:07:43.781 +02:00 [ERR] The view 'EmptyQuiz' was not found. Searched locations: ["/Views/Home/EmptyQuiz.cshtml","/Views/Shared/EmptyQuiz.cshtml"]
2025-10-23 12:07:43.786 +02:00 [INF] Executed action QuizzyPop.Controllers.HomeController.StartQuiz (QuizzyPop) in 55.6724ms
2025-10-23 12:07:43.787 +02:00 [INF] Executed endpoint 'QuizzyPop.Controllers.HomeController.StartQuiz (QuizzyPop)'
2025-10-23 12:07:43.810 +02:00 [ERR] An unhandled exception has occurred while executing the request.
System.InvalidOperationException: The view 'EmptyQuiz' was not found. The following locations were searched:
/Views/Home/EmptyQuiz.cshtml
/Views/Shared/EmptyQuiz.cshtml
   at Microsoft.AspNetCore.Mvc.ViewEngines.ViewEngineResult.EnsureSuccessful(IEnumerable`1 originalLocations)
   at Microsoft.AspNetCore.Mvc.ViewFeatures.ViewResultExecutor.ExecuteAsync(ActionContext context, ViewResult result)
   at Microsoft.AspNetCore.Mvc.ViewResult.ExecuteResultAsync(ActionContext context)
   at Microsoft.AspNetCore.Mvc.Infrastructure.ResourceInvoker.<InvokeNextResultFilterAsync>g__Awaited|30_0[TFilter,TFilterAsync](ResourceInvoker invoker, Task lastTask, State next, Scope scope, Object state, Boolean isCompleted)
   at Microsoft.AspNetCore.Mvc.Infrastructure.ResourceInvoker.Rethrow(ResultExecutedContextSealed context)
   at Microsoft.AspNetCore.Mvc.Infrastructure.ResourceInvoker.ResultNext[TFilter,TFilterAsync](State& next, Scope& scope, Object& state, Boolean& isCompleted)
   at Microsoft.AspNetCore.Mvc.Infrastructure.ResourceInvoker.InvokeResultFilters()
--- End of stack trace from previous location ---
   at Microsoft.AspNetCore.Mvc.Infrastructure.ResourceInvoker.<InvokeNextResourceFilter>g__Awaited|25_0(ResourceInvoker invoker, Task lastTask, State next, Scope scope, Object state, Boolean isCompleted)
   at Microsoft.AspNetCore.Mvc.Infrastructure.ResourceInvoker.Rethrow(ResourceExecutedContextSealed context)
   at Microsoft.AspNetCore.Mvc.Infrastructure.ResourceInvoker.Next(State& next, Scope& scope, Object& state, Boolean& isCompleted)
   at Microsoft.AspNetCore.Mvc.Infrastructure.ResourceInvoker.InvokeFilterPipelineAsync()
--- End of stack trace from previous location ---
   at Microsoft.AspNetCore.Mvc.Infrastructure.ResourceInvoker.<InvokeAsync>g__Logged|17_1(ResourceInvoker invoker)
   at Microsoft.AspNetCore.Mvc.Infrastructure.ResourceInvoker.<InvokeAsync>g__Logged|17_1(ResourceInvoker invoker)
   at Microsoft.AspNetCore.Routing.EndpointMiddleware.<Invoke>g__AwaitRequestTask|7_0(Endpoint endpoint, Task requestTask, ILogger logger)
   at Microsoft.AspNetCore.Authorization.AuthorizationMiddleware.Invoke(HttpContext context)
   at Microsoft.AspNetCore.Session.SessionMiddleware.Invoke(HttpContext context)
   at Microsoft.AspNetCore.Session.SessionMiddleware.Invoke(HttpContext context)
   at Microsoft.AspNetCore.Diagnostics.DeveloperExceptionPageMiddlewareImpl.Invoke(HttpContext context)
2025-10-23 12:07:43.847 +02:00 [INF] Request finished HTTP/1.1 GET http://localhost:5299/Home/StartQuiz/11 - 500 null text/html; charset=utf-8 124.5243ms
2025-10-23 12:07:48.778 +02:00 [INF] Request starting HTTP/1.1 GET http://localhost:5299/Account/Login - null null
2025-10-23 12:07:48.778 +02:00 [INF] Executing endpoint 'QuizzyPop.Controllers.AccountController.Login (QuizzyPop)'
2025-10-23 12:07:48.780 +02:00 [INF] Route matched with {action = "Login", controller = "Account"}. Executing controller action with signature Microsoft.AspNetCore.Mvc.IActionResult Login() on controller QuizzyPop.Controllers.AccountController (QuizzyPop).
2025-10-23 12:07:48.780 +02:00 [INF] Executing ViewResult, running view Login.
2025-10-23 12:07:48.792 +02:00 [INF] Accessing expired session, Key:9a63785d-eac7-fe47-9a75-9d1a1b9838b0
2025-10-23 12:07:48.793 +02:00 [INF] Executed ViewResult - view Login executed in 12.8866ms.
2025-10-23 12:07:48.793 +02:00 [INF] Executed action QuizzyPop.Controllers.AccountController.Login (QuizzyPop) in 13.5409ms
2025-10-23 12:07:48.793 +02:00 [INF] Executed endpoint 'QuizzyPop.Controllers.AccountController.Login (QuizzyPop)'
2025-10-23 12:07:48.793 +02:00 [INF] Request finished HTTP/1.1 GET http://localhost:5299/Account/Login - 200 null text/html; charset=utf-8 15.2751ms
2025-10-23 12:07:48.866 +02:00 [INF] Request starting HTTP/1.1 GET http://localhost:5299/fonts/Baloo2-Regular.ttf - null null
2025-10-23 12:07:48.866 +02:00 [INF] Request finished HTTP/1.1 GET http://localhost:5299/fonts/Baloo2-Regular.ttf - 404 0 null 0.7726ms
2025-10-23 12:07:48.867 +02:00 [INF] Request reached the end of the middleware pipeline without being handled by application code. Request path: GET http://localhost:5299/fonts/Baloo2-Regular.ttf, Response status code: 404
2025-10-23 12:08:00.065 +02:00 [INF] Request starting HTTP/1.1 POST http://localhost:5299/Account/Login - application/x-www-form-urlencoded 226
2025-10-23 12:08:00.065 +02:00 [INF] Executing endpoint 'QuizzyPop.Controllers.AccountController.Login (QuizzyPop)'
2025-10-23 12:08:00.069 +02:00 [INF] Route matched with {action = "Login", controller = "Account"}. Executing controller action with signature Microsoft.AspNetCore.Mvc.IActionResult Login(QuizzyPop.ViewModels.LoginViewModel) on controller QuizzyPop.Controllers.AccountController (QuizzyPop).
2025-10-23 12:08:00.082 +02:00 [INF] Executing ViewResult, running view Login.
2025-10-23 12:08:00.083 +02:00 [INF] Accessing expired session, Key:9a63785d-eac7-fe47-9a75-9d1a1b9838b0
2025-10-23 12:08:00.083 +02:00 [INF] Executed ViewResult - view Login executed in 0.6582ms.
2025-10-23 12:08:00.083 +02:00 [INF] Executed action QuizzyPop.Controllers.AccountController.Login (QuizzyPop) in 13.9948ms
2025-10-23 12:08:00.083 +02:00 [INF] Executed endpoint 'QuizzyPop.Controllers.AccountController.Login (QuizzyPop)'
2025-10-23 12:08:00.083 +02:00 [INF] Request finished HTTP/1.1 POST http://localhost:5299/Account/Login - 200 null text/html; charset=utf-8 18.1131ms
2025-10-23 12:08:00.119 +02:00 [INF] Request starting HTTP/1.1 GET http://localhost:5299/fonts/Baloo2-Regular.ttf - null null
2025-10-23 12:08:00.121 +02:00 [INF] Request finished HTTP/1.1 GET http://localhost:5299/fonts/Baloo2-Regular.ttf - 404 0 null 2.0839ms
2025-10-23 12:08:00.121 +02:00 [INF] Request reached the end of the middleware pipeline without being handled by application code. Request path: GET http://localhost:5299/fonts/Baloo2-Regular.ttf, Response status code: 404
2025-10-23 12:08:04.175 +02:00 [INF] Request starting HTTP/1.1 GET http://localhost:5299/ - null null
2025-10-23 12:08:04.175 +02:00 [INF] Executing endpoint 'QuizzyPop.Controllers.HomeController.Index (QuizzyPop)'
2025-10-23 12:08:04.175 +02:00 [INF] Route matched with {action = "Index", controller = "Home"}. Executing controller action with signature Microsoft.AspNetCore.Mvc.IActionResult Index() on controller QuizzyPop.Controllers.HomeController (QuizzyPop).
2025-10-23 12:08:04.175 +02:00 [INF] Executing ViewResult, running view Index.
2025-10-23 12:08:04.176 +02:00 [INF] Executed ViewResult - view Index executed in 0.5963ms.
2025-10-23 12:08:04.176 +02:00 [INF] Executed action QuizzyPop.Controllers.HomeController.Index (QuizzyPop) in 1.1056ms
2025-10-23 12:08:04.176 +02:00 [INF] Executed endpoint 'QuizzyPop.Controllers.HomeController.Index (QuizzyPop)'
2025-10-23 12:08:04.177 +02:00 [INF] Request finished HTTP/1.1 GET http://localhost:5299/ - 200 null text/html; charset=utf-8 1.8805ms
2025-10-23 12:08:04.208 +02:00 [INF] Request starting HTTP/1.1 GET http://localhost:5299/fonts/Baloo2-Regular.ttf - null null
2025-10-23 12:08:04.210 +02:00 [INF] Request finished HTTP/1.1 GET http://localhost:5299/fonts/Baloo2-Regular.ttf - 404 0 null 1.7892ms
2025-10-23 12:08:04.210 +02:00 [INF] Request reached the end of the middleware pipeline without being handled by application code. Request path: GET http://localhost:5299/fonts/Baloo2-Regular.ttf, Response status code: 404
2025-10-23 12:08:08.529 +02:00 [INF] Request starting HTTP/1.1 GET http://localhost:5299/Home/TakeQuiz - null null
2025-10-23 12:08:08.529 +02:00 [INF] Executing endpoint 'QuizzyPop.Controllers.HomeController.TakeQuiz (QuizzyPop)'
2025-10-23 12:08:08.530 +02:00 [INF] Route matched with {action = "TakeQuiz", controller = "Home"}. Executing controller action with signature System.Threading.Tasks.Task`1[Microsoft.AspNetCore.Mvc.IActionResult] TakeQuiz() on controller QuizzyPop.Controllers.HomeController (QuizzyPop).
2025-10-23 12:08:08.534 +02:00 [INF] Loaded 7 quizzes from repository.
2025-10-23 12:08:08.534 +02:00 [INF] Executing ViewResult, running view TakeQuiz.
2025-10-23 12:08:08.536 +02:00 [INF] Accessing expired session, Key:9a63785d-eac7-fe47-9a75-9d1a1b9838b0
2025-10-23 12:08:08.537 +02:00 [INF] Executed ViewResult - view TakeQuiz executed in 2.5356ms.
2025-10-23 12:08:08.537 +02:00 [INF] Executed action QuizzyPop.Controllers.HomeController.TakeQuiz (QuizzyPop) in 7.0641ms
2025-10-23 12:08:08.537 +02:00 [INF] Executed endpoint 'QuizzyPop.Controllers.HomeController.TakeQuiz (QuizzyPop)'
2025-10-23 12:08:08.537 +02:00 [INF] Request finished HTTP/1.1 GET http://localhost:5299/Home/TakeQuiz - 200 null text/html; charset=utf-8 8.142ms
2025-10-23 12:08:08.614 +02:00 [INF] Request starting HTTP/1.1 GET http://localhost:5299/images/default-cover.png - null null
2025-10-23 12:08:08.615 +02:00 [INF] Request finished HTTP/1.1 GET http://localhost:5299/images/default-cover.png - 404 0 null 0.6204ms
2025-10-23 12:08:08.615 +02:00 [INF] Request reached the end of the middleware pipeline without being handled by application code. Request path: GET http://localhost:5299/images/default-cover.png, Response status code: 404
2025-10-23 12:08:08.624 +02:00 [INF] Request starting HTTP/1.1 GET http://localhost:5299/fonts/Baloo2-Regular.ttf - null null
2025-10-23 12:08:08.625 +02:00 [INF] Request finished HTTP/1.1 GET http://localhost:5299/fonts/Baloo2-Regular.ttf - 404 0 null 0.8665ms
2025-10-23 12:08:08.625 +02:00 [INF] Request reached the end of the middleware pipeline without being handled by application code. Request path: GET http://localhost:5299/fonts/Baloo2-Regular.ttf, Response status code: 404
2025-10-23 12:08:28.548 +02:00 [INF] Application is shutting down...
