2025-10-22 21:10:42.487 +02:00 [WRN] The property 'Question.Choices' is a collection or enumeration type with a value converter but with no value comparer. Set a value comparer to ensure the collection/enumeration elements are compared correctly.
2025-10-22 21:10:42.901 +02:00 [INF] User profile is available. Using 'C:\Users\Vincent Ngo\AppData\Local\ASP.NET\DataProtection-Keys' as key repository and Windows DPAPI to encrypt keys at rest.
2025-10-22 21:10:42.953 +02:00 [INF] Now listening on: http://localhost:5299
2025-10-22 21:10:42.958 +02:00 [INF] Application started. Press Ctrl+C to shut down.
2025-10-22 21:10:42.958 +02:00 [INF] Hosting environment: Development
2025-10-22 21:10:42.959 +02:00 [INF] Content root path: C:\Users\Vincent Ngo\Downloads\QuizzyPop\QuizzyPop
2025-10-22 21:10:48.432 +02:00 [INF] Request starting HTTP/1.1 GET http://localhost:5299/Home/CreateQuiz - null null
2025-10-22 21:10:48.446 +02:00 [WRN] Failed to determine the https port for redirect.
2025-10-22 21:10:48.484 +02:00 [INF] Executing endpoint 'QuizzyPop.Controllers.HomeController.CreateQuiz (QuizzyPop)'
2025-10-22 21:10:48.498 +02:00 [INF] Route matched with {action = "CreateQuiz", controller = "Home"}. Executing controller action with signature Microsoft.AspNetCore.Mvc.IActionResult CreateQuiz() on controller QuizzyPop.Controllers.HomeController (QuizzyPop).
2025-10-22 21:10:48.633 +02:00 [INF] Executing ViewResult, running view CreateQuiz.
2025-10-22 21:10:48.733 +02:00 [INF] Accessing expired session, Key:9a63785d-eac7-fe47-9a75-9d1a1b9838b0
2025-10-22 21:10:48.749 +02:00 [INF] Executed ViewResult - view CreateQuiz executed in 116.8532ms.
2025-10-22 21:10:48.751 +02:00 [INF] Executed action QuizzyPop.Controllers.HomeController.CreateQuiz (QuizzyPop) in 251.9882ms
2025-10-22 21:10:48.751 +02:00 [INF] Executed endpoint 'QuizzyPop.Controllers.HomeController.CreateQuiz (QuizzyPop)'
2025-10-22 21:10:48.764 +02:00 [INF] Request finished HTTP/1.1 GET http://localhost:5299/Home/CreateQuiz - 200 null text/html; charset=utf-8 333.3464ms
2025-10-22 21:10:48.809 +02:00 [INF] Request starting HTTP/1.1 GET http://localhost:5299/fonts/Baloo2-Regular.ttf - null null
2025-10-22 21:10:48.815 +02:00 [INF] Request finished HTTP/1.1 GET http://localhost:5299/fonts/Baloo2-Regular.ttf - 404 0 null 6.5438ms
2025-10-22 21:10:48.817 +02:00 [INF] Request reached the end of the middleware pipeline without being handled by application code. Request path: GET http://localhost:5299/fonts/Baloo2-Regular.ttf, Response status code: 404
2025-10-22 21:10:49.354 +02:00 [INF] Request starting HTTP/1.1 GET http://localhost:5299/Home/TakeQuiz - null null
2025-10-22 21:10:49.360 +02:00 [INF] Executing endpoint 'QuizzyPop.Controllers.HomeController.TakeQuiz (QuizzyPop)'
2025-10-22 21:10:49.366 +02:00 [INF] Route matched with {action = "TakeQuiz", controller = "Home"}. Executing controller action with signature System.Threading.Tasks.Task`1[Microsoft.AspNetCore.Mvc.IActionResult] TakeQuiz() on controller QuizzyPop.Controllers.HomeController (QuizzyPop).
2025-10-22 21:10:49.683 +02:00 [INF] Loaded 3 quizzes from database.
2025-10-22 21:10:49.685 +02:00 [INF] Executing ViewResult, running view TakeQuiz.
2025-10-22 21:10:49.719 +02:00 [INF] Accessing expired session, Key:9a63785d-eac7-fe47-9a75-9d1a1b9838b0
2025-10-22 21:10:49.720 +02:00 [INF] Executed ViewResult - view TakeQuiz executed in 35.9482ms.
2025-10-22 21:10:49.720 +02:00 [INF] Executed action QuizzyPop.Controllers.HomeController.TakeQuiz (QuizzyPop) in 354.5924ms
2025-10-22 21:10:49.720 +02:00 [INF] Executed endpoint 'QuizzyPop.Controllers.HomeController.TakeQuiz (QuizzyPop)'
2025-10-22 21:10:49.721 +02:00 [INF] Request finished HTTP/1.1 GET http://localhost:5299/Home/TakeQuiz - 200 null text/html; charset=utf-8 367.0731ms
2025-10-22 21:10:49.747 +02:00 [INF] Request starting HTTP/1.1 GET http://localhost:5299/images/default-cover.png - null null
2025-10-22 21:10:49.748 +02:00 [INF] Request finished HTTP/1.1 GET http://localhost:5299/images/default-cover.png - 404 0 null 0.6886ms
2025-10-22 21:10:49.748 +02:00 [INF] Request reached the end of the middleware pipeline without being handled by application code. Request path: GET http://localhost:5299/images/default-cover.png, Response status code: 404
2025-10-22 21:10:49.762 +02:00 [INF] Request starting HTTP/1.1 GET http://localhost:5299/fonts/Baloo2-Regular.ttf - null null
2025-10-22 21:10:49.763 +02:00 [INF] Request finished HTTP/1.1 GET http://localhost:5299/fonts/Baloo2-Regular.ttf - 404 0 null 0.8189ms
2025-10-22 21:10:49.763 +02:00 [INF] Request reached the end of the middleware pipeline without being handled by application code. Request path: GET http://localhost:5299/fonts/Baloo2-Regular.ttf, Response status code: 404
2025-10-22 21:10:55.306 +02:00 [INF] Application is shutting down...
