2025-10-09 11:57:26.530 +02:00 [INF] User profile is available. Using '/Users/mathiasjudre/.aspnet/DataProtection-Keys' as key repository; keys will not be encrypted at rest.
2025-10-09 11:57:26.551 +02:00 [INF] Now listening on: http://localhost:5299
2025-10-09 11:57:26.552 +02:00 [INF] Application started. Press Ctrl+C to shut down.
2025-10-09 11:57:26.552 +02:00 [INF] Hosting environment: Development
2025-10-09 11:57:26.553 +02:00 [INF] Content root path: /Users/mathiasjudre/Desktop/Skole/5. Semester/ITPE3200 - Webapplikasjoner/QuizzyPop/QuizzyPop
2025-10-09 11:57:37.057 +02:00 [INF] Request starting HTTP/1.1 GET http://localhost:5299/ - null null
2025-10-09 11:57:37.062 +02:00 [WRN] Failed to determine the https port for redirect.
2025-10-09 11:57:37.068 +02:00 [INF] Executing endpoint 'QuizzyPop.Controllers.HomeController.Index (QuizzyPop)'
2025-10-09 11:57:37.083 +02:00 [INF] Route matched with {action = "Index", controller = "Home"}. Executing controller action with signature Microsoft.AspNetCore.Mvc.IActionResult Index() on controller QuizzyPop.Controllers.HomeController (QuizzyPop).
2025-10-09 11:57:37.088 +02:00 [INF] Executing ViewResult, running view Index.
2025-10-09 11:57:37.111 +02:00 [INF] Executed ViewResult - view Index executed in 22.052ms.
2025-10-09 11:57:37.112 +02:00 [INF] Executed action QuizzyPop.Controllers.HomeController.Index (QuizzyPop) in 28.3435ms
2025-10-09 11:57:37.112 +02:00 [INF] Executed endpoint 'QuizzyPop.Controllers.HomeController.Index (QuizzyPop)'
2025-10-09 11:57:37.114 +02:00 [INF] Request finished HTTP/1.1 GET http://localhost:5299/ - 200 null text/html; charset=utf-8 57.1018ms
2025-10-09 11:57:42.581 +02:00 [INF] Request starting HTTP/1.1 GET http://localhost:5299/Home/CreateQuiz - null null
2025-10-09 11:57:42.586 +02:00 [INF] Executing endpoint 'QuizzyPop.Controllers.HomeController.CreateQuiz (QuizzyPop)'
2025-10-09 11:57:42.590 +02:00 [INF] Route matched with {action = "CreateQuiz", controller = "Home"}. Executing controller action with signature Microsoft.AspNetCore.Mvc.IActionResult CreateQuiz() on controller QuizzyPop.Controllers.HomeController (QuizzyPop).
2025-10-09 11:57:42.591 +02:00 [INF] This is an information message.
2025-10-09 11:57:42.592 +02:00 [WRN] This is a warning message
2025-10-09 11:57:42.592 +02:00 [ERR] This is an error message.
2025-10-09 11:57:42.594 +02:00 [INF] Executing ViewResult, running view CreateQuiz.
2025-10-09 11:57:42.643 +02:00 [INF] Executed ViewResult - view CreateQuiz executed in 50.4042ms.
2025-10-09 11:57:42.643 +02:00 [INF] Executed action QuizzyPop.Controllers.HomeController.CreateQuiz (QuizzyPop) in 53.2405ms
2025-10-09 11:57:42.643 +02:00 [INF] Executed endpoint 'QuizzyPop.Controllers.HomeController.CreateQuiz (QuizzyPop)'
2025-10-09 11:57:42.644 +02:00 [INF] Request finished HTTP/1.1 GET http://localhost:5299/Home/CreateQuiz - 200 null text/html; charset=utf-8 63.6952ms
2025-10-09 11:57:55.393 +02:00 [INF] Application is shutting down...
