2025-10-22 22:52:25.499 +02:00 [WRN] The property 'Question.Choices' is a collection or enumeration type with a value converter but with no value comparer. Set a value comparer to ensure the collection/enumeration elements are compared correctly.
2025-10-22 22:52:25.735 +02:00 [INF] User profile is available. Using '/Users/mathiasjudre/.aspnet/DataProtection-Keys' as key repository; keys will not be encrypted at rest.
2025-10-22 22:52:25.913 +02:00 [INF] Now listening on: https://localhost:7037
2025-10-22 22:52:25.913 +02:00 [INF] Now listening on: http://localhost:5299
2025-10-22 22:52:25.916 +02:00 [INF] Application started. Press Ctrl+C to shut down.
2025-10-22 22:52:25.916 +02:00 [INF] Hosting environment: Development
2025-10-22 22:52:25.917 +02:00 [INF] Content root path: /Users/mathiasjudre/Desktop/Skole/5. Semester/ITPE3200 - Webapplikasjoner/QuizzyPop/QuizzyPop
2025-10-22 22:52:26.196 +02:00 [INF] Request starting HTTP/2 GET https://localhost:7037/Home/Index - null null
2025-10-22 22:52:26.207 +02:00 [INF] Executing endpoint 'QuizzyPop.Controllers.HomeController.Index (QuizzyPop)'
2025-10-22 22:52:26.211 +02:00 [INF] Route matched with {action = "Index", controller = "Home"}. Executing controller action with signature Microsoft.AspNetCore.Mvc.IActionResult Index() on controller QuizzyPop.Controllers.HomeController (QuizzyPop).
2025-10-22 22:52:26.215 +02:00 [INF] Executing ViewResult, running view Index.
2025-10-22 22:52:26.250 +02:00 [INF] Executed ViewResult - view Index executed in 34.9828ms.
2025-10-22 22:52:26.252 +02:00 [INF] Executed action QuizzyPop.Controllers.HomeController.Index (QuizzyPop) in 40.3007ms
2025-10-22 22:52:26.252 +02:00 [INF] Executed endpoint 'QuizzyPop.Controllers.HomeController.Index (QuizzyPop)'
2025-10-22 22:52:26.255 +02:00 [INF] Request finished HTTP/2 GET https://localhost:7037/Home/Index - 200 null text/html; charset=utf-8 59.7089ms
2025-10-22 22:52:26.444 +02:00 [INF] Request starting HTTP/2 GET https://localhost:7037/fonts/Baloo2-Regular.ttf - null null
2025-10-22 22:52:26.457 +02:00 [INF] Request finished HTTP/2 GET https://localhost:7037/fonts/Baloo2-Regular.ttf - 404 0 null 12.5551ms
2025-10-22 22:52:26.458 +02:00 [INF] Request reached the end of the middleware pipeline without being handled by application code. Request path: GET https://localhost:7037/fonts/Baloo2-Regular.ttf, Response status code: 404
2025-10-22 22:52:27.772 +02:00 [INF] Request starting HTTP/2 GET https://localhost:7037/Home/CreateQuiz - null null
2025-10-22 22:52:27.782 +02:00 [INF] Executing endpoint 'QuizzyPop.Controllers.HomeController.CreateQuiz (QuizzyPop)'
2025-10-22 22:52:27.796 +02:00 [INF] Route matched with {action = "CreateQuiz", controller = "Home"}. Executing controller action with signature System.Threading.Tasks.Task`1[Microsoft.AspNetCore.Mvc.IActionResult] CreateQuiz() on controller QuizzyPop.Controllers.HomeController (QuizzyPop).
2025-10-22 22:52:27.878 +02:00 [INF] Executing ViewResult, running view CreateQuiz.
2025-10-22 22:52:28.082 +02:00 [INF] Executed ViewResult - view CreateQuiz executed in 204.3726ms.
2025-10-22 22:52:28.083 +02:00 [INF] Executed action QuizzyPop.Controllers.HomeController.CreateQuiz (QuizzyPop) in 287.1692ms
2025-10-22 22:52:28.083 +02:00 [INF] Executed endpoint 'QuizzyPop.Controllers.HomeController.CreateQuiz (QuizzyPop)'
2025-10-22 22:52:28.083 +02:00 [INF] Request starting HTTP/2 GET https://localhost:7037/fonts/Baloo2-Regular.ttf - null null
2025-10-22 22:52:28.086 +02:00 [INF] Request finished HTTP/2 GET https://localhost:7037/fonts/Baloo2-Regular.ttf - 404 0 null 2.5438ms
2025-10-22 22:52:28.086 +02:00 [INF] Request reached the end of the middleware pipeline without being handled by application code. Request path: GET https://localhost:7037/fonts/Baloo2-Regular.ttf, Response status code: 404
2025-10-22 22:52:28.087 +02:00 [INF] Request finished HTTP/2 GET https://localhost:7037/Home/CreateQuiz - 200 null text/html; charset=utf-8 315.1033ms
2025-10-22 22:52:38.534 +02:00 [INF] Request starting HTTP/2 POST https://localhost:7037/Home/CreateQuiz - multipart/form-data; boundary=----WebKitFormBoundarywZpf6Sxze1xeBM3O 1171
2025-10-22 22:52:38.583 +02:00 [INF] Executing endpoint 'QuizzyPop.Controllers.HomeController.CreateQuiz (QuizzyPop)'
2025-10-22 22:52:38.610 +02:00 [INF] Route matched with {action = "CreateQuiz", controller = "Home"}. Executing controller action with signature System.Threading.Tasks.Task`1[Microsoft.AspNetCore.Mvc.IActionResult] CreateQuiz(QuizzyPop.ViewModels.QuizMetaDataViewModel) on controller QuizzyPop.Controllers.HomeController (QuizzyPop).
2025-10-22 22:52:47.731 +02:00 [INF] Request starting HTTP/2 POST https://localhost:7037/Home/CreateQuiz - multipart/form-data; boundary=----WebKitFormBoundarybovZxHErerzR6Igq 1171
2025-10-22 22:52:47.732 +02:00 [INF] Executing endpoint 'QuizzyPop.Controllers.HomeController.CreateQuiz (QuizzyPop)'
2025-10-22 22:52:47.733 +02:00 [INF] Route matched with {action = "CreateQuiz", controller = "Home"}. Executing controller action with signature System.Threading.Tasks.Task`1[Microsoft.AspNetCore.Mvc.IActionResult] CreateQuiz(QuizzyPop.ViewModels.QuizMetaDataViewModel) on controller QuizzyPop.Controllers.HomeController (QuizzyPop).
2025-10-22 22:53:08.809 +02:00 [ERR] Failed executing DbCommand (30,083ms) [Parameters=[@p0='?' (DbType = Int32), @p1='?' (DbType = DateTime), @p2='?' (Size = 11), @p3='?' (Size = 4), @p4='?', @p5='?' (Size = 6), @p6='?' (DbType = Int32)], CommandType='"Text"', CommandTimeout='30']
INSERT INTO "Quiz" ("CategoryId", "CreatedAt", "Description", "Difficulty", "ImageUrl", "Title", "UserId")
VALUES (@p0, @p1, @p2, @p3, @p4, @p5, @p6)
RETURNING "Id";
2025-10-22 22:53:08.841 +02:00 [ERR] An exception occurred in the database while saving changes for context type 'QuizzyPop.DAL.UserDbContext'.
Microsoft.EntityFrameworkCore.DbUpdateException: An error occurred while saving the entity changes. See the inner exception for details.
 ---> Microsoft.Data.Sqlite.SqliteException (0x80004005): SQLite Error 5: 'database is locked'.
   at Microsoft.Data.Sqlite.SqliteException.ThrowExceptionForRC(Int32 rc, sqlite3 db)
   at Microsoft.Data.Sqlite.SqliteDataReader.NextResult()
   at Microsoft.Data.Sqlite.SqliteCommand.ExecuteReader(CommandBehavior behavior)
   at Microsoft.Data.Sqlite.SqliteCommand.ExecuteReaderAsync(CommandBehavior behavior, CancellationToken cancellationToken)
   at Microsoft.Data.Sqlite.SqliteCommand.ExecuteDbDataReaderAsync(CommandBehavior behavior, CancellationToken cancellationToken)
   at Microsoft.EntityFrameworkCore.Storage.RelationalCommand.ExecuteReaderAsync(RelationalCommandParameterObject parameterObject, CancellationToken cancellationToken)
   at Microsoft.EntityFrameworkCore.Storage.RelationalCommand.ExecuteReaderAsync(RelationalCommandParameterObject parameterObject, CancellationToken cancellationToken)
   at Microsoft.EntityFrameworkCore.Update.ReaderModificationCommandBatch.ExecuteAsync(IRelationalConnection connection, CancellationToken cancellationToken)
   --- End of inner exception stack trace ---
   at Microsoft.EntityFrameworkCore.Update.ReaderModificationCommandBatch.ExecuteAsync(IRelationalConnection connection, CancellationToken cancellationToken)
   at Microsoft.EntityFrameworkCore.Update.Internal.BatchExecutor.ExecuteAsync(IEnumerable`1 commandBatches, IRelationalConnection connection, CancellationToken cancellationToken)
   at Microsoft.EntityFrameworkCore.Update.Internal.BatchExecutor.ExecuteAsync(IEnumerable`1 commandBatches, IRelationalConnection connection, CancellationToken cancellationToken)
   at Microsoft.EntityFrameworkCore.Update.Internal.BatchExecutor.ExecuteAsync(IEnumerable`1 commandBatches, IRelationalConnection connection, CancellationToken cancellationToken)
   at Microsoft.EntityFrameworkCore.ChangeTracking.Internal.StateManager.SaveChangesAsync(IList`1 entriesToSave, CancellationToken cancellationToken)
   at Microsoft.EntityFrameworkCore.ChangeTracking.Internal.StateManager.SaveChangesAsync(StateManager stateManager, Boolean acceptAllChangesOnSuccess, CancellationToken cancellationToken)
   at Microsoft.EntityFrameworkCore.DbContext.SaveChangesAsync(Boolean acceptAllChangesOnSuccess, CancellationToken cancellationToken)
Microsoft.EntityFrameworkCore.DbUpdateException: An error occurred while saving the entity changes. See the inner exception for details.
 ---> Microsoft.Data.Sqlite.SqliteException (0x80004005): SQLite Error 5: 'database is locked'.
   at Microsoft.Data.Sqlite.SqliteException.ThrowExceptionForRC(Int32 rc, sqlite3 db)
   at Microsoft.Data.Sqlite.SqliteDataReader.NextResult()
   at Microsoft.Data.Sqlite.SqliteCommand.ExecuteReader(CommandBehavior behavior)
   at Microsoft.Data.Sqlite.SqliteCommand.ExecuteReaderAsync(CommandBehavior behavior, CancellationToken cancellationToken)
   at Microsoft.Data.Sqlite.SqliteCommand.ExecuteDbDataReaderAsync(CommandBehavior behavior, CancellationToken cancellationToken)
   at Microsoft.EntityFrameworkCore.Storage.RelationalCommand.ExecuteReaderAsync(RelationalCommandParameterObject parameterObject, CancellationToken cancellationToken)
   at Microsoft.EntityFrameworkCore.Storage.RelationalCommand.ExecuteReaderAsync(RelationalCommandParameterObject parameterObject, CancellationToken cancellationToken)
   at Microsoft.EntityFrameworkCore.Update.ReaderModificationCommandBatch.ExecuteAsync(IRelationalConnection connection, CancellationToken cancellationToken)
   --- End of inner exception stack trace ---
   at Microsoft.EntityFrameworkCore.Update.ReaderModificationCommandBatch.ExecuteAsync(IRelationalConnection connection, CancellationToken cancellationToken)
   at Microsoft.EntityFrameworkCore.Update.Internal.BatchExecutor.ExecuteAsync(IEnumerable`1 commandBatches, IRelationalConnection connection, CancellationToken cancellationToken)
   at Microsoft.EntityFrameworkCore.Update.Internal.BatchExecutor.ExecuteAsync(IEnumerable`1 commandBatches, IRelationalConnection connection, CancellationToken cancellationToken)
   at Microsoft.EntityFrameworkCore.Update.Internal.BatchExecutor.ExecuteAsync(IEnumerable`1 commandBatches, IRelationalConnection connection, CancellationToken cancellationToken)
   at Microsoft.EntityFrameworkCore.ChangeTracking.Internal.StateManager.SaveChangesAsync(IList`1 entriesToSave, CancellationToken cancellationToken)
   at Microsoft.EntityFrameworkCore.ChangeTracking.Internal.StateManager.SaveChangesAsync(StateManager stateManager, Boolean acceptAllChangesOnSuccess, CancellationToken cancellationToken)
   at Microsoft.EntityFrameworkCore.DbContext.SaveChangesAsync(Boolean acceptAllChangesOnSuccess, CancellationToken cancellationToken)
2025-10-22 22:53:08.902 +02:00 [ERR] Error adding quiz 'Musikk'
Microsoft.EntityFrameworkCore.DbUpdateException: An error occurred while saving the entity changes. See the inner exception for details.
 ---> Microsoft.Data.Sqlite.SqliteException (0x80004005): SQLite Error 5: 'database is locked'.
   at Microsoft.Data.Sqlite.SqliteException.ThrowExceptionForRC(Int32 rc, sqlite3 db)
   at Microsoft.Data.Sqlite.SqliteDataReader.NextResult()
   at Microsoft.Data.Sqlite.SqliteCommand.ExecuteReader(CommandBehavior behavior)
   at Microsoft.Data.Sqlite.SqliteCommand.ExecuteReaderAsync(CommandBehavior behavior, CancellationToken cancellationToken)
   at Microsoft.Data.Sqlite.SqliteCommand.ExecuteDbDataReaderAsync(CommandBehavior behavior, CancellationToken cancellationToken)
   at Microsoft.EntityFrameworkCore.Storage.RelationalCommand.ExecuteReaderAsync(RelationalCommandParameterObject parameterObject, CancellationToken cancellationToken)
   at Microsoft.EntityFrameworkCore.Storage.RelationalCommand.ExecuteReaderAsync(RelationalCommandParameterObject parameterObject, CancellationToken cancellationToken)
   at Microsoft.EntityFrameworkCore.Update.ReaderModificationCommandBatch.ExecuteAsync(IRelationalConnection connection, CancellationToken cancellationToken)
   --- End of inner exception stack trace ---
   at Microsoft.EntityFrameworkCore.Update.ReaderModificationCommandBatch.ExecuteAsync(IRelationalConnection connection, CancellationToken cancellationToken)
   at Microsoft.EntityFrameworkCore.Update.Internal.BatchExecutor.ExecuteAsync(IEnumerable`1 commandBatches, IRelationalConnection connection, CancellationToken cancellationToken)
   at Microsoft.EntityFrameworkCore.Update.Internal.BatchExecutor.ExecuteAsync(IEnumerable`1 commandBatches, IRelationalConnection connection, CancellationToken cancellationToken)
   at Microsoft.EntityFrameworkCore.Update.Internal.BatchExecutor.ExecuteAsync(IEnumerable`1 commandBatches, IRelationalConnection connection, CancellationToken cancellationToken)
   at Microsoft.EntityFrameworkCore.ChangeTracking.Internal.StateManager.SaveChangesAsync(IList`1 entriesToSave, CancellationToken cancellationToken)
   at Microsoft.EntityFrameworkCore.ChangeTracking.Internal.StateManager.SaveChangesAsync(StateManager stateManager, Boolean acceptAllChangesOnSuccess, CancellationToken cancellationToken)
   at Microsoft.EntityFrameworkCore.DbContext.SaveChangesAsync(Boolean acceptAllChangesOnSuccess, CancellationToken cancellationToken)
   at Microsoft.EntityFrameworkCore.DbContext.SaveChangesAsync(Boolean acceptAllChangesOnSuccess, CancellationToken cancellationToken)
   at QuizzyPop.DAL.Repositories.QuizRepository.AddAsync(Quiz quiz) in /Users/mathiasjudre/Desktop/Skole/5. Semester/ITPE3200 - Webapplikasjoner/QuizzyPop/QuizzyPop/DAL/Repositories/QuizRepository.cs:line 81
2025-10-22 22:53:08.920 +02:00 [ERR] Database error while attempting to create new quiz with Title: Musikk
Microsoft.EntityFrameworkCore.DbUpdateException: An error occurred while saving the entity changes. See the inner exception for details.
 ---> Microsoft.Data.Sqlite.SqliteException (0x80004005): SQLite Error 5: 'database is locked'.
   at Microsoft.Data.Sqlite.SqliteException.ThrowExceptionForRC(Int32 rc, sqlite3 db)
   at Microsoft.Data.Sqlite.SqliteDataReader.NextResult()
   at Microsoft.Data.Sqlite.SqliteCommand.ExecuteReader(CommandBehavior behavior)
   at Microsoft.Data.Sqlite.SqliteCommand.ExecuteReaderAsync(CommandBehavior behavior, CancellationToken cancellationToken)
   at Microsoft.Data.Sqlite.SqliteCommand.ExecuteDbDataReaderAsync(CommandBehavior behavior, CancellationToken cancellationToken)
   at Microsoft.EntityFrameworkCore.Storage.RelationalCommand.ExecuteReaderAsync(RelationalCommandParameterObject parameterObject, CancellationToken cancellationToken)
   at Microsoft.EntityFrameworkCore.Storage.RelationalCommand.ExecuteReaderAsync(RelationalCommandParameterObject parameterObject, CancellationToken cancellationToken)
   at Microsoft.EntityFrameworkCore.Update.ReaderModificationCommandBatch.ExecuteAsync(IRelationalConnection connection, CancellationToken cancellationToken)
   --- End of inner exception stack trace ---
   at Microsoft.EntityFrameworkCore.Update.ReaderModificationCommandBatch.ExecuteAsync(IRelationalConnection connection, CancellationToken cancellationToken)
   at Microsoft.EntityFrameworkCore.Update.Internal.BatchExecutor.ExecuteAsync(IEnumerable`1 commandBatches, IRelationalConnection connection, CancellationToken cancellationToken)
   at Microsoft.EntityFrameworkCore.Update.Internal.BatchExecutor.ExecuteAsync(IEnumerable`1 commandBatches, IRelationalConnection connection, CancellationToken cancellationToken)
   at Microsoft.EntityFrameworkCore.Update.Internal.BatchExecutor.ExecuteAsync(IEnumerable`1 commandBatches, IRelationalConnection connection, CancellationToken cancellationToken)
   at Microsoft.EntityFrameworkCore.ChangeTracking.Internal.StateManager.SaveChangesAsync(IList`1 entriesToSave, CancellationToken cancellationToken)
   at Microsoft.EntityFrameworkCore.ChangeTracking.Internal.StateManager.SaveChangesAsync(StateManager stateManager, Boolean acceptAllChangesOnSuccess, CancellationToken cancellationToken)
   at Microsoft.EntityFrameworkCore.DbContext.SaveChangesAsync(Boolean acceptAllChangesOnSuccess, CancellationToken cancellationToken)
   at Microsoft.EntityFrameworkCore.DbContext.SaveChangesAsync(Boolean acceptAllChangesOnSuccess, CancellationToken cancellationToken)
   at QuizzyPop.DAL.Repositories.QuizRepository.AddAsync(Quiz quiz) in /Users/mathiasjudre/Desktop/Skole/5. Semester/ITPE3200 - Webapplikasjoner/QuizzyPop/QuizzyPop/DAL/Repositories/QuizRepository.cs:line 81
   at QuizzyPop.Controllers.HomeController.CreateQuiz(QuizMetaDataViewModel model) in /Users/mathiasjudre/Desktop/Skole/5. Semester/ITPE3200 - Webapplikasjoner/QuizzyPop/QuizzyPop/Controllers/HomeController.cs:line 69
2025-10-22 22:53:08.935 +02:00 [INF] Executing ViewResult, running view CreateQuiz.
2025-10-22 22:53:08.940 +02:00 [INF] Executed ViewResult - view CreateQuiz executed in 5.2839ms.
2025-10-22 22:53:08.940 +02:00 [INF] Executed action QuizzyPop.Controllers.HomeController.CreateQuiz (QuizzyPop) in 30330.1995ms
2025-10-22 22:53:08.941 +02:00 [INF] Executed endpoint 'QuizzyPop.Controllers.HomeController.CreateQuiz (QuizzyPop)'
2025-10-22 22:53:08.942 +02:00 [INF] Request finished HTTP/2 POST https://localhost:7037/Home/CreateQuiz - 200 null text/html; charset=utf-8 30408.16ms
2025-10-22 22:53:17.868 +02:00 [ERR] Failed executing DbCommand (30,111ms) [Parameters=[@p0='?' (DbType = Int32), @p1='?' (DbType = DateTime), @p2='?' (Size = 11), @p3='?' (Size = 4), @p4='?', @p5='?' (Size = 6), @p6='?' (DbType = Int32)], CommandType='"Text"', CommandTimeout='30']
INSERT INTO "Quiz" ("CategoryId", "CreatedAt", "Description", "Difficulty", "ImageUrl", "Title", "UserId")
VALUES (@p0, @p1, @p2, @p3, @p4, @p5, @p6)
RETURNING "Id";
2025-10-22 22:53:17.880 +02:00 [ERR] An exception occurred in the database while saving changes for context type 'QuizzyPop.DAL.UserDbContext'.
Microsoft.EntityFrameworkCore.DbUpdateException: An error occurred while saving the entity changes. See the inner exception for details.
 ---> Microsoft.Data.Sqlite.SqliteException (0x80004005): SQLite Error 5: 'database is locked'.
   at Microsoft.Data.Sqlite.SqliteException.ThrowExceptionForRC(Int32 rc, sqlite3 db)
   at Microsoft.Data.Sqlite.SqliteDataReader.NextResult()
   at Microsoft.Data.Sqlite.SqliteCommand.ExecuteReader(CommandBehavior behavior)
   at Microsoft.Data.Sqlite.SqliteCommand.ExecuteReaderAsync(CommandBehavior behavior, CancellationToken cancellationToken)
   at Microsoft.Data.Sqlite.SqliteCommand.ExecuteDbDataReaderAsync(CommandBehavior behavior, CancellationToken cancellationToken)
   at Microsoft.EntityFrameworkCore.Storage.RelationalCommand.ExecuteReaderAsync(RelationalCommandParameterObject parameterObject, CancellationToken cancellationToken)
   at Microsoft.EntityFrameworkCore.Storage.RelationalCommand.ExecuteReaderAsync(RelationalCommandParameterObject parameterObject, CancellationToken cancellationToken)
   at Microsoft.EntityFrameworkCore.Update.ReaderModificationCommandBatch.ExecuteAsync(IRelationalConnection connection, CancellationToken cancellationToken)
   --- End of inner exception stack trace ---
   at Microsoft.EntityFrameworkCore.Update.ReaderModificationCommandBatch.ExecuteAsync(IRelationalConnection connection, CancellationToken cancellationToken)
   at Microsoft.EntityFrameworkCore.Update.Internal.BatchExecutor.ExecuteAsync(IEnumerable`1 commandBatches, IRelationalConnection connection, CancellationToken cancellationToken)
   at Microsoft.EntityFrameworkCore.Update.Internal.BatchExecutor.ExecuteAsync(IEnumerable`1 commandBatches, IRelationalConnection connection, CancellationToken cancellationToken)
   at Microsoft.EntityFrameworkCore.Update.Internal.BatchExecutor.ExecuteAsync(IEnumerable`1 commandBatches, IRelationalConnection connection, CancellationToken cancellationToken)
   at Microsoft.EntityFrameworkCore.ChangeTracking.Internal.StateManager.SaveChangesAsync(IList`1 entriesToSave, CancellationToken cancellationToken)
   at Microsoft.EntityFrameworkCore.ChangeTracking.Internal.StateManager.SaveChangesAsync(StateManager stateManager, Boolean acceptAllChangesOnSuccess, CancellationToken cancellationToken)
   at Microsoft.EntityFrameworkCore.DbContext.SaveChangesAsync(Boolean acceptAllChangesOnSuccess, CancellationToken cancellationToken)
Microsoft.EntityFrameworkCore.DbUpdateException: An error occurred while saving the entity changes. See the inner exception for details.
 ---> Microsoft.Data.Sqlite.SqliteException (0x80004005): SQLite Error 5: 'database is locked'.
   at Microsoft.Data.Sqlite.SqliteException.ThrowExceptionForRC(Int32 rc, sqlite3 db)
   at Microsoft.Data.Sqlite.SqliteDataReader.NextResult()
   at Microsoft.Data.Sqlite.SqliteCommand.ExecuteReader(CommandBehavior behavior)
   at Microsoft.Data.Sqlite.SqliteCommand.ExecuteReaderAsync(CommandBehavior behavior, CancellationToken cancellationToken)
   at Microsoft.Data.Sqlite.SqliteCommand.ExecuteDbDataReaderAsync(CommandBehavior behavior, CancellationToken cancellationToken)
   at Microsoft.EntityFrameworkCore.Storage.RelationalCommand.ExecuteReaderAsync(RelationalCommandParameterObject parameterObject, CancellationToken cancellationToken)
   at Microsoft.EntityFrameworkCore.Storage.RelationalCommand.ExecuteReaderAsync(RelationalCommandParameterObject parameterObject, CancellationToken cancellationToken)
   at Microsoft.EntityFrameworkCore.Update.ReaderModificationCommandBatch.ExecuteAsync(IRelationalConnection connection, CancellationToken cancellationToken)
   --- End of inner exception stack trace ---
   at Microsoft.EntityFrameworkCore.Update.ReaderModificationCommandBatch.ExecuteAsync(IRelationalConnection connection, CancellationToken cancellationToken)
   at Microsoft.EntityFrameworkCore.Update.Internal.BatchExecutor.ExecuteAsync(IEnumerable`1 commandBatches, IRelationalConnection connection, CancellationToken cancellationToken)
   at Microsoft.EntityFrameworkCore.Update.Internal.BatchExecutor.ExecuteAsync(IEnumerable`1 commandBatches, IRelationalConnection connection, CancellationToken cancellationToken)
   at Microsoft.EntityFrameworkCore.Update.Internal.BatchExecutor.ExecuteAsync(IEnumerable`1 commandBatches, IRelationalConnection connection, CancellationToken cancellationToken)
   at Microsoft.EntityFrameworkCore.ChangeTracking.Internal.StateManager.SaveChangesAsync(IList`1 entriesToSave, CancellationToken cancellationToken)
   at Microsoft.EntityFrameworkCore.ChangeTracking.Internal.StateManager.SaveChangesAsync(StateManager stateManager, Boolean acceptAllChangesOnSuccess, CancellationToken cancellationToken)
   at Microsoft.EntityFrameworkCore.DbContext.SaveChangesAsync(Boolean acceptAllChangesOnSuccess, CancellationToken cancellationToken)
2025-10-22 22:53:17.904 +02:00 [ERR] Error adding quiz 'Musikk'
Microsoft.EntityFrameworkCore.DbUpdateException: An error occurred while saving the entity changes. See the inner exception for details.
 ---> Microsoft.Data.Sqlite.SqliteException (0x80004005): SQLite Error 5: 'database is locked'.
   at Microsoft.Data.Sqlite.SqliteException.ThrowExceptionForRC(Int32 rc, sqlite3 db)
   at Microsoft.Data.Sqlite.SqliteDataReader.NextResult()
   at Microsoft.Data.Sqlite.SqliteCommand.ExecuteReader(CommandBehavior behavior)
   at Microsoft.Data.Sqlite.SqliteCommand.ExecuteReaderAsync(CommandBehavior behavior, CancellationToken cancellationToken)
   at Microsoft.Data.Sqlite.SqliteCommand.ExecuteDbDataReaderAsync(CommandBehavior behavior, CancellationToken cancellationToken)
   at Microsoft.EntityFrameworkCore.Storage.RelationalCommand.ExecuteReaderAsync(RelationalCommandParameterObject parameterObject, CancellationToken cancellationToken)
   at Microsoft.EntityFrameworkCore.Storage.RelationalCommand.ExecuteReaderAsync(RelationalCommandParameterObject parameterObject, CancellationToken cancellationToken)
   at Microsoft.EntityFrameworkCore.Update.ReaderModificationCommandBatch.ExecuteAsync(IRelationalConnection connection, CancellationToken cancellationToken)
   --- End of inner exception stack trace ---
   at Microsoft.EntityFrameworkCore.Update.ReaderModificationCommandBatch.ExecuteAsync(IRelationalConnection connection, CancellationToken cancellationToken)
   at Microsoft.EntityFrameworkCore.Update.Internal.BatchExecutor.ExecuteAsync(IEnumerable`1 commandBatches, IRelationalConnection connection, CancellationToken cancellationToken)
   at Microsoft.EntityFrameworkCore.Update.Internal.BatchExecutor.ExecuteAsync(IEnumerable`1 commandBatches, IRelationalConnection connection, CancellationToken cancellationToken)
   at Microsoft.EntityFrameworkCore.Update.Internal.BatchExecutor.ExecuteAsync(IEnumerable`1 commandBatches, IRelationalConnection connection, CancellationToken cancellationToken)
   at Microsoft.EntityFrameworkCore.ChangeTracking.Internal.StateManager.SaveChangesAsync(IList`1 entriesToSave, CancellationToken cancellationToken)
   at Microsoft.EntityFrameworkCore.ChangeTracking.Internal.StateManager.SaveChangesAsync(StateManager stateManager, Boolean acceptAllChangesOnSuccess, CancellationToken cancellationToken)
   at Microsoft.EntityFrameworkCore.DbContext.SaveChangesAsync(Boolean acceptAllChangesOnSuccess, CancellationToken cancellationToken)
   at Microsoft.EntityFrameworkCore.DbContext.SaveChangesAsync(Boolean acceptAllChangesOnSuccess, CancellationToken cancellationToken)
   at QuizzyPop.DAL.Repositories.QuizRepository.AddAsync(Quiz quiz) in /Users/mathiasjudre/Desktop/Skole/5. Semester/ITPE3200 - Webapplikasjoner/QuizzyPop/QuizzyPop/DAL/Repositories/QuizRepository.cs:line 81
2025-10-22 22:53:17.932 +02:00 [ERR] Database error while attempting to create new quiz with Title: Musikk
Microsoft.EntityFrameworkCore.DbUpdateException: An error occurred while saving the entity changes. See the inner exception for details.
 ---> Microsoft.Data.Sqlite.SqliteException (0x80004005): SQLite Error 5: 'database is locked'.
   at Microsoft.Data.Sqlite.SqliteException.ThrowExceptionForRC(Int32 rc, sqlite3 db)
   at Microsoft.Data.Sqlite.SqliteDataReader.NextResult()
   at Microsoft.Data.Sqlite.SqliteCommand.ExecuteReader(CommandBehavior behavior)
   at Microsoft.Data.Sqlite.SqliteCommand.ExecuteReaderAsync(CommandBehavior behavior, CancellationToken cancellationToken)
   at Microsoft.Data.Sqlite.SqliteCommand.ExecuteDbDataReaderAsync(CommandBehavior behavior, CancellationToken cancellationToken)
   at Microsoft.EntityFrameworkCore.Storage.RelationalCommand.ExecuteReaderAsync(RelationalCommandParameterObject parameterObject, CancellationToken cancellationToken)
   at Microsoft.EntityFrameworkCore.Storage.RelationalCommand.ExecuteReaderAsync(RelationalCommandParameterObject parameterObject, CancellationToken cancellationToken)
   at Microsoft.EntityFrameworkCore.Update.ReaderModificationCommandBatch.ExecuteAsync(IRelationalConnection connection, CancellationToken cancellationToken)
   --- End of inner exception stack trace ---
   at Microsoft.EntityFrameworkCore.Update.ReaderModificationCommandBatch.ExecuteAsync(IRelationalConnection connection, CancellationToken cancellationToken)
   at Microsoft.EntityFrameworkCore.Update.Internal.BatchExecutor.ExecuteAsync(IEnumerable`1 commandBatches, IRelationalConnection connection, CancellationToken cancellationToken)
   at Microsoft.EntityFrameworkCore.Update.Internal.BatchExecutor.ExecuteAsync(IEnumerable`1 commandBatches, IRelationalConnection connection, CancellationToken cancellationToken)
   at Microsoft.EntityFrameworkCore.Update.Internal.BatchExecutor.ExecuteAsync(IEnumerable`1 commandBatches, IRelationalConnection connection, CancellationToken cancellationToken)
   at Microsoft.EntityFrameworkCore.ChangeTracking.Internal.StateManager.SaveChangesAsync(IList`1 entriesToSave, CancellationToken cancellationToken)
   at Microsoft.EntityFrameworkCore.ChangeTracking.Internal.StateManager.SaveChangesAsync(StateManager stateManager, Boolean acceptAllChangesOnSuccess, CancellationToken cancellationToken)
   at Microsoft.EntityFrameworkCore.DbContext.SaveChangesAsync(Boolean acceptAllChangesOnSuccess, CancellationToken cancellationToken)
   at Microsoft.EntityFrameworkCore.DbContext.SaveChangesAsync(Boolean acceptAllChangesOnSuccess, CancellationToken cancellationToken)
   at QuizzyPop.DAL.Repositories.QuizRepository.AddAsync(Quiz quiz) in /Users/mathiasjudre/Desktop/Skole/5. Semester/ITPE3200 - Webapplikasjoner/QuizzyPop/QuizzyPop/DAL/Repositories/QuizRepository.cs:line 81
   at QuizzyPop.Controllers.HomeController.CreateQuiz(QuizMetaDataViewModel model) in /Users/mathiasjudre/Desktop/Skole/5. Semester/ITPE3200 - Webapplikasjoner/QuizzyPop/QuizzyPop/Controllers/HomeController.cs:line 69
2025-10-22 22:53:17.935 +02:00 [INF] Executing ViewResult, running view CreateQuiz.
2025-10-22 22:53:18.157 +02:00 [INF] Executed ViewResult - view CreateQuiz executed in 221.5773ms.
2025-10-22 22:53:18.237 +02:00 [INF] Executed action QuizzyPop.Controllers.HomeController.CreateQuiz (QuizzyPop) in 30503.3482ms
2025-10-22 22:53:18.238 +02:00 [INF] Executed endpoint 'QuizzyPop.Controllers.HomeController.CreateQuiz (QuizzyPop)'
2025-10-22 22:53:18.239 +02:00 [INF] Request starting HTTP/2 GET https://localhost:7037/fonts/Baloo2-Regular.ttf - null null
2025-10-22 22:53:18.239 +02:00 [INF] Request finished HTTP/2 POST https://localhost:7037/Home/CreateQuiz - 200 null text/html; charset=utf-8 30508.0291ms
2025-10-22 22:53:18.244 +02:00 [INF] Request finished HTTP/2 GET https://localhost:7037/fonts/Baloo2-Regular.ttf - 404 0 null 5.4807ms
2025-10-22 22:53:18.244 +02:00 [INF] Request reached the end of the middleware pipeline without being handled by application code. Request path: GET https://localhost:7037/fonts/Baloo2-Regular.ttf, Response status code: 404
