2025-10-15 15:51:42.797 +02:00 [INF] User profile is available. Using 'C:\Users\Vincent Ngo\AppData\Local\ASP.NET\DataProtection-Keys' as key repository and Windows DPAPI to encrypt keys at rest.
2025-10-15 15:51:42.959 +02:00 [INF] Now listening on: http://localhost:5299
2025-10-15 15:51:42.966 +02:00 [INF] Application started. Press Ctrl+C to shut down.
2025-10-15 15:51:42.967 +02:00 [INF] Hosting environment: Development
2025-10-15 15:51:42.967 +02:00 [INF] Content root path: C:\Users\Vincent Ngo\Downloads\QuizzyPop\QuizzyPop
2025-10-15 15:52:02.976 +02:00 [INF] Request starting HTTP/1.1 GET http://localhost:5299/ - null null
2025-10-15 15:52:03.175 +02:00 [WRN] Failed to determine the https port for redirect.
2025-10-15 15:52:03.454 +02:00 [INF] Executing endpoint 'QuizzyPop.Controllers.HomeController.Index (QuizzyPop)'
2025-10-15 15:52:04.322 +02:00 [INF] Route matched with {action = "Index", controller = "Home"}. Executing controller action with signature Microsoft.AspNetCore.Mvc.IActionResult Index() on controller QuizzyPop.Controllers.HomeController (QuizzyPop).
2025-10-15 15:52:05.844 +02:00 [INF] Executing ViewResult, running view Index.
2025-10-15 15:52:08.165 +02:00 [INF] Executed ViewResult - view Index executed in 2885.6513ms.
2025-10-15 15:52:08.168 +02:00 [INF] Executed action QuizzyPop.Controllers.HomeController.Index (QuizzyPop) in 3834.1851ms
2025-10-15 15:52:08.169 +02:00 [INF] Executed endpoint 'QuizzyPop.Controllers.HomeController.Index (QuizzyPop)'
2025-10-15 15:52:08.178 +02:00 [INF] Request finished HTTP/1.1 GET http://localhost:5299/ - 200 null text/html; charset=utf-8 5205.3484ms
2025-10-15 15:52:13.204 +02:00 [INF] Request starting HTTP/1.1 GET http://localhost:5299/css/purged.css - null null
2025-10-15 15:52:13.853 +02:00 [INF] The file /css/purged.css was not modified
2025-10-15 15:52:13.869 +02:00 [INF] Request finished HTTP/1.1 GET http://localhost:5299/css/purged.css - 304 null text/css 662.7114ms
2025-10-15 15:52:26.804 +02:00 [INF] Request starting HTTP/1.1 GET http://localhost:5299/Home/TakeQuiz - null null
2025-10-15 15:52:26.836 +02:00 [INF] Executing endpoint 'QuizzyPop.Controllers.HomeController.TakeQuiz (QuizzyPop)'
2025-10-15 15:52:27.056 +02:00 [INF] Route matched with {action = "TakeQuiz", controller = "Home"}. Executing controller action with signature System.Threading.Tasks.Task`1[Microsoft.AspNetCore.Mvc.IActionResult] TakeQuiz() on controller QuizzyPop.Controllers.HomeController (QuizzyPop).
2025-10-15 15:52:29.235 +02:00 [INF] Loaded 2 quizzes from database.
2025-10-15 15:52:29.282 +02:00 [INF] Executing ViewResult, running view TakeQuiz.
2025-10-15 15:52:29.842 +02:00 [INF] Executed ViewResult - view TakeQuiz executed in 583.9611ms.
2025-10-15 15:52:29.844 +02:00 [INF] Executed action QuizzyPop.Controllers.HomeController.TakeQuiz (QuizzyPop) in 2787.0957ms
2025-10-15 15:52:29.845 +02:00 [INF] Executed endpoint 'QuizzyPop.Controllers.HomeController.TakeQuiz (QuizzyPop)'
2025-10-15 15:52:29.969 +02:00 [INF] Request finished HTTP/1.1 GET http://localhost:5299/Home/TakeQuiz - 200 null text/html; charset=utf-8 3164.9652ms
2025-10-15 15:52:31.083 +02:00 [INF] Request starting HTTP/1.1 GET http://localhost:5299/fonts/Baloo2-Regular.ttf - null null
2025-10-15 15:52:31.090 +02:00 [INF] Request finished HTTP/1.1 GET http://localhost:5299/fonts/Baloo2-Regular.ttf - 404 0 null 6.6012ms
2025-10-15 15:52:31.102 +02:00 [INF] Request reached the end of the middleware pipeline without being handled by application code. Request path: GET http://localhost:5299/fonts/Baloo2-Regular.ttf, Response status code: 404
2025-10-15 15:52:38.874 +02:00 [INF] Request starting HTTP/1.1 GET http://localhost:5299/Home/StartQuiz/Geometry - null null
2025-10-15 15:52:38.882 +02:00 [INF] Executing endpoint 'QuizzyPop.Controllers.HomeController.StartQuiz (QuizzyPop)'
2025-10-15 15:52:39.099 +02:00 [INF] Route matched with {action = "StartQuiz", controller = "Home"}. Executing controller action with signature Microsoft.AspNetCore.Mvc.IActionResult StartQuiz(System.String, Int32) on controller QuizzyPop.Controllers.HomeController (QuizzyPop).
2025-10-15 15:52:39.778 +02:00 [INF] Executing ViewResult, running view TakingQuiz.
2025-10-15 15:52:40.179 +02:00 [INF] Executed ViewResult - view TakingQuiz executed in 474.3268ms.
2025-10-15 15:52:40.186 +02:00 [INF] Executed action QuizzyPop.Controllers.HomeController.StartQuiz (QuizzyPop) in 1077.0984ms
2025-10-15 15:52:40.188 +02:00 [INF] Executed endpoint 'QuizzyPop.Controllers.HomeController.StartQuiz (QuizzyPop)'
2025-10-15 15:52:40.197 +02:00 [INF] Request finished HTTP/1.1 GET http://localhost:5299/Home/StartQuiz/Geometry - 200 null text/html; charset=utf-8 1322.4069ms
2025-10-15 15:52:40.504 +02:00 [INF] Request starting HTTP/1.1 GET http://localhost:5299/fonts/Baloo2-Regular.ttf - null null
2025-10-15 15:52:40.505 +02:00 [INF] Request finished HTTP/1.1 GET http://localhost:5299/fonts/Baloo2-Regular.ttf - 404 0 null 1.7483ms
2025-10-15 15:52:40.506 +02:00 [INF] Request reached the end of the middleware pipeline without being handled by application code. Request path: GET http://localhost:5299/fonts/Baloo2-Regular.ttf, Response status code: 404
2025-10-15 15:53:55.273 +02:00 [INF] Request starting HTTP/1.1 GET http://localhost:5299/Home/StartQuiz/Geometry - null null
2025-10-15 15:53:55.277 +02:00 [INF] Executing endpoint 'QuizzyPop.Controllers.HomeController.StartQuiz (QuizzyPop)'
2025-10-15 15:53:55.284 +02:00 [INF] Route matched with {action = "StartQuiz", controller = "Home"}. Executing controller action with signature Microsoft.AspNetCore.Mvc.IActionResult StartQuiz(System.String, Int32) on controller QuizzyPop.Controllers.HomeController (QuizzyPop).
2025-10-15 15:53:55.310 +02:00 [INF] Executing ViewResult, running view TakingQuiz.
2025-10-15 15:53:55.481 +02:00 [INF] Executed ViewResult - view TakingQuiz executed in 172.5311ms.
2025-10-15 15:53:55.486 +02:00 [INF] Executed action QuizzyPop.Controllers.HomeController.StartQuiz (QuizzyPop) in 201.2219ms
2025-10-15 15:53:55.491 +02:00 [INF] Executed endpoint 'QuizzyPop.Controllers.HomeController.StartQuiz (QuizzyPop)'
2025-10-15 15:53:55.600 +02:00 [INF] Request finished HTTP/1.1 GET http://localhost:5299/Home/StartQuiz/Geometry - 200 null text/html; charset=utf-8 219.9661ms
2025-10-15 15:53:56.163 +02:00 [INF] Request starting HTTP/1.1 GET http://localhost:5299/fonts/Baloo2-Regular.ttf - null null
2025-10-15 15:53:56.181 +02:00 [INF] Request finished HTTP/1.1 GET http://localhost:5299/fonts/Baloo2-Regular.ttf - 404 0 null 19.9798ms
2025-10-15 15:53:56.185 +02:00 [INF] Request reached the end of the middleware pipeline without being handled by application code. Request path: GET http://localhost:5299/fonts/Baloo2-Regular.ttf, Response status code: 404
2025-10-15 15:53:59.887 +02:00 [INF] Request starting HTTP/1.1 GET http://localhost:5299/ - null null
2025-10-15 15:53:59.889 +02:00 [INF] Executing endpoint 'QuizzyPop.Controllers.HomeController.Index (QuizzyPop)'
2025-10-15 15:53:59.900 +02:00 [INF] Route matched with {action = "Index", controller = "Home"}. Executing controller action with signature Microsoft.AspNetCore.Mvc.IActionResult Index() on controller QuizzyPop.Controllers.HomeController (QuizzyPop).
2025-10-15 15:53:59.917 +02:00 [INF] Executing ViewResult, running view Index.
2025-10-15 15:53:59.946 +02:00 [INF] Executed ViewResult - view Index executed in 40.7583ms.
2025-10-15 15:53:59.947 +02:00 [INF] Executed action QuizzyPop.Controllers.HomeController.Index (QuizzyPop) in 46.1334ms
2025-10-15 15:53:59.947 +02:00 [INF] Executed endpoint 'QuizzyPop.Controllers.HomeController.Index (QuizzyPop)'
2025-10-15 15:53:59.947 +02:00 [INF] Request finished HTTP/1.1 GET http://localhost:5299/ - 200 null text/html; charset=utf-8 61.8614ms
2025-10-15 15:54:04.352 +02:00 [INF] Request starting HTTP/1.1 GET http://localhost:5299/Home/CreateQuiz - null null
2025-10-15 15:54:04.358 +02:00 [INF] Executing endpoint 'QuizzyPop.Controllers.HomeController.CreateQuiz (QuizzyPop)'
2025-10-15 15:54:04.510 +02:00 [INF] Route matched with {action = "CreateQuiz", controller = "Home"}. Executing controller action with signature Microsoft.AspNetCore.Mvc.IActionResult CreateQuiz() on controller QuizzyPop.Controllers.HomeController (QuizzyPop).
2025-10-15 15:54:04.512 +02:00 [INF] This is an information message.
2025-10-15 15:54:04.546 +02:00 [WRN] This is a warning message
2025-10-15 15:54:04.552 +02:00 [ERR] This is an error message.
2025-10-15 15:54:04.678 +02:00 [INF] Executing ViewResult, running view CreateQuiz.
2025-10-15 15:54:06.025 +02:00 [INF] Executed ViewResult - view CreateQuiz executed in 1466.2558ms.
2025-10-15 15:54:06.031 +02:00 [INF] Executed action QuizzyPop.Controllers.HomeController.CreateQuiz (QuizzyPop) in 1520.1895ms
2025-10-15 15:54:06.034 +02:00 [INF] Executed endpoint 'QuizzyPop.Controllers.HomeController.CreateQuiz (QuizzyPop)'
2025-10-15 15:54:06.035 +02:00 [INF] Request finished HTTP/1.1 GET http://localhost:5299/Home/CreateQuiz - 200 null text/html; charset=utf-8 1682.94ms
2025-10-15 15:54:23.901 +02:00 [INF] Request starting HTTP/1.1 GET http://localhost:5299/ - null null
2025-10-15 15:54:23.902 +02:00 [INF] Executing endpoint 'QuizzyPop.Controllers.HomeController.Index (QuizzyPop)'
2025-10-15 15:54:23.902 +02:00 [INF] Route matched with {action = "Index", controller = "Home"}. Executing controller action with signature Microsoft.AspNetCore.Mvc.IActionResult Index() on controller QuizzyPop.Controllers.HomeController (QuizzyPop).
2025-10-15 15:54:23.904 +02:00 [INF] Executing ViewResult, running view Index.
2025-10-15 15:54:23.915 +02:00 [INF] Executed ViewResult - view Index executed in 11.1457ms.
2025-10-15 15:54:23.917 +02:00 [INF] Executed action QuizzyPop.Controllers.HomeController.Index (QuizzyPop) in 13.7465ms
2025-10-15 15:54:23.918 +02:00 [INF] Executed endpoint 'QuizzyPop.Controllers.HomeController.Index (QuizzyPop)'
2025-10-15 15:54:23.918 +02:00 [INF] Request finished HTTP/1.1 GET http://localhost:5299/ - 200 null text/html; charset=utf-8 17.0766ms
2025-10-15 18:01:21.066 +02:00 [INF] Application is shutting down...
