2025-10-12 13:15:18.575 +02:00 [INF] User profile is available. Using 'C:\Users\anjat\AppData\Local\ASP.NET\DataProtection-Keys' as key repository and Windows DPAPI to encrypt keys at rest.
2025-10-12 13:15:20.910 +02:00 [INF] Now listening on: http://localhost:5299
2025-10-12 13:15:20.940 +02:00 [INF] Application started. Press Ctrl+C to shut down.
2025-10-12 13:15:20.957 +02:00 [INF] Hosting environment: Development
2025-10-12 13:15:20.969 +02:00 [INF] Content root path: C:\Users\anjat\QuizzyPop\QuizzyPop
2025-10-12 13:15:22.717 +02:00 [INF] Request starting HTTP/1.1 GET http://localhost:5299/ - null null
2025-10-12 13:15:22.781 +02:00 [WRN] Failed to determine the https port for redirect.
2025-10-12 13:15:22.838 +02:00 [INF] Executing endpoint 'QuizzyPop.Controllers.HomeController.Index (QuizzyPop)'
2025-10-12 13:15:22.930 +02:00 [INF] Route matched with {action = "Index", controller = "Home"}. Executing controller action with signature Microsoft.AspNetCore.Mvc.IActionResult Index() on controller QuizzyPop.Controllers.HomeController (QuizzyPop).
2025-10-12 13:15:22.955 +02:00 [INF] Executing ViewResult, running view Index.
2025-10-12 13:15:23.172 +02:00 [INF] Executed ViewResult - view Index executed in 219.2901ms.
2025-10-12 13:15:23.181 +02:00 [INF] Executed action QuizzyPop.Controllers.HomeController.Index (QuizzyPop) in 248.7891ms
2025-10-12 13:15:23.181 +02:00 [INF] Executed endpoint 'QuizzyPop.Controllers.HomeController.Index (QuizzyPop)'
2025-10-12 13:15:23.188 +02:00 [INF] Request finished HTTP/1.1 GET http://localhost:5299/ - 200 null text/html; charset=utf-8 478.1057ms
2025-10-12 13:15:23.239 +02:00 [INF] Request starting HTTP/1.1 GET http://localhost:5299/css/purged.css - null null
2025-10-12 13:15:23.253 +02:00 [INF] The file /css/purged.css was not modified
2025-10-12 13:15:23.255 +02:00 [INF] Request finished HTTP/1.1 GET http://localhost:5299/css/purged.css - 304 null text/css 17.0656ms
2025-10-12 13:15:25.048 +02:00 [INF] Request starting HTTP/1.1 GET http://localhost:5299/Home/CreateQuiz - null null
2025-10-12 13:15:25.076 +02:00 [INF] Executing endpoint 'QuizzyPop.Controllers.HomeController.CreateQuiz (QuizzyPop)'
2025-10-12 13:15:25.081 +02:00 [INF] Route matched with {action = "CreateQuiz", controller = "Home"}. Executing controller action with signature Microsoft.AspNetCore.Mvc.IActionResult CreateQuiz() on controller QuizzyPop.Controllers.HomeController (QuizzyPop).
2025-10-12 13:15:25.130 +02:00 [INF] This is an information message.
2025-10-12 13:15:25.219 +02:00 [WRN] This is a warning message
2025-10-12 13:15:25.259 +02:00 [ERR] This is an error message.
2025-10-12 13:15:25.262 +02:00 [INF] Executing ViewResult, running view CreateQuiz.
2025-10-12 13:15:25.540 +02:00 [INF] Executed ViewResult - view CreateQuiz executed in 279.8393ms.
2025-10-12 13:15:25.541 +02:00 [INF] Executed action QuizzyPop.Controllers.HomeController.CreateQuiz (QuizzyPop) in 459.0094ms
2025-10-12 13:15:25.541 +02:00 [INF] Executed endpoint 'QuizzyPop.Controllers.HomeController.CreateQuiz (QuizzyPop)'
2025-10-12 13:15:25.541 +02:00 [INF] Request finished HTTP/1.1 GET http://localhost:5299/Home/CreateQuiz - 200 null text/html; charset=utf-8 492.8731ms
2025-10-12 13:15:25.707 +02:00 [INF] Request starting HTTP/1.1 GET http://localhost:5299/fonts/Baloo2-Regular.ttf - null null
2025-10-12 13:15:25.715 +02:00 [INF] Request finished HTTP/1.1 GET http://localhost:5299/fonts/Baloo2-Regular.ttf - 404 0 null 7.4855ms
2025-10-12 13:15:25.718 +02:00 [INF] Request reached the end of the middleware pipeline without being handled by application code. Request path: GET http://localhost:5299/fonts/Baloo2-Regular.ttf, Response status code: 404
2025-10-12 13:15:48.993 +02:00 [INF] Request starting HTTP/1.1 POST http://localhost:5299/Home/Create - multipart/form-data; boundary=----WebKitFormBoundarywUdhNxq0J6C48NBi 2604
2025-10-12 13:15:48.995 +02:00 [INF] Executing endpoint 'QuizzyPop.Controllers.HomeController.Create (QuizzyPop)'
2025-10-12 13:15:49.004 +02:00 [INF] Route matched with {action = "Create", controller = "Home"}. Executing controller action with signature Microsoft.AspNetCore.Mvc.IActionResult Create(QuizzyPop.ViewModels.QuizMetaDataViewModel) on controller QuizzyPop.Controllers.HomeController (QuizzyPop).
2025-10-12 13:15:49.027 +02:00 [INF] Create POST action called
2025-10-12 13:15:49.029 +02:00 [INF] Model Title: fdgfdgfdg
2025-10-12 13:15:49.031 +02:00 [INF] Questions Count: 0
2025-10-12 13:15:49.034 +02:00 [WRN] Model validation failed
2025-10-12 13:15:49.036 +02:00 [ERR] Field: Tags, Errors: The Tags field is required.
2025-10-12 13:15:49.039 +02:00 [ERR] Field: Title, Errors: 
2025-10-12 13:15:49.041 +02:00 [ERR] Field: Category, Errors: 
2025-10-12 13:15:49.043 +02:00 [ERR] Field: TimeLimit, Errors: 
2025-10-12 13:15:49.045 +02:00 [ERR] Field: Difficulty, Errors: 
2025-10-12 13:15:49.047 +02:00 [ERR] Field: Description, Errors: 
2025-10-12 13:15:49.047 +02:00 [INF] Executing ViewResult, running view CreateQuiz.
2025-10-12 13:15:49.050 +02:00 [INF] Executed ViewResult - view CreateQuiz executed in 2.2243ms.
2025-10-12 13:15:49.050 +02:00 [INF] Executed action QuizzyPop.Controllers.HomeController.Create (QuizzyPop) in 45.577ms
2025-10-12 13:15:49.050 +02:00 [INF] Executed endpoint 'QuizzyPop.Controllers.HomeController.Create (QuizzyPop)'
2025-10-12 13:15:49.050 +02:00 [INF] Request finished HTTP/1.1 POST http://localhost:5299/Home/Create - 200 null text/html; charset=utf-8 56.7973ms
2025-10-12 13:15:49.115 +02:00 [INF] Request starting HTTP/1.1 GET http://localhost:5299/fonts/Baloo2-Regular.ttf - null null
2025-10-12 13:15:49.115 +02:00 [INF] Request finished HTTP/1.1 GET http://localhost:5299/fonts/Baloo2-Regular.ttf - 404 0 null 0.4715ms
2025-10-12 13:15:49.115 +02:00 [INF] Request reached the end of the middleware pipeline without being handled by application code. Request path: GET http://localhost:5299/fonts/Baloo2-Regular.ttf, Response status code: 404
2025-10-12 13:16:05.437 +02:00 [INF] Request starting HTTP/1.1 POST http://localhost:5299/Home/Create - multipart/form-data; boundary=----WebKitFormBoundaryrEtHRn1PjWB69xGI 2604
2025-10-12 13:16:05.438 +02:00 [INF] Executing endpoint 'QuizzyPop.Controllers.HomeController.Create (QuizzyPop)'
2025-10-12 13:16:05.438 +02:00 [INF] Route matched with {action = "Create", controller = "Home"}. Executing controller action with signature Microsoft.AspNetCore.Mvc.IActionResult Create(QuizzyPop.ViewModels.QuizMetaDataViewModel) on controller QuizzyPop.Controllers.HomeController (QuizzyPop).
2025-10-12 13:16:05.443 +02:00 [INF] Create POST action called
2025-10-12 13:16:05.445 +02:00 [INF] Model Title: fdgfdgfdg
2025-10-12 13:16:05.447 +02:00 [INF] Questions Count: 0
2025-10-12 13:16:05.449 +02:00 [WRN] Model validation failed
2025-10-12 13:16:05.452 +02:00 [ERR] Field: Tags, Errors: The Tags field is required.
2025-10-12 13:16:05.455 +02:00 [ERR] Field: Title, Errors: 
2025-10-12 13:16:05.457 +02:00 [ERR] Field: Category, Errors: 
2025-10-12 13:16:05.459 +02:00 [ERR] Field: TimeLimit, Errors: 
2025-10-12 13:16:05.462 +02:00 [ERR] Field: Difficulty, Errors: 
2025-10-12 13:16:05.464 +02:00 [ERR] Field: Description, Errors: 
2025-10-12 13:16:05.464 +02:00 [INF] Executing ViewResult, running view CreateQuiz.
2025-10-12 13:16:05.465 +02:00 [INF] Executed ViewResult - view CreateQuiz executed in 1.0239ms.
2025-10-12 13:16:05.465 +02:00 [INF] Executed action QuizzyPop.Controllers.HomeController.Create (QuizzyPop) in 26.5573ms
2025-10-12 13:16:05.465 +02:00 [INF] Executed endpoint 'QuizzyPop.Controllers.HomeController.Create (QuizzyPop)'
2025-10-12 13:16:05.465 +02:00 [INF] Request finished HTTP/1.1 POST http://localhost:5299/Home/Create - 200 null text/html; charset=utf-8 27.6167ms
2025-10-12 13:16:05.564 +02:00 [INF] Request starting HTTP/1.1 GET http://localhost:5299/fonts/Baloo2-Regular.ttf - null null
2025-10-12 13:16:05.566 +02:00 [INF] Request finished HTTP/1.1 GET http://localhost:5299/fonts/Baloo2-Regular.ttf - 404 0 null 2.0723ms
2025-10-12 13:16:05.567 +02:00 [INF] Request reached the end of the middleware pipeline without being handled by application code. Request path: GET http://localhost:5299/fonts/Baloo2-Regular.ttf, Response status code: 404
2025-10-12 13:16:09.401 +02:00 [INF] Request starting HTTP/1.1 POST http://localhost:5299/Home/Create - multipart/form-data; boundary=----WebKitFormBoundary6TSuM0ezTTrhRlZL 816
2025-10-12 13:16:09.402 +02:00 [INF] Executing endpoint 'QuizzyPop.Controllers.HomeController.Create (QuizzyPop)'
2025-10-12 13:16:09.402 +02:00 [INF] Route matched with {action = "Create", controller = "Home"}. Executing controller action with signature Microsoft.AspNetCore.Mvc.IActionResult Create(QuizzyPop.ViewModels.QuizMetaDataViewModel) on controller QuizzyPop.Controllers.HomeController (QuizzyPop).
2025-10-12 13:16:09.409 +02:00 [INF] Create POST action called
2025-10-12 13:16:09.412 +02:00 [INF] Model Title: fdgfdgfdg
2025-10-12 13:16:09.414 +02:00 [INF] Questions Count: 0
2025-10-12 13:16:09.415 +02:00 [WRN] Model validation failed
2025-10-12 13:16:09.417 +02:00 [ERR] Field: Tags, Errors: The Tags field is required.
2025-10-12 13:16:09.419 +02:00 [ERR] Field: Title, Errors: 
2025-10-12 13:16:09.421 +02:00 [ERR] Field: Category, Errors: 
2025-10-12 13:16:09.423 +02:00 [ERR] Field: TimeLimit, Errors: 
2025-10-12 13:16:09.424 +02:00 [ERR] Field: Difficulty, Errors: 
2025-10-12 13:16:09.426 +02:00 [ERR] Field: Description, Errors: 
2025-10-12 13:16:09.426 +02:00 [INF] Executing ViewResult, running view CreateQuiz.
2025-10-12 13:16:09.428 +02:00 [INF] Executed ViewResult - view CreateQuiz executed in 1.1758ms.
2025-10-12 13:16:09.428 +02:00 [INF] Executed action QuizzyPop.Controllers.HomeController.Create (QuizzyPop) in 25.3336ms
2025-10-12 13:16:09.428 +02:00 [INF] Executed endpoint 'QuizzyPop.Controllers.HomeController.Create (QuizzyPop)'
2025-10-12 13:16:09.428 +02:00 [INF] Request finished HTTP/1.1 POST http://localhost:5299/Home/Create - 200 null text/html; charset=utf-8 26.9454ms
2025-10-12 13:16:09.495 +02:00 [INF] Request starting HTTP/1.1 GET http://localhost:5299/fonts/Baloo2-Regular.ttf - null null
2025-10-12 13:16:09.495 +02:00 [INF] Request finished HTTP/1.1 GET http://localhost:5299/fonts/Baloo2-Regular.ttf - 404 0 null 0.5623ms
2025-10-12 13:16:09.495 +02:00 [INF] Request reached the end of the middleware pipeline without being handled by application code. Request path: GET http://localhost:5299/fonts/Baloo2-Regular.ttf, Response status code: 404
