2025-10-12 13:31:15.685 +02:00 [INF] User profile is available. Using 'C:\Users\anjat\AppData\Local\ASP.NET\DataProtection-Keys' as key repository and Windows DPAPI to encrypt keys at rest.
2025-10-12 13:31:15.931 +02:00 [INF] Now listening on: http://localhost:5299
2025-10-12 13:31:15.944 +02:00 [INF] Application started. Press Ctrl+C to shut down.
2025-10-12 13:31:15.949 +02:00 [INF] Hosting environment: Development
2025-10-12 13:31:15.952 +02:00 [INF] Content root path: C:\Users\anjat\QuizzyPop\QuizzyPop
2025-10-12 13:31:17.921 +02:00 [INF] Request starting HTTP/1.1 GET http://localhost:5299/ - null null
2025-10-12 13:31:18.143 +02:00 [WRN] Failed to determine the https port for redirect.
2025-10-12 13:31:18.215 +02:00 [INF] Executing endpoint 'QuizzyPop.Controllers.HomeController.Index (QuizzyPop)'
2025-10-12 13:31:18.384 +02:00 [INF] Route matched with {action = "Index", controller = "Home"}. Executing controller action with signature Microsoft.AspNetCore.Mvc.IActionResult Index() on controller QuizzyPop.Controllers.HomeController (QuizzyPop).
2025-10-12 13:31:18.420 +02:00 [INF] Executing ViewResult, running view Index.
2025-10-12 13:31:18.667 +02:00 [INF] Executed ViewResult - view Index executed in 251.0669ms.
2025-10-12 13:31:18.711 +02:00 [INF] Executed action QuizzyPop.Controllers.HomeController.Index (QuizzyPop) in 326.1454ms
2025-10-12 13:31:18.712 +02:00 [INF] Executed endpoint 'QuizzyPop.Controllers.HomeController.Index (QuizzyPop)'
2025-10-12 13:31:18.720 +02:00 [INF] Request finished HTTP/1.1 GET http://localhost:5299/ - 200 null text/html; charset=utf-8 804.8509ms
2025-10-12 13:31:18.774 +02:00 [INF] Request starting HTTP/1.1 GET http://localhost:5299/css/purged.css - null null
2025-10-12 13:31:18.774 +02:00 [INF] Request starting HTTP/1.1 GET http://localhost:5299/css/clouds.css - null null
2025-10-12 13:31:18.789 +02:00 [INF] The file /css/clouds.css was not modified
2025-10-12 13:31:18.790 +02:00 [INF] Request finished HTTP/1.1 GET http://localhost:5299/css/clouds.css - 304 null text/css 17.7817ms
2025-10-12 13:31:18.850 +02:00 [INF] Sending file. Request path: '/css/purged.css'. Physical path: 'C:\Users\anjat\QuizzyPop\QuizzyPop\wwwroot\css\purged.css'
2025-10-12 13:31:18.850 +02:00 [INF] Request finished HTTP/1.1 GET http://localhost:5299/css/purged.css - 200 12292 text/css 77.5708ms
2025-10-12 13:31:20.746 +02:00 [INF] Request starting HTTP/1.1 GET http://localhost:5299/Home/CreateQuiz - null null
2025-10-12 13:31:20.752 +02:00 [INF] Executing endpoint 'QuizzyPop.Controllers.HomeController.CreateQuiz (QuizzyPop)'
2025-10-12 13:31:20.757 +02:00 [INF] Route matched with {action = "CreateQuiz", controller = "Home"}. Executing controller action with signature Microsoft.AspNetCore.Mvc.IActionResult CreateQuiz() on controller QuizzyPop.Controllers.HomeController (QuizzyPop).
2025-10-12 13:31:20.765 +02:00 [INF] This is an information message.
2025-10-12 13:31:20.773 +02:00 [WRN] This is a warning message
2025-10-12 13:31:20.780 +02:00 [ERR] This is an error message.
2025-10-12 13:31:20.784 +02:00 [INF] Executing ViewResult, running view CreateQuiz.
2025-10-12 13:31:21.022 +02:00 [INF] Executed ViewResult - view CreateQuiz executed in 239.7894ms.
2025-10-12 13:31:21.023 +02:00 [INF] Executed action QuizzyPop.Controllers.HomeController.CreateQuiz (QuizzyPop) in 265.6693ms
2025-10-12 13:31:21.023 +02:00 [INF] Executed endpoint 'QuizzyPop.Controllers.HomeController.CreateQuiz (QuizzyPop)'
2025-10-12 13:31:21.025 +02:00 [INF] Request finished HTTP/1.1 GET http://localhost:5299/Home/CreateQuiz - 200 null text/html; charset=utf-8 278.7879ms
2025-10-12 13:31:21.502 +02:00 [INF] Request starting HTTP/1.1 GET http://localhost:5299/css/purged.css - null null
2025-10-12 13:31:21.503 +02:00 [INF] The file /css/purged.css was not modified
2025-10-12 13:31:21.503 +02:00 [INF] Request finished HTTP/1.1 GET http://localhost:5299/css/purged.css - 304 null text/css 1.511ms
2025-10-12 13:31:21.701 +02:00 [INF] Request starting HTTP/1.1 GET http://localhost:5299/fonts/Baloo2-Regular.ttf - null null
2025-10-12 13:31:21.734 +02:00 [INF] Request finished HTTP/1.1 GET http://localhost:5299/fonts/Baloo2-Regular.ttf - 404 0 null 32.3958ms
2025-10-12 13:31:21.748 +02:00 [INF] Request reached the end of the middleware pipeline without being handled by application code. Request path: GET http://localhost:5299/fonts/Baloo2-Regular.ttf, Response status code: 404
