2025-10-22 22:34:51.790 +02:00 [WRN] The property 'Question.Choices' is a collection or enumeration type with a value converter but with no value comparer. Set a value comparer to ensure the collection/enumeration elements are compared correctly.
2025-10-22 22:34:52.019 +02:00 [INF] User profile is available. Using '/Users/mathiasjudre/.aspnet/DataProtection-Keys' as key repository; keys will not be encrypted at rest.
2025-10-22 22:34:52.201 +02:00 [INF] Now listening on: https://localhost:7037
2025-10-22 22:34:52.202 +02:00 [INF] Now listening on: http://localhost:5299
2025-10-22 22:34:52.204 +02:00 [INF] Application started. Press Ctrl+C to shut down.
2025-10-22 22:34:52.205 +02:00 [INF] Hosting environment: Development
2025-10-22 22:34:52.205 +02:00 [INF] Content root path: /Users/mathiasjudre/Desktop/Skole/5. Semester/ITPE3200 - Webapplikasjoner/QuizzyPop/QuizzyPop
2025-10-22 22:34:52.510 +02:00 [INF] Request starting HTTP/2 GET https://localhost:7037/Home/Index - null null
2025-10-22 22:34:52.524 +02:00 [INF] Executing endpoint 'QuizzyPop.Controllers.HomeController.Index (QuizzyPop)'
2025-10-22 22:34:52.557 +02:00 [INF] Route matched with {action = "Index", controller = "Home"}. Executing controller action with signature Microsoft.AspNetCore.Mvc.IActionResult Index() on controller QuizzyPop.Controllers.HomeController (QuizzyPop).
2025-10-22 22:34:52.565 +02:00 [INF] Executing ViewResult, running view Index.
2025-10-22 22:34:52.606 +02:00 [INF] Executed ViewResult - view Index executed in 41.7452ms.
2025-10-22 22:34:52.609 +02:00 [INF] Executed action QuizzyPop.Controllers.HomeController.Index (QuizzyPop) in 51.2895ms
2025-10-22 22:34:52.609 +02:00 [INF] Executed endpoint 'QuizzyPop.Controllers.HomeController.Index (QuizzyPop)'
2025-10-22 22:34:52.620 +02:00 [INF] Request finished HTTP/2 GET https://localhost:7037/Home/Index - 200 null text/html; charset=utf-8 109.2805ms
2025-10-22 22:34:52.690 +02:00 [INF] Request starting HTTP/2 GET https://localhost:7037/images/quizzy-blueberry.png - null null
2025-10-22 22:34:52.690 +02:00 [INF] Request starting HTTP/2 GET https://localhost:7037/images/quizzy-no-arms.png - null null
2025-10-22 22:34:52.694 +02:00 [INF] The file /images/quizzy-blueberry.png was not modified
2025-10-22 22:34:52.694 +02:00 [INF] The file /images/quizzy-no-arms.png was not modified
2025-10-22 22:34:52.694 +02:00 [INF] Request finished HTTP/2 GET https://localhost:7037/images/quizzy-blueberry.png - 304 null image/png 3.8893ms
2025-10-22 22:34:52.694 +02:00 [INF] Request finished HTTP/2 GET https://localhost:7037/images/quizzy-no-arms.png - 304 null image/png 3.8893ms
2025-10-22 22:34:53.550 +02:00 [INF] Request starting HTTP/2 GET https://localhost:7037/fonts/Baloo2-Regular.ttf - null null
2025-10-22 22:34:53.557 +02:00 [INF] Request finished HTTP/2 GET https://localhost:7037/fonts/Baloo2-Regular.ttf - 404 0 null 28.5008ms
2025-10-22 22:34:53.559 +02:00 [INF] Request reached the end of the middleware pipeline without being handled by application code. Request path: GET https://localhost:7037/fonts/Baloo2-Regular.ttf, Response status code: 404
2025-10-22 22:35:20.812 +02:00 [INF] Request starting HTTP/2 GET https://localhost:7037/Home/TakeQuiz - null null
2025-10-22 22:35:20.849 +02:00 [INF] Executing endpoint 'QuizzyPop.Controllers.HomeController.TakeQuiz (QuizzyPop)'
2025-10-22 22:35:20.885 +02:00 [INF] Route matched with {action = "TakeQuiz", controller = "Home"}. Executing controller action with signature System.Threading.Tasks.Task`1[Microsoft.AspNetCore.Mvc.IActionResult] TakeQuiz() on controller QuizzyPop.Controllers.HomeController (QuizzyPop).
2025-10-22 22:35:21.074 +02:00 [INF] Loaded 4 quizzes from repository.
2025-10-22 22:35:21.077 +02:00 [INF] Executing ViewResult, running view TakeQuiz.
2025-10-22 22:35:21.339 +02:00 [INF] Executed ViewResult - view TakeQuiz executed in 213.9121ms.
2025-10-22 22:35:21.369 +02:00 [INF] Executed action QuizzyPop.Controllers.HomeController.TakeQuiz (QuizzyPop) in 480.8361ms
2025-10-22 22:35:21.379 +02:00 [INF] Request starting HTTP/2 GET https://localhost:7037/fonts/Baloo2-Regular.ttf - null null
2025-10-22 22:35:21.377 +02:00 [INF] Executed endpoint 'QuizzyPop.Controllers.HomeController.TakeQuiz (QuizzyPop)'
2025-10-22 22:35:21.406 +02:00 [INF] Request starting HTTP/2 GET https://localhost:7037/images/geometry.jpeg?v=ILbFYdycBluJl9o3yZDPEUTdIRSw7eFw8tJXk3FKY2E - null null
2025-10-22 22:35:21.406 +02:00 [INF] Request starting HTTP/2 GET https://localhost:7037/images/disney.webp?v=NaKwJmwsewkBDWX7ARsrHFZ7UNulgvesAY3mmwUAyOE - null null
2025-10-22 22:35:21.434 +02:00 [INF] Request finished HTTP/2 GET https://localhost:7037/fonts/Baloo2-Regular.ttf - 404 0 null 55.3476ms
2025-10-22 22:35:21.434 +02:00 [INF] Request reached the end of the middleware pipeline without being handled by application code. Request path: GET https://localhost:7037/fonts/Baloo2-Regular.ttf, Response status code: 404
2025-10-22 22:35:21.434 +02:00 [INF] The file /images/geometry.jpeg was not modified
2025-10-22 22:35:21.435 +02:00 [INF] Request finished HTTP/2 GET https://localhost:7037/images/geometry.jpeg?v=ILbFYdycBluJl9o3yZDPEUTdIRSw7eFw8tJXk3FKY2E - 304 null image/jpeg 28.5981ms
2025-10-22 22:35:21.435 +02:00 [INF] Request starting HTTP/2 GET https://localhost:7037/images/default-cover.png - null null
2025-10-22 22:35:21.436 +02:00 [INF] The file /images/disney.webp was not modified
2025-10-22 22:35:21.436 +02:00 [INF] Request finished HTTP/2 GET https://localhost:7037/images/disney.webp?v=NaKwJmwsewkBDWX7ARsrHFZ7UNulgvesAY3mmwUAyOE - 304 null image/webp 29.9522ms
2025-10-22 22:35:21.436 +02:00 [INF] Request finished HTTP/2 GET https://localhost:7037/images/default-cover.png - 404 0 null 0.9026ms
2025-10-22 22:35:21.443 +02:00 [INF] Request reached the end of the middleware pipeline without being handled by application code. Request path: GET https://localhost:7037/images/default-cover.png, Response status code: 404
2025-10-22 22:35:21.478 +02:00 [INF] Request finished HTTP/2 GET https://localhost:7037/Home/TakeQuiz - 200 null text/html; charset=utf-8 739.2846ms
2025-10-22 22:35:27.008 +02:00 [INF] Request starting HTTP/2 GET https://localhost:7037/Home/StartQuiz/4 - null null
2025-10-22 22:35:27.010 +02:00 [INF] Executing endpoint 'QuizzyPop.Controllers.HomeController.StartQuiz (QuizzyPop)'
2025-10-22 22:35:27.032 +02:00 [INF] Route matched with {action = "StartQuiz", controller = "Home"}. Executing controller action with signature System.Threading.Tasks.Task`1[Microsoft.AspNetCore.Mvc.IActionResult] StartQuiz(Int32, Int32) on controller QuizzyPop.Controllers.HomeController (QuizzyPop).
2025-10-22 22:35:27.091 +02:00 [INF] Executing ViewResult, running view EmptyQuiz.
2025-10-22 22:35:27.092 +02:00 [ERR] The view 'EmptyQuiz' was not found. Searched locations: ["/Views/Home/EmptyQuiz.cshtml","/Views/Shared/EmptyQuiz.cshtml"]
2025-10-22 22:35:27.095 +02:00 [INF] Executed action QuizzyPop.Controllers.HomeController.StartQuiz (QuizzyPop) in 62.0264ms
2025-10-22 22:35:27.095 +02:00 [INF] Executed endpoint 'QuizzyPop.Controllers.HomeController.StartQuiz (QuizzyPop)'
2025-10-22 22:35:27.111 +02:00 [ERR] An unhandled exception has occurred while executing the request.
System.InvalidOperationException: The view 'EmptyQuiz' was not found. The following locations were searched:
/Views/Home/EmptyQuiz.cshtml
/Views/Shared/EmptyQuiz.cshtml
   at Microsoft.AspNetCore.Mvc.ViewEngines.ViewEngineResult.EnsureSuccessful(IEnumerable`1 originalLocations)
   at Microsoft.AspNetCore.Mvc.ViewFeatures.ViewResultExecutor.ExecuteAsync(ActionContext context, ViewResult result)
   at Microsoft.AspNetCore.Mvc.ViewResult.ExecuteResultAsync(ActionContext context)
   at Microsoft.AspNetCore.Mvc.Infrastructure.ResourceInvoker.<InvokeNextResultFilterAsync>g__Awaited|30_0[TFilter,TFilterAsync](ResourceInvoker invoker, Task lastTask, State next, Scope scope, Object state, Boolean isCompleted)
   at Microsoft.AspNetCore.Mvc.Infrastructure.ResourceInvoker.Rethrow(ResultExecutedContextSealed context)
   at Microsoft.AspNetCore.Mvc.Infrastructure.ResourceInvoker.ResultNext[TFilter,TFilterAsync](State& next, Scope& scope, Object& state, Boolean& isCompleted)
   at Microsoft.AspNetCore.Mvc.Infrastructure.ResourceInvoker.InvokeResultFilters()
--- End of stack trace from previous location ---
   at Microsoft.AspNetCore.Mvc.Infrastructure.ResourceInvoker.<InvokeNextResourceFilter>g__Awaited|25_0(ResourceInvoker invoker, Task lastTask, State next, Scope scope, Object state, Boolean isCompleted)
   at Microsoft.AspNetCore.Mvc.Infrastructure.ResourceInvoker.Rethrow(ResourceExecutedContextSealed context)
   at Microsoft.AspNetCore.Mvc.Infrastructure.ResourceInvoker.Next(State& next, Scope& scope, Object& state, Boolean& isCompleted)
   at Microsoft.AspNetCore.Mvc.Infrastructure.ResourceInvoker.InvokeFilterPipelineAsync()
--- End of stack trace from previous location ---
   at Microsoft.AspNetCore.Mvc.Infrastructure.ResourceInvoker.<InvokeAsync>g__Logged|17_1(ResourceInvoker invoker)
   at Microsoft.AspNetCore.Mvc.Infrastructure.ResourceInvoker.<InvokeAsync>g__Logged|17_1(ResourceInvoker invoker)
   at Microsoft.AspNetCore.Routing.EndpointMiddleware.<Invoke>g__AwaitRequestTask|7_0(Endpoint endpoint, Task requestTask, ILogger logger)
   at Microsoft.AspNetCore.Authorization.AuthorizationMiddleware.Invoke(HttpContext context)
   at Microsoft.AspNetCore.Session.SessionMiddleware.Invoke(HttpContext context)
   at Microsoft.AspNetCore.Session.SessionMiddleware.Invoke(HttpContext context)
   at Microsoft.AspNetCore.Diagnostics.DeveloperExceptionPageMiddlewareImpl.Invoke(HttpContext context)
2025-10-22 22:35:27.119 +02:00 [INF] Request finished HTTP/2 GET https://localhost:7037/Home/StartQuiz/4 - 500 null text/html; charset=utf-8 110.8736ms
2025-10-22 22:35:35.531 +02:00 [INF] Request starting HTTP/2 GET https://localhost:7037/Home/CreateQuiz - null null
2025-10-22 22:35:35.532 +02:00 [INF] Executing endpoint 'QuizzyPop.Controllers.HomeController.CreateQuiz (QuizzyPop)'
2025-10-22 22:35:35.537 +02:00 [INF] Route matched with {action = "CreateQuiz", controller = "Home"}. Executing controller action with signature System.Threading.Tasks.Task`1[Microsoft.AspNetCore.Mvc.IActionResult] CreateQuiz() on controller QuizzyPop.Controllers.HomeController (QuizzyPop).
2025-10-22 22:35:35.572 +02:00 [INF] Executing ViewResult, running view CreateQuiz.
2025-10-22 22:35:35.682 +02:00 [INF] Executed ViewResult - view CreateQuiz executed in 110.2452ms.
2025-10-22 22:35:35.683 +02:00 [INF] Executed action QuizzyPop.Controllers.HomeController.CreateQuiz (QuizzyPop) in 145.9301ms
2025-10-22 22:35:35.683 +02:00 [INF] Executed endpoint 'QuizzyPop.Controllers.HomeController.CreateQuiz (QuizzyPop)'
2025-10-22 22:35:35.683 +02:00 [INF] Request finished HTTP/2 GET https://localhost:7037/Home/CreateQuiz - 200 null text/html; charset=utf-8 152.9664ms
2025-10-22 22:35:35.748 +02:00 [INF] Request starting HTTP/2 GET https://localhost:7037/fonts/Baloo2-Regular.ttf - null null
2025-10-22 22:35:35.749 +02:00 [INF] Request finished HTTP/2 GET https://localhost:7037/fonts/Baloo2-Regular.ttf - 404 0 null 0.9403ms
2025-10-22 22:35:35.749 +02:00 [INF] Request reached the end of the middleware pipeline without being handled by application code. Request path: GET https://localhost:7037/fonts/Baloo2-Regular.ttf, Response status code: 404
2025-10-22 22:35:41.999 +02:00 [INF] Request starting HTTP/2 POST https://localhost:7037/Home/CreateQuiz - multipart/form-data; boundary=----WebKitFormBoundaryMEjMX8tBQyBFuLO8 1154
2025-10-22 22:35:42.003 +02:00 [INF] Executing endpoint 'QuizzyPop.Controllers.HomeController.CreateQuiz (QuizzyPop)'
2025-10-22 22:35:42.021 +02:00 [INF] Route matched with {action = "CreateQuiz", controller = "Home"}. Executing controller action with signature System.Threading.Tasks.Task`1[Microsoft.AspNetCore.Mvc.IActionResult] CreateQuiz(QuizzyPop.ViewModels.QuizMetaDataViewModel) on controller QuizzyPop.Controllers.HomeController (QuizzyPop).
2025-10-22 22:35:42.040 +02:00 [WRN] Create Quiz attempted without title
2025-10-22 22:35:42.041 +02:00 [INF] Executing ViewResult, running view CreateQuiz.
2025-10-22 22:35:42.095 +02:00 [INF] Executed ViewResult - view CreateQuiz executed in 28.9607ms.
2025-10-22 22:35:42.169 +02:00 [INF] Executed action QuizzyPop.Controllers.HomeController.CreateQuiz (QuizzyPop) in 123.167ms
2025-10-22 22:35:42.191 +02:00 [INF] Executed endpoint 'QuizzyPop.Controllers.HomeController.CreateQuiz (QuizzyPop)'
2025-10-22 22:35:42.196 +02:00 [INF] Request starting HTTP/2 GET https://localhost:7037/fonts/Baloo2-Regular.ttf - null null
2025-10-22 22:35:42.196 +02:00 [INF] Request finished HTTP/2 POST https://localhost:7037/Home/CreateQuiz - 200 null text/html; charset=utf-8 196.133ms
2025-10-22 22:35:42.196 +02:00 [INF] Request finished HTTP/2 GET https://localhost:7037/fonts/Baloo2-Regular.ttf - 404 0 null 0.7763ms
2025-10-22 22:35:42.197 +02:00 [INF] Request reached the end of the middleware pipeline without being handled by application code. Request path: GET https://localhost:7037/fonts/Baloo2-Regular.ttf, Response status code: 404
