2025-10-22 23:15:09.199 +02:00 [WRN] The property 'Question.Choices' is a collection or enumeration type with a value converter but with no value comparer. Set a value comparer to ensure the collection/enumeration elements are compared correctly.
2025-10-22 23:15:09.383 +02:00 [INF] User profile is available. Using '/Users/mathiasjudre/.aspnet/DataProtection-Keys' as key repository; keys will not be encrypted at rest.
2025-10-22 23:15:09.629 +02:00 [INF] Now listening on: https://localhost:7037
2025-10-22 23:15:09.630 +02:00 [INF] Now listening on: http://localhost:5299
2025-10-22 23:15:09.633 +02:00 [INF] Application started. Press Ctrl+C to shut down.
2025-10-22 23:15:09.634 +02:00 [INF] Hosting environment: Development
2025-10-22 23:15:09.634 +02:00 [INF] Content root path: /Users/mathiasjudre/Desktop/Skole/5. Semester/ITPE3200 - Webapplikasjoner/QuizzyPop/QuizzyPop
2025-10-22 23:15:09.893 +02:00 [INF] Request starting HTTP/2 GET https://localhost:7037/Home/Index - null null
2025-10-22 23:15:09.904 +02:00 [INF] Executing endpoint 'QuizzyPop.Controllers.HomeController.Index (QuizzyPop)'
2025-10-22 23:15:09.911 +02:00 [INF] Route matched with {action = "Index", controller = "Home"}. Executing controller action with signature Microsoft.AspNetCore.Mvc.IActionResult Index() on controller QuizzyPop.Controllers.HomeController (QuizzyPop).
2025-10-22 23:15:09.915 +02:00 [INF] Executing ViewResult, running view Index.
2025-10-22 23:15:10.051 +02:00 [INF] Executed ViewResult - view Index executed in 111.4377ms.
2025-10-22 23:15:10.053 +02:00 [INF] Executed action QuizzyPop.Controllers.HomeController.Index (QuizzyPop) in 142.1549ms
2025-10-22 23:15:10.053 +02:00 [INF] Executed endpoint 'QuizzyPop.Controllers.HomeController.Index (QuizzyPop)'
2025-10-22 23:15:10.057 +02:00 [INF] Request finished HTTP/2 GET https://localhost:7037/Home/Index - 200 null text/html; charset=utf-8 164.7577ms
2025-10-22 23:15:10.144 +02:00 [INF] Request starting HTTP/2 GET https://localhost:7037/fonts/Baloo2-Regular.ttf - null null
2025-10-22 23:15:10.148 +02:00 [INF] Request finished HTTP/2 GET https://localhost:7037/fonts/Baloo2-Regular.ttf - 404 0 null 3.4846ms
2025-10-22 23:15:10.148 +02:00 [INF] Request reached the end of the middleware pipeline without being handled by application code. Request path: GET https://localhost:7037/fonts/Baloo2-Regular.ttf, Response status code: 404
2025-10-22 23:15:11.382 +02:00 [INF] Request starting HTTP/2 GET https://localhost:7037/Home/CreateQuiz - null null
2025-10-22 23:15:11.388 +02:00 [INF] Executing endpoint 'QuizzyPop.Controllers.HomeController.CreateQuiz (QuizzyPop)'
2025-10-22 23:15:11.399 +02:00 [INF] Route matched with {action = "CreateQuiz", controller = "Home"}. Executing controller action with signature System.Threading.Tasks.Task`1[Microsoft.AspNetCore.Mvc.IActionResult] CreateQuiz() on controller QuizzyPop.Controllers.HomeController (QuizzyPop).
2025-10-22 23:15:11.509 +02:00 [INF] Executing ViewResult, running view CreateQuiz.
2025-10-22 23:15:11.736 +02:00 [INF] Executed ViewResult - view CreateQuiz executed in 204.6193ms.
2025-10-22 23:15:11.759 +02:00 [INF] Executed action QuizzyPop.Controllers.HomeController.CreateQuiz (QuizzyPop) in 359.9143ms
2025-10-22 23:15:11.830 +02:00 [INF] Request starting HTTP/2 GET https://localhost:7037/fonts/Baloo2-Regular.ttf - null null
2025-10-22 23:15:11.831 +02:00 [INF] Executed endpoint 'QuizzyPop.Controllers.HomeController.CreateQuiz (QuizzyPop)'
2025-10-22 23:15:11.831 +02:00 [INF] Request finished HTTP/2 GET https://localhost:7037/fonts/Baloo2-Regular.ttf - 404 0 null 0.9477ms
2025-10-22 23:15:11.832 +02:00 [INF] Request reached the end of the middleware pipeline without being handled by application code. Request path: GET https://localhost:7037/fonts/Baloo2-Regular.ttf, Response status code: 404
2025-10-22 23:15:11.834 +02:00 [INF] Request finished HTTP/2 GET https://localhost:7037/Home/CreateQuiz - 200 null text/html; charset=utf-8 451.5722ms
2025-10-22 23:15:18.823 +02:00 [INF] Request starting HTTP/2 POST https://localhost:7037/Home/CreateQuiz - multipart/form-data; boundary=----WebKitFormBoundarybbYmyAjTNOevdpLs 1164
2025-10-22 23:15:18.825 +02:00 [INF] Executing endpoint 'QuizzyPop.Controllers.HomeController.CreateQuiz (QuizzyPop)'
2025-10-22 23:15:18.836 +02:00 [INF] Route matched with {action = "CreateQuiz", controller = "Home"}. Executing controller action with signature System.Threading.Tasks.Task`1[Microsoft.AspNetCore.Mvc.IActionResult] CreateQuiz(QuizzyPop.ViewModels.QuizMetaDataViewModel) on controller QuizzyPop.Controllers.HomeController (QuizzyPop).
2025-10-22 23:15:18.938 +02:00 [INF] Quiz 'matte' added successfully (ID: 11)
2025-10-22 23:15:18.939 +02:00 [INF] Quiz 'matte' created successfully with ID 11
2025-10-22 23:15:18.941 +02:00 [INF] Executing RedirectResult, redirecting to /Home/AddQuestions?quizId=11.
2025-10-22 23:15:18.942 +02:00 [INF] Executed action QuizzyPop.Controllers.HomeController.CreateQuiz (QuizzyPop) in 105.7194ms
2025-10-22 23:15:18.942 +02:00 [INF] Executed endpoint 'QuizzyPop.Controllers.HomeController.CreateQuiz (QuizzyPop)'
2025-10-22 23:15:18.942 +02:00 [INF] Request finished HTTP/2 POST https://localhost:7037/Home/CreateQuiz - 302 0 null 168.5482ms
2025-10-22 23:15:18.945 +02:00 [INF] Request starting HTTP/2 GET https://localhost:7037/Home/AddQuestions?quizId=11 - null null
2025-10-22 23:15:18.945 +02:00 [INF] Executing endpoint 'QuizzyPop.Controllers.HomeController.AddQuestions (QuizzyPop)'
2025-10-22 23:15:18.946 +02:00 [INF] Route matched with {action = "AddQuestions", controller = "Home"}. Executing controller action with signature Microsoft.AspNetCore.Mvc.IActionResult AddQuestions(Int32) on controller QuizzyPop.Controllers.HomeController (QuizzyPop).
2025-10-22 23:15:18.949 +02:00 [INF] Executing ViewResult, running view AddQuestions.
2025-10-22 23:15:19.036 +02:00 [INF] Executed ViewResult - view AddQuestions executed in 37.0517ms.
2025-10-22 23:15:19.158 +02:00 [INF] Executed action QuizzyPop.Controllers.HomeController.AddQuestions (QuizzyPop) in 211.1944ms
2025-10-22 23:15:19.182 +02:00 [INF] Executed endpoint 'QuizzyPop.Controllers.HomeController.AddQuestions (QuizzyPop)'
2025-10-22 23:15:19.182 +02:00 [INF] Request starting HTTP/2 GET https://localhost:7037/fonts/Baloo2-Regular.ttf - null null
2025-10-22 23:15:19.182 +02:00 [INF] Request finished HTTP/2 GET https://localhost:7037/Home/AddQuestions?quizId=11 - 200 null text/html; charset=utf-8 237.4747ms
2025-10-22 23:15:19.186 +02:00 [INF] Request finished HTTP/2 GET https://localhost:7037/fonts/Baloo2-Regular.ttf - 404 0 null 2.9447ms
2025-10-22 23:15:19.186 +02:00 [INF] Request reached the end of the middleware pipeline without being handled by application code. Request path: GET https://localhost:7037/fonts/Baloo2-Regular.ttf, Response status code: 404
2025-10-22 23:15:28.929 +02:00 [INF] Request starting HTTP/2 POST https://localhost:7037/Home/AddQuestions - application/x-www-form-urlencoded 434
2025-10-22 23:15:28.930 +02:00 [INF] Executing endpoint 'QuizzyPop.Controllers.HomeController.AddQuestions (QuizzyPop)'
2025-10-22 23:15:28.940 +02:00 [INF] Route matched with {action = "AddQuestions", controller = "Home"}. Executing controller action with signature System.Threading.Tasks.Task`1[Microsoft.AspNetCore.Mvc.IActionResult] AddQuestions(QuizzyPop.ViewModels.QuizQuestionViewModel, System.String) on controller QuizzyPop.Controllers.HomeController (QuizzyPop).
2025-10-22 23:15:28.951 +02:00 [INF] Executing ViewResult, running view AddQuestions.
2025-10-22 23:15:29.100 +02:00 [INF] Executed ViewResult - view AddQuestions executed in 149.9198ms.
2025-10-22 23:15:29.101 +02:00 [INF] Request starting HTTP/2 GET https://localhost:7037/fonts/Baloo2-Regular.ttf - null null
2025-10-22 23:15:29.101 +02:00 [INF] Executed action QuizzyPop.Controllers.HomeController.AddQuestions (QuizzyPop) in 161.2874ms
2025-10-22 23:15:29.101 +02:00 [INF] Executed endpoint 'QuizzyPop.Controllers.HomeController.AddQuestions (QuizzyPop)'
2025-10-22 23:15:29.102 +02:00 [INF] Request finished HTTP/2 POST https://localhost:7037/Home/AddQuestions - 200 null text/html; charset=utf-8 172.6857ms
2025-10-22 23:15:29.102 +02:00 [INF] Request finished HTTP/2 GET https://localhost:7037/fonts/Baloo2-Regular.ttf - 404 0 null 0.9889ms
2025-10-22 23:15:29.102 +02:00 [INF] Request reached the end of the middleware pipeline without being handled by application code. Request path: GET https://localhost:7037/fonts/Baloo2-Regular.ttf, Response status code: 404
2025-10-22 23:15:30.509 +02:00 [INF] Request starting HTTP/2 GET https://localhost:7037/Home/TakeQuiz - null null
2025-10-22 23:15:30.509 +02:00 [INF] Executing endpoint 'QuizzyPop.Controllers.HomeController.TakeQuiz (QuizzyPop)'
2025-10-22 23:15:30.511 +02:00 [INF] Route matched with {action = "TakeQuiz", controller = "Home"}. Executing controller action with signature System.Threading.Tasks.Task`1[Microsoft.AspNetCore.Mvc.IActionResult] TakeQuiz() on controller QuizzyPop.Controllers.HomeController (QuizzyPop).
2025-10-22 23:15:30.577 +02:00 [INF] Loaded 4 quizzes from repository.
2025-10-22 23:15:30.577 +02:00 [INF] Executing ViewResult, running view TakeQuiz.
2025-10-22 23:15:30.688 +02:00 [INF] Executed ViewResult - view TakeQuiz executed in 111.2492ms.
2025-10-22 23:15:30.688 +02:00 [INF] Executed action QuizzyPop.Controllers.HomeController.TakeQuiz (QuizzyPop) in 177.2273ms
2025-10-22 23:15:30.688 +02:00 [INF] Executed endpoint 'QuizzyPop.Controllers.HomeController.TakeQuiz (QuizzyPop)'
2025-10-22 23:15:30.689 +02:00 [INF] Request finished HTTP/2 GET https://localhost:7037/Home/TakeQuiz - 200 null text/html; charset=utf-8 204.9806ms
2025-10-22 23:15:30.689 +02:00 [INF] Request starting HTTP/2 GET https://localhost:7037/images/default-cover.png - null null
2025-10-22 23:15:30.690 +02:00 [INF] Request starting HTTP/2 GET https://localhost:7037/fonts/Baloo2-Regular.ttf - null null
2025-10-22 23:15:30.690 +02:00 [INF] Request finished HTTP/2 GET https://localhost:7037/images/default-cover.png - 404 0 null 0.7357ms
2025-10-22 23:15:30.690 +02:00 [INF] Request finished HTTP/2 GET https://localhost:7037/fonts/Baloo2-Regular.ttf - 404 0 null 0.487ms
2025-10-22 23:15:30.690 +02:00 [INF] Request reached the end of the middleware pipeline without being handled by application code. Request path: GET https://localhost:7037/images/default-cover.png, Response status code: 404
2025-10-22 23:15:30.690 +02:00 [INF] Request reached the end of the middleware pipeline without being handled by application code. Request path: GET https://localhost:7037/fonts/Baloo2-Regular.ttf, Response status code: 404
2025-10-22 23:15:31.851 +02:00 [INF] Request starting HTTP/2 GET https://localhost:7037/Home/StartQuiz/11 - null null
2025-10-22 23:15:31.852 +02:00 [INF] Executing endpoint 'QuizzyPop.Controllers.HomeController.StartQuiz (QuizzyPop)'
2025-10-22 23:15:31.857 +02:00 [INF] Route matched with {action = "StartQuiz", controller = "Home"}. Executing controller action with signature System.Threading.Tasks.Task`1[Microsoft.AspNetCore.Mvc.IActionResult] StartQuiz(Int32, Int32) on controller QuizzyPop.Controllers.HomeController (QuizzyPop).
2025-10-22 23:15:31.898 +02:00 [INF] Executing ViewResult, running view EmptyQuiz.
2025-10-22 23:15:31.900 +02:00 [ERR] The view 'EmptyQuiz' was not found. Searched locations: ["/Views/Home/EmptyQuiz.cshtml","/Views/Shared/EmptyQuiz.cshtml"]
2025-10-22 23:15:31.904 +02:00 [INF] Executed action QuizzyPop.Controllers.HomeController.StartQuiz (QuizzyPop) in 46.6607ms
2025-10-22 23:15:31.904 +02:00 [INF] Executed endpoint 'QuizzyPop.Controllers.HomeController.StartQuiz (QuizzyPop)'
2025-10-22 23:15:31.924 +02:00 [ERR] An unhandled exception has occurred while executing the request.
System.InvalidOperationException: The view 'EmptyQuiz' was not found. The following locations were searched:
/Views/Home/EmptyQuiz.cshtml
/Views/Shared/EmptyQuiz.cshtml
   at Microsoft.AspNetCore.Mvc.ViewEngines.ViewEngineResult.EnsureSuccessful(IEnumerable`1 originalLocations)
   at Microsoft.AspNetCore.Mvc.ViewFeatures.ViewResultExecutor.ExecuteAsync(ActionContext context, ViewResult result)
   at Microsoft.AspNetCore.Mvc.ViewResult.ExecuteResultAsync(ActionContext context)
   at Microsoft.AspNetCore.Mvc.Infrastructure.ResourceInvoker.<InvokeNextResultFilterAsync>g__Awaited|30_0[TFilter,TFilterAsync](ResourceInvoker invoker, Task lastTask, State next, Scope scope, Object state, Boolean isCompleted)
   at Microsoft.AspNetCore.Mvc.Infrastructure.ResourceInvoker.Rethrow(ResultExecutedContextSealed context)
   at Microsoft.AspNetCore.Mvc.Infrastructure.ResourceInvoker.ResultNext[TFilter,TFilterAsync](State& next, Scope& scope, Object& state, Boolean& isCompleted)
   at Microsoft.AspNetCore.Mvc.Infrastructure.ResourceInvoker.InvokeResultFilters()
--- End of stack trace from previous location ---
   at Microsoft.AspNetCore.Mvc.Infrastructure.ResourceInvoker.<InvokeNextResourceFilter>g__Awaited|25_0(ResourceInvoker invoker, Task lastTask, State next, Scope scope, Object state, Boolean isCompleted)
   at Microsoft.AspNetCore.Mvc.Infrastructure.ResourceInvoker.Rethrow(ResourceExecutedContextSealed context)
   at Microsoft.AspNetCore.Mvc.Infrastructure.ResourceInvoker.Next(State& next, Scope& scope, Object& state, Boolean& isCompleted)
   at Microsoft.AspNetCore.Mvc.Infrastructure.ResourceInvoker.InvokeFilterPipelineAsync()
--- End of stack trace from previous location ---
   at Microsoft.AspNetCore.Mvc.Infrastructure.ResourceInvoker.<InvokeAsync>g__Logged|17_1(ResourceInvoker invoker)
   at Microsoft.AspNetCore.Mvc.Infrastructure.ResourceInvoker.<InvokeAsync>g__Logged|17_1(ResourceInvoker invoker)
   at Microsoft.AspNetCore.Routing.EndpointMiddleware.<Invoke>g__AwaitRequestTask|7_0(Endpoint endpoint, Task requestTask, ILogger logger)
   at Microsoft.AspNetCore.Authorization.AuthorizationMiddleware.Invoke(HttpContext context)
   at Microsoft.AspNetCore.Session.SessionMiddleware.Invoke(HttpContext context)
   at Microsoft.AspNetCore.Session.SessionMiddleware.Invoke(HttpContext context)
   at Microsoft.AspNetCore.Diagnostics.DeveloperExceptionPageMiddlewareImpl.Invoke(HttpContext context)
2025-10-22 23:15:31.935 +02:00 [INF] Request finished HTTP/2 GET https://localhost:7037/Home/StartQuiz/11 - 500 null text/html; charset=utf-8 107.6502ms
