2025-10-14 13:18:43.569 +02:00 [INF] User profile is available. Using 'C:\Users\Vincent Ngo\AppData\Local\ASP.NET\DataProtection-Keys' as key repository and Windows DPAPI to encrypt keys at rest.
2025-10-14 13:18:43.728 +02:00 [INF] Now listening on: http://localhost:5299
2025-10-14 13:18:43.735 +02:00 [INF] Application started. Press Ctrl+C to shut down.
2025-10-14 13:18:43.736 +02:00 [INF] Hosting environment: Development
2025-10-14 13:18:43.736 +02:00 [INF] Content root path: C:\Users\Vincent Ngo\Downloads\QuizzyPop\Quizzypop
2025-10-14 13:19:03.848 +02:00 [INF] Request starting HTTP/1.1 GET http://localhost:5299/ - null null
2025-10-14 13:19:03.870 +02:00 [WRN] Failed to determine the https port for redirect.
2025-10-14 13:19:03.923 +02:00 [INF] Executing endpoint 'QuizzyPop.Controllers.HomeController.Index (QuizzyPop)'
2025-10-14 13:19:03.961 +02:00 [INF] Route matched with {action = "Index", controller = "Home"}. Executing controller action with signature Microsoft.AspNetCore.Mvc.IActionResult Index() on controller QuizzyPop.Controllers.HomeController (QuizzyPop).
2025-10-14 13:19:04.013 +02:00 [INF] Executing ViewResult, running view Index.
2025-10-14 13:19:04.172 +02:00 [INF] Executed ViewResult - view Index executed in 164.4197ms.
2025-10-14 13:19:04.174 +02:00 [INF] Executed action QuizzyPop.Controllers.HomeController.Index (QuizzyPop) in 210.1486ms
2025-10-14 13:19:04.174 +02:00 [INF] Executed endpoint 'QuizzyPop.Controllers.HomeController.Index (QuizzyPop)'
2025-10-14 13:19:04.179 +02:00 [INF] Request finished HTTP/1.1 GET http://localhost:5299/ - 200 null text/html; charset=utf-8 334.1722ms
2025-10-14 13:19:04.536 +02:00 [INF] Request starting HTTP/1.1 GET http://localhost:5299/images/QuizzyNoArms.png - null null
2025-10-14 13:19:04.536 +02:00 [INF] Request starting HTTP/1.1 GET http://localhost:5299/images/QuizzyBlueberry.png - null null
2025-10-14 13:19:04.537 +02:00 [INF] Request starting HTTP/1.1 GET http://localhost:5299/css/purged.css - null null
2025-10-14 13:19:04.575 +02:00 [INF] Sending file. Request path: '/images/QuizzyNoArms.png'. Physical path: 'C:\Users\Vincent Ngo\Downloads\QuizzyPop\Quizzypop\wwwroot\images\QuizzyNoArms.png'
2025-10-14 13:19:04.576 +02:00 [INF] Request finished HTTP/1.1 GET http://localhost:5299/images/QuizzyNoArms.png - 200 1734 image/png 40.5425ms
2025-10-14 13:19:04.607 +02:00 [INF] Sending file. Request path: '/css/purged.css'. Physical path: 'C:\Users\Vincent Ngo\Downloads\QuizzyPop\Quizzypop\wwwroot\css\purged.css'
2025-10-14 13:19:04.607 +02:00 [INF] Request finished HTTP/1.1 GET http://localhost:5299/css/purged.css - 200 16209 text/css 70.0481ms
2025-10-14 13:19:04.661 +02:00 [INF] Sending file. Request path: '/images/QuizzyBlueberry.png'. Physical path: 'C:\Users\Vincent Ngo\Downloads\QuizzyPop\Quizzypop\wwwroot\images\QuizzyBlueberry.png'
2025-10-14 13:19:04.670 +02:00 [INF] Request finished HTTP/1.1 GET http://localhost:5299/images/QuizzyBlueberry.png - 200 1609119 image/png 134.5765ms
2025-10-14 13:19:07.389 +02:00 [INF] Request starting HTTP/1.1 GET http://localhost:5299/fonts/Baby.ttf - null null
2025-10-14 13:19:07.417 +02:00 [INF] Sending file. Request path: '/fonts/Baby.ttf'. Physical path: 'C:\Users\Vincent Ngo\Downloads\QuizzyPop\Quizzypop\wwwroot\fonts\Baby.ttf'
2025-10-14 13:19:07.417 +02:00 [INF] Request finished HTTP/1.1 GET http://localhost:5299/fonts/Baby.ttf - 200 30700 application/x-font-ttf 28.6435ms
2025-10-14 13:19:08.500 +02:00 [INF] Request starting HTTP/1.1 GET http://localhost:5299/Home/TakeQuiz - null null
2025-10-14 13:19:08.502 +02:00 [INF] Executing endpoint 'QuizzyPop.Controllers.HomeController.TakeQuiz (QuizzyPop)'
2025-10-14 13:19:08.508 +02:00 [INF] Route matched with {action = "TakeQuiz", controller = "Home"}. Executing controller action with signature System.Threading.Tasks.Task`1[Microsoft.AspNetCore.Mvc.IActionResult] TakeQuiz() on controller QuizzyPop.Controllers.HomeController (QuizzyPop).
2025-10-14 13:19:08.687 +02:00 [INF] Loaded 2 quizzes from database.
2025-10-14 13:19:08.690 +02:00 [INF] Executing ViewResult, running view TakeQuiz.
2025-10-14 13:19:08.712 +02:00 [INF] Executed ViewResult - view TakeQuiz executed in 23.9738ms.
2025-10-14 13:19:08.714 +02:00 [INF] Executed action QuizzyPop.Controllers.HomeController.TakeQuiz (QuizzyPop) in 205.1758ms
2025-10-14 13:19:08.714 +02:00 [INF] Executed endpoint 'QuizzyPop.Controllers.HomeController.TakeQuiz (QuizzyPop)'
2025-10-14 13:19:08.725 +02:00 [INF] Request finished HTTP/1.1 GET http://localhost:5299/Home/TakeQuiz - 200 null text/html; charset=utf-8 225.0319ms
2025-10-14 13:19:08.827 +02:00 [INF] Request starting HTTP/1.1 GET http://localhost:5299/fonts/Baloo2-Regular.ttf - null null
2025-10-14 13:19:08.830 +02:00 [INF] Request finished HTTP/1.1 GET http://localhost:5299/fonts/Baloo2-Regular.ttf - 404 0 null 2.8605ms
2025-10-14 13:19:08.833 +02:00 [INF] Request reached the end of the middleware pipeline without being handled by application code. Request path: GET http://localhost:5299/fonts/Baloo2-Regular.ttf, Response status code: 404
