2025-10-23 12:19:17.117 +02:00 [WRN] The property 'Question.Choices' is a collection or enumeration type with a value converter but with no value comparer. Set a value comparer to ensure the collection/enumeration elements are compared correctly.
2025-10-23 12:19:17.364 +02:00 [WRN] The property 'Question.Choices' is a collection or enumeration type with a value converter but with no value comparer. Set a value comparer to ensure the collection/enumeration elements are compared correctly.
2025-10-23 12:19:18.166 +02:00 [INF] User profile is available. Using 'C:\Users\Vincent Ngo\AppData\Local\ASP.NET\DataProtection-Keys' as key repository and Windows DPAPI to encrypt keys at rest.
2025-10-23 12:19:18.234 +02:00 [INF] Now listening on: http://localhost:5299
2025-10-23 12:19:18.237 +02:00 [INF] Application started. Press Ctrl+C to shut down.
2025-10-23 12:19:18.238 +02:00 [INF] Hosting environment: Development
2025-10-23 12:19:18.238 +02:00 [INF] Content root path: C:\Users\Vincent Ngo\Downloads\QuizzyPop\QuizzyPop
2025-10-23 12:19:22.984 +02:00 [INF] Request starting HTTP/1.1 GET http://localhost:5299/ - null null
2025-10-23 12:19:23.007 +02:00 [WRN] Failed to determine the https port for redirect.
2025-10-23 12:19:23.066 +02:00 [INF] Executing endpoint 'QuizzyPop.Controllers.HomeController.Index (QuizzyPop)'
2025-10-23 12:19:23.089 +02:00 [INF] Route matched with {action = "Index", controller = "Home"}. Executing controller action with signature Microsoft.AspNetCore.Mvc.IActionResult Index() on controller QuizzyPop.Controllers.HomeController (QuizzyPop).
2025-10-23 12:19:23.118 +02:00 [INF] Executing ViewResult, running view Index.
2025-10-23 12:19:23.287 +02:00 [INF] Executed ViewResult - view Index executed in 168.3912ms.
2025-10-23 12:19:23.289 +02:00 [INF] Executed action QuizzyPop.Controllers.HomeController.Index (QuizzyPop) in 199.0642ms
2025-10-23 12:19:23.289 +02:00 [INF] Executed endpoint 'QuizzyPop.Controllers.HomeController.Index (QuizzyPop)'
2025-10-23 12:19:23.295 +02:00 [INF] Request finished HTTP/1.1 GET http://localhost:5299/ - 200 null text/html; charset=utf-8 317.3507ms
2025-10-23 12:19:26.308 +02:00 [INF] Request starting HTTP/1.1 GET http://localhost:5299/fonts/Baloo2-Regular.ttf - null null
2025-10-23 12:19:26.324 +02:00 [INF] Request finished HTTP/1.1 GET http://localhost:5299/fonts/Baloo2-Regular.ttf - 404 0 null 15.1074ms
2025-10-23 12:19:26.326 +02:00 [INF] Request reached the end of the middleware pipeline without being handled by application code. Request path: GET http://localhost:5299/fonts/Baloo2-Regular.ttf, Response status code: 404
2025-10-23 12:19:27.526 +02:00 [INF] Request starting HTTP/1.1 GET http://localhost:5299/Home/TakeQuiz - null null
2025-10-23 12:19:27.531 +02:00 [INF] Executing endpoint 'QuizzyPop.Controllers.HomeController.TakeQuiz (QuizzyPop)'
2025-10-23 12:19:27.542 +02:00 [INF] Route matched with {action = "TakeQuiz", controller = "Home"}. Executing controller action with signature System.Threading.Tasks.Task`1[Microsoft.AspNetCore.Mvc.IActionResult] TakeQuiz() on controller QuizzyPop.Controllers.HomeController (QuizzyPop).
2025-10-23 12:19:27.822 +02:00 [INF] Loaded 2 quizzes from repository.
2025-10-23 12:19:27.824 +02:00 [INF] Executing ViewResult, running view TakeQuiz.
2025-10-23 12:19:27.906 +02:00 [INF] Accessing expired session, Key:9a63785d-eac7-fe47-9a75-9d1a1b9838b0
2025-10-23 12:19:27.909 +02:00 [INF] Executed ViewResult - view TakeQuiz executed in 85.4173ms.
2025-10-23 12:19:27.909 +02:00 [INF] Executed action QuizzyPop.Controllers.HomeController.TakeQuiz (QuizzyPop) in 366.8032ms
2025-10-23 12:19:27.909 +02:00 [INF] Executed endpoint 'QuizzyPop.Controllers.HomeController.TakeQuiz (QuizzyPop)'
2025-10-23 12:19:27.912 +02:00 [INF] Request finished HTTP/1.1 GET http://localhost:5299/Home/TakeQuiz - 200 null text/html; charset=utf-8 386.5763ms
2025-10-23 12:19:27.971 +02:00 [INF] Request starting HTTP/1.1 GET http://localhost:5299/fonts/Baloo2-Regular.ttf - null null
2025-10-23 12:19:27.972 +02:00 [INF] Request finished HTTP/1.1 GET http://localhost:5299/fonts/Baloo2-Regular.ttf - 404 0 null 1.2479ms
2025-10-23 12:19:27.972 +02:00 [INF] Request reached the end of the middleware pipeline without being handled by application code. Request path: GET http://localhost:5299/fonts/Baloo2-Regular.ttf, Response status code: 404
2025-10-23 12:21:06.898 +02:00 [INF] Application is shutting down...
