2025-10-22 22:56:25.688 +02:00 [WRN] The property 'Question.Choices' is a collection or enumeration type with a value converter but with no value comparer. Set a value comparer to ensure the collection/enumeration elements are compared correctly.
2025-10-22 22:56:25.918 +02:00 [INF] User profile is available. Using '/Users/mathiasjudre/.aspnet/DataProtection-Keys' as key repository; keys will not be encrypted at rest.
2025-10-22 22:56:26.146 +02:00 [INF] Now listening on: https://localhost:7037
2025-10-22 22:56:26.146 +02:00 [INF] Now listening on: http://localhost:5299
2025-10-22 22:56:26.149 +02:00 [INF] Application started. Press Ctrl+C to shut down.
2025-10-22 22:56:26.149 +02:00 [INF] Hosting environment: Development
2025-10-22 22:56:26.150 +02:00 [INF] Content root path: /Users/mathiasjudre/Desktop/Skole/5. Semester/ITPE3200 - Webapplikasjoner/QuizzyPop/QuizzyPop
2025-10-22 22:56:26.399 +02:00 [INF] Request starting HTTP/2 GET https://localhost:7037/Home/Index - null null
2025-10-22 22:56:26.410 +02:00 [INF] Executing endpoint 'QuizzyPop.Controllers.HomeController.Index (QuizzyPop)'
2025-10-22 22:56:26.415 +02:00 [INF] Route matched with {action = "Index", controller = "Home"}. Executing controller action with signature Microsoft.AspNetCore.Mvc.IActionResult Index() on controller QuizzyPop.Controllers.HomeController (QuizzyPop).
2025-10-22 22:56:26.418 +02:00 [INF] Executing ViewResult, running view Index.
2025-10-22 22:56:26.457 +02:00 [INF] Executed ViewResult - view Index executed in 38.7261ms.
2025-10-22 22:56:26.458 +02:00 [INF] Executed action QuizzyPop.Controllers.HomeController.Index (QuizzyPop) in 43.4618ms
2025-10-22 22:56:26.459 +02:00 [INF] Executed endpoint 'QuizzyPop.Controllers.HomeController.Index (QuizzyPop)'
2025-10-22 22:56:26.462 +02:00 [INF] Request finished HTTP/2 GET https://localhost:7037/Home/Index - 200 null text/html; charset=utf-8 63.8411ms
2025-10-22 22:56:26.688 +02:00 [INF] Request starting HTTP/2 GET https://localhost:7037/fonts/Baloo2-Regular.ttf - null null
2025-10-22 22:56:26.716 +02:00 [INF] Request finished HTTP/2 GET https://localhost:7037/fonts/Baloo2-Regular.ttf - 404 0 null 28.4793ms
2025-10-22 22:56:26.717 +02:00 [INF] Request reached the end of the middleware pipeline without being handled by application code. Request path: GET https://localhost:7037/fonts/Baloo2-Regular.ttf, Response status code: 404
2025-10-22 22:56:30.352 +02:00 [INF] Request starting HTTP/2 GET https://localhost:7037/Home/CreateQuiz - null null
2025-10-22 22:56:30.357 +02:00 [INF] Executing endpoint 'QuizzyPop.Controllers.HomeController.CreateQuiz (QuizzyPop)'
2025-10-22 22:56:30.367 +02:00 [INF] Route matched with {action = "CreateQuiz", controller = "Home"}. Executing controller action with signature System.Threading.Tasks.Task`1[Microsoft.AspNetCore.Mvc.IActionResult] CreateQuiz() on controller QuizzyPop.Controllers.HomeController (QuizzyPop).
2025-10-22 22:56:30.456 +02:00 [INF] Executing ViewResult, running view CreateQuiz.
2025-10-22 22:56:30.480 +02:00 [INF] Executed ViewResult - view CreateQuiz executed in 24.7796ms.
2025-10-22 22:56:30.480 +02:00 [INF] Executed action QuizzyPop.Controllers.HomeController.CreateQuiz (QuizzyPop) in 112.9125ms
2025-10-22 22:56:30.506 +02:00 [INF] Executed endpoint 'QuizzyPop.Controllers.HomeController.CreateQuiz (QuizzyPop)'
2025-10-22 22:56:30.508 +02:00 [INF] Request finished HTTP/2 GET https://localhost:7037/Home/CreateQuiz - 200 null text/html; charset=utf-8 155.2672ms
2025-10-22 22:56:30.532 +02:00 [INF] Request starting HTTP/2 GET https://localhost:7037/fonts/Baloo2-Regular.ttf - null null
2025-10-22 22:56:30.533 +02:00 [INF] Request finished HTTP/2 GET https://localhost:7037/fonts/Baloo2-Regular.ttf - 404 0 null 1.067ms
2025-10-22 22:56:30.536 +02:00 [INF] Request reached the end of the middleware pipeline without being handled by application code. Request path: GET https://localhost:7037/fonts/Baloo2-Regular.ttf, Response status code: 404
2025-10-22 22:56:39.317 +02:00 [INF] Request starting HTTP/2 POST https://localhost:7037/Home/CreateQuiz - multipart/form-data; boundary=----WebKitFormBoundaryJj3spfvmK0xBZcW5 1169
2025-10-22 22:56:39.319 +02:00 [INF] Executing endpoint 'QuizzyPop.Controllers.HomeController.CreateQuiz (QuizzyPop)'
2025-10-22 22:56:39.341 +02:00 [INF] Route matched with {action = "CreateQuiz", controller = "Home"}. Executing controller action with signature System.Threading.Tasks.Task`1[Microsoft.AspNetCore.Mvc.IActionResult] CreateQuiz(QuizzyPop.ViewModels.QuizMetaDataViewModel) on controller QuizzyPop.Controllers.HomeController (QuizzyPop).
2025-10-22 22:57:09.544 +02:00 [ERR] Failed executing DbCommand (30,096ms) [Parameters=[@p0='?' (DbType = Int32), @p1='?' (DbType = DateTime), @p2='?' (Size = 10), @p3='?' (Size = 4), @p4='?', @p5='?' (Size = 5), @p6='?' (DbType = Int32)], CommandType='"Text"', CommandTimeout='30']
INSERT INTO "Quiz" ("CategoryId", "CreatedAt", "Description", "Difficulty", "ImageUrl", "Title", "UserId")
VALUES (@p0, @p1, @p2, @p3, @p4, @p5, @p6)
RETURNING "Id";
2025-10-22 22:57:09.597 +02:00 [ERR] An exception occurred in the database while saving changes for context type 'QuizzyPop.DAL.UserDbContext'.
Microsoft.EntityFrameworkCore.DbUpdateException: An error occurred while saving the entity changes. See the inner exception for details.
 ---> Microsoft.Data.Sqlite.SqliteException (0x80004005): SQLite Error 5: 'database is locked'.
   at Microsoft.Data.Sqlite.SqliteException.ThrowExceptionForRC(Int32 rc, sqlite3 db)
   at Microsoft.Data.Sqlite.SqliteDataReader.NextResult()
   at Microsoft.Data.Sqlite.SqliteCommand.ExecuteReader(CommandBehavior behavior)
   at Microsoft.Data.Sqlite.SqliteCommand.ExecuteReaderAsync(CommandBehavior behavior, CancellationToken cancellationToken)
   at Microsoft.Data.Sqlite.SqliteCommand.ExecuteDbDataReaderAsync(CommandBehavior behavior, CancellationToken cancellationToken)
   at Microsoft.EntityFrameworkCore.Storage.RelationalCommand.ExecuteReaderAsync(RelationalCommandParameterObject parameterObject, CancellationToken cancellationToken)
   at Microsoft.EntityFrameworkCore.Storage.RelationalCommand.ExecuteReaderAsync(RelationalCommandParameterObject parameterObject, CancellationToken cancellationToken)
   at Microsoft.EntityFrameworkCore.Update.ReaderModificationCommandBatch.ExecuteAsync(IRelationalConnection connection, CancellationToken cancellationToken)
   --- End of inner exception stack trace ---
   at Microsoft.EntityFrameworkCore.Update.ReaderModificationCommandBatch.ExecuteAsync(IRelationalConnection connection, CancellationToken cancellationToken)
   at Microsoft.EntityFrameworkCore.Update.Internal.BatchExecutor.ExecuteAsync(IEnumerable`1 commandBatches, IRelationalConnection connection, CancellationToken cancellationToken)
   at Microsoft.EntityFrameworkCore.Update.Internal.BatchExecutor.ExecuteAsync(IEnumerable`1 commandBatches, IRelationalConnection connection, CancellationToken cancellationToken)
   at Microsoft.EntityFrameworkCore.Update.Internal.BatchExecutor.ExecuteAsync(IEnumerable`1 commandBatches, IRelationalConnection connection, CancellationToken cancellationToken)
   at Microsoft.EntityFrameworkCore.ChangeTracking.Internal.StateManager.SaveChangesAsync(IList`1 entriesToSave, CancellationToken cancellationToken)
   at Microsoft.EntityFrameworkCore.ChangeTracking.Internal.StateManager.SaveChangesAsync(StateManager stateManager, Boolean acceptAllChangesOnSuccess, CancellationToken cancellationToken)
   at Microsoft.EntityFrameworkCore.DbContext.SaveChangesAsync(Boolean acceptAllChangesOnSuccess, CancellationToken cancellationToken)
Microsoft.EntityFrameworkCore.DbUpdateException: An error occurred while saving the entity changes. See the inner exception for details.
 ---> Microsoft.Data.Sqlite.SqliteException (0x80004005): SQLite Error 5: 'database is locked'.
   at Microsoft.Data.Sqlite.SqliteException.ThrowExceptionForRC(Int32 rc, sqlite3 db)
   at Microsoft.Data.Sqlite.SqliteDataReader.NextResult()
   at Microsoft.Data.Sqlite.SqliteCommand.ExecuteReader(CommandBehavior behavior)
   at Microsoft.Data.Sqlite.SqliteCommand.ExecuteReaderAsync(CommandBehavior behavior, CancellationToken cancellationToken)
   at Microsoft.Data.Sqlite.SqliteCommand.ExecuteDbDataReaderAsync(CommandBehavior behavior, CancellationToken cancellationToken)
   at Microsoft.EntityFrameworkCore.Storage.RelationalCommand.ExecuteReaderAsync(RelationalCommandParameterObject parameterObject, CancellationToken cancellationToken)
   at Microsoft.EntityFrameworkCore.Storage.RelationalCommand.ExecuteReaderAsync(RelationalCommandParameterObject parameterObject, CancellationToken cancellationToken)
   at Microsoft.EntityFrameworkCore.Update.ReaderModificationCommandBatch.ExecuteAsync(IRelationalConnection connection, CancellationToken cancellationToken)
   --- End of inner exception stack trace ---
   at Microsoft.EntityFrameworkCore.Update.ReaderModificationCommandBatch.ExecuteAsync(IRelationalConnection connection, CancellationToken cancellationToken)
   at Microsoft.EntityFrameworkCore.Update.Internal.BatchExecutor.ExecuteAsync(IEnumerable`1 commandBatches, IRelationalConnection connection, CancellationToken cancellationToken)
   at Microsoft.EntityFrameworkCore.Update.Internal.BatchExecutor.ExecuteAsync(IEnumerable`1 commandBatches, IRelationalConnection connection, CancellationToken cancellationToken)
   at Microsoft.EntityFrameworkCore.Update.Internal.BatchExecutor.ExecuteAsync(IEnumerable`1 commandBatches, IRelationalConnection connection, CancellationToken cancellationToken)
   at Microsoft.EntityFrameworkCore.ChangeTracking.Internal.StateManager.SaveChangesAsync(IList`1 entriesToSave, CancellationToken cancellationToken)
   at Microsoft.EntityFrameworkCore.ChangeTracking.Internal.StateManager.SaveChangesAsync(StateManager stateManager, Boolean acceptAllChangesOnSuccess, CancellationToken cancellationToken)
   at Microsoft.EntityFrameworkCore.DbContext.SaveChangesAsync(Boolean acceptAllChangesOnSuccess, CancellationToken cancellationToken)
2025-10-22 22:57:09.661 +02:00 [ERR] Error adding quiz 'matte'
Microsoft.EntityFrameworkCore.DbUpdateException: An error occurred while saving the entity changes. See the inner exception for details.
 ---> Microsoft.Data.Sqlite.SqliteException (0x80004005): SQLite Error 5: 'database is locked'.
   at Microsoft.Data.Sqlite.SqliteException.ThrowExceptionForRC(Int32 rc, sqlite3 db)
   at Microsoft.Data.Sqlite.SqliteDataReader.NextResult()
   at Microsoft.Data.Sqlite.SqliteCommand.ExecuteReader(CommandBehavior behavior)
   at Microsoft.Data.Sqlite.SqliteCommand.ExecuteReaderAsync(CommandBehavior behavior, CancellationToken cancellationToken)
   at Microsoft.Data.Sqlite.SqliteCommand.ExecuteDbDataReaderAsync(CommandBehavior behavior, CancellationToken cancellationToken)
   at Microsoft.EntityFrameworkCore.Storage.RelationalCommand.ExecuteReaderAsync(RelationalCommandParameterObject parameterObject, CancellationToken cancellationToken)
   at Microsoft.EntityFrameworkCore.Storage.RelationalCommand.ExecuteReaderAsync(RelationalCommandParameterObject parameterObject, CancellationToken cancellationToken)
   at Microsoft.EntityFrameworkCore.Update.ReaderModificationCommandBatch.ExecuteAsync(IRelationalConnection connection, CancellationToken cancellationToken)
   --- End of inner exception stack trace ---
   at Microsoft.EntityFrameworkCore.Update.ReaderModificationCommandBatch.ExecuteAsync(IRelationalConnection connection, CancellationToken cancellationToken)
   at Microsoft.EntityFrameworkCore.Update.Internal.BatchExecutor.ExecuteAsync(IEnumerable`1 commandBatches, IRelationalConnection connection, CancellationToken cancellationToken)
   at Microsoft.EntityFrameworkCore.Update.Internal.BatchExecutor.ExecuteAsync(IEnumerable`1 commandBatches, IRelationalConnection connection, CancellationToken cancellationToken)
   at Microsoft.EntityFrameworkCore.Update.Internal.BatchExecutor.ExecuteAsync(IEnumerable`1 commandBatches, IRelationalConnection connection, CancellationToken cancellationToken)
   at Microsoft.EntityFrameworkCore.ChangeTracking.Internal.StateManager.SaveChangesAsync(IList`1 entriesToSave, CancellationToken cancellationToken)
   at Microsoft.EntityFrameworkCore.ChangeTracking.Internal.StateManager.SaveChangesAsync(StateManager stateManager, Boolean acceptAllChangesOnSuccess, CancellationToken cancellationToken)
   at Microsoft.EntityFrameworkCore.DbContext.SaveChangesAsync(Boolean acceptAllChangesOnSuccess, CancellationToken cancellationToken)
   at Microsoft.EntityFrameworkCore.DbContext.SaveChangesAsync(Boolean acceptAllChangesOnSuccess, CancellationToken cancellationToken)
   at QuizzyPop.DAL.Repositories.QuizRepository.AddAsync(Quiz quiz) in /Users/mathiasjudre/Desktop/Skole/5. Semester/ITPE3200 - Webapplikasjoner/QuizzyPop/QuizzyPop/DAL/Repositories/QuizRepository.cs:line 81
2025-10-22 22:57:09.680 +02:00 [ERR] Database error while attempting to create new quiz with Title: matte
Microsoft.EntityFrameworkCore.DbUpdateException: An error occurred while saving the entity changes. See the inner exception for details.
 ---> Microsoft.Data.Sqlite.SqliteException (0x80004005): SQLite Error 5: 'database is locked'.
   at Microsoft.Data.Sqlite.SqliteException.ThrowExceptionForRC(Int32 rc, sqlite3 db)
   at Microsoft.Data.Sqlite.SqliteDataReader.NextResult()
   at Microsoft.Data.Sqlite.SqliteCommand.ExecuteReader(CommandBehavior behavior)
   at Microsoft.Data.Sqlite.SqliteCommand.ExecuteReaderAsync(CommandBehavior behavior, CancellationToken cancellationToken)
   at Microsoft.Data.Sqlite.SqliteCommand.ExecuteDbDataReaderAsync(CommandBehavior behavior, CancellationToken cancellationToken)
   at Microsoft.EntityFrameworkCore.Storage.RelationalCommand.ExecuteReaderAsync(RelationalCommandParameterObject parameterObject, CancellationToken cancellationToken)
   at Microsoft.EntityFrameworkCore.Storage.RelationalCommand.ExecuteReaderAsync(RelationalCommandParameterObject parameterObject, CancellationToken cancellationToken)
   at Microsoft.EntityFrameworkCore.Update.ReaderModificationCommandBatch.ExecuteAsync(IRelationalConnection connection, CancellationToken cancellationToken)
   --- End of inner exception stack trace ---
   at Microsoft.EntityFrameworkCore.Update.ReaderModificationCommandBatch.ExecuteAsync(IRelationalConnection connection, CancellationToken cancellationToken)
   at Microsoft.EntityFrameworkCore.Update.Internal.BatchExecutor.ExecuteAsync(IEnumerable`1 commandBatches, IRelationalConnection connection, CancellationToken cancellationToken)
   at Microsoft.EntityFrameworkCore.Update.Internal.BatchExecutor.ExecuteAsync(IEnumerable`1 commandBatches, IRelationalConnection connection, CancellationToken cancellationToken)
   at Microsoft.EntityFrameworkCore.Update.Internal.BatchExecutor.ExecuteAsync(IEnumerable`1 commandBatches, IRelationalConnection connection, CancellationToken cancellationToken)
   at Microsoft.EntityFrameworkCore.ChangeTracking.Internal.StateManager.SaveChangesAsync(IList`1 entriesToSave, CancellationToken cancellationToken)
   at Microsoft.EntityFrameworkCore.ChangeTracking.Internal.StateManager.SaveChangesAsync(StateManager stateManager, Boolean acceptAllChangesOnSuccess, CancellationToken cancellationToken)
   at Microsoft.EntityFrameworkCore.DbContext.SaveChangesAsync(Boolean acceptAllChangesOnSuccess, CancellationToken cancellationToken)
   at Microsoft.EntityFrameworkCore.DbContext.SaveChangesAsync(Boolean acceptAllChangesOnSuccess, CancellationToken cancellationToken)
   at QuizzyPop.DAL.Repositories.QuizRepository.AddAsync(Quiz quiz) in /Users/mathiasjudre/Desktop/Skole/5. Semester/ITPE3200 - Webapplikasjoner/QuizzyPop/QuizzyPop/DAL/Repositories/QuizRepository.cs:line 81
   at QuizzyPop.Controllers.HomeController.CreateQuiz(QuizMetaDataViewModel model) in /Users/mathiasjudre/Desktop/Skole/5. Semester/ITPE3200 - Webapplikasjoner/QuizzyPop/QuizzyPop/Controllers/HomeController.cs:line 69
2025-10-22 22:57:09.695 +02:00 [INF] Executing ViewResult, running view CreateQuiz.
2025-10-22 22:57:09.944 +02:00 [INF] Executed ViewResult - view CreateQuiz executed in 225.7853ms.
2025-10-22 22:57:09.944 +02:00 [INF] Executed action QuizzyPop.Controllers.HomeController.CreateQuiz (QuizzyPop) in 30609.6041ms
2025-10-22 22:57:09.944 +02:00 [INF] Executed endpoint 'QuizzyPop.Controllers.HomeController.CreateQuiz (QuizzyPop)'
2025-10-22 22:57:09.972 +02:00 [INF] Request finished HTTP/2 POST https://localhost:7037/Home/CreateQuiz - 200 null text/html; charset=utf-8 30685.0604ms
2025-10-22 22:57:10.001 +02:00 [INF] Request starting HTTP/2 GET https://localhost:7037/fonts/Baloo2-Regular.ttf - null null
2025-10-22 22:57:10.025 +02:00 [INF] Request finished HTTP/2 GET https://localhost:7037/fonts/Baloo2-Regular.ttf - 404 0 null 23.727ms
2025-10-22 22:57:10.025 +02:00 [INF] Request reached the end of the middleware pipeline without being handled by application code. Request path: GET https://localhost:7037/fonts/Baloo2-Regular.ttf, Response status code: 404
