2025-10-22 22:00:56.879 +02:00 [WRN] The property 'Question.Choices' is a collection or enumeration type with a value converter but with no value comparer. Set a value comparer to ensure the collection/enumeration elements are compared correctly.
2025-10-22 22:00:57.125 +02:00 [INF] User profile is available. Using '/Users/mathiasjudre/.aspnet/DataProtection-Keys' as key repository; keys will not be encrypted at rest.
2025-10-22 22:00:57.303 +02:00 [INF] Now listening on: https://localhost:7037
2025-10-22 22:00:57.303 +02:00 [INF] Now listening on: http://localhost:5299
2025-10-22 22:00:57.306 +02:00 [INF] Application started. Press Ctrl+C to shut down.
2025-10-22 22:00:57.306 +02:00 [INF] Hosting environment: Development
2025-10-22 22:00:57.306 +02:00 [INF] Content root path: /Users/mathiasjudre/Desktop/Skole/5. Semester/ITPE3200 - Webapplikasjoner/QuizzyPop/QuizzyPop
2025-10-22 22:00:57.539 +02:00 [INF] Request starting HTTP/2 GET https://localhost:7037/Home/Index - null null
2025-10-22 22:00:57.551 +02:00 [INF] Executing endpoint 'QuizzyPop.Controllers.HomeController.Index (QuizzyPop)'
2025-10-22 22:00:57.556 +02:00 [INF] Route matched with {action = "Index", controller = "Home"}. Executing controller action with signature Microsoft.AspNetCore.Mvc.IActionResult Index() on controller QuizzyPop.Controllers.HomeController (QuizzyPop).
2025-10-22 22:00:57.559 +02:00 [INF] Executing ViewResult, running view Index.
2025-10-22 22:00:57.593 +02:00 [INF] Executed ViewResult - view Index executed in 32.9199ms.
2025-10-22 22:00:57.596 +02:00 [INF] Executed action QuizzyPop.Controllers.HomeController.Index (QuizzyPop) in 40.1915ms
2025-10-22 22:00:57.596 +02:00 [INF] Executed endpoint 'QuizzyPop.Controllers.HomeController.Index (QuizzyPop)'
2025-10-22 22:00:57.600 +02:00 [INF] Request finished HTTP/2 GET https://localhost:7037/Home/Index - 200 null text/html; charset=utf-8 61.2238ms
2025-10-22 22:00:57.742 +02:00 [INF] Request starting HTTP/2 GET https://localhost:7037/fonts/Baloo2-Regular.ttf - null null
2025-10-22 22:00:57.745 +02:00 [INF] Request finished HTTP/2 GET https://localhost:7037/fonts/Baloo2-Regular.ttf - 404 0 null 3.2426ms
2025-10-22 22:00:57.745 +02:00 [INF] Request reached the end of the middleware pipeline without being handled by application code. Request path: GET https://localhost:7037/fonts/Baloo2-Regular.ttf, Response status code: 404
2025-10-22 22:00:59.162 +02:00 [INF] Request starting HTTP/2 GET https://localhost:7037/Home/CreateQuiz - null null
2025-10-22 22:00:59.166 +02:00 [INF] Executing endpoint 'QuizzyPop.Controllers.HomeController.CreateQuiz (QuizzyPop)'
2025-10-22 22:00:59.172 +02:00 [INF] Route matched with {action = "CreateQuiz", controller = "Home"}. Executing controller action with signature System.Threading.Tasks.Task`1[Microsoft.AspNetCore.Mvc.IActionResult] CreateQuiz() on controller QuizzyPop.Controllers.HomeController (QuizzyPop).
2025-10-22 22:00:59.258 +02:00 [INF] Executing ViewResult, running view CreateQuiz.
2025-10-22 22:00:59.309 +02:00 [INF] Executed ViewResult - view CreateQuiz executed in 51.6093ms.
2025-10-22 22:00:59.309 +02:00 [INF] Executed action QuizzyPop.Controllers.HomeController.CreateQuiz (QuizzyPop) in 137.2598ms
2025-10-22 22:00:59.309 +02:00 [INF] Executed endpoint 'QuizzyPop.Controllers.HomeController.CreateQuiz (QuizzyPop)'
2025-10-22 22:00:59.311 +02:00 [INF] Request finished HTTP/2 GET https://localhost:7037/Home/CreateQuiz - 200 null text/html; charset=utf-8 148.8672ms
2025-10-22 22:00:59.359 +02:00 [INF] Request starting HTTP/2 GET https://localhost:7037/fonts/Baloo2-Regular.ttf - null null
2025-10-22 22:00:59.359 +02:00 [INF] Request finished HTTP/2 GET https://localhost:7037/fonts/Baloo2-Regular.ttf - 404 0 null 0.7369ms
2025-10-22 22:00:59.359 +02:00 [INF] Request reached the end of the middleware pipeline without being handled by application code. Request path: GET https://localhost:7037/fonts/Baloo2-Regular.ttf, Response status code: 404
2025-10-22 22:01:29.817 +02:00 [INF] Request starting HTTP/2 POST https://localhost:7037/Home/CreateQuiz - multipart/form-data; boundary=----WebKitFormBoundaryMbJompYdzavhMLTR 1268
2025-10-22 22:01:29.846 +02:00 [INF] Executing endpoint 'QuizzyPop.Controllers.HomeController.CreateQuiz (QuizzyPop)'
2025-10-22 22:01:29.864 +02:00 [INF] Route matched with {action = "CreateQuiz", controller = "Home"}. Executing controller action with signature System.Threading.Tasks.Task`1[Microsoft.AspNetCore.Mvc.IActionResult] CreateQuiz(QuizzyPop.ViewModels.QuizMetaDataViewModel) on controller QuizzyPop.Controllers.HomeController (QuizzyPop).
2025-10-22 22:01:29.970 +02:00 [INF] Quiz 'Music' added successfully (ID: 4)
2025-10-22 22:01:29.970 +02:00 [INF] Quiz 'Music' created successfully with ID 4
2025-10-22 22:01:29.971 +02:00 [INF] Executing RedirectResult, redirecting to /Home/AddQuestions?quizId=4.
2025-10-22 22:01:29.971 +02:00 [INF] Executed action QuizzyPop.Controllers.HomeController.CreateQuiz (QuizzyPop) in 107.1948ms
2025-10-22 22:01:29.971 +02:00 [INF] Executed endpoint 'QuizzyPop.Controllers.HomeController.CreateQuiz (QuizzyPop)'
2025-10-22 22:01:29.971 +02:00 [INF] Request finished HTTP/2 POST https://localhost:7037/Home/CreateQuiz - 302 0 null 208.2337ms
2025-10-22 22:01:29.976 +02:00 [INF] Request starting HTTP/2 GET https://localhost:7037/Home/AddQuestions?quizId=4 - null null
2025-10-22 22:01:29.976 +02:00 [INF] Executing endpoint 'QuizzyPop.Controllers.HomeController.AddQuestions (QuizzyPop)'
2025-10-22 22:01:29.976 +02:00 [INF] Route matched with {action = "AddQuestions", controller = "Home"}. Executing controller action with signature Microsoft.AspNetCore.Mvc.IActionResult AddQuestions(Int32) on controller QuizzyPop.Controllers.HomeController (QuizzyPop).
2025-10-22 22:01:29.978 +02:00 [INF] Executing ViewResult, running view AddQuestions.
2025-10-22 22:01:30.136 +02:00 [INF] Request starting HTTP/2 GET https://localhost:7037/fonts/Baloo2-Regular.ttf - null null
2025-10-22 22:01:30.136 +02:00 [INF] Executed ViewResult - view AddQuestions executed in 157.8767ms.
2025-10-22 22:01:30.136 +02:00 [INF] Executed action QuizzyPop.Controllers.HomeController.AddQuestions (QuizzyPop) in 159.6102ms
2025-10-22 22:01:30.136 +02:00 [INF] Executed endpoint 'QuizzyPop.Controllers.HomeController.AddQuestions (QuizzyPop)'
2025-10-22 22:01:30.136 +02:00 [INF] Request finished HTTP/2 GET https://localhost:7037/Home/AddQuestions?quizId=4 - 200 null text/html; charset=utf-8 160.5537ms
2025-10-22 22:01:30.136 +02:00 [INF] Request finished HTTP/2 GET https://localhost:7037/fonts/Baloo2-Regular.ttf - 404 0 null 25.9941ms
2025-10-22 22:01:30.137 +02:00 [INF] Request reached the end of the middleware pipeline without being handled by application code. Request path: GET https://localhost:7037/fonts/Baloo2-Regular.ttf, Response status code: 404
2025-10-22 22:07:31.374 +02:00 [INF] Request starting HTTP/2 POST https://localhost:7037/Home/AddQuestions - application/x-www-form-urlencoded 549
2025-10-22 22:07:31.433 +02:00 [INF] Executing endpoint 'QuizzyPop.Controllers.HomeController.AddQuestions (QuizzyPop)'
2025-10-22 22:07:31.459 +02:00 [INF] Route matched with {action = "AddQuestions", controller = "Home"}. Executing controller action with signature System.Threading.Tasks.Task`1[Microsoft.AspNetCore.Mvc.IActionResult] AddQuestions(QuizzyPop.ViewModels.QuizQuestionViewModel, System.String) on controller QuizzyPop.Controllers.HomeController (QuizzyPop).
2025-10-22 22:07:31.486 +02:00 [INF] Executing ViewResult, running view AddQuestions.
2025-10-22 22:07:31.592 +02:00 [INF] Executed ViewResult - view AddQuestions executed in 82.5277ms.
2025-10-22 22:07:31.644 +02:00 [INF] Executed action QuizzyPop.Controllers.HomeController.AddQuestions (QuizzyPop) in 184.2885ms
2025-10-22 22:07:31.644 +02:00 [INF] Executed endpoint 'QuizzyPop.Controllers.HomeController.AddQuestions (QuizzyPop)'
2025-10-22 22:07:31.647 +02:00 [INF] Request starting HTTP/2 GET https://localhost:7037/fonts/Baloo2-Regular.ttf - null null
2025-10-22 22:07:31.650 +02:00 [INF] Request finished HTTP/2 POST https://localhost:7037/Home/AddQuestions - 200 null text/html; charset=utf-8 319.4565ms
2025-10-22 22:07:31.651 +02:00 [INF] Request finished HTTP/2 GET https://localhost:7037/fonts/Baloo2-Regular.ttf - 404 0 null 3.3828ms
2025-10-22 22:07:31.651 +02:00 [INF] Request reached the end of the middleware pipeline without being handled by application code. Request path: GET https://localhost:7037/fonts/Baloo2-Regular.ttf, Response status code: 404
2025-10-22 22:07:38.236 +02:00 [INF] Request starting HTTP/2 GET https://localhost:7037/Home/TakeQuiz - null null
2025-10-22 22:07:38.262 +02:00 [INF] Executing endpoint 'QuizzyPop.Controllers.HomeController.TakeQuiz (QuizzyPop)'
2025-10-22 22:07:38.266 +02:00 [INF] Route matched with {action = "TakeQuiz", controller = "Home"}. Executing controller action with signature System.Threading.Tasks.Task`1[Microsoft.AspNetCore.Mvc.IActionResult] TakeQuiz() on controller QuizzyPop.Controllers.HomeController (QuizzyPop).
2025-10-22 22:07:38.400 +02:00 [INF] Loaded 4 quizzes from repository.
2025-10-22 22:07:38.400 +02:00 [INF] Executing ViewResult, running view TakeQuiz.
2025-10-22 22:07:38.617 +02:00 [INF] Request starting HTTP/2 GET https://localhost:7037/images/default-cover.png - null null
2025-10-22 22:07:38.617 +02:00 [INF] Request finished HTTP/2 GET https://localhost:7037/images/default-cover.png - 404 0 null 0.4605ms
2025-10-22 22:07:38.617 +02:00 [INF] Request reached the end of the middleware pipeline without being handled by application code. Request path: GET https://localhost:7037/images/default-cover.png, Response status code: 404
2025-10-22 22:07:38.617 +02:00 [INF] Request starting HTTP/2 GET https://localhost:7037/fonts/Baloo2-Regular.ttf - null null
2025-10-22 22:07:38.618 +02:00 [INF] Request finished HTTP/2 GET https://localhost:7037/fonts/Baloo2-Regular.ttf - 404 0 null 0.1356ms
2025-10-22 22:07:38.618 +02:00 [INF] Request reached the end of the middleware pipeline without being handled by application code. Request path: GET https://localhost:7037/fonts/Baloo2-Regular.ttf, Response status code: 404
2025-10-22 22:07:38.618 +02:00 [INF] Executed ViewResult - view TakeQuiz executed in 217.5207ms.
2025-10-22 22:07:38.618 +02:00 [INF] Executed action QuizzyPop.Controllers.HomeController.TakeQuiz (QuizzyPop) in 351.608ms
2025-10-22 22:07:38.618 +02:00 [INF] Executed endpoint 'QuizzyPop.Controllers.HomeController.TakeQuiz (QuizzyPop)'
2025-10-22 22:07:38.619 +02:00 [INF] Request finished HTTP/2 GET https://localhost:7037/Home/TakeQuiz - 200 null text/html; charset=utf-8 382.5992ms
2025-10-22 22:07:40.180 +02:00 [INF] Request starting HTTP/2 GET https://localhost:7037/Home/StartQuiz/4 - null null
2025-10-22 22:07:40.185 +02:00 [INF] Executing endpoint 'QuizzyPop.Controllers.HomeController.StartQuiz (QuizzyPop)'
2025-10-22 22:07:40.194 +02:00 [INF] Route matched with {action = "StartQuiz", controller = "Home"}. Executing controller action with signature System.Threading.Tasks.Task`1[Microsoft.AspNetCore.Mvc.IActionResult] StartQuiz(Int32, Int32) on controller QuizzyPop.Controllers.HomeController (QuizzyPop).
2025-10-22 22:07:40.240 +02:00 [INF] Executing ViewResult, running view EmptyQuiz.
2025-10-22 22:07:40.243 +02:00 [ERR] The view 'EmptyQuiz' was not found. Searched locations: ["/Views/Home/EmptyQuiz.cshtml","/Views/Shared/EmptyQuiz.cshtml"]
2025-10-22 22:07:40.248 +02:00 [INF] Executed action QuizzyPop.Controllers.HomeController.StartQuiz (QuizzyPop) in 53.0234ms
2025-10-22 22:07:40.248 +02:00 [INF] Executed endpoint 'QuizzyPop.Controllers.HomeController.StartQuiz (QuizzyPop)'
2025-10-22 22:07:40.276 +02:00 [ERR] An unhandled exception has occurred while executing the request.
System.InvalidOperationException: The view 'EmptyQuiz' was not found. The following locations were searched:
/Views/Home/EmptyQuiz.cshtml
/Views/Shared/EmptyQuiz.cshtml
   at Microsoft.AspNetCore.Mvc.ViewEngines.ViewEngineResult.EnsureSuccessful(IEnumerable`1 originalLocations)
   at Microsoft.AspNetCore.Mvc.ViewFeatures.ViewResultExecutor.ExecuteAsync(ActionContext context, ViewResult result)
   at Microsoft.AspNetCore.Mvc.ViewResult.ExecuteResultAsync(ActionContext context)
   at Microsoft.AspNetCore.Mvc.Infrastructure.ResourceInvoker.<InvokeNextResultFilterAsync>g__Awaited|30_0[TFilter,TFilterAsync](ResourceInvoker invoker, Task lastTask, State next, Scope scope, Object state, Boolean isCompleted)
   at Microsoft.AspNetCore.Mvc.Infrastructure.ResourceInvoker.Rethrow(ResultExecutedContextSealed context)
   at Microsoft.AspNetCore.Mvc.Infrastructure.ResourceInvoker.ResultNext[TFilter,TFilterAsync](State& next, Scope& scope, Object& state, Boolean& isCompleted)
   at Microsoft.AspNetCore.Mvc.Infrastructure.ResourceInvoker.InvokeResultFilters()
--- End of stack trace from previous location ---
   at Microsoft.AspNetCore.Mvc.Infrastructure.ResourceInvoker.<InvokeNextResourceFilter>g__Awaited|25_0(ResourceInvoker invoker, Task lastTask, State next, Scope scope, Object state, Boolean isCompleted)
   at Microsoft.AspNetCore.Mvc.Infrastructure.ResourceInvoker.Rethrow(ResourceExecutedContextSealed context)
   at Microsoft.AspNetCore.Mvc.Infrastructure.ResourceInvoker.Next(State& next, Scope& scope, Object& state, Boolean& isCompleted)
   at Microsoft.AspNetCore.Mvc.Infrastructure.ResourceInvoker.InvokeFilterPipelineAsync()
--- End of stack trace from previous location ---
   at Microsoft.AspNetCore.Mvc.Infrastructure.ResourceInvoker.<InvokeAsync>g__Logged|17_1(ResourceInvoker invoker)
   at Microsoft.AspNetCore.Mvc.Infrastructure.ResourceInvoker.<InvokeAsync>g__Logged|17_1(ResourceInvoker invoker)
   at Microsoft.AspNetCore.Routing.EndpointMiddleware.<Invoke>g__AwaitRequestTask|7_0(Endpoint endpoint, Task requestTask, ILogger logger)
   at Microsoft.AspNetCore.Authorization.AuthorizationMiddleware.Invoke(HttpContext context)
   at Microsoft.AspNetCore.Session.SessionMiddleware.Invoke(HttpContext context)
   at Microsoft.AspNetCore.Session.SessionMiddleware.Invoke(HttpContext context)
   at Microsoft.AspNetCore.Diagnostics.DeveloperExceptionPageMiddlewareImpl.Invoke(HttpContext context)
2025-10-22 22:07:40.285 +02:00 [INF] Request finished HTTP/2 GET https://localhost:7037/Home/StartQuiz/4 - 500 null text/html; charset=utf-8 107.9228ms
2025-10-22 22:07:53.981 +02:00 [INF] Request starting HTTP/2 GET https://localhost:7037/Home/CreateQuiz - null null
2025-10-22 22:07:54.032 +02:00 [INF] Executing endpoint 'QuizzyPop.Controllers.HomeController.CreateQuiz (QuizzyPop)'
2025-10-22 22:07:54.033 +02:00 [INF] Route matched with {action = "CreateQuiz", controller = "Home"}. Executing controller action with signature System.Threading.Tasks.Task`1[Microsoft.AspNetCore.Mvc.IActionResult] CreateQuiz() on controller QuizzyPop.Controllers.HomeController (QuizzyPop).
2025-10-22 22:07:54.039 +02:00 [INF] Executing ViewResult, running view CreateQuiz.
2025-10-22 22:07:54.145 +02:00 [INF] Executed ViewResult - view CreateQuiz executed in 105.825ms.
2025-10-22 22:07:54.191 +02:00 [INF] Executed action QuizzyPop.Controllers.HomeController.CreateQuiz (QuizzyPop) in 157.9776ms
2025-10-22 22:07:54.265 +02:00 [INF] Executed endpoint 'QuizzyPop.Controllers.HomeController.CreateQuiz (QuizzyPop)'
2025-10-22 22:07:54.313 +02:00 [INF] Request starting HTTP/2 GET https://localhost:7037/fonts/Baloo2-Regular.ttf - null null
2025-10-22 22:07:54.314 +02:00 [INF] Request finished HTTP/2 GET https://localhost:7037/Home/CreateQuiz - 200 null text/html; charset=utf-8 333.574ms
2025-10-22 22:07:54.315 +02:00 [INF] Request finished HTTP/2 GET https://localhost:7037/fonts/Baloo2-Regular.ttf - 404 0 null 1.9394ms
2025-10-22 22:07:54.315 +02:00 [INF] Request reached the end of the middleware pipeline without being handled by application code. Request path: GET https://localhost:7037/fonts/Baloo2-Regular.ttf, Response status code: 404
2025-10-22 22:07:57.443 +02:00 [INF] Request starting HTTP/2 GET https://localhost:7037/Home/TakeQuiz - null null
2025-10-22 22:07:57.444 +02:00 [INF] Executing endpoint 'QuizzyPop.Controllers.HomeController.TakeQuiz (QuizzyPop)'
2025-10-22 22:07:57.445 +02:00 [INF] Route matched with {action = "TakeQuiz", controller = "Home"}. Executing controller action with signature System.Threading.Tasks.Task`1[Microsoft.AspNetCore.Mvc.IActionResult] TakeQuiz() on controller QuizzyPop.Controllers.HomeController (QuizzyPop).
2025-10-22 22:07:57.455 +02:00 [INF] Loaded 4 quizzes from repository.
2025-10-22 22:07:57.455 +02:00 [INF] Executing ViewResult, running view TakeQuiz.
2025-10-22 22:07:57.480 +02:00 [INF] Executed ViewResult - view TakeQuiz executed in 24.3454ms.
2025-10-22 22:07:57.501 +02:00 [INF] Executed action QuizzyPop.Controllers.HomeController.TakeQuiz (QuizzyPop) in 56.4775ms
2025-10-22 22:07:57.501 +02:00 [INF] Executed endpoint 'QuizzyPop.Controllers.HomeController.TakeQuiz (QuizzyPop)'
2025-10-22 22:07:57.527 +02:00 [INF] Request starting HTTP/2 GET https://localhost:7037/fonts/Baloo2-Regular.ttf - null null
2025-10-22 22:07:57.527 +02:00 [INF] Request finished HTTP/2 GET https://localhost:7037/Home/TakeQuiz - 200 null text/html; charset=utf-8 84.2493ms
2025-10-22 22:07:57.527 +02:00 [INF] Request starting HTTP/2 GET https://localhost:7037/images/default-cover.png - null null
2025-10-22 22:07:57.528 +02:00 [INF] Request finished HTTP/2 GET https://localhost:7037/fonts/Baloo2-Regular.ttf - 404 0 null 0.8132ms
2025-10-22 22:07:57.528 +02:00 [INF] Request finished HTTP/2 GET https://localhost:7037/images/default-cover.png - 404 0 null 0.7526ms
2025-10-22 22:07:57.528 +02:00 [INF] Request reached the end of the middleware pipeline without being handled by application code. Request path: GET https://localhost:7037/fonts/Baloo2-Regular.ttf, Response status code: 404
2025-10-22 22:07:57.528 +02:00 [INF] Request reached the end of the middleware pipeline without being handled by application code. Request path: GET https://localhost:7037/images/default-cover.png, Response status code: 404
2025-10-22 22:11:12.286 +02:00 [INF] Request starting HTTP/2 GET https://localhost:7037/Home/About - null null
2025-10-22 22:11:12.292 +02:00 [INF] Executing endpoint 'QuizzyPop.Controllers.HomeController.About (QuizzyPop)'
2025-10-22 22:11:12.307 +02:00 [INF] Route matched with {action = "About", controller = "Home"}. Executing controller action with signature Microsoft.AspNetCore.Mvc.IActionResult About() on controller QuizzyPop.Controllers.HomeController (QuizzyPop).
2025-10-22 22:11:12.320 +02:00 [INF] Executing ViewResult, running view About.
2025-10-22 22:11:12.407 +02:00 [INF] Executed ViewResult - view About executed in 98.4232ms.
2025-10-22 22:11:12.504 +02:00 [INF] Executed action QuizzyPop.Controllers.HomeController.About (QuizzyPop) in 171.7657ms
2025-10-22 22:11:12.504 +02:00 [INF] Executed endpoint 'QuizzyPop.Controllers.HomeController.About (QuizzyPop)'
2025-10-22 22:11:12.576 +02:00 [INF] Request starting HTTP/2 GET https://localhost:7037/fonts/Baloo2-Regular.ttf - null null
2025-10-22 22:11:12.576 +02:00 [INF] Request finished HTTP/2 GET https://localhost:7037/Home/About - 200 null text/html; charset=utf-8 312.9468ms
2025-10-22 22:11:12.577 +02:00 [INF] Request finished HTTP/2 GET https://localhost:7037/fonts/Baloo2-Regular.ttf - 404 0 null 1.0826ms
2025-10-22 22:11:12.577 +02:00 [INF] Request reached the end of the middleware pipeline without being handled by application code. Request path: GET https://localhost:7037/fonts/Baloo2-Regular.ttf, Response status code: 404
2025-10-22 22:11:15.151 +02:00 [INF] Request starting HTTP/2 GET https://localhost:7037/Home/CreateQuiz - null null
2025-10-22 22:11:15.152 +02:00 [INF] Executing endpoint 'QuizzyPop.Controllers.HomeController.CreateQuiz (QuizzyPop)'
2025-10-22 22:11:15.152 +02:00 [INF] Route matched with {action = "CreateQuiz", controller = "Home"}. Executing controller action with signature System.Threading.Tasks.Task`1[Microsoft.AspNetCore.Mvc.IActionResult] CreateQuiz() on controller QuizzyPop.Controllers.HomeController (QuizzyPop).
2025-10-22 22:11:15.163 +02:00 [INF] Executing ViewResult, running view CreateQuiz.
2025-10-22 22:11:15.215 +02:00 [INF] Executed ViewResult - view CreateQuiz executed in 51.4271ms.
2025-10-22 22:11:15.239 +02:00 [INF] Request starting HTTP/2 GET https://localhost:7037/fonts/Baloo2-Regular.ttf - null null
2025-10-22 22:11:15.239 +02:00 [INF] Executed action QuizzyPop.Controllers.HomeController.CreateQuiz (QuizzyPop) in 86.9512ms
2025-10-22 22:11:15.239 +02:00 [INF] Executed endpoint 'QuizzyPop.Controllers.HomeController.CreateQuiz (QuizzyPop)'
2025-10-22 22:11:15.240 +02:00 [INF] Request finished HTTP/2 GET https://localhost:7037/fonts/Baloo2-Regular.ttf - 404 0 null 0.6678ms
2025-10-22 22:11:15.240 +02:00 [INF] Request finished HTTP/2 GET https://localhost:7037/Home/CreateQuiz - 200 null text/html; charset=utf-8 89.0346ms
2025-10-22 22:11:15.240 +02:00 [INF] Request reached the end of the middleware pipeline without being handled by application code. Request path: GET https://localhost:7037/fonts/Baloo2-Regular.ttf, Response status code: 404
2025-10-22 22:11:16.851 +02:00 [INF] Request starting HTTP/2 GET https://localhost:7037/ - null null
2025-10-22 22:11:16.852 +02:00 [INF] Executing endpoint 'QuizzyPop.Controllers.HomeController.Index (QuizzyPop)'
2025-10-22 22:11:16.852 +02:00 [INF] Route matched with {action = "Index", controller = "Home"}. Executing controller action with signature Microsoft.AspNetCore.Mvc.IActionResult Index() on controller QuizzyPop.Controllers.HomeController (QuizzyPop).
2025-10-22 22:11:16.852 +02:00 [INF] Executing ViewResult, running view Index.
2025-10-22 22:11:16.855 +02:00 [INF] Executed ViewResult - view Index executed in 3.0964ms.
2025-10-22 22:11:16.857 +02:00 [INF] Executed action QuizzyPop.Controllers.HomeController.Index (QuizzyPop) in 4.7134ms
2025-10-22 22:11:16.857 +02:00 [INF] Executed endpoint 'QuizzyPop.Controllers.HomeController.Index (QuizzyPop)'
2025-10-22 22:11:16.857 +02:00 [INF] Request finished HTTP/2 GET https://localhost:7037/ - 200 null text/html; charset=utf-8 6.6107ms
2025-10-22 22:11:16.910 +02:00 [INF] Request starting HTTP/2 GET https://localhost:7037/fonts/Baloo2-Regular.ttf - null null
2025-10-22 22:11:16.911 +02:00 [INF] Request finished HTTP/2 GET https://localhost:7037/fonts/Baloo2-Regular.ttf - 404 0 null 0.8659ms
2025-10-22 22:11:16.911 +02:00 [INF] Request reached the end of the middleware pipeline without being handled by application code. Request path: GET https://localhost:7037/fonts/Baloo2-Regular.ttf, Response status code: 404
2025-10-22 22:11:18.029 +02:00 [INF] Request starting HTTP/2 GET https://localhost:7037/Home/CreateQuiz - null null
2025-10-22 22:11:18.030 +02:00 [INF] Executing endpoint 'QuizzyPop.Controllers.HomeController.CreateQuiz (QuizzyPop)'
2025-10-22 22:11:18.031 +02:00 [INF] Route matched with {action = "CreateQuiz", controller = "Home"}. Executing controller action with signature System.Threading.Tasks.Task`1[Microsoft.AspNetCore.Mvc.IActionResult] CreateQuiz() on controller QuizzyPop.Controllers.HomeController (QuizzyPop).
2025-10-22 22:11:18.036 +02:00 [INF] Executing ViewResult, running view CreateQuiz.
2025-10-22 22:11:18.088 +02:00 [INF] Executed ViewResult - view CreateQuiz executed in 51.6619ms.
2025-10-22 22:11:18.111 +02:00 [INF] Executed action QuizzyPop.Controllers.HomeController.CreateQuiz (QuizzyPop) in 79.9213ms
2025-10-22 22:11:18.136 +02:00 [INF] Executed endpoint 'QuizzyPop.Controllers.HomeController.CreateQuiz (QuizzyPop)'
2025-10-22 22:11:18.137 +02:00 [INF] Request starting HTTP/2 GET https://localhost:7037/fonts/Baloo2-Regular.ttf - null null
2025-10-22 22:11:18.137 +02:00 [INF] Request finished HTTP/2 GET https://localhost:7037/Home/CreateQuiz - 200 null text/html; charset=utf-8 128.2569ms
2025-10-22 22:11:18.163 +02:00 [INF] Request finished HTTP/2 GET https://localhost:7037/fonts/Baloo2-Regular.ttf - 404 0 null 26.5956ms
2025-10-22 22:11:18.163 +02:00 [INF] Request reached the end of the middleware pipeline without being handled by application code. Request path: GET https://localhost:7037/fonts/Baloo2-Regular.ttf, Response status code: 404
2025-10-22 22:11:18.703 +02:00 [INF] Request starting HTTP/2 GET https://localhost:7037/Account/Login - null null
2025-10-22 22:11:18.729 +02:00 [INF] Executing endpoint 'QuizzyPop.Controllers.AccountController.Login (QuizzyPop)'
2025-10-22 22:11:18.732 +02:00 [INF] Route matched with {action = "Login", controller = "Account"}. Executing controller action with signature Microsoft.AspNetCore.Mvc.IActionResult Login() on controller QuizzyPop.Controllers.AccountController (QuizzyPop).
2025-10-22 22:11:18.734 +02:00 [INF] Executing ViewResult, running view Login.
2025-10-22 22:11:18.814 +02:00 [INF] Executed ViewResult - view Login executed in 59.2668ms.
2025-10-22 22:11:18.814 +02:00 [INF] Executed action QuizzyPop.Controllers.AccountController.Login (QuizzyPop) in 82.0858ms
2025-10-22 22:11:18.840 +02:00 [INF] Request starting HTTP/2 GET https://localhost:7037/fonts/Baloo2-Regular.ttf - null null
2025-10-22 22:11:18.840 +02:00 [INF] Executed endpoint 'QuizzyPop.Controllers.AccountController.Login (QuizzyPop)'
2025-10-22 22:11:18.840 +02:00 [INF] Request finished HTTP/2 GET https://localhost:7037/Account/Login - 200 null text/html; charset=utf-8 137.8752ms
2025-10-22 22:11:18.841 +02:00 [INF] Request finished HTTP/2 GET https://localhost:7037/fonts/Baloo2-Regular.ttf - 404 0 null 0.7129ms
2025-10-22 22:11:18.841 +02:00 [INF] Request reached the end of the middleware pipeline without being handled by application code. Request path: GET https://localhost:7037/fonts/Baloo2-Regular.ttf, Response status code: 404
2025-10-22 22:11:19.825 +02:00 [INF] Request starting HTTP/2 GET https://localhost:7037/Account/Register - null null
2025-10-22 22:11:19.829 +02:00 [INF] Executing endpoint 'QuizzyPop.Controllers.AccountController.Register (QuizzyPop)'
2025-10-22 22:11:19.831 +02:00 [INF] Route matched with {action = "Register", controller = "Account"}. Executing controller action with signature Microsoft.AspNetCore.Mvc.IActionResult Register() on controller QuizzyPop.Controllers.AccountController (QuizzyPop).
2025-10-22 22:11:19.833 +02:00 [INF] Executing ViewResult, running view Register.
2025-10-22 22:11:19.895 +02:00 [INF] Executed ViewResult - view Register executed in 63.3607ms.
2025-10-22 22:11:19.897 +02:00 [INF] Executed action QuizzyPop.Controllers.AccountController.Register (QuizzyPop) in 66.236ms
2025-10-22 22:11:19.897 +02:00 [INF] Executed endpoint 'QuizzyPop.Controllers.AccountController.Register (QuizzyPop)'
2025-10-22 22:11:19.897 +02:00 [INF] Request finished HTTP/2 GET https://localhost:7037/Account/Register - 200 null text/html; charset=utf-8 72.695ms
2025-10-22 22:11:19.945 +02:00 [INF] Request starting HTTP/2 GET https://localhost:7037/fonts/Baloo2-Regular.ttf - null null
2025-10-22 22:11:19.946 +02:00 [INF] Request finished HTTP/2 GET https://localhost:7037/fonts/Baloo2-Regular.ttf - 404 0 null 0.922ms
2025-10-22 22:11:19.946 +02:00 [INF] Request reached the end of the middleware pipeline without being handled by application code. Request path: GET https://localhost:7037/fonts/Baloo2-Regular.ttf, Response status code: 404
2025-10-22 22:11:35.492 +02:00 [INF] Request starting HTTP/2 GET https://localhost:7037/Home/TakeQuiz - null null
2025-10-22 22:11:35.497 +02:00 [INF] Executing endpoint 'QuizzyPop.Controllers.HomeController.TakeQuiz (QuizzyPop)'
2025-10-22 22:11:35.498 +02:00 [INF] Route matched with {action = "TakeQuiz", controller = "Home"}. Executing controller action with signature System.Threading.Tasks.Task`1[Microsoft.AspNetCore.Mvc.IActionResult] TakeQuiz() on controller QuizzyPop.Controllers.HomeController (QuizzyPop).
2025-10-22 22:11:35.517 +02:00 [INF] Loaded 4 quizzes from repository.
2025-10-22 22:11:35.518 +02:00 [INF] Executing ViewResult, running view TakeQuiz.
2025-10-22 22:11:35.574 +02:00 [INF] Executed ViewResult - view TakeQuiz executed in 31.4117ms.
2025-10-22 22:11:35.574 +02:00 [INF] Executed action QuizzyPop.Controllers.HomeController.TakeQuiz (QuizzyPop) in 76.3065ms
2025-10-22 22:11:35.574 +02:00 [INF] Executed endpoint 'QuizzyPop.Controllers.HomeController.TakeQuiz (QuizzyPop)'
2025-10-22 22:11:35.598 +02:00 [INF] Request starting HTTP/2 GET https://localhost:7037/images/default-cover.png - null null
2025-10-22 22:11:35.598 +02:00 [INF] Request starting HTTP/2 GET https://localhost:7037/fonts/Baloo2-Regular.ttf - null null
2025-10-22 22:11:35.598 +02:00 [INF] Request finished HTTP/2 GET https://localhost:7037/Home/TakeQuiz - 200 null text/html; charset=utf-8 130.927ms
2025-10-22 22:11:35.599 +02:00 [INF] Request finished HTTP/2 GET https://localhost:7037/fonts/Baloo2-Regular.ttf - 404 0 null 0.8347ms
2025-10-22 22:11:35.599 +02:00 [INF] Request finished HTTP/2 GET https://localhost:7037/images/default-cover.png - 404 0 null 0.8186ms
2025-10-22 22:11:35.599 +02:00 [INF] Request reached the end of the middleware pipeline without being handled by application code. Request path: GET https://localhost:7037/fonts/Baloo2-Regular.ttf, Response status code: 404
2025-10-22 22:11:35.599 +02:00 [INF] Request reached the end of the middleware pipeline without being handled by application code. Request path: GET https://localhost:7037/images/default-cover.png, Response status code: 404
