2025-10-23 16:57:41.504 +02:00 [WRN] The property 'Question.Choices' is a collection or enumeration type with a value converter but with no value comparer. Set a value comparer to ensure the collection/enumeration elements are compared correctly.
2025-10-23 16:57:41.579 +02:00 [WRN] The property 'Question.Choices' is a collection or enumeration type with a value converter but with no value comparer. Set a value comparer to ensure the collection/enumeration elements are compared correctly.
2025-10-23 16:57:41.830 +02:00 [INF] User profile is available. Using '/Users/mathiasjudre/.aspnet/DataProtection-Keys' as key repository; keys will not be encrypted at rest.
2025-10-23 16:57:42.033 +02:00 [INF] Now listening on: https://localhost:7037
2025-10-23 16:57:42.034 +02:00 [INF] Now listening on: http://localhost:5299
2025-10-23 16:57:42.038 +02:00 [INF] Application started. Press Ctrl+C to shut down.
2025-10-23 16:57:42.039 +02:00 [INF] Hosting environment: Development
2025-10-23 16:57:42.039 +02:00 [INF] Content root path: /Users/mathiasjudre/Desktop/Skole/5. Semester/ITPE3200 - Webapplikasjoner/QuizzyPop/QuizzyPop
2025-10-23 16:57:42.298 +02:00 [INF] Request starting HTTP/2 GET https://localhost:7037/Home/Index - null null
2025-10-23 16:57:42.335 +02:00 [INF] Executing endpoint 'QuizzyPop.Controllers.HomeController.Index (QuizzyPop)'
2025-10-23 16:57:42.341 +02:00 [INF] Route matched with {action = "Index", controller = "Home"}. Executing controller action with signature Microsoft.AspNetCore.Mvc.IActionResult Index() on controller QuizzyPop.Controllers.HomeController (QuizzyPop).
2025-10-23 16:57:42.347 +02:00 [INF] Executing ViewResult, running view Index.
2025-10-23 16:57:42.385 +02:00 [INF] Executed ViewResult - view Index executed in 37.5122ms.
2025-10-23 16:57:42.389 +02:00 [INF] Executed action QuizzyPop.Controllers.HomeController.Index (QuizzyPop) in 46.7048ms
2025-10-23 16:57:42.389 +02:00 [INF] Executed endpoint 'QuizzyPop.Controllers.HomeController.Index (QuizzyPop)'
2025-10-23 16:57:42.398 +02:00 [INF] Request finished HTTP/2 GET https://localhost:7037/Home/Index - 200 null text/html; charset=utf-8 101.2419ms
2025-10-23 16:57:42.540 +02:00 [INF] Request starting HTTP/2 GET https://localhost:7037/fonts/Baloo2-Regular.ttf - null null
2025-10-23 16:57:42.568 +02:00 [INF] Request finished HTTP/2 GET https://localhost:7037/fonts/Baloo2-Regular.ttf - 404 0 null 27.356ms
2025-10-23 16:57:42.570 +02:00 [INF] Request reached the end of the middleware pipeline without being handled by application code. Request path: GET https://localhost:7037/fonts/Baloo2-Regular.ttf, Response status code: 404
2025-10-23 16:57:45.521 +02:00 [INF] Request starting HTTP/2 GET https://localhost:7037/Home/CreateQuiz - null null
2025-10-23 16:57:45.528 +02:00 [INF] Executing endpoint 'QuizzyPop.Controllers.HomeController.CreateQuiz (QuizzyPop)'
2025-10-23 16:57:45.540 +02:00 [INF] Route matched with {action = "CreateQuiz", controller = "Home"}. Executing controller action with signature System.Threading.Tasks.Task`1[Microsoft.AspNetCore.Mvc.IActionResult] CreateQuiz() on controller QuizzyPop.Controllers.HomeController (QuizzyPop).
2025-10-23 16:57:45.612 +02:00 [INF] Executing ViewResult, running view CreateQuiz.
2025-10-23 16:57:45.761 +02:00 [INF] Executed ViewResult - view CreateQuiz executed in 148.7077ms.
2025-10-23 16:57:45.761 +02:00 [INF] Executed action QuizzyPop.Controllers.HomeController.CreateQuiz (QuizzyPop) in 221.0967ms
2025-10-23 16:57:45.761 +02:00 [INF] Executed endpoint 'QuizzyPop.Controllers.HomeController.CreateQuiz (QuizzyPop)'
2025-10-23 16:57:45.763 +02:00 [INF] Request finished HTTP/2 GET https://localhost:7037/Home/CreateQuiz - 200 null text/html; charset=utf-8 242.4455ms
2025-10-23 16:57:45.793 +02:00 [INF] Request starting HTTP/2 GET https://localhost:7037/fonts/Baloo2-Regular.ttf - null null
2025-10-23 16:57:45.794 +02:00 [INF] Request finished HTTP/2 GET https://localhost:7037/fonts/Baloo2-Regular.ttf - 404 0 null 1.2415ms
2025-10-23 16:57:45.794 +02:00 [INF] Request reached the end of the middleware pipeline without being handled by application code. Request path: GET https://localhost:7037/fonts/Baloo2-Regular.ttf, Response status code: 404
2025-10-23 16:57:50.812 +02:00 [INF] Request starting HTTP/2 POST https://localhost:7037/Home/CreateQuiz - multipart/form-data; boundary=----WebKitFormBoundaryJuQC1I3CdSCkwaDB 1167
2025-10-23 16:57:50.814 +02:00 [INF] Executing endpoint 'QuizzyPop.Controllers.HomeController.CreateQuiz (QuizzyPop)'
2025-10-23 16:57:50.836 +02:00 [INF] Route matched with {action = "CreateQuiz", controller = "Home"}. Executing controller action with signature System.Threading.Tasks.Task`1[Microsoft.AspNetCore.Mvc.IActionResult] CreateQuiz(QuizzyPop.ViewModels.QuizMetaDataViewModel) on controller QuizzyPop.Controllers.HomeController (QuizzyPop).
2025-10-23 16:57:50.897 +02:00 [INF] Quiz 'assaas' added (ID: 3)
2025-10-23 16:57:50.898 +02:00 [INF] Quiz 'assaas' created successfully with ID 3
2025-10-23 16:57:50.899 +02:00 [INF] Executing RedirectResult, redirecting to /Home/AddQuestions?quizId=3.
2025-10-23 16:57:50.899 +02:00 [INF] Executed action QuizzyPop.Controllers.HomeController.CreateQuiz (QuizzyPop) in 62.476ms
2025-10-23 16:57:50.899 +02:00 [INF] Executed endpoint 'QuizzyPop.Controllers.HomeController.CreateQuiz (QuizzyPop)'
2025-10-23 16:57:50.899 +02:00 [INF] Request finished HTTP/2 POST https://localhost:7037/Home/CreateQuiz - 302 0 null 113.9723ms
2025-10-23 16:57:50.903 +02:00 [INF] Request starting HTTP/2 GET https://localhost:7037/Home/AddQuestions?quizId=3 - null null
2025-10-23 16:57:50.903 +02:00 [INF] Executing endpoint 'QuizzyPop.Controllers.HomeController.AddQuestions (QuizzyPop)'
2025-10-23 16:57:50.904 +02:00 [INF] Route matched with {action = "AddQuestions", controller = "Home"}. Executing controller action with signature Microsoft.AspNetCore.Mvc.IActionResult AddQuestions(Int32) on controller QuizzyPop.Controllers.HomeController (QuizzyPop).
2025-10-23 16:57:50.907 +02:00 [INF] Executing ViewResult, running view AddQuestions.
2025-10-23 16:57:50.946 +02:00 [INF] Executed ViewResult - view AddQuestions executed in 39.7578ms.
2025-10-23 16:57:50.947 +02:00 [INF] Executed action QuizzyPop.Controllers.HomeController.AddQuestions (QuizzyPop) in 42.2715ms
2025-10-23 16:57:50.947 +02:00 [INF] Executed endpoint 'QuizzyPop.Controllers.HomeController.AddQuestions (QuizzyPop)'
2025-10-23 16:57:50.947 +02:00 [INF] Request finished HTTP/2 GET https://localhost:7037/Home/AddQuestions?quizId=3 - 200 null text/html; charset=utf-8 43.7456ms
2025-10-23 16:57:51.044 +02:00 [INF] Request starting HTTP/2 GET https://localhost:7037/fonts/Baloo2-Regular.ttf - null null
2025-10-23 16:57:51.045 +02:00 [INF] Request finished HTTP/2 GET https://localhost:7037/fonts/Baloo2-Regular.ttf - 404 0 null 51.6413ms
2025-10-23 16:57:51.045 +02:00 [INF] Request reached the end of the middleware pipeline without being handled by application code. Request path: GET https://localhost:7037/fonts/Baloo2-Regular.ttf, Response status code: 404
2025-10-23 16:57:56.484 +02:00 [INF] Request starting HTTP/2 POST https://localhost:7037/Home/AddQuestions - application/x-www-form-urlencoded 416
2025-10-23 16:57:56.486 +02:00 [INF] Executing endpoint 'QuizzyPop.Controllers.HomeController.AddQuestions (QuizzyPop)'
2025-10-23 16:57:56.493 +02:00 [INF] Route matched with {action = "AddQuestions", controller = "Home"}. Executing controller action with signature System.Threading.Tasks.Task`1[Microsoft.AspNetCore.Mvc.IActionResult] AddQuestions(QuizzyPop.ViewModels.QuizQuestionViewModel, System.String) on controller QuizzyPop.Controllers.HomeController (QuizzyPop).
2025-10-23 16:57:56.505 +02:00 [INF] Executing ViewResult, running view AddQuestions.
2025-10-23 16:57:56.670 +02:00 [INF] Executed ViewResult - view AddQuestions executed in 165.5715ms.
2025-10-23 16:57:56.673 +02:00 [INF] Executed action QuizzyPop.Controllers.HomeController.AddQuestions (QuizzyPop) in 179.36ms
2025-10-23 16:57:56.699 +02:00 [INF] Executed endpoint 'QuizzyPop.Controllers.HomeController.AddQuestions (QuizzyPop)'
2025-10-23 16:57:56.723 +02:00 [INF] Request finished HTTP/2 POST https://localhost:7037/Home/AddQuestions - 200 null text/html; charset=utf-8 238.5785ms
2025-10-23 16:57:56.723 +02:00 [INF] Request starting HTTP/2 GET https://localhost:7037/fonts/Baloo2-Regular.ttf - null null
2025-10-23 16:57:56.748 +02:00 [INF] Request finished HTTP/2 GET https://localhost:7037/fonts/Baloo2-Regular.ttf - 404 0 null 25.1582ms
2025-10-23 16:57:56.748 +02:00 [INF] Request reached the end of the middleware pipeline without being handled by application code. Request path: GET https://localhost:7037/fonts/Baloo2-Regular.ttf, Response status code: 404
