2025-10-23 16:50:35.193 +02:00 [WRN] The property 'Question.Choices' is a collection or enumeration type with a value converter but with no value comparer. Set a value comparer to ensure the collection/enumeration elements are compared correctly.
2025-10-23 16:50:35.275 +02:00 [WRN] The property 'Question.Choices' is a collection or enumeration type with a value converter but with no value comparer. Set a value comparer to ensure the collection/enumeration elements are compared correctly.
2025-10-23 16:50:35.608 +02:00 [INF] User profile is available. Using '/Users/mathiasjudre/.aspnet/DataProtection-Keys' as key repository; keys will not be encrypted at rest.
2025-10-23 16:50:35.813 +02:00 [INF] Now listening on: https://localhost:7037
2025-10-23 16:50:35.814 +02:00 [INF] Now listening on: http://localhost:5299
2025-10-23 16:50:35.818 +02:00 [INF] Application started. Press Ctrl+C to shut down.
2025-10-23 16:50:35.819 +02:00 [INF] Hosting environment: Development
2025-10-23 16:50:35.819 +02:00 [INF] Content root path: /Users/mathiasjudre/Desktop/Skole/5. Semester/ITPE3200 - Webapplikasjoner/QuizzyPop/QuizzyPop
2025-10-23 16:50:36.112 +02:00 [INF] Request starting HTTP/2 GET https://localhost:7037/Home/Index - null null
2025-10-23 16:50:36.125 +02:00 [INF] Executing endpoint 'QuizzyPop.Controllers.HomeController.Index (QuizzyPop)'
2025-10-23 16:50:36.131 +02:00 [INF] Route matched with {action = "Index", controller = "Home"}. Executing controller action with signature Microsoft.AspNetCore.Mvc.IActionResult Index() on controller QuizzyPop.Controllers.HomeController (QuizzyPop).
2025-10-23 16:50:36.138 +02:00 [INF] Executing ViewResult, running view Index.
2025-10-23 16:50:36.177 +02:00 [INF] Executed ViewResult - view Index executed in 41.2317ms.
2025-10-23 16:50:36.179 +02:00 [INF] Executed action QuizzyPop.Controllers.HomeController.Index (QuizzyPop) in 47.941ms
2025-10-23 16:50:36.179 +02:00 [INF] Executed endpoint 'QuizzyPop.Controllers.HomeController.Index (QuizzyPop)'
2025-10-23 16:50:36.181 +02:00 [INF] Request finished HTTP/2 GET https://localhost:7037/Home/Index - 200 null text/html; charset=utf-8 70.3048ms
2025-10-23 16:50:36.413 +02:00 [INF] Request starting HTTP/2 GET https://localhost:7037/fonts/Baloo2-Regular.ttf - null null
2025-10-23 16:50:36.439 +02:00 [INF] Request finished HTTP/2 GET https://localhost:7037/fonts/Baloo2-Regular.ttf - 404 0 null 25.7912ms
2025-10-23 16:50:36.442 +02:00 [INF] Request reached the end of the middleware pipeline without being handled by application code. Request path: GET https://localhost:7037/fonts/Baloo2-Regular.ttf, Response status code: 404
2025-10-23 16:50:37.569 +02:00 [INF] Request starting HTTP/2 GET https://localhost:7037/Home/CreateQuiz - null null
2025-10-23 16:50:37.574 +02:00 [INF] Executing endpoint 'QuizzyPop.Controllers.HomeController.CreateQuiz (QuizzyPop)'
2025-10-23 16:50:37.581 +02:00 [INF] Route matched with {action = "CreateQuiz", controller = "Home"}. Executing controller action with signature System.Threading.Tasks.Task`1[Microsoft.AspNetCore.Mvc.IActionResult] CreateQuiz() on controller QuizzyPop.Controllers.HomeController (QuizzyPop).
2025-10-23 16:50:37.649 +02:00 [INF] Executing ViewResult, running view CreateQuiz.
2025-10-23 16:50:37.802 +02:00 [INF] Executed ViewResult - view CreateQuiz executed in 153.3204ms.
2025-10-23 16:50:37.803 +02:00 [INF] Executed action QuizzyPop.Controllers.HomeController.CreateQuiz (QuizzyPop) in 221.3032ms
2025-10-23 16:50:37.803 +02:00 [INF] Executed endpoint 'QuizzyPop.Controllers.HomeController.CreateQuiz (QuizzyPop)'
2025-10-23 16:50:37.805 +02:00 [INF] Request finished HTTP/2 GET https://localhost:7037/Home/CreateQuiz - 200 null text/html; charset=utf-8 236.4085ms
2025-10-23 16:50:37.886 +02:00 [INF] Request starting HTTP/2 GET https://localhost:7037/fonts/Baloo2-Regular.ttf - null null
2025-10-23 16:50:37.887 +02:00 [INF] Request finished HTTP/2 GET https://localhost:7037/fonts/Baloo2-Regular.ttf - 404 0 null 24.5075ms
2025-10-23 16:50:37.887 +02:00 [INF] Request reached the end of the middleware pipeline without being handled by application code. Request path: GET https://localhost:7037/fonts/Baloo2-Regular.ttf, Response status code: 404
2025-10-23 16:51:10.105 +02:00 [INF] Request starting HTTP/2 POST https://localhost:7037/Home/CreateQuiz - multipart/form-data; boundary=----WebKitFormBoundaryMmsjpzrOO9SABAHk 1162
2025-10-23 16:51:10.215 +02:00 [INF] Executing endpoint 'QuizzyPop.Controllers.HomeController.CreateQuiz (QuizzyPop)'
2025-10-23 16:51:10.246 +02:00 [INF] Route matched with {action = "CreateQuiz", controller = "Home"}. Executing controller action with signature System.Threading.Tasks.Task`1[Microsoft.AspNetCore.Mvc.IActionResult] CreateQuiz(QuizzyPop.ViewModels.QuizMetaDataViewModel) on controller QuizzyPop.Controllers.HomeController (QuizzyPop).
2025-10-23 16:51:10.303 +02:00 [INF] Quiz 'dsds' added (ID: 3)
2025-10-23 16:51:10.303 +02:00 [INF] Quiz 'dsds' created successfully with ID 3
2025-10-23 16:51:10.305 +02:00 [INF] Executing RedirectResult, redirecting to /Home/AddQuestions?quizId=3.
2025-10-23 16:51:10.305 +02:00 [INF] Executed action QuizzyPop.Controllers.HomeController.CreateQuiz (QuizzyPop) in 58.5593ms
2025-10-23 16:51:10.305 +02:00 [INF] Executed endpoint 'QuizzyPop.Controllers.HomeController.CreateQuiz (QuizzyPop)'
2025-10-23 16:51:10.305 +02:00 [INF] Request finished HTTP/2 POST https://localhost:7037/Home/CreateQuiz - 302 0 null 201.37ms
2025-10-23 16:51:10.310 +02:00 [INF] Request starting HTTP/2 GET https://localhost:7037/Home/AddQuestions?quizId=3 - null null
2025-10-23 16:51:10.310 +02:00 [INF] Executing endpoint 'QuizzyPop.Controllers.HomeController.AddQuestions (QuizzyPop)'
2025-10-23 16:51:10.311 +02:00 [INF] Route matched with {action = "AddQuestions", controller = "Home"}. Executing controller action with signature Microsoft.AspNetCore.Mvc.IActionResult AddQuestions(Int32) on controller QuizzyPop.Controllers.HomeController (QuizzyPop).
2025-10-23 16:51:10.313 +02:00 [INF] Executing ViewResult, running view AddQuestions.
2025-10-23 16:51:10.325 +02:00 [INF] Executed ViewResult - view AddQuestions executed in 12.029ms.
2025-10-23 16:51:10.325 +02:00 [INF] Executed action QuizzyPop.Controllers.HomeController.AddQuestions (QuizzyPop) in 13.8484ms
2025-10-23 16:51:10.325 +02:00 [INF] Executed endpoint 'QuizzyPop.Controllers.HomeController.AddQuestions (QuizzyPop)'
2025-10-23 16:51:10.325 +02:00 [INF] Request finished HTTP/2 GET https://localhost:7037/Home/AddQuestions?quizId=3 - 200 null text/html; charset=utf-8 14.964ms
2025-10-23 16:51:10.427 +02:00 [INF] Request starting HTTP/2 GET https://localhost:7037/fonts/Baloo2-Regular.ttf - null null
2025-10-23 16:51:10.428 +02:00 [INF] Request finished HTTP/2 GET https://localhost:7037/fonts/Baloo2-Regular.ttf - 404 0 null 25.8266ms
2025-10-23 16:51:10.428 +02:00 [INF] Request reached the end of the middleware pipeline without being handled by application code. Request path: GET https://localhost:7037/fonts/Baloo2-Regular.ttf, Response status code: 404
2025-10-23 16:51:26.186 +02:00 [INF] Request starting HTTP/2 POST https://localhost:7037/Home/AddQuestions - application/x-www-form-urlencoded 416
2025-10-23 16:51:26.239 +02:00 [INF] Executing endpoint 'QuizzyPop.Controllers.HomeController.AddQuestions (QuizzyPop)'
2025-10-23 16:51:26.245 +02:00 [INF] Route matched with {action = "AddQuestions", controller = "Home"}. Executing controller action with signature System.Threading.Tasks.Task`1[Microsoft.AspNetCore.Mvc.IActionResult] AddQuestions(QuizzyPop.ViewModels.QuizQuestionViewModel, System.String) on controller QuizzyPop.Controllers.HomeController (QuizzyPop).
2025-10-23 16:51:26.256 +02:00 [INF] >>> ENTERED AddQuestions POST, QuizId=3
