2025-10-22 23:11:58.564 +02:00 [WRN] The property 'Question.Choices' is a collection or enumeration type with a value converter but with no value comparer. Set a value comparer to ensure the collection/enumeration elements are compared correctly.
2025-10-22 23:11:58.752 +02:00 [INF] User profile is available. Using '/Users/mathiasjudre/.aspnet/DataProtection-Keys' as key repository; keys will not be encrypted at rest.
2025-10-22 23:11:58.952 +02:00 [INF] Now listening on: https://localhost:7037
2025-10-22 23:11:58.953 +02:00 [INF] Now listening on: http://localhost:5299
2025-10-22 23:11:58.959 +02:00 [INF] Application started. Press Ctrl+C to shut down.
2025-10-22 23:11:58.960 +02:00 [INF] Hosting environment: Development
2025-10-22 23:11:58.960 +02:00 [INF] Content root path: /Users/mathiasjudre/Desktop/Skole/5. Semester/ITPE3200 - Webapplikasjoner/QuizzyPop/QuizzyPop
2025-10-22 23:11:59.194 +02:00 [INF] Request starting HTTP/2 GET https://localhost:7037/Home/Index - null null
2025-10-22 23:11:59.205 +02:00 [INF] Executing endpoint 'QuizzyPop.Controllers.HomeController.Index (QuizzyPop)'
2025-10-22 23:11:59.210 +02:00 [INF] Route matched with {action = "Index", controller = "Home"}. Executing controller action with signature Microsoft.AspNetCore.Mvc.IActionResult Index() on controller QuizzyPop.Controllers.HomeController (QuizzyPop).
2025-10-22 23:11:59.214 +02:00 [INF] Executing ViewResult, running view Index.
2025-10-22 23:11:59.252 +02:00 [INF] Executed ViewResult - view Index executed in 37.1606ms.
2025-10-22 23:11:59.254 +02:00 [INF] Executed action QuizzyPop.Controllers.HomeController.Index (QuizzyPop) in 44.0267ms
2025-10-22 23:11:59.254 +02:00 [INF] Executed endpoint 'QuizzyPop.Controllers.HomeController.Index (QuizzyPop)'
2025-10-22 23:11:59.257 +02:00 [INF] Request finished HTTP/2 GET https://localhost:7037/Home/Index - 200 null text/html; charset=utf-8 63.5766ms
2025-10-22 23:11:59.440 +02:00 [INF] Request starting HTTP/2 GET https://localhost:7037/fonts/Baloo2-Regular.ttf - null null
2025-10-22 23:11:59.448 +02:00 [INF] Request finished HTTP/2 GET https://localhost:7037/fonts/Baloo2-Regular.ttf - 404 0 null 7.252ms
2025-10-22 23:11:59.449 +02:00 [INF] Request reached the end of the middleware pipeline without being handled by application code. Request path: GET https://localhost:7037/fonts/Baloo2-Regular.ttf, Response status code: 404
2025-10-22 23:12:00.675 +02:00 [INF] Request starting HTTP/2 GET https://localhost:7037/Home/CreateQuiz - null null
2025-10-22 23:12:00.680 +02:00 [INF] Executing endpoint 'QuizzyPop.Controllers.HomeController.CreateQuiz (QuizzyPop)'
2025-10-22 23:12:00.691 +02:00 [INF] Route matched with {action = "CreateQuiz", controller = "Home"}. Executing controller action with signature System.Threading.Tasks.Task`1[Microsoft.AspNetCore.Mvc.IActionResult] CreateQuiz() on controller QuizzyPop.Controllers.HomeController (QuizzyPop).
2025-10-22 23:12:00.773 +02:00 [INF] Executing ViewResult, running view CreateQuiz.
2025-10-22 23:12:00.927 +02:00 [INF] Executed ViewResult - view CreateQuiz executed in 154.5985ms.
2025-10-22 23:12:00.928 +02:00 [INF] Executed action QuizzyPop.Controllers.HomeController.CreateQuiz (QuizzyPop) in 236.27ms
2025-10-22 23:12:00.928 +02:00 [INF] Executed endpoint 'QuizzyPop.Controllers.HomeController.CreateQuiz (QuizzyPop)'
2025-10-22 23:12:00.930 +02:00 [INF] Request finished HTTP/2 GET https://localhost:7037/Home/CreateQuiz - 200 null text/html; charset=utf-8 279.1304ms
2025-10-22 23:12:00.987 +02:00 [INF] Request starting HTTP/2 GET https://localhost:7037/fonts/Baloo2-Regular.ttf - null null
2025-10-22 23:12:00.988 +02:00 [INF] Request finished HTTP/2 GET https://localhost:7037/fonts/Baloo2-Regular.ttf - 404 0 null 24.5232ms
2025-10-22 23:12:00.988 +02:00 [INF] Request reached the end of the middleware pipeline without being handled by application code. Request path: GET https://localhost:7037/fonts/Baloo2-Regular.ttf, Response status code: 404
2025-10-22 23:12:07.131 +02:00 [INF] Request starting HTTP/2 POST https://localhost:7037/Home/CreateQuiz - multipart/form-data; boundary=----WebKitFormBoundarygl2B6eYc8Xybckil 1164
2025-10-22 23:12:07.134 +02:00 [INF] Executing endpoint 'QuizzyPop.Controllers.HomeController.CreateQuiz (QuizzyPop)'
2025-10-22 23:12:07.156 +02:00 [INF] Route matched with {action = "CreateQuiz", controller = "Home"}. Executing controller action with signature System.Threading.Tasks.Task`1[Microsoft.AspNetCore.Mvc.IActionResult] CreateQuiz(QuizzyPop.ViewModels.QuizMetaDataViewModel) on controller QuizzyPop.Controllers.HomeController (QuizzyPop).
2025-10-22 23:12:07.263 +02:00 [INF] Quiz 'matte' added successfully (ID: 10)
2025-10-22 23:12:07.264 +02:00 [INF] Quiz 'matte' created successfully with ID 10
2025-10-22 23:12:07.265 +02:00 [INF] Executing RedirectResult, redirecting to /Home/AddQuestions?quizId=10.
2025-10-22 23:12:07.265 +02:00 [INF] Executed action QuizzyPop.Controllers.HomeController.CreateQuiz (QuizzyPop) in 109.1212ms
2025-10-22 23:12:07.265 +02:00 [INF] Executed endpoint 'QuizzyPop.Controllers.HomeController.CreateQuiz (QuizzyPop)'
2025-10-22 23:12:07.265 +02:00 [INF] Request finished HTTP/2 POST https://localhost:7037/Home/CreateQuiz - 302 0 null 136.281ms
2025-10-22 23:12:07.268 +02:00 [INF] Request starting HTTP/2 GET https://localhost:7037/Home/AddQuestions?quizId=10 - null null
2025-10-22 23:12:07.269 +02:00 [INF] Executing endpoint 'QuizzyPop.Controllers.HomeController.AddQuestions (QuizzyPop)'
2025-10-22 23:12:07.269 +02:00 [INF] Route matched with {action = "AddQuestions", controller = "Home"}. Executing controller action with signature Microsoft.AspNetCore.Mvc.IActionResult AddQuestions(Int32) on controller QuizzyPop.Controllers.HomeController (QuizzyPop).
2025-10-22 23:12:07.273 +02:00 [INF] Executing ViewResult, running view AddQuestions.
2025-10-22 23:12:07.384 +02:00 [INF] Executed ViewResult - view AddQuestions executed in 86.4044ms.
2025-10-22 23:12:07.435 +02:00 [INF] Executed action QuizzyPop.Controllers.HomeController.AddQuestions (QuizzyPop) in 164.9842ms
2025-10-22 23:12:07.435 +02:00 [INF] Request starting HTTP/2 GET https://localhost:7037/fonts/Baloo2-Regular.ttf - null null
2025-10-22 23:12:07.435 +02:00 [INF] Executed endpoint 'QuizzyPop.Controllers.HomeController.AddQuestions (QuizzyPop)'
2025-10-22 23:12:07.435 +02:00 [INF] Request finished HTTP/2 GET https://localhost:7037/Home/AddQuestions?quizId=10 - 200 null text/html; charset=utf-8 166.4375ms
2025-10-22 23:12:07.435 +02:00 [INF] Request finished HTTP/2 GET https://localhost:7037/fonts/Baloo2-Regular.ttf - 404 0 null 0.8325ms
2025-10-22 23:12:07.436 +02:00 [INF] Request reached the end of the middleware pipeline without being handled by application code. Request path: GET https://localhost:7037/fonts/Baloo2-Regular.ttf, Response status code: 404
2025-10-22 23:12:21.377 +02:00 [INF] Request starting HTTP/2 POST https://localhost:7037/Home/AddQuestions - application/x-www-form-urlencoded 412
2025-10-22 23:12:21.447 +02:00 [INF] Executing endpoint 'QuizzyPop.Controllers.HomeController.AddQuestions (QuizzyPop)'
2025-10-22 23:12:21.454 +02:00 [INF] Route matched with {action = "AddQuestions", controller = "Home"}. Executing controller action with signature System.Threading.Tasks.Task`1[Microsoft.AspNetCore.Mvc.IActionResult] AddQuestions(QuizzyPop.ViewModels.QuizQuestionViewModel, System.String) on controller QuizzyPop.Controllers.HomeController (QuizzyPop).
2025-10-22 23:12:21.473 +02:00 [INF] Executing ViewResult, running view AddQuestions.
2025-10-22 23:12:21.575 +02:00 [INF] Executed ViewResult - view AddQuestions executed in 102.6087ms.
2025-10-22 23:12:21.623 +02:00 [INF] Executed action QuizzyPop.Controllers.HomeController.AddQuestions (QuizzyPop) in 142.7688ms
2025-10-22 23:12:21.623 +02:00 [INF] Request starting HTTP/2 GET https://localhost:7037/fonts/Baloo2-Regular.ttf - null null
2025-10-22 23:12:21.623 +02:00 [INF] Executed endpoint 'QuizzyPop.Controllers.HomeController.AddQuestions (QuizzyPop)'
2025-10-22 23:12:21.623 +02:00 [INF] Request finished HTTP/2 POST https://localhost:7037/Home/AddQuestions - 200 null text/html; charset=utf-8 246.3055ms
2025-10-22 23:12:21.624 +02:00 [INF] Request finished HTTP/2 GET https://localhost:7037/fonts/Baloo2-Regular.ttf - 404 0 null 0.9505ms
2025-10-22 23:12:21.624 +02:00 [INF] Request reached the end of the middleware pipeline without being handled by application code. Request path: GET https://localhost:7037/fonts/Baloo2-Regular.ttf, Response status code: 404
2025-10-22 23:12:22.918 +02:00 [INF] Request starting HTTP/2 GET https://localhost:7037/Home/TakeQuiz - null null
2025-10-22 23:12:22.994 +02:00 [INF] Executing endpoint 'QuizzyPop.Controllers.HomeController.TakeQuiz (QuizzyPop)'
2025-10-22 23:12:23.000 +02:00 [INF] Route matched with {action = "TakeQuiz", controller = "Home"}. Executing controller action with signature System.Threading.Tasks.Task`1[Microsoft.AspNetCore.Mvc.IActionResult] TakeQuiz() on controller QuizzyPop.Controllers.HomeController (QuizzyPop).
2025-10-22 23:12:23.096 +02:00 [INF] Loaded 7 quizzes from repository.
2025-10-22 23:12:23.097 +02:00 [INF] Executing ViewResult, running view TakeQuiz.
2025-10-22 23:12:23.271 +02:00 [INF] Executed ViewResult - view TakeQuiz executed in 148.7035ms.
2025-10-22 23:12:23.272 +02:00 [INF] Executed action QuizzyPop.Controllers.HomeController.TakeQuiz (QuizzyPop) in 270.9388ms
2025-10-22 23:12:23.272 +02:00 [INF] Executed endpoint 'QuizzyPop.Controllers.HomeController.TakeQuiz (QuizzyPop)'
2025-10-22 23:12:23.272 +02:00 [INF] Request starting HTTP/2 GET https://localhost:7037/fonts/Baloo2-Regular.ttf - null null
2025-10-22 23:12:23.272 +02:00 [INF] Request starting HTTP/2 GET https://localhost:7037/images/default-cover.png - null null
2025-10-22 23:12:23.296 +02:00 [INF] Request finished HTTP/2 GET https://localhost:7037/Home/TakeQuiz - 200 null text/html; charset=utf-8 357.6487ms
2025-10-22 23:12:23.296 +02:00 [INF] Request starting HTTP/2 GET https://localhost:7037/images/geometry.jpeg?v=ILbFYdycBluJl9o3yZDPEUTdIRSw7eFw8tJXk3FKY2E - null null
2025-10-22 23:12:23.297 +02:00 [INF] Request finished HTTP/2 GET https://localhost:7037/images/default-cover.png - 404 0 null 24.796ms
2025-10-22 23:12:23.297 +02:00 [INF] Request finished HTTP/2 GET https://localhost:7037/fonts/Baloo2-Regular.ttf - 404 0 null 24.8703ms
2025-10-22 23:12:23.297 +02:00 [INF] Request starting HTTP/2 GET https://localhost:7037/images/disney.webp?v=NaKwJmwsewkBDWX7ARsrHFZ7UNulgvesAY3mmwUAyOE - null null
2025-10-22 23:12:23.298 +02:00 [INF] Request reached the end of the middleware pipeline without being handled by application code. Request path: GET https://localhost:7037/images/default-cover.png, Response status code: 404
2025-10-22 23:12:23.298 +02:00 [INF] Request reached the end of the middleware pipeline without being handled by application code. Request path: GET https://localhost:7037/fonts/Baloo2-Regular.ttf, Response status code: 404
2025-10-22 23:12:23.302 +02:00 [INF] The file /images/geometry.jpeg was not modified
2025-10-22 23:12:23.302 +02:00 [INF] The file /images/disney.webp was not modified
2025-10-22 23:12:23.302 +02:00 [INF] Request finished HTTP/2 GET https://localhost:7037/images/geometry.jpeg?v=ILbFYdycBluJl9o3yZDPEUTdIRSw7eFw8tJXk3FKY2E - 304 null image/jpeg 5.7138ms
2025-10-22 23:12:23.302 +02:00 [INF] Request finished HTTP/2 GET https://localhost:7037/images/disney.webp?v=NaKwJmwsewkBDWX7ARsrHFZ7UNulgvesAY3mmwUAyOE - 304 null image/webp 5.549ms
