2025-10-23 18:12:00.153 +02:00 [WRN] The property 'Question.Choices' is a collection or enumeration type with a value converter but with no value comparer. Set a value comparer to ensure the collection/enumeration elements are compared correctly.
2025-10-23 18:12:00.235 +02:00 [WRN] The property 'Question.Choices' is a collection or enumeration type with a value converter but with no value comparer. Set a value comparer to ensure the collection/enumeration elements are compared correctly.
2025-10-23 18:12:00.479 +02:00 [INF] User profile is available. Using '/Users/mathiasjudre/.aspnet/DataProtection-Keys' as key repository; keys will not be encrypted at rest.
2025-10-23 18:12:00.692 +02:00 [INF] Now listening on: https://localhost:7037
2025-10-23 18:12:00.693 +02:00 [INF] Now listening on: http://localhost:5299
2025-10-23 18:12:00.695 +02:00 [INF] Application started. Press Ctrl+C to shut down.
2025-10-23 18:12:00.696 +02:00 [INF] Hosting environment: Development
2025-10-23 18:12:00.696 +02:00 [INF] Content root path: /Users/mathiasjudre/Desktop/Skole/5. Semester/ITPE3200 - Webapplikasjoner/QuizzyPop/QuizzyPop
2025-10-23 18:12:00.859 +02:00 [INF] Request starting HTTP/2 GET https://localhost:7037/Home/Index - null null
2025-10-23 18:12:00.870 +02:00 [INF] Executing endpoint 'QuizzyPop.Controllers.HomeController.Index (QuizzyPop)'
2025-10-23 18:12:00.875 +02:00 [INF] Route matched with {action = "Index", controller = "Home"}. Executing controller action with signature Microsoft.AspNetCore.Mvc.IActionResult Index() on controller QuizzyPop.Controllers.HomeController (QuizzyPop).
2025-10-23 18:12:00.878 +02:00 [INF] Executing ViewResult, running view Index.
2025-10-23 18:12:00.912 +02:00 [INF] Executed ViewResult - view Index executed in 33.1008ms.
2025-10-23 18:12:00.914 +02:00 [INF] Executed action QuizzyPop.Controllers.HomeController.Index (QuizzyPop) in 39.1296ms
2025-10-23 18:12:00.914 +02:00 [INF] Executed endpoint 'QuizzyPop.Controllers.HomeController.Index (QuizzyPop)'
2025-10-23 18:12:00.917 +02:00 [INF] Request finished HTTP/2 GET https://localhost:7037/Home/Index - 200 null text/html; charset=utf-8 58.6932ms
2025-10-23 18:12:01.007 +02:00 [INF] Request starting HTTP/2 GET https://localhost:7037/fonts/Baloo2-Regular.ttf - null null
2025-10-23 18:12:01.011 +02:00 [INF] Request finished HTTP/2 GET https://localhost:7037/fonts/Baloo2-Regular.ttf - 404 0 null 3.7839ms
2025-10-23 18:12:01.012 +02:00 [INF] Request reached the end of the middleware pipeline without being handled by application code. Request path: GET https://localhost:7037/fonts/Baloo2-Regular.ttf, Response status code: 404
2025-10-23 18:12:02.129 +02:00 [INF] Request starting HTTP/2 GET https://localhost:7037/Home/CreateQuiz - null null
2025-10-23 18:12:02.134 +02:00 [INF] Executing endpoint 'QuizzyPop.Controllers.HomeController.CreateQuiz (QuizzyPop)'
2025-10-23 18:12:02.142 +02:00 [INF] Route matched with {action = "CreateQuiz", controller = "Home"}. Executing controller action with signature System.Threading.Tasks.Task`1[Microsoft.AspNetCore.Mvc.IActionResult] CreateQuiz() on controller QuizzyPop.Controllers.HomeController (QuizzyPop).
2025-10-23 18:12:02.209 +02:00 [INF] Executing ViewResult, running view CreateQuiz.
2025-10-23 18:12:02.360 +02:00 [INF] Executed ViewResult - view CreateQuiz executed in 151.5455ms.
2025-10-23 18:12:02.361 +02:00 [INF] Executed action QuizzyPop.Controllers.HomeController.CreateQuiz (QuizzyPop) in 217.8799ms
2025-10-23 18:12:02.361 +02:00 [INF] Executed endpoint 'QuizzyPop.Controllers.HomeController.CreateQuiz (QuizzyPop)'
2025-10-23 18:12:02.364 +02:00 [INF] Request finished HTTP/2 GET https://localhost:7037/Home/CreateQuiz - 200 null text/html; charset=utf-8 234.9097ms
2025-10-23 18:12:02.434 +02:00 [INF] Request starting HTTP/2 GET https://localhost:7037/fonts/Baloo2-Regular.ttf - null null
2025-10-23 18:12:02.435 +02:00 [INF] Request finished HTTP/2 GET https://localhost:7037/fonts/Baloo2-Regular.ttf - 404 0 null 1.2193ms
2025-10-23 18:12:02.435 +02:00 [INF] Request reached the end of the middleware pipeline without being handled by application code. Request path: GET https://localhost:7037/fonts/Baloo2-Regular.ttf, Response status code: 404
2025-10-23 18:12:08.914 +02:00 [INF] Request starting HTTP/2 POST https://localhost:7037/Home/CreateQuiz - multipart/form-data; boundary=----WebKitFormBoundarytVZgXSUnFkyeJlOA 1162
2025-10-23 18:12:08.939 +02:00 [INF] Executing endpoint 'QuizzyPop.Controllers.HomeController.CreateQuiz (QuizzyPop)'
2025-10-23 18:12:08.960 +02:00 [INF] Route matched with {action = "CreateQuiz", controller = "Home"}. Executing controller action with signature System.Threading.Tasks.Task`1[Microsoft.AspNetCore.Mvc.IActionResult] CreateQuiz(QuizzyPop.ViewModels.QuizMetaDataViewModel) on controller QuizzyPop.Controllers.HomeController (QuizzyPop).
2025-10-23 18:12:09.024 +02:00 [INF] Quiz 'test' added (ID: 3)
2025-10-23 18:12:09.024 +02:00 [INF] Quiz 'test' created successfully with ID 3
2025-10-23 18:12:09.026 +02:00 [INF] Executing RedirectResult, redirecting to /Home/AddQuestions?quizId=3.
2025-10-23 18:12:09.026 +02:00 [INF] Executed action QuizzyPop.Controllers.HomeController.CreateQuiz (QuizzyPop) in 65.5976ms
2025-10-23 18:12:09.026 +02:00 [INF] Executed endpoint 'QuizzyPop.Controllers.HomeController.CreateQuiz (QuizzyPop)'
2025-10-23 18:12:09.026 +02:00 [INF] Request finished HTTP/2 POST https://localhost:7037/Home/CreateQuiz - 302 0 null 111.894ms
2025-10-23 18:12:09.028 +02:00 [INF] Request starting HTTP/2 GET https://localhost:7037/Home/AddQuestions?quizId=3 - null null
2025-10-23 18:12:09.029 +02:00 [INF] Executing endpoint 'QuizzyPop.Controllers.HomeController.AddQuestions (QuizzyPop)'
2025-10-23 18:12:09.030 +02:00 [INF] Route matched with {action = "AddQuestions", controller = "Home"}. Executing controller action with signature Microsoft.AspNetCore.Mvc.IActionResult AddQuestions(Int32) on controller QuizzyPop.Controllers.HomeController (QuizzyPop).
2025-10-23 18:12:09.032 +02:00 [INF] Executing ViewResult, running view AddQuestions.
2025-10-23 18:12:09.231 +02:00 [INF] Request starting HTTP/2 GET https://localhost:7037/fonts/Baloo2-Regular.ttf - null null
2025-10-23 18:12:09.232 +02:00 [INF] Executed ViewResult - view AddQuestions executed in 200.5917ms.
2025-10-23 18:12:09.232 +02:00 [INF] Executed action QuizzyPop.Controllers.HomeController.AddQuestions (QuizzyPop) in 202.8771ms
2025-10-23 18:12:09.233 +02:00 [INF] Request finished HTTP/2 GET https://localhost:7037/fonts/Baloo2-Regular.ttf - 404 0 null 22.904ms
2025-10-23 18:12:09.233 +02:00 [INF] Executed endpoint 'QuizzyPop.Controllers.HomeController.AddQuestions (QuizzyPop)'
2025-10-23 18:12:09.233 +02:00 [INF] Request reached the end of the middleware pipeline without being handled by application code. Request path: GET https://localhost:7037/fonts/Baloo2-Regular.ttf, Response status code: 404
2025-10-23 18:12:09.233 +02:00 [INF] Request finished HTTP/2 GET https://localhost:7037/Home/AddQuestions?quizId=3 - 200 null text/html; charset=utf-8 204.4542ms
2025-10-23 18:12:21.397 +02:00 [INF] Request starting HTTP/2 POST https://localhost:7037/Home/AddQuestions - application/x-www-form-urlencoded 423
2025-10-23 18:12:21.422 +02:00 [INF] Executing endpoint 'QuizzyPop.Controllers.HomeController.AddQuestions (QuizzyPop)'
2025-10-23 18:12:21.427 +02:00 [INF] Route matched with {action = "AddQuestions", controller = "Home"}. Executing controller action with signature System.Threading.Tasks.Task`1[Microsoft.AspNetCore.Mvc.IActionResult] AddQuestions(QuizzyPop.ViewModels.QuizQuestionViewModel, System.String) on controller QuizzyPop.Controllers.HomeController (QuizzyPop).
2025-10-23 18:12:21.504 +02:00 [INF] Question added to quiz 3 with Id 7
2025-10-23 18:12:21.505 +02:00 [INF] Added question to quiz 3
2025-10-23 18:12:21.505 +02:00 [INF] Executing RedirectResult, redirecting to /.
2025-10-23 18:12:21.505 +02:00 [INF] Executed action QuizzyPop.Controllers.HomeController.AddQuestions (QuizzyPop) in 77.6198ms
2025-10-23 18:12:21.505 +02:00 [INF] Executed endpoint 'QuizzyPop.Controllers.HomeController.AddQuestions (QuizzyPop)'
2025-10-23 18:12:21.505 +02:00 [INF] Request finished HTTP/2 POST https://localhost:7037/Home/AddQuestions - 302 0 null 108.3429ms
2025-10-23 18:12:21.558 +02:00 [INF] Request starting HTTP/2 GET https://localhost:7037/ - null null
2025-10-23 18:12:21.558 +02:00 [INF] Executing endpoint 'QuizzyPop.Controllers.HomeController.Index (QuizzyPop)'
2025-10-23 18:12:21.558 +02:00 [INF] Route matched with {action = "Index", controller = "Home"}. Executing controller action with signature Microsoft.AspNetCore.Mvc.IActionResult Index() on controller QuizzyPop.Controllers.HomeController (QuizzyPop).
2025-10-23 18:12:21.558 +02:00 [INF] Executing ViewResult, running view Index.
2025-10-23 18:12:21.585 +02:00 [INF] Executed ViewResult - view Index executed in 26.4006ms.
2025-10-23 18:12:21.610 +02:00 [INF] Executed action QuizzyPop.Controllers.HomeController.Index (QuizzyPop) in 51.1855ms
2025-10-23 18:12:21.638 +02:00 [INF] Executed endpoint 'QuizzyPop.Controllers.HomeController.Index (QuizzyPop)'
2025-10-23 18:12:21.737 +02:00 [INF] Request finished HTTP/2 GET https://localhost:7037/ - 200 null text/html; charset=utf-8 180.0755ms
2025-10-23 18:12:21.741 +02:00 [INF] Request starting HTTP/2 GET https://localhost:7037/fonts/Baloo2-Regular.ttf - null null
2025-10-23 18:12:21.742 +02:00 [INF] Request finished HTTP/2 GET https://localhost:7037/fonts/Baloo2-Regular.ttf - 404 0 null 29.1123ms
2025-10-23 18:12:21.742 +02:00 [INF] Request reached the end of the middleware pipeline without being handled by application code. Request path: GET https://localhost:7037/fonts/Baloo2-Regular.ttf, Response status code: 404
