2025-10-22 23:08:23.754 +02:00 [WRN] The property 'Question.Choices' is a collection or enumeration type with a value converter but with no value comparer. Set a value comparer to ensure the collection/enumeration elements are compared correctly.
2025-10-22 23:08:23.945 +02:00 [INF] User profile is available. Using '/Users/mathiasjudre/.aspnet/DataProtection-Keys' as key repository; keys will not be encrypted at rest.
2025-10-22 23:08:24.134 +02:00 [INF] Now listening on: https://localhost:7037
2025-10-22 23:08:24.135 +02:00 [INF] Now listening on: http://localhost:5299
2025-10-22 23:08:24.137 +02:00 [INF] Application started. Press Ctrl+C to shut down.
2025-10-22 23:08:24.138 +02:00 [INF] Hosting environment: Development
2025-10-22 23:08:24.138 +02:00 [INF] Content root path: /Users/mathiasjudre/Desktop/Skole/5. Semester/ITPE3200 - Webapplikasjoner/QuizzyPop/QuizzyPop
2025-10-22 23:08:24.430 +02:00 [INF] Request starting HTTP/2 GET https://localhost:7037/Home/Index - null null
2025-10-22 23:08:24.455 +02:00 [INF] Executing endpoint 'QuizzyPop.Controllers.HomeController.Index (QuizzyPop)'
2025-10-22 23:08:24.462 +02:00 [INF] Route matched with {action = "Index", controller = "Home"}. Executing controller action with signature Microsoft.AspNetCore.Mvc.IActionResult Index() on controller QuizzyPop.Controllers.HomeController (QuizzyPop).
2025-10-22 23:08:24.474 +02:00 [INF] Executing ViewResult, running view Index.
2025-10-22 23:08:24.586 +02:00 [INF] Request starting HTTP/2 GET https://localhost:7037/images/quizzy-no-arms.png - null null
2025-10-22 23:08:24.586 +02:00 [INF] Request starting HTTP/2 GET https://localhost:7037/images/quizzy-blueberry.png - null null
2025-10-22 23:08:24.590 +02:00 [INF] Executed ViewResult - view Index executed in 86.2677ms.
2025-10-22 23:08:24.669 +02:00 [INF] Executed action QuizzyPop.Controllers.HomeController.Index (QuizzyPop) in 206.3192ms
2025-10-22 23:08:24.669 +02:00 [INF] Executed endpoint 'QuizzyPop.Controllers.HomeController.Index (QuizzyPop)'
2025-10-22 23:08:24.670 +02:00 [INF] The file /images/quizzy-no-arms.png was not modified
2025-10-22 23:08:24.670 +02:00 [INF] The file /images/quizzy-blueberry.png was not modified
2025-10-22 23:08:24.699 +02:00 [INF] Request finished HTTP/2 GET https://localhost:7037/images/quizzy-blueberry.png - 304 null image/png 113.867ms
2025-10-22 23:08:24.699 +02:00 [INF] Request finished HTTP/2 GET https://localhost:7037/images/quizzy-no-arms.png - 304 null image/png 110.8284ms
2025-10-22 23:08:24.701 +02:00 [INF] Request finished HTTP/2 GET https://localhost:7037/Home/Index - 200 null text/html; charset=utf-8 272.1364ms
2025-10-22 23:08:24.714 +02:00 [INF] Request starting HTTP/2 GET https://localhost:7037/fonts/Baloo2-Regular.ttf - null null
2025-10-22 23:08:24.738 +02:00 [INF] Request finished HTTP/2 GET https://localhost:7037/fonts/Baloo2-Regular.ttf - 404 0 null 24.3398ms
2025-10-22 23:08:24.739 +02:00 [INF] Request reached the end of the middleware pipeline without being handled by application code. Request path: GET https://localhost:7037/fonts/Baloo2-Regular.ttf, Response status code: 404
2025-10-22 23:08:25.793 +02:00 [INF] Request starting HTTP/2 GET https://localhost:7037/Home/CreateQuiz - null null
2025-10-22 23:08:25.821 +02:00 [INF] Executing endpoint 'QuizzyPop.Controllers.HomeController.CreateQuiz (QuizzyPop)'
2025-10-22 23:08:25.829 +02:00 [INF] Route matched with {action = "CreateQuiz", controller = "Home"}. Executing controller action with signature System.Threading.Tasks.Task`1[Microsoft.AspNetCore.Mvc.IActionResult] CreateQuiz() on controller QuizzyPop.Controllers.HomeController (QuizzyPop).
2025-10-22 23:08:25.904 +02:00 [INF] Executing ViewResult, running view CreateQuiz.
2025-10-22 23:08:26.036 +02:00 [INF] Executed ViewResult - view CreateQuiz executed in 132.3059ms.
2025-10-22 23:08:26.036 +02:00 [INF] Executed action QuizzyPop.Controllers.HomeController.CreateQuiz (QuizzyPop) in 206.3679ms
2025-10-22 23:08:26.036 +02:00 [INF] Executed endpoint 'QuizzyPop.Controllers.HomeController.CreateQuiz (QuizzyPop)'
2025-10-22 23:08:26.038 +02:00 [INF] Request finished HTTP/2 GET https://localhost:7037/Home/CreateQuiz - 200 null text/html; charset=utf-8 244.7159ms
2025-10-22 23:08:26.094 +02:00 [INF] Request starting HTTP/2 GET https://localhost:7037/fonts/Baloo2-Regular.ttf - null null
2025-10-22 23:08:26.094 +02:00 [INF] Request finished HTTP/2 GET https://localhost:7037/fonts/Baloo2-Regular.ttf - 404 0 null 25.702ms
2025-10-22 23:08:26.095 +02:00 [INF] Request reached the end of the middleware pipeline without being handled by application code. Request path: GET https://localhost:7037/fonts/Baloo2-Regular.ttf, Response status code: 404
2025-10-22 23:08:32.588 +02:00 [INF] Request starting HTTP/2 POST https://localhost:7037/Home/CreateQuiz - multipart/form-data; boundary=----WebKitFormBoundarysh2vKB44YJCN6vs5 1164
2025-10-22 23:08:32.590 +02:00 [INF] Executing endpoint 'QuizzyPop.Controllers.HomeController.CreateQuiz (QuizzyPop)'
2025-10-22 23:08:32.612 +02:00 [INF] Route matched with {action = "CreateQuiz", controller = "Home"}. Executing controller action with signature System.Threading.Tasks.Task`1[Microsoft.AspNetCore.Mvc.IActionResult] CreateQuiz(QuizzyPop.ViewModels.QuizMetaDataViewModel) on controller QuizzyPop.Controllers.HomeController (QuizzyPop).
2025-10-22 23:08:32.727 +02:00 [INF] Quiz 'matte' added successfully (ID: 9)
2025-10-22 23:08:32.728 +02:00 [INF] Quiz 'matte' created successfully with ID 9
2025-10-22 23:08:32.729 +02:00 [INF] Executing RedirectResult, redirecting to /Home/AddQuestions?quizId=9.
2025-10-22 23:08:32.729 +02:00 [INF] Executed action QuizzyPop.Controllers.HomeController.CreateQuiz (QuizzyPop) in 116.5922ms
2025-10-22 23:08:32.729 +02:00 [INF] Executed endpoint 'QuizzyPop.Controllers.HomeController.CreateQuiz (QuizzyPop)'
2025-10-22 23:08:32.729 +02:00 [INF] Request finished HTTP/2 POST https://localhost:7037/Home/CreateQuiz - 302 0 null 141.6614ms
2025-10-22 23:08:32.755 +02:00 [INF] Request starting HTTP/2 GET https://localhost:7037/Home/AddQuestions?quizId=9 - null null
2025-10-22 23:08:32.755 +02:00 [INF] Executing endpoint 'QuizzyPop.Controllers.HomeController.AddQuestions (QuizzyPop)'
2025-10-22 23:08:32.756 +02:00 [INF] Route matched with {action = "AddQuestions", controller = "Home"}. Executing controller action with signature Microsoft.AspNetCore.Mvc.IActionResult AddQuestions(Int32) on controller QuizzyPop.Controllers.HomeController (QuizzyPop).
2025-10-22 23:08:32.759 +02:00 [INF] Executing ViewResult, running view AddQuestions.
2025-10-22 23:08:32.769 +02:00 [INF] Executed ViewResult - view AddQuestions executed in 10.4852ms.
2025-10-22 23:08:32.845 +02:00 [INF] Executed action QuizzyPop.Controllers.HomeController.AddQuestions (QuizzyPop) in 88.39ms
2025-10-22 23:08:32.870 +02:00 [INF] Executed endpoint 'QuizzyPop.Controllers.HomeController.AddQuestions (QuizzyPop)'
2025-10-22 23:08:32.917 +02:00 [INF] Request starting HTTP/2 GET https://localhost:7037/fonts/Baloo2-Regular.ttf - null null
2025-10-22 23:08:32.918 +02:00 [INF] Request finished HTTP/2 GET https://localhost:7037/Home/AddQuestions?quizId=9 - 200 null text/html; charset=utf-8 161.8951ms
2025-10-22 23:08:32.919 +02:00 [INF] Request finished HTTP/2 GET https://localhost:7037/fonts/Baloo2-Regular.ttf - 404 0 null 25.5843ms
2025-10-22 23:08:32.919 +02:00 [INF] Request reached the end of the middleware pipeline without being handled by application code. Request path: GET https://localhost:7037/fonts/Baloo2-Regular.ttf, Response status code: 404
