2025-10-23 18:08:22.895 +02:00 [WRN] The property 'Question.Choices' is a collection or enumeration type with a value converter but with no value comparer. Set a value comparer to ensure the collection/enumeration elements are compared correctly.
2025-10-23 18:08:22.972 +02:00 [WRN] The property 'Question.Choices' is a collection or enumeration type with a value converter but with no value comparer. Set a value comparer to ensure the collection/enumeration elements are compared correctly.
2025-10-23 18:08:23.218 +02:00 [INF] User profile is available. Using '/Users/mathiasjudre/.aspnet/DataProtection-Keys' as key repository; keys will not be encrypted at rest.
2025-10-23 18:08:23.432 +02:00 [INF] Now listening on: https://localhost:7037
2025-10-23 18:08:23.457 +02:00 [INF] Now listening on: http://localhost:5299
2025-10-23 18:08:23.462 +02:00 [INF] Application started. Press Ctrl+C to shut down.
2025-10-23 18:08:23.464 +02:00 [INF] Hosting environment: Development
2025-10-23 18:08:23.465 +02:00 [INF] Content root path: /Users/mathiasjudre/Desktop/Skole/5. Semester/ITPE3200 - Webapplikasjoner/QuizzyPop/QuizzyPop
2025-10-23 18:08:23.652 +02:00 [INF] Request starting HTTP/2 GET https://localhost:7037/Home/Index - null null
2025-10-23 18:08:23.669 +02:00 [INF] Executing endpoint 'QuizzyPop.Controllers.HomeController.Index (QuizzyPop)'
2025-10-23 18:08:23.674 +02:00 [INF] Route matched with {action = "Index", controller = "Home"}. Executing controller action with signature Microsoft.AspNetCore.Mvc.IActionResult Index() on controller QuizzyPop.Controllers.HomeController (QuizzyPop).
2025-10-23 18:08:23.678 +02:00 [INF] Executing ViewResult, running view Index.
2025-10-23 18:08:23.751 +02:00 [INF] Executed ViewResult - view Index executed in 46.6222ms.
2025-10-23 18:08:23.754 +02:00 [INF] Executed action QuizzyPop.Controllers.HomeController.Index (QuizzyPop) in 79.5ms
2025-10-23 18:08:23.754 +02:00 [INF] Executed endpoint 'QuizzyPop.Controllers.HomeController.Index (QuizzyPop)'
2025-10-23 18:08:23.760 +02:00 [INF] Request finished HTTP/2 GET https://localhost:7037/Home/Index - 200 null text/html; charset=utf-8 108.2215ms
2025-10-23 18:08:23.842 +02:00 [INF] Request starting HTTP/2 GET https://localhost:7037/fonts/Baloo2-Regular.ttf - null null
2025-10-23 18:08:23.849 +02:00 [INF] Request finished HTTP/2 GET https://localhost:7037/fonts/Baloo2-Regular.ttf - 404 0 null 6.9457ms
2025-10-23 18:08:23.855 +02:00 [INF] Request reached the end of the middleware pipeline without being handled by application code. Request path: GET https://localhost:7037/fonts/Baloo2-Regular.ttf, Response status code: 404
2025-10-23 18:08:25.575 +02:00 [INF] Request starting HTTP/2 GET https://localhost:7037/Home/CreateQuiz - null null
2025-10-23 18:08:25.581 +02:00 [INF] Executing endpoint 'QuizzyPop.Controllers.HomeController.CreateQuiz (QuizzyPop)'
2025-10-23 18:08:25.590 +02:00 [INF] Route matched with {action = "CreateQuiz", controller = "Home"}. Executing controller action with signature System.Threading.Tasks.Task`1[Microsoft.AspNetCore.Mvc.IActionResult] CreateQuiz() on controller QuizzyPop.Controllers.HomeController (QuizzyPop).
2025-10-23 18:08:25.662 +02:00 [INF] Executing ViewResult, running view CreateQuiz.
2025-10-23 18:08:25.792 +02:00 [INF] Executed ViewResult - view CreateQuiz executed in 130.1888ms.
2025-10-23 18:08:25.793 +02:00 [INF] Executed action QuizzyPop.Controllers.HomeController.CreateQuiz (QuizzyPop) in 202.5532ms
2025-10-23 18:08:25.793 +02:00 [INF] Executed endpoint 'QuizzyPop.Controllers.HomeController.CreateQuiz (QuizzyPop)'
2025-10-23 18:08:25.795 +02:00 [INF] Request finished HTTP/2 GET https://localhost:7037/Home/CreateQuiz - 200 null text/html; charset=utf-8 219.8612ms
2025-10-23 18:08:25.874 +02:00 [INF] Request starting HTTP/2 GET https://localhost:7037/fonts/Baloo2-Regular.ttf - null null
2025-10-23 18:08:25.876 +02:00 [INF] Request finished HTTP/2 GET https://localhost:7037/fonts/Baloo2-Regular.ttf - 404 0 null 1.6143ms
2025-10-23 18:08:25.876 +02:00 [INF] Request reached the end of the middleware pipeline without being handled by application code. Request path: GET https://localhost:7037/fonts/Baloo2-Regular.ttf, Response status code: 404
2025-10-23 18:08:32.714 +02:00 [INF] Request starting HTTP/2 POST https://localhost:7037/Home/CreateQuiz - multipart/form-data; boundary=----WebKitFormBoundary37YgVDzkZlZAST7r 1162
2025-10-23 18:08:32.716 +02:00 [INF] Executing endpoint 'QuizzyPop.Controllers.HomeController.CreateQuiz (QuizzyPop)'
2025-10-23 18:08:32.738 +02:00 [INF] Route matched with {action = "CreateQuiz", controller = "Home"}. Executing controller action with signature System.Threading.Tasks.Task`1[Microsoft.AspNetCore.Mvc.IActionResult] CreateQuiz(QuizzyPop.ViewModels.QuizMetaDataViewModel) on controller QuizzyPop.Controllers.HomeController (QuizzyPop).
2025-10-23 18:08:32.798 +02:00 [INF] Quiz 'test' added (ID: 3)
2025-10-23 18:08:32.800 +02:00 [INF] Quiz 'test' created successfully with ID 3
2025-10-23 18:08:32.802 +02:00 [INF] Executing RedirectResult, redirecting to /Home/AddQuestions?quizId=3.
2025-10-23 18:08:32.802 +02:00 [INF] Executed action QuizzyPop.Controllers.HomeController.CreateQuiz (QuizzyPop) in 63.9186ms
2025-10-23 18:08:32.802 +02:00 [INF] Executed endpoint 'QuizzyPop.Controllers.HomeController.CreateQuiz (QuizzyPop)'
2025-10-23 18:08:32.802 +02:00 [INF] Request finished HTTP/2 POST https://localhost:7037/Home/CreateQuiz - 302 0 null 89.0763ms
2025-10-23 18:08:32.825 +02:00 [INF] Request starting HTTP/2 GET https://localhost:7037/Home/AddQuestions?quizId=3 - null null
2025-10-23 18:08:32.826 +02:00 [INF] Executing endpoint 'QuizzyPop.Controllers.HomeController.AddQuestions (QuizzyPop)'
2025-10-23 18:08:32.827 +02:00 [INF] Route matched with {action = "AddQuestions", controller = "Home"}. Executing controller action with signature Microsoft.AspNetCore.Mvc.IActionResult AddQuestions(Int32) on controller QuizzyPop.Controllers.HomeController (QuizzyPop).
2025-10-23 18:08:32.829 +02:00 [INF] Executing ViewResult, running view AddQuestions.
2025-10-23 18:08:32.841 +02:00 [INF] Executed ViewResult - view AddQuestions executed in 12.4451ms.
2025-10-23 18:08:32.842 +02:00 [INF] Executed action QuizzyPop.Controllers.HomeController.AddQuestions (QuizzyPop) in 14.9977ms
2025-10-23 18:08:32.842 +02:00 [INF] Executed endpoint 'QuizzyPop.Controllers.HomeController.AddQuestions (QuizzyPop)'
2025-10-23 18:08:32.947 +02:00 [INF] Request finished HTTP/2 GET https://localhost:7037/Home/AddQuestions?quizId=3 - 200 null text/html; charset=utf-8 71.4629ms
2025-10-23 18:08:32.947 +02:00 [INF] Request starting HTTP/2 GET https://localhost:7037/fonts/Baloo2-Regular.ttf - null null
2025-10-23 18:08:32.948 +02:00 [INF] Request finished HTTP/2 GET https://localhost:7037/fonts/Baloo2-Regular.ttf - 404 0 null 0.887ms
2025-10-23 18:08:32.948 +02:00 [INF] Request reached the end of the middleware pipeline without being handled by application code. Request path: GET https://localhost:7037/fonts/Baloo2-Regular.ttf, Response status code: 404
