2025-10-23 17:38:43.794 +02:00 [WRN] The property 'Question.Choices' is a collection or enumeration type with a value converter but with no value comparer. Set a value comparer to ensure the collection/enumeration elements are compared correctly.
2025-10-23 17:38:43.883 +02:00 [WRN] The property 'Question.Choices' is a collection or enumeration type with a value converter but with no value comparer. Set a value comparer to ensure the collection/enumeration elements are compared correctly.
2025-10-23 17:38:44.156 +02:00 [INF] User profile is available. Using '/Users/mathiasjudre/.aspnet/DataProtection-Keys' as key repository; keys will not be encrypted at rest.
2025-10-23 17:38:44.389 +02:00 [INF] Now listening on: https://localhost:7037
2025-10-23 17:38:44.389 +02:00 [INF] Now listening on: http://localhost:5299
2025-10-23 17:38:44.392 +02:00 [INF] Application started. Press Ctrl+C to shut down.
2025-10-23 17:38:44.392 +02:00 [INF] Hosting environment: Development
2025-10-23 17:38:44.393 +02:00 [INF] Content root path: /Users/mathiasjudre/Desktop/Skole/5. Semester/ITPE3200 - Webapplikasjoner/QuizzyPop/QuizzyPop
2025-10-23 17:38:44.689 +02:00 [INF] Request starting HTTP/2 GET https://localhost:7037/Home/Index - null null
2025-10-23 17:38:44.704 +02:00 [INF] Executing endpoint 'QuizzyPop.Controllers.HomeController.Index (QuizzyPop)'
2025-10-23 17:38:44.715 +02:00 [INF] Route matched with {action = "Index", controller = "Home"}. Executing controller action with signature Microsoft.AspNetCore.Mvc.IActionResult Index() on controller QuizzyPop.Controllers.HomeController (QuizzyPop).
2025-10-23 17:38:44.720 +02:00 [INF] Executing ViewResult, running view Index.
2025-10-23 17:38:44.760 +02:00 [INF] Executed ViewResult - view Index executed in 39.5542ms.
2025-10-23 17:38:44.764 +02:00 [INF] Executed action QuizzyPop.Controllers.HomeController.Index (QuizzyPop) in 48.9713ms
2025-10-23 17:38:44.764 +02:00 [INF] Executed endpoint 'QuizzyPop.Controllers.HomeController.Index (QuizzyPop)'
2025-10-23 17:38:44.769 +02:00 [INF] Request finished HTTP/2 GET https://localhost:7037/Home/Index - 200 null text/html; charset=utf-8 80.689ms
2025-10-23 17:38:44.940 +02:00 [INF] Request starting HTTP/2 GET https://localhost:7037/fonts/Baloo2-Regular.ttf - null null
2025-10-23 17:38:44.945 +02:00 [INF] Request finished HTTP/2 GET https://localhost:7037/fonts/Baloo2-Regular.ttf - 404 0 null 4.7403ms
2025-10-23 17:38:44.947 +02:00 [INF] Request reached the end of the middleware pipeline without being handled by application code. Request path: GET https://localhost:7037/fonts/Baloo2-Regular.ttf, Response status code: 404
2025-10-23 17:38:46.062 +02:00 [INF] Request starting HTTP/2 GET https://localhost:7037/Home/CreateQuiz - null null
2025-10-23 17:38:46.066 +02:00 [INF] Executing endpoint 'QuizzyPop.Controllers.HomeController.CreateQuiz (QuizzyPop)'
2025-10-23 17:38:46.078 +02:00 [INF] Route matched with {action = "CreateQuiz", controller = "Home"}. Executing controller action with signature System.Threading.Tasks.Task`1[Microsoft.AspNetCore.Mvc.IActionResult] CreateQuiz() on controller QuizzyPop.Controllers.HomeController (QuizzyPop).
2025-10-23 17:38:46.152 +02:00 [INF] Executing ViewResult, running view CreateQuiz.
2025-10-23 17:38:46.307 +02:00 [INF] Executed ViewResult - view CreateQuiz executed in 154.4188ms.
2025-10-23 17:38:46.310 +02:00 [INF] Executed action QuizzyPop.Controllers.HomeController.CreateQuiz (QuizzyPop) in 232.1172ms
2025-10-23 17:38:46.312 +02:00 [INF] Executed endpoint 'QuizzyPop.Controllers.HomeController.CreateQuiz (QuizzyPop)'
2025-10-23 17:38:46.315 +02:00 [INF] Request finished HTTP/2 GET https://localhost:7037/Home/CreateQuiz - 200 null text/html; charset=utf-8 278.0595ms
2025-10-23 17:38:46.350 +02:00 [INF] Request starting HTTP/2 GET https://localhost:7037/fonts/Baloo2-Regular.ttf - null null
2025-10-23 17:38:46.351 +02:00 [INF] Request finished HTTP/2 GET https://localhost:7037/fonts/Baloo2-Regular.ttf - 404 0 null 0.8551ms
2025-10-23 17:38:46.351 +02:00 [INF] Request reached the end of the middleware pipeline without being handled by application code. Request path: GET https://localhost:7037/fonts/Baloo2-Regular.ttf, Response status code: 404
2025-10-23 17:38:53.816 +02:00 [INF] Request starting HTTP/2 POST https://localhost:7037/Home/CreateQuiz - multipart/form-data; boundary=----WebKitFormBoundaryia5QXHENFSFaOHf8 1162
2025-10-23 17:38:53.818 +02:00 [INF] Executing endpoint 'QuizzyPop.Controllers.HomeController.CreateQuiz (QuizzyPop)'
2025-10-23 17:38:53.832 +02:00 [INF] Route matched with {action = "CreateQuiz", controller = "Home"}. Executing controller action with signature System.Threading.Tasks.Task`1[Microsoft.AspNetCore.Mvc.IActionResult] CreateQuiz(QuizzyPop.ViewModels.QuizMetaDataViewModel) on controller QuizzyPop.Controllers.HomeController (QuizzyPop).
2025-10-23 17:38:53.889 +02:00 [INF] Quiz 'test' added (ID: 3)
2025-10-23 17:38:53.890 +02:00 [INF] Quiz 'test' created successfully with ID 3
2025-10-23 17:38:53.891 +02:00 [INF] Executing RedirectResult, redirecting to /Home/AddQuestions?quizId=3.
2025-10-23 17:38:53.891 +02:00 [INF] Executed action QuizzyPop.Controllers.HomeController.CreateQuiz (QuizzyPop) in 58.9635ms
2025-10-23 17:38:53.891 +02:00 [INF] Executed endpoint 'QuizzyPop.Controllers.HomeController.CreateQuiz (QuizzyPop)'
2025-10-23 17:38:53.891 +02:00 [INF] Request finished HTTP/2 POST https://localhost:7037/Home/CreateQuiz - 302 0 null 75.5445ms
2025-10-23 17:38:53.894 +02:00 [INF] Request starting HTTP/2 GET https://localhost:7037/Home/AddQuestions?quizId=3 - null null
2025-10-23 17:38:53.894 +02:00 [INF] Executing endpoint 'QuizzyPop.Controllers.HomeController.AddQuestions (QuizzyPop)'
2025-10-23 17:38:53.895 +02:00 [INF] Route matched with {action = "AddQuestions", controller = "Home"}. Executing controller action with signature Microsoft.AspNetCore.Mvc.IActionResult AddQuestions(Int32) on controller QuizzyPop.Controllers.HomeController (QuizzyPop).
2025-10-23 17:38:53.897 +02:00 [INF] Executing ViewResult, running view AddQuestions.
2025-10-23 17:38:53.909 +02:00 [INF] Executed ViewResult - view AddQuestions executed in 11.8076ms.
2025-10-23 17:38:53.909 +02:00 [INF] Executed action QuizzyPop.Controllers.HomeController.AddQuestions (QuizzyPop) in 14.0576ms
2025-10-23 17:38:53.909 +02:00 [INF] Executed endpoint 'QuizzyPop.Controllers.HomeController.AddQuestions (QuizzyPop)'
2025-10-23 17:38:53.909 +02:00 [INF] Request finished HTTP/2 GET https://localhost:7037/Home/AddQuestions?quizId=3 - 200 null text/html; charset=utf-8 15.5333ms
2025-10-23 17:38:53.948 +02:00 [INF] Request starting HTTP/2 GET https://localhost:7037/fonts/Baloo2-Regular.ttf - null null
2025-10-23 17:38:53.999 +02:00 [INF] Request finished HTTP/2 GET https://localhost:7037/fonts/Baloo2-Regular.ttf - 404 0 null 51.084ms
2025-10-23 17:38:53.999 +02:00 [INF] Request reached the end of the middleware pipeline without being handled by application code. Request path: GET https://localhost:7037/fonts/Baloo2-Regular.ttf, Response status code: 404
2025-10-23 17:39:03.103 +02:00 [INF] Request starting HTTP/2 POST https://localhost:7037/Home/AddQuestions - application/x-www-form-urlencoded 418
2025-10-23 17:39:03.126 +02:00 [INF] Executing endpoint 'QuizzyPop.Controllers.HomeController.AddQuestions (QuizzyPop)'
2025-10-23 17:39:03.132 +02:00 [INF] Route matched with {action = "AddQuestions", controller = "Home"}. Executing controller action with signature System.Threading.Tasks.Task`1[Microsoft.AspNetCore.Mvc.IActionResult] AddQuestions(QuizzyPop.ViewModels.QuizQuestionViewModel, System.String) on controller QuizzyPop.Controllers.HomeController (QuizzyPop).
2025-10-23 17:39:03.233 +02:00 [INF] Question added to quiz 3 with Id 7
2025-10-23 17:39:03.233 +02:00 [INF] Added question to quiz 3
2025-10-23 17:39:03.234 +02:00 [INF] Executing RedirectResult, redirecting to /.
2025-10-23 17:39:03.234 +02:00 [INF] Executed action QuizzyPop.Controllers.HomeController.AddQuestions (QuizzyPop) in 101.8764ms
2025-10-23 17:39:03.234 +02:00 [INF] Executed endpoint 'QuizzyPop.Controllers.HomeController.AddQuestions (QuizzyPop)'
2025-10-23 17:39:03.234 +02:00 [INF] Request finished HTTP/2 POST https://localhost:7037/Home/AddQuestions - 302 0 null 154.1804ms
2025-10-23 17:39:03.262 +02:00 [INF] Request starting HTTP/2 GET https://localhost:7037/ - null null
2025-10-23 17:39:03.262 +02:00 [INF] Executing endpoint 'QuizzyPop.Controllers.HomeController.Index (QuizzyPop)'
2025-10-23 17:39:03.262 +02:00 [INF] Route matched with {action = "Index", controller = "Home"}. Executing controller action with signature Microsoft.AspNetCore.Mvc.IActionResult Index() on controller QuizzyPop.Controllers.HomeController (QuizzyPop).
2025-10-23 17:39:03.262 +02:00 [INF] Executing ViewResult, running view Index.
2025-10-23 17:39:03.359 +02:00 [INF] Executed ViewResult - view Index executed in 47.6972ms.
2025-10-23 17:39:03.482 +02:00 [INF] Executed action QuizzyPop.Controllers.HomeController.Index (QuizzyPop) in 198.6628ms
2025-10-23 17:39:03.482 +02:00 [INF] Request starting HTTP/2 GET https://localhost:7037/fonts/Baloo2-Regular.ttf - null null
2025-10-23 17:39:03.483 +02:00 [INF] Executed endpoint 'QuizzyPop.Controllers.HomeController.Index (QuizzyPop)'
2025-10-23 17:39:03.483 +02:00 [INF] Request finished HTTP/2 GET https://localhost:7037/ - 200 null text/html; charset=utf-8 221.6817ms
2025-10-23 17:39:03.488 +02:00 [INF] Request finished HTTP/2 GET https://localhost:7037/fonts/Baloo2-Regular.ttf - 404 0 null 5.631ms
2025-10-23 17:39:03.488 +02:00 [INF] Request reached the end of the middleware pipeline without being handled by application code. Request path: GET https://localhost:7037/fonts/Baloo2-Regular.ttf, Response status code: 404
2025-10-23 17:39:06.081 +02:00 [INF] Request starting HTTP/2 GET https://localhost:7037/Home/TakeQuiz - null null
2025-10-23 17:39:06.082 +02:00 [INF] Executing endpoint 'QuizzyPop.Controllers.HomeController.TakeQuiz (QuizzyPop)'
2025-10-23 17:39:06.087 +02:00 [INF] Route matched with {action = "TakeQuiz", controller = "Home"}. Executing controller action with signature System.Threading.Tasks.Task`1[Microsoft.AspNetCore.Mvc.IActionResult] TakeQuiz() on controller QuizzyPop.Controllers.HomeController (QuizzyPop).
2025-10-23 17:39:06.128 +02:00 [INF] Loaded 3 quizzes from repository.
2025-10-23 17:39:06.129 +02:00 [INF] Executing ViewResult, running view TakeQuiz.
2025-10-23 17:39:06.226 +02:00 [INF] Executed ViewResult - view TakeQuiz executed in 75.8515ms.
2025-10-23 17:39:06.226 +02:00 [INF] Executed action QuizzyPop.Controllers.HomeController.TakeQuiz (QuizzyPop) in 138.9803ms
2025-10-23 17:39:06.227 +02:00 [INF] Executed endpoint 'QuizzyPop.Controllers.HomeController.TakeQuiz (QuizzyPop)'
2025-10-23 17:39:06.302 +02:00 [INF] Request starting HTTP/2 GET https://localhost:7037/images/default-cover.png - null null
2025-10-23 17:39:06.302 +02:00 [INF] Request starting HTTP/2 GET https://localhost:7037/fonts/Baloo2-Regular.ttf - null null
2025-10-23 17:39:06.303 +02:00 [INF] Request finished HTTP/2 GET https://localhost:7037/fonts/Baloo2-Regular.ttf - 404 0 null 0.7611ms
2025-10-23 17:39:06.303 +02:00 [INF] Request finished HTTP/2 GET https://localhost:7037/Home/TakeQuiz - 200 null text/html; charset=utf-8 221.5811ms
2025-10-23 17:39:06.303 +02:00 [INF] Request reached the end of the middleware pipeline without being handled by application code. Request path: GET https://localhost:7037/fonts/Baloo2-Regular.ttf, Response status code: 404
2025-10-23 17:39:06.303 +02:00 [INF] Request finished HTTP/2 GET https://localhost:7037/images/default-cover.png - 404 0 null 0.8102ms
2025-10-23 17:39:06.303 +02:00 [INF] Request reached the end of the middleware pipeline without being handled by application code. Request path: GET https://localhost:7037/images/default-cover.png, Response status code: 404
2025-10-23 17:39:07.325 +02:00 [INF] Request starting HTTP/2 GET https://localhost:7037/Home/StartQuiz/3 - null null
2025-10-23 17:39:07.326 +02:00 [INF] Executing endpoint 'QuizzyPop.Controllers.HomeController.StartQuiz (QuizzyPop)'
2025-10-23 17:39:07.330 +02:00 [INF] Route matched with {action = "StartQuiz", controller = "Home"}. Executing controller action with signature System.Threading.Tasks.Task`1[Microsoft.AspNetCore.Mvc.IActionResult] StartQuiz(Int32, Int32) on controller QuizzyPop.Controllers.HomeController (QuizzyPop).
2025-10-23 17:39:07.360 +02:00 [INF] Executing ViewResult, running view TakingQuiz.
2025-10-23 17:39:07.436 +02:00 [INF] Executed ViewResult - view TakingQuiz executed in 54.5967ms.
2025-10-23 17:39:07.466 +02:00 [INF] Executed action QuizzyPop.Controllers.HomeController.StartQuiz (QuizzyPop) in 135.812ms
2025-10-23 17:39:07.466 +02:00 [INF] Request starting HTTP/2 GET https://localhost:7037/fonts/Baloo2-Regular.ttf - null null
2025-10-23 17:39:07.468 +02:00 [INF] Executed endpoint 'QuizzyPop.Controllers.HomeController.StartQuiz (QuizzyPop)'
2025-10-23 17:39:07.469 +02:00 [INF] Request finished HTTP/2 GET https://localhost:7037/Home/StartQuiz/3 - 200 null text/html; charset=utf-8 143.51ms
2025-10-23 17:39:07.492 +02:00 [INF] Request finished HTTP/2 GET https://localhost:7037/fonts/Baloo2-Regular.ttf - 404 0 null 2.3685ms
2025-10-23 17:39:07.493 +02:00 [INF] Request reached the end of the middleware pipeline without being handled by application code. Request path: GET https://localhost:7037/fonts/Baloo2-Regular.ttf, Response status code: 404
