2025-10-22 20:54:12.869 +02:00 [WRN] The property 'Question.Choices' is a collection or enumeration type with a value converter but with no value comparer. Set a value comparer to ensure the collection/enumeration elements are compared correctly.
2025-10-22 20:54:13.296 +02:00 [INF] User profile is available. Using 'C:\Users\Vincent Ngo\AppData\Local\ASP.NET\DataProtection-Keys' as key repository and Windows DPAPI to encrypt keys at rest.
2025-10-22 20:54:13.426 +02:00 [INF] Now listening on: http://localhost:5299
2025-10-22 20:54:13.432 +02:00 [INF] Application started. Press Ctrl+C to shut down.
2025-10-22 20:54:13.432 +02:00 [INF] Hosting environment: Development
2025-10-22 20:54:13.433 +02:00 [INF] Content root path: C:\Users\Vincent Ngo\Downloads\QuizzyPop\QuizzyPop
2025-10-22 20:54:25.207 +02:00 [INF] Request starting HTTP/1.1 GET http://localhost:5299/ - null null
2025-10-22 20:54:25.239 +02:00 [WRN] Failed to determine the https port for redirect.
2025-10-22 20:54:25.348 +02:00 [INF] Executing endpoint 'QuizzyPop.Controllers.HomeController.Index (QuizzyPop)'
2025-10-22 20:54:25.376 +02:00 [INF] Route matched with {action = "Index", controller = "Home"}. Executing controller action with signature Microsoft.AspNetCore.Mvc.IActionResult Index() on controller QuizzyPop.Controllers.HomeController (QuizzyPop).
2025-10-22 20:54:25.407 +02:00 [INF] Executing ViewResult, running view Index.
2025-10-22 20:54:25.506 +02:00 [INF] Executed ViewResult - view Index executed in 99.9781ms.
2025-10-22 20:54:25.507 +02:00 [INF] Executed action QuizzyPop.Controllers.HomeController.Index (QuizzyPop) in 131.3085ms
2025-10-22 20:54:25.508 +02:00 [INF] Executed endpoint 'QuizzyPop.Controllers.HomeController.Index (QuizzyPop)'
2025-10-22 20:54:25.511 +02:00 [INF] Request finished HTTP/1.1 GET http://localhost:5299/ - 200 null text/html; charset=utf-8 312.5734ms
2025-10-22 20:54:25.862 +02:00 [INF] Request starting HTTP/1.1 GET http://localhost:5299/images/quizzy-blueberry.png - null null
2025-10-22 20:54:25.867 +02:00 [INF] Request starting HTTP/1.1 GET http://localhost:5299/images/quizzy-no-arms.png - null null
2025-10-22 20:54:25.879 +02:00 [INF] The file /images/quizzy-no-arms.png was not modified
2025-10-22 20:54:25.881 +02:00 [INF] The file /images/quizzy-blueberry.png was not modified
2025-10-22 20:54:25.883 +02:00 [INF] Request finished HTTP/1.1 GET http://localhost:5299/images/quizzy-blueberry.png - 304 null image/png 21.2827ms
2025-10-22 20:54:25.883 +02:00 [INF] Request finished HTTP/1.1 GET http://localhost:5299/images/quizzy-no-arms.png - 304 null image/png 16.3887ms
2025-10-22 20:54:29.271 +02:00 [INF] Request starting HTTP/1.1 GET http://localhost:5299/fonts/Baloo2-Regular.ttf - null null
2025-10-22 20:54:29.278 +02:00 [INF] Request finished HTTP/1.1 GET http://localhost:5299/fonts/Baloo2-Regular.ttf - 404 0 null 6.4147ms
2025-10-22 20:54:29.289 +02:00 [INF] Request reached the end of the middleware pipeline without being handled by application code. Request path: GET http://localhost:5299/fonts/Baloo2-Regular.ttf, Response status code: 404
2025-10-22 20:54:40.660 +02:00 [INF] Request starting HTTP/1.1 GET http://localhost:5299/Home/TakeQuiz - null null
2025-10-22 20:54:40.662 +02:00 [INF] Executing endpoint 'QuizzyPop.Controllers.HomeController.TakeQuiz (QuizzyPop)'
2025-10-22 20:54:40.671 +02:00 [INF] Route matched with {action = "TakeQuiz", controller = "Home"}. Executing controller action with signature System.Threading.Tasks.Task`1[Microsoft.AspNetCore.Mvc.IActionResult] TakeQuiz() on controller QuizzyPop.Controllers.HomeController (QuizzyPop).
2025-10-22 20:54:41.075 +02:00 [INF] Loaded 4 quizzes from database.
2025-10-22 20:54:41.079 +02:00 [INF] Executing ViewResult, running view TakeQuiz.
2025-10-22 20:54:41.153 +02:00 [INF] Accessing expired session, Key:9a63785d-eac7-fe47-9a75-9d1a1b9838b0
2025-10-22 20:54:41.154 +02:00 [INF] Executed ViewResult - view TakeQuiz executed in 77.1152ms.
2025-10-22 20:54:41.155 +02:00 [INF] Executed action QuizzyPop.Controllers.HomeController.TakeQuiz (QuizzyPop) in 483.7963ms
2025-10-22 20:54:41.155 +02:00 [INF] Executed endpoint 'QuizzyPop.Controllers.HomeController.TakeQuiz (QuizzyPop)'
2025-10-22 20:54:41.161 +02:00 [INF] Request finished HTTP/1.1 GET http://localhost:5299/Home/TakeQuiz - 200 null text/html; charset=utf-8 501.1842ms
2025-10-22 20:54:41.184 +02:00 [INF] Request starting HTTP/1.1 GET http://localhost:5299/images/geometry.jpeg?v=ILbFYdycBluJl9o3yZDPEUTdIRSw7eFw8tJXk3FKY2E - null null
2025-10-22 20:54:41.185 +02:00 [INF] The file /images/geometry.jpeg was not modified
2025-10-22 20:54:41.186 +02:00 [INF] Request finished HTTP/1.1 GET http://localhost:5299/images/geometry.jpeg?v=ILbFYdycBluJl9o3yZDPEUTdIRSw7eFw8tJXk3FKY2E - 304 null image/jpeg 1.2058ms
2025-10-22 20:54:41.189 +02:00 [INF] Request starting HTTP/1.1 GET http://localhost:5299/images/disney.webp?v=NaKwJmwsewkBDWX7ARsrHFZ7UNulgvesAY3mmwUAyOE - null null
2025-10-22 20:54:41.189 +02:00 [INF] Request starting HTTP/1.1 GET http://localhost:5299/images/default-cover.png - null null
2025-10-22 20:54:41.189 +02:00 [INF] The file /images/disney.webp was not modified
2025-10-22 20:54:41.190 +02:00 [INF] Request finished HTTP/1.1 GET http://localhost:5299/images/disney.webp?v=NaKwJmwsewkBDWX7ARsrHFZ7UNulgvesAY3mmwUAyOE - 304 null image/webp 0.9373ms
2025-10-22 20:54:41.190 +02:00 [INF] Request finished HTTP/1.1 GET http://localhost:5299/images/default-cover.png - 404 0 null 1.1583ms
2025-10-22 20:54:41.190 +02:00 [INF] Request reached the end of the middleware pipeline without being handled by application code. Request path: GET http://localhost:5299/images/default-cover.png, Response status code: 404
2025-10-22 20:54:41.204 +02:00 [INF] Request starting HTTP/1.1 GET http://localhost:5299/fonts/Baloo2-Regular.ttf - null null
2025-10-22 20:54:41.206 +02:00 [INF] Request finished HTTP/1.1 GET http://localhost:5299/fonts/Baloo2-Regular.ttf - 404 0 null 1.7341ms
2025-10-22 20:54:41.207 +02:00 [INF] Request reached the end of the middleware pipeline without being handled by application code. Request path: GET http://localhost:5299/fonts/Baloo2-Regular.ttf, Response status code: 404
2025-10-22 20:54:44.719 +02:00 [INF] Request starting HTTP/1.1 GET http://localhost:5299/Home/TakeQuiz - null null
2025-10-22 20:54:44.722 +02:00 [INF] Executing endpoint 'QuizzyPop.Controllers.HomeController.TakeQuiz (QuizzyPop)'
2025-10-22 20:54:44.722 +02:00 [INF] Route matched with {action = "TakeQuiz", controller = "Home"}. Executing controller action with signature System.Threading.Tasks.Task`1[Microsoft.AspNetCore.Mvc.IActionResult] TakeQuiz() on controller QuizzyPop.Controllers.HomeController (QuizzyPop).
2025-10-22 20:54:44.781 +02:00 [INF] Loaded 4 quizzes from database.
2025-10-22 20:54:44.781 +02:00 [INF] Executing ViewResult, running view TakeQuiz.
2025-10-22 20:54:44.782 +02:00 [INF] Accessing expired session, Key:9a63785d-eac7-fe47-9a75-9d1a1b9838b0
2025-10-22 20:54:44.782 +02:00 [INF] Executed ViewResult - view TakeQuiz executed in 1.6453ms.
2025-10-22 20:54:44.782 +02:00 [INF] Executed action QuizzyPop.Controllers.HomeController.TakeQuiz (QuizzyPop) in 60.3696ms
2025-10-22 20:54:44.782 +02:00 [INF] Executed endpoint 'QuizzyPop.Controllers.HomeController.TakeQuiz (QuizzyPop)'
2025-10-22 20:54:44.783 +02:00 [INF] Request finished HTTP/1.1 GET http://localhost:5299/Home/TakeQuiz - 200 null text/html; charset=utf-8 63.4663ms
2025-10-22 20:54:44.801 +02:00 [INF] Request starting HTTP/1.1 GET http://localhost:5299/images/default-cover.png - null null
2025-10-22 20:54:44.804 +02:00 [INF] Request finished HTTP/1.1 GET http://localhost:5299/images/default-cover.png - 404 0 null 2.3413ms
2025-10-22 20:54:44.804 +02:00 [INF] Request reached the end of the middleware pipeline without being handled by application code. Request path: GET http://localhost:5299/images/default-cover.png, Response status code: 404
2025-10-22 20:54:44.816 +02:00 [INF] Request starting HTTP/1.1 GET http://localhost:5299/images/default-cover.png - null null
2025-10-22 20:54:44.817 +02:00 [INF] Request finished HTTP/1.1 GET http://localhost:5299/images/default-cover.png - 404 0 null 1.1718ms
2025-10-22 20:54:44.818 +02:00 [INF] Request reached the end of the middleware pipeline without being handled by application code. Request path: GET http://localhost:5299/images/default-cover.png, Response status code: 404
2025-10-22 20:54:44.833 +02:00 [INF] Request starting HTTP/1.1 GET http://localhost:5299/fonts/Baloo2-Regular.ttf - null null
2025-10-22 20:54:44.835 +02:00 [INF] Request finished HTTP/1.1 GET http://localhost:5299/fonts/Baloo2-Regular.ttf - 404 0 null 1.1536ms
2025-10-22 20:54:44.835 +02:00 [INF] Request reached the end of the middleware pipeline without being handled by application code. Request path: GET http://localhost:5299/fonts/Baloo2-Regular.ttf, Response status code: 404
2025-10-22 20:54:45.567 +02:00 [INF] Request starting HTTP/1.1 GET http://localhost:5299/Home/TakeQuiz - null null
2025-10-22 20:54:45.568 +02:00 [INF] Executing endpoint 'QuizzyPop.Controllers.HomeController.TakeQuiz (QuizzyPop)'
2025-10-22 20:54:45.568 +02:00 [INF] Route matched with {action = "TakeQuiz", controller = "Home"}. Executing controller action with signature System.Threading.Tasks.Task`1[Microsoft.AspNetCore.Mvc.IActionResult] TakeQuiz() on controller QuizzyPop.Controllers.HomeController (QuizzyPop).
2025-10-22 20:54:45.570 +02:00 [INF] Loaded 4 quizzes from database.
2025-10-22 20:54:45.570 +02:00 [INF] Executing ViewResult, running view TakeQuiz.
2025-10-22 20:54:45.575 +02:00 [INF] Accessing expired session, Key:9a63785d-eac7-fe47-9a75-9d1a1b9838b0
2025-10-22 20:54:45.576 +02:00 [INF] Executed ViewResult - view TakeQuiz executed in 5.8612ms.
2025-10-22 20:54:45.577 +02:00 [INF] Executed action QuizzyPop.Controllers.HomeController.TakeQuiz (QuizzyPop) in 8.3488ms
2025-10-22 20:54:45.577 +02:00 [INF] Executed endpoint 'QuizzyPop.Controllers.HomeController.TakeQuiz (QuizzyPop)'
2025-10-22 20:54:45.578 +02:00 [INF] Request finished HTTP/1.1 GET http://localhost:5299/Home/TakeQuiz - 200 null text/html; charset=utf-8 10.5035ms
2025-10-22 20:54:45.588 +02:00 [INF] Request starting HTTP/1.1 GET http://localhost:5299/images/default-cover.png - null null
2025-10-22 20:54:45.593 +02:00 [INF] Request finished HTTP/1.1 GET http://localhost:5299/images/default-cover.png - 404 0 null 4.6541ms
2025-10-22 20:54:45.594 +02:00 [INF] Request reached the end of the middleware pipeline without being handled by application code. Request path: GET http://localhost:5299/images/default-cover.png, Response status code: 404
2025-10-22 20:54:45.614 +02:00 [INF] Request starting HTTP/1.1 GET http://localhost:5299/images/default-cover.png - null null
2025-10-22 20:54:45.616 +02:00 [INF] Request finished HTTP/1.1 GET http://localhost:5299/images/default-cover.png - 404 0 null 1.3321ms
2025-10-22 20:54:45.616 +02:00 [INF] Request reached the end of the middleware pipeline without being handled by application code. Request path: GET http://localhost:5299/images/default-cover.png, Response status code: 404
2025-10-22 20:54:45.631 +02:00 [INF] Request starting HTTP/1.1 GET http://localhost:5299/fonts/Baloo2-Regular.ttf - null null
2025-10-22 20:54:45.632 +02:00 [INF] Request finished HTTP/1.1 GET http://localhost:5299/fonts/Baloo2-Regular.ttf - 404 0 null 0.7391ms
2025-10-22 20:54:45.632 +02:00 [INF] Request reached the end of the middleware pipeline without being handled by application code. Request path: GET http://localhost:5299/fonts/Baloo2-Regular.ttf, Response status code: 404
2025-10-22 20:55:01.255 +02:00 [INF] Request starting HTTP/1.1 GET http://localhost:5299/Home/StartQuiz/3 - null null
2025-10-22 20:55:01.256 +02:00 [INF] Executing endpoint 'QuizzyPop.Controllers.HomeController.StartQuiz (QuizzyPop)'
2025-10-22 20:55:01.269 +02:00 [INF] Route matched with {action = "StartQuiz", controller = "Home"}. Executing controller action with signature System.Threading.Tasks.Task`1[Microsoft.AspNetCore.Mvc.IActionResult] StartQuiz(Int32, Int32) on controller QuizzyPop.Controllers.HomeController (QuizzyPop).
2025-10-22 20:55:01.327 +02:00 [INF] Executing ViewResult, running view EmptyQuiz.
2025-10-22 20:55:01.332 +02:00 [ERR] The view 'EmptyQuiz' was not found. Searched locations: ["/Views/Home/EmptyQuiz.cshtml","/Views/Shared/EmptyQuiz.cshtml"]
2025-10-22 20:55:01.337 +02:00 [INF] Executed action QuizzyPop.Controllers.HomeController.StartQuiz (QuizzyPop) in 67.5361ms
2025-10-22 20:55:01.339 +02:00 [INF] Executed endpoint 'QuizzyPop.Controllers.HomeController.StartQuiz (QuizzyPop)'
2025-10-22 20:55:01.363 +02:00 [ERR] An unhandled exception has occurred while executing the request.
System.InvalidOperationException: The view 'EmptyQuiz' was not found. The following locations were searched:
/Views/Home/EmptyQuiz.cshtml
/Views/Shared/EmptyQuiz.cshtml
   at Microsoft.AspNetCore.Mvc.ViewEngines.ViewEngineResult.EnsureSuccessful(IEnumerable`1 originalLocations)
   at Microsoft.AspNetCore.Mvc.ViewFeatures.ViewResultExecutor.ExecuteAsync(ActionContext context, ViewResult result)
   at Microsoft.AspNetCore.Mvc.ViewResult.ExecuteResultAsync(ActionContext context)
   at Microsoft.AspNetCore.Mvc.Infrastructure.ResourceInvoker.<InvokeNextResultFilterAsync>g__Awaited|30_0[TFilter,TFilterAsync](ResourceInvoker invoker, Task lastTask, State next, Scope scope, Object state, Boolean isCompleted)
   at Microsoft.AspNetCore.Mvc.Infrastructure.ResourceInvoker.Rethrow(ResultExecutedContextSealed context)
   at Microsoft.AspNetCore.Mvc.Infrastructure.ResourceInvoker.ResultNext[TFilter,TFilterAsync](State& next, Scope& scope, Object& state, Boolean& isCompleted)
   at Microsoft.AspNetCore.Mvc.Infrastructure.ResourceInvoker.InvokeResultFilters()
--- End of stack trace from previous location ---
   at Microsoft.AspNetCore.Mvc.Infrastructure.ResourceInvoker.<InvokeNextResourceFilter>g__Awaited|25_0(ResourceInvoker invoker, Task lastTask, State next, Scope scope, Object state, Boolean isCompleted)
   at Microsoft.AspNetCore.Mvc.Infrastructure.ResourceInvoker.Rethrow(ResourceExecutedContextSealed context)
   at Microsoft.AspNetCore.Mvc.Infrastructure.ResourceInvoker.Next(State& next, Scope& scope, Object& state, Boolean& isCompleted)
   at Microsoft.AspNetCore.Mvc.Infrastructure.ResourceInvoker.InvokeFilterPipelineAsync()
--- End of stack trace from previous location ---
   at Microsoft.AspNetCore.Mvc.Infrastructure.ResourceInvoker.<InvokeAsync>g__Logged|17_1(ResourceInvoker invoker)
   at Microsoft.AspNetCore.Mvc.Infrastructure.ResourceInvoker.<InvokeAsync>g__Logged|17_1(ResourceInvoker invoker)
   at Microsoft.AspNetCore.Routing.EndpointMiddleware.<Invoke>g__AwaitRequestTask|7_0(Endpoint endpoint, Task requestTask, ILogger logger)
   at Microsoft.AspNetCore.Authorization.AuthorizationMiddleware.Invoke(HttpContext context)
   at Microsoft.AspNetCore.Session.SessionMiddleware.Invoke(HttpContext context)
   at Microsoft.AspNetCore.Session.SessionMiddleware.Invoke(HttpContext context)
   at Microsoft.AspNetCore.Diagnostics.DeveloperExceptionPageMiddlewareImpl.Invoke(HttpContext context)
2025-10-22 20:55:01.390 +02:00 [INF] Request finished HTTP/1.1 GET http://localhost:5299/Home/StartQuiz/3 - 500 null text/html; charset=utf-8 134.985ms
2025-10-22 20:55:03.271 +02:00 [INF] Request starting HTTP/1.1 GET http://localhost:5299/Home/CreateQuiz - null null
2025-10-22 20:55:03.271 +02:00 [INF] Executing endpoint 'QuizzyPop.Controllers.HomeController.CreateQuiz (QuizzyPop)'
2025-10-22 20:55:03.273 +02:00 [INF] Route matched with {action = "CreateQuiz", controller = "Home"}. Executing controller action with signature Microsoft.AspNetCore.Mvc.IActionResult CreateQuiz() on controller QuizzyPop.Controllers.HomeController (QuizzyPop).
2025-10-22 20:55:03.319 +02:00 [INF] Executing ViewResult, running view CreateQuiz.
2025-10-22 20:55:03.394 +02:00 [INF] Accessing expired session, Key:9a63785d-eac7-fe47-9a75-9d1a1b9838b0
2025-10-22 20:55:03.395 +02:00 [INF] Executed ViewResult - view CreateQuiz executed in 77.3663ms.
2025-10-22 20:55:03.395 +02:00 [INF] Executed action QuizzyPop.Controllers.HomeController.CreateQuiz (QuizzyPop) in 121.7768ms
2025-10-22 20:55:03.395 +02:00 [INF] Executed endpoint 'QuizzyPop.Controllers.HomeController.CreateQuiz (QuizzyPop)'
2025-10-22 20:55:03.395 +02:00 [INF] Request finished HTTP/1.1 GET http://localhost:5299/Home/CreateQuiz - 200 null text/html; charset=utf-8 124.3379ms
2025-10-22 20:55:03.443 +02:00 [INF] Request starting HTTP/1.1 GET http://localhost:5299/fonts/Baloo2-Regular.ttf - null null
2025-10-22 20:55:03.444 +02:00 [INF] Request finished HTTP/1.1 GET http://localhost:5299/fonts/Baloo2-Regular.ttf - 404 0 null 0.9313ms
2025-10-22 20:55:03.444 +02:00 [INF] Request reached the end of the middleware pipeline without being handled by application code. Request path: GET http://localhost:5299/fonts/Baloo2-Regular.ttf, Response status code: 404
2025-10-22 20:55:38.849 +02:00 [INF] Request starting HTTP/1.1 POST http://localhost:5299/Home/CreateQuiz - multipart/form-data; boundary=----WebKitFormBoundarywA0atmc81s0g5D1o 109299
2025-10-22 20:55:38.849 +02:00 [INF] Executing endpoint 'QuizzyPop.Controllers.HomeController.CreateQuiz (QuizzyPop)'
2025-10-22 20:55:38.860 +02:00 [INF] Route matched with {action = "CreateQuiz", controller = "Home"}. Executing controller action with signature System.Threading.Tasks.Task`1[Microsoft.AspNetCore.Mvc.IActionResult] CreateQuiz(QuizzyPop.ViewModels.QuizMetaDataViewModel) on controller QuizzyPop.Controllers.HomeController (QuizzyPop).
2025-10-22 20:55:38.909 +02:00 [INF] Accessing expired session, Key:9a63785d-eac7-fe47-9a75-9d1a1b9838b0
2025-10-22 20:55:39.082 +02:00 [INF] Executing RedirectResult, redirecting to /Home/AddQuestions?quizId=5.
2025-10-22 20:55:39.083 +02:00 [INF] Executed action QuizzyPop.Controllers.HomeController.CreateQuiz (QuizzyPop) in 222.3794ms
2025-10-22 20:55:39.084 +02:00 [INF] Executed endpoint 'QuizzyPop.Controllers.HomeController.CreateQuiz (QuizzyPop)'
2025-10-22 20:55:39.091 +02:00 [INF] Request finished HTTP/1.1 POST http://localhost:5299/Home/CreateQuiz - 302 0 null 242.4438ms
2025-10-22 20:55:39.102 +02:00 [INF] Request starting HTTP/1.1 GET http://localhost:5299/Home/AddQuestions?quizId=5 - null null
2025-10-22 20:55:39.102 +02:00 [INF] Executing endpoint 'QuizzyPop.Controllers.HomeController.AddQuestions (QuizzyPop)'
2025-10-22 20:55:39.105 +02:00 [INF] Route matched with {action = "AddQuestions", controller = "Home"}. Executing controller action with signature Microsoft.AspNetCore.Mvc.IActionResult AddQuestions(Int32) on controller QuizzyPop.Controllers.HomeController (QuizzyPop).
2025-10-22 20:55:39.108 +02:00 [INF] Executing ViewResult, running view AddQuestions.
2025-10-22 20:55:39.141 +02:00 [INF] Accessing expired session, Key:9a63785d-eac7-fe47-9a75-9d1a1b9838b0
2025-10-22 20:55:39.142 +02:00 [INF] Executed ViewResult - view AddQuestions executed in 34.623ms.
2025-10-22 20:55:39.142 +02:00 [INF] Executed action QuizzyPop.Controllers.HomeController.AddQuestions (QuizzyPop) in 37.6927ms
2025-10-22 20:55:39.143 +02:00 [INF] Executed endpoint 'QuizzyPop.Controllers.HomeController.AddQuestions (QuizzyPop)'
2025-10-22 20:55:39.143 +02:00 [INF] Request finished HTTP/1.1 GET http://localhost:5299/Home/AddQuestions?quizId=5 - 200 null text/html; charset=utf-8 40.8434ms
2025-10-22 20:55:39.235 +02:00 [INF] Request starting HTTP/1.1 GET http://localhost:5299/fonts/Baloo2-Regular.ttf - null null
2025-10-22 20:55:39.236 +02:00 [INF] Request finished HTTP/1.1 GET http://localhost:5299/fonts/Baloo2-Regular.ttf - 404 0 null 0.6694ms
2025-10-22 20:55:39.236 +02:00 [INF] Request reached the end of the middleware pipeline without being handled by application code. Request path: GET http://localhost:5299/fonts/Baloo2-Regular.ttf, Response status code: 404
2025-10-22 20:56:40.798 +02:00 [INF] Request starting HTTP/1.1 POST http://localhost:5299/Home/AddQuestions - application/x-www-form-urlencoded 459
2025-10-22 20:56:40.799 +02:00 [INF] Executing endpoint 'QuizzyPop.Controllers.HomeController.AddQuestions (QuizzyPop)'
2025-10-22 20:56:40.802 +02:00 [INF] Route matched with {action = "AddQuestions", controller = "Home"}. Executing controller action with signature System.Threading.Tasks.Task`1[Microsoft.AspNetCore.Mvc.IActionResult] AddQuestions(QuizzyPop.ViewModels.QuizQuestionViewModel, System.String) on controller QuizzyPop.Controllers.HomeController (QuizzyPop).
2025-10-22 20:56:40.809 +02:00 [INF] Executing ViewResult, running view AddQuestions.
2025-10-22 20:56:40.812 +02:00 [INF] Accessing expired session, Key:9a63785d-eac7-fe47-9a75-9d1a1b9838b0
2025-10-22 20:56:40.812 +02:00 [INF] Executed ViewResult - view AddQuestions executed in 3.1095ms.
2025-10-22 20:56:40.812 +02:00 [INF] Executed action QuizzyPop.Controllers.HomeController.AddQuestions (QuizzyPop) in 10.7132ms
2025-10-22 20:56:40.812 +02:00 [INF] Executed endpoint 'QuizzyPop.Controllers.HomeController.AddQuestions (QuizzyPop)'
2025-10-22 20:56:40.812 +02:00 [INF] Request finished HTTP/1.1 POST http://localhost:5299/Home/AddQuestions - 200 null text/html; charset=utf-8 14.2697ms
2025-10-22 20:56:40.841 +02:00 [INF] Request starting HTTP/1.1 GET http://localhost:5299/fonts/Baloo2-Regular.ttf - null null
2025-10-22 20:56:40.842 +02:00 [INF] Request finished HTTP/1.1 GET http://localhost:5299/fonts/Baloo2-Regular.ttf - 404 0 null 0.6108ms
2025-10-22 20:56:40.842 +02:00 [INF] Request reached the end of the middleware pipeline without being handled by application code. Request path: GET http://localhost:5299/fonts/Baloo2-Regular.ttf, Response status code: 404
2025-10-22 20:56:45.454 +02:00 [INF] Request starting HTTP/1.1 GET http://localhost:5299/Home/TakeQuiz - null null
2025-10-22 20:56:45.454 +02:00 [INF] Executing endpoint 'QuizzyPop.Controllers.HomeController.TakeQuiz (QuizzyPop)'
2025-10-22 20:56:45.454 +02:00 [INF] Route matched with {action = "TakeQuiz", controller = "Home"}. Executing controller action with signature System.Threading.Tasks.Task`1[Microsoft.AspNetCore.Mvc.IActionResult] TakeQuiz() on controller QuizzyPop.Controllers.HomeController (QuizzyPop).
2025-10-22 20:56:45.457 +02:00 [INF] Loaded 5 quizzes from database.
2025-10-22 20:56:45.457 +02:00 [INF] Executing ViewResult, running view TakeQuiz.
2025-10-22 20:56:45.458 +02:00 [INF] Accessing expired session, Key:9a63785d-eac7-fe47-9a75-9d1a1b9838b0
2025-10-22 20:56:45.459 +02:00 [INF] Executed ViewResult - view TakeQuiz executed in 1.946ms.
2025-10-22 20:56:45.459 +02:00 [INF] Executed action QuizzyPop.Controllers.HomeController.TakeQuiz (QuizzyPop) in 5.019ms
2025-10-22 20:56:45.459 +02:00 [INF] Executed endpoint 'QuizzyPop.Controllers.HomeController.TakeQuiz (QuizzyPop)'
2025-10-22 20:56:45.460 +02:00 [INF] Request finished HTTP/1.1 GET http://localhost:5299/Home/TakeQuiz - 200 null text/html; charset=utf-8 6.0015ms
2025-10-22 20:56:45.482 +02:00 [INF] Request starting HTTP/1.1 GET http://localhost:5299/images/default-cover.png - null null
2025-10-22 20:56:45.482 +02:00 [INF] Request finished HTTP/1.1 GET http://localhost:5299/images/default-cover.png - 404 0 null 0.7324ms
2025-10-22 20:56:45.482 +02:00 [INF] Request reached the end of the middleware pipeline without being handled by application code. Request path: GET http://localhost:5299/images/default-cover.png, Response status code: 404
2025-10-22 20:56:45.517 +02:00 [INF] Request starting HTTP/1.1 GET http://localhost:5299/fonts/Baloo2-Regular.ttf - null null
2025-10-22 20:56:45.518 +02:00 [INF] Request finished HTTP/1.1 GET http://localhost:5299/fonts/Baloo2-Regular.ttf - 404 0 null 0.7883ms
2025-10-22 20:56:45.518 +02:00 [INF] Request reached the end of the middleware pipeline without being handled by application code. Request path: GET http://localhost:5299/fonts/Baloo2-Regular.ttf, Response status code: 404
2025-10-22 20:57:08.974 +02:00 [INF] Application is shutting down...
