2025-10-22 23:00:52.927 +02:00 [WRN] The property 'Question.Choices' is a collection or enumeration type with a value converter but with no value comparer. Set a value comparer to ensure the collection/enumeration elements are compared correctly.
2025-10-22 23:00:53.157 +02:00 [INF] User profile is available. Using '/Users/mathiasjudre/.aspnet/DataProtection-Keys' as key repository; keys will not be encrypted at rest.
2025-10-22 23:00:53.372 +02:00 [INF] Now listening on: https://localhost:7037
2025-10-22 23:00:53.373 +02:00 [INF] Now listening on: http://localhost:5299
2025-10-22 23:00:53.375 +02:00 [INF] Application started. Press Ctrl+C to shut down.
2025-10-22 23:00:53.376 +02:00 [INF] Hosting environment: Development
2025-10-22 23:00:53.377 +02:00 [INF] Content root path: /Users/mathiasjudre/Desktop/Skole/5. Semester/ITPE3200 - Webapplikasjoner/QuizzyPop/QuizzyPop
2025-10-22 23:00:53.881 +02:00 [INF] Request starting HTTP/2 GET https://localhost:7037/Home/Index - null null
2025-10-22 23:00:53.898 +02:00 [INF] Executing endpoint 'QuizzyPop.Controllers.HomeController.Index (QuizzyPop)'
2025-10-22 23:00:53.904 +02:00 [INF] Route matched with {action = "Index", controller = "Home"}. Executing controller action with signature Microsoft.AspNetCore.Mvc.IActionResult Index() on controller QuizzyPop.Controllers.HomeController (QuizzyPop).
2025-10-22 23:00:53.909 +02:00 [INF] Executing ViewResult, running view Index.
2025-10-22 23:00:53.963 +02:00 [INF] Executed ViewResult - view Index executed in 53.9085ms.
2025-10-22 23:00:53.965 +02:00 [INF] Executed action QuizzyPop.Controllers.HomeController.Index (QuizzyPop) in 60.5791ms
2025-10-22 23:00:53.965 +02:00 [INF] Executed endpoint 'QuizzyPop.Controllers.HomeController.Index (QuizzyPop)'
2025-10-22 23:00:53.970 +02:00 [INF] Request finished HTTP/2 GET https://localhost:7037/Home/Index - 200 null text/html; charset=utf-8 90.5186ms
2025-10-22 23:00:54.203 +02:00 [INF] Request starting HTTP/2 GET https://localhost:7037/fonts/Baloo2-Regular.ttf - null null
2025-10-22 23:00:54.207 +02:00 [INF] Request finished HTTP/2 GET https://localhost:7037/fonts/Baloo2-Regular.ttf - 404 0 null 4.3061ms
2025-10-22 23:00:54.208 +02:00 [INF] Request reached the end of the middleware pipeline without being handled by application code. Request path: GET https://localhost:7037/fonts/Baloo2-Regular.ttf, Response status code: 404
2025-10-22 23:00:55.358 +02:00 [INF] Request starting HTTP/2 GET https://localhost:7037/Home/CreateQuiz - null null
2025-10-22 23:00:55.364 +02:00 [INF] Executing endpoint 'QuizzyPop.Controllers.HomeController.CreateQuiz (QuizzyPop)'
2025-10-22 23:00:55.375 +02:00 [INF] Route matched with {action = "CreateQuiz", controller = "Home"}. Executing controller action with signature System.Threading.Tasks.Task`1[Microsoft.AspNetCore.Mvc.IActionResult] CreateQuiz() on controller QuizzyPop.Controllers.HomeController (QuizzyPop).
2025-10-22 23:00:55.457 +02:00 [INF] Executing ViewResult, running view CreateQuiz.
2025-10-22 23:00:55.610 +02:00 [INF] Executed ViewResult - view CreateQuiz executed in 153.5886ms.
2025-10-22 23:00:55.616 +02:00 [INF] Executed action QuizzyPop.Controllers.HomeController.CreateQuiz (QuizzyPop) in 240.316ms
2025-10-22 23:00:55.616 +02:00 [INF] Executed endpoint 'QuizzyPop.Controllers.HomeController.CreateQuiz (QuizzyPop)'
2025-10-22 23:00:55.621 +02:00 [INF] Request finished HTTP/2 GET https://localhost:7037/Home/CreateQuiz - 200 null text/html; charset=utf-8 262.9285ms
2025-10-22 23:00:55.655 +02:00 [INF] Request starting HTTP/2 GET https://localhost:7037/fonts/Baloo2-Regular.ttf - null null
2025-10-22 23:00:55.702 +02:00 [INF] Request finished HTTP/2 GET https://localhost:7037/fonts/Baloo2-Regular.ttf - 404 0 null 47.6651ms
2025-10-22 23:00:55.702 +02:00 [INF] Request reached the end of the middleware pipeline without being handled by application code. Request path: GET https://localhost:7037/fonts/Baloo2-Regular.ttf, Response status code: 404
2025-10-22 23:01:01.621 +02:00 [INF] Request starting HTTP/2 POST https://localhost:7037/Home/CreateQuiz - multipart/form-data; boundary=----WebKitFormBoundarypV8aUj9KSsKMaoKg 1164
2025-10-22 23:01:01.626 +02:00 [INF] Executing endpoint 'QuizzyPop.Controllers.HomeController.CreateQuiz (QuizzyPop)'
2025-10-22 23:01:01.652 +02:00 [INF] Route matched with {action = "CreateQuiz", controller = "Home"}. Executing controller action with signature System.Threading.Tasks.Task`1[Microsoft.AspNetCore.Mvc.IActionResult] CreateQuiz(QuizzyPop.ViewModels.QuizMetaDataViewModel) on controller QuizzyPop.Controllers.HomeController (QuizzyPop).
2025-10-22 23:01:01.787 +02:00 [INF] Quiz 'matte' added successfully (ID: 7)
2025-10-22 23:01:01.788 +02:00 [INF] Quiz 'matte' created successfully with ID 7
2025-10-22 23:01:01.789 +02:00 [INF] Executing RedirectResult, redirecting to /Home/AddQuestions?quizId=7.
2025-10-22 23:01:01.789 +02:00 [INF] Executed action QuizzyPop.Controllers.HomeController.CreateQuiz (QuizzyPop) in 137.1573ms
2025-10-22 23:01:01.789 +02:00 [INF] Executed endpoint 'QuizzyPop.Controllers.HomeController.CreateQuiz (QuizzyPop)'
2025-10-22 23:01:01.790 +02:00 [INF] Request finished HTTP/2 POST https://localhost:7037/Home/CreateQuiz - 302 0 null 169.0067ms
2025-10-22 23:01:01.795 +02:00 [INF] Request starting HTTP/2 GET https://localhost:7037/Home/AddQuestions?quizId=7 - null null
2025-10-22 23:01:01.795 +02:00 [INF] Executing endpoint 'QuizzyPop.Controllers.HomeController.AddQuestions (QuizzyPop)'
2025-10-22 23:01:01.795 +02:00 [INF] Route matched with {action = "AddQuestions", controller = "Home"}. Executing controller action with signature Microsoft.AspNetCore.Mvc.IActionResult AddQuestions(Int32) on controller QuizzyPop.Controllers.HomeController (QuizzyPop).
2025-10-22 23:01:01.797 +02:00 [INF] Executing ViewResult, running view AddQuestions.
2025-10-22 23:01:01.834 +02:00 [INF] Executed ViewResult - view AddQuestions executed in 36.7646ms.
2025-10-22 23:01:01.859 +02:00 [INF] Executed action QuizzyPop.Controllers.HomeController.AddQuestions (QuizzyPop) in 63.8943ms
2025-10-22 23:01:01.860 +02:00 [INF] Executed endpoint 'QuizzyPop.Controllers.HomeController.AddQuestions (QuizzyPop)'
2025-10-22 23:01:01.860 +02:00 [INF] Request finished HTTP/2 GET https://localhost:7037/Home/AddQuestions?quizId=7 - 200 null text/html; charset=utf-8 65.1069ms
2025-10-22 23:01:01.946 +02:00 [INF] Request starting HTTP/2 GET https://localhost:7037/fonts/Baloo2-Regular.ttf - null null
2025-10-22 23:01:01.947 +02:00 [INF] Request finished HTTP/2 GET https://localhost:7037/fonts/Baloo2-Regular.ttf - 404 0 null 26.7074ms
2025-10-22 23:01:01.947 +02:00 [INF] Request reached the end of the middleware pipeline without being handled by application code. Request path: GET https://localhost:7037/fonts/Baloo2-Regular.ttf, Response status code: 404
