2025-10-23 18:13:08.621 +02:00 [WRN] The property 'Question.Choices' is a collection or enumeration type with a value converter but with no value comparer. Set a value comparer to ensure the collection/enumeration elements are compared correctly.
2025-10-23 18:13:08.691 +02:00 [WRN] The property 'Question.Choices' is a collection or enumeration type with a value converter but with no value comparer. Set a value comparer to ensure the collection/enumeration elements are compared correctly.
2025-10-23 18:13:08.935 +02:00 [INF] User profile is available. Using '/Users/mathiasjudre/.aspnet/DataProtection-Keys' as key repository; keys will not be encrypted at rest.
2025-10-23 18:13:09.153 +02:00 [INF] Now listening on: https://localhost:7037
2025-10-23 18:13:09.154 +02:00 [INF] Now listening on: http://localhost:5299
2025-10-23 18:13:09.157 +02:00 [INF] Application started. Press Ctrl+C to shut down.
2025-10-23 18:13:09.158 +02:00 [INF] Hosting environment: Development
2025-10-23 18:13:09.159 +02:00 [INF] Content root path: /Users/mathiasjudre/Desktop/Skole/5. Semester/ITPE3200 - Webapplikasjoner/QuizzyPop/QuizzyPop
2025-10-23 18:13:09.372 +02:00 [INF] Request starting HTTP/2 GET https://localhost:7037/Home/Index - null null
2025-10-23 18:13:09.384 +02:00 [INF] Executing endpoint 'QuizzyPop.Controllers.HomeController.Index (QuizzyPop)'
2025-10-23 18:13:09.389 +02:00 [INF] Route matched with {action = "Index", controller = "Home"}. Executing controller action with signature Microsoft.AspNetCore.Mvc.IActionResult Index() on controller QuizzyPop.Controllers.HomeController (QuizzyPop).
2025-10-23 18:13:09.393 +02:00 [INF] Executing ViewResult, running view Index.
2025-10-23 18:13:09.425 +02:00 [INF] Executed ViewResult - view Index executed in 31.1257ms.
2025-10-23 18:13:09.457 +02:00 [INF] Request starting HTTP/2 GET https://localhost:7037/fonts/Baloo2-Regular.ttf - null null
2025-10-23 18:13:09.459 +02:00 [INF] Executed action QuizzyPop.Controllers.HomeController.Index (QuizzyPop) in 69.1582ms
2025-10-23 18:13:09.461 +02:00 [INF] Executed endpoint 'QuizzyPop.Controllers.HomeController.Index (QuizzyPop)'
2025-10-23 18:13:09.474 +02:00 [INF] Request finished HTTP/2 GET https://localhost:7037/fonts/Baloo2-Regular.ttf - 404 0 null 11.1293ms
2025-10-23 18:13:09.475 +02:00 [INF] Request reached the end of the middleware pipeline without being handled by application code. Request path: GET https://localhost:7037/fonts/Baloo2-Regular.ttf, Response status code: 404
2025-10-23 18:13:09.475 +02:00 [INF] Request finished HTTP/2 GET https://localhost:7037/Home/Index - 200 null text/html; charset=utf-8 104.2537ms
2025-10-23 18:13:12.392 +02:00 [INF] Request starting HTTP/2 GET https://localhost:7037/Home/CreateQuiz - null null
2025-10-23 18:13:12.397 +02:00 [INF] Executing endpoint 'QuizzyPop.Controllers.HomeController.CreateQuiz (QuizzyPop)'
2025-10-23 18:13:12.404 +02:00 [INF] Route matched with {action = "CreateQuiz", controller = "Home"}. Executing controller action with signature System.Threading.Tasks.Task`1[Microsoft.AspNetCore.Mvc.IActionResult] CreateQuiz() on controller QuizzyPop.Controllers.HomeController (QuizzyPop).
2025-10-23 18:13:12.480 +02:00 [INF] Executing ViewResult, running view CreateQuiz.
2025-10-23 18:13:12.678 +02:00 [INF] Executed ViewResult - view CreateQuiz executed in 198.2096ms.
2025-10-23 18:13:12.683 +02:00 [INF] Executed action QuizzyPop.Controllers.HomeController.CreateQuiz (QuizzyPop) in 278.5434ms
2025-10-23 18:13:12.684 +02:00 [INF] Executed endpoint 'QuizzyPop.Controllers.HomeController.CreateQuiz (QuizzyPop)'
2025-10-23 18:13:12.691 +02:00 [INF] Request finished HTTP/2 GET https://localhost:7037/Home/CreateQuiz - 200 null text/html; charset=utf-8 348.3791ms
2025-10-23 18:13:12.751 +02:00 [INF] Request starting HTTP/2 GET https://localhost:7037/fonts/Baloo2-Regular.ttf - null null
2025-10-23 18:13:12.752 +02:00 [INF] Request finished HTTP/2 GET https://localhost:7037/fonts/Baloo2-Regular.ttf - 404 0 null 1.2185ms
2025-10-23 18:13:12.752 +02:00 [INF] Request reached the end of the middleware pipeline without being handled by application code. Request path: GET https://localhost:7037/fonts/Baloo2-Regular.ttf, Response status code: 404
2025-10-23 18:13:17.131 +02:00 [INF] Request starting HTTP/2 POST https://localhost:7037/Home/CreateQuiz - multipart/form-data; boundary=----WebKitFormBoundaryqwjlXH3SJsO6RBdq 1162
2025-10-23 18:13:17.156 +02:00 [INF] Executing endpoint 'QuizzyPop.Controllers.HomeController.CreateQuiz (QuizzyPop)'
2025-10-23 18:13:17.170 +02:00 [INF] Route matched with {action = "CreateQuiz", controller = "Home"}. Executing controller action with signature System.Threading.Tasks.Task`1[Microsoft.AspNetCore.Mvc.IActionResult] CreateQuiz(QuizzyPop.ViewModels.QuizMetaDataViewModel) on controller QuizzyPop.Controllers.HomeController (QuizzyPop).
2025-10-23 18:13:17.224 +02:00 [INF] Quiz 'test' added (ID: 3)
2025-10-23 18:13:17.225 +02:00 [INF] Quiz 'test' created successfully with ID 3
2025-10-23 18:13:17.226 +02:00 [INF] Executing RedirectResult, redirecting to /Home/AddQuestions?quizId=3.
2025-10-23 18:13:17.226 +02:00 [INF] Executed action QuizzyPop.Controllers.HomeController.CreateQuiz (QuizzyPop) in 55.7991ms
2025-10-23 18:13:17.226 +02:00 [INF] Executed endpoint 'QuizzyPop.Controllers.HomeController.CreateQuiz (QuizzyPop)'
2025-10-23 18:13:17.226 +02:00 [INF] Request finished HTTP/2 POST https://localhost:7037/Home/CreateQuiz - 302 0 null 95.1815ms
2025-10-23 18:13:17.228 +02:00 [INF] Request starting HTTP/2 GET https://localhost:7037/Home/AddQuestions?quizId=3 - null null
2025-10-23 18:13:17.228 +02:00 [INF] Executing endpoint 'QuizzyPop.Controllers.HomeController.AddQuestions (QuizzyPop)'
2025-10-23 18:13:17.229 +02:00 [INF] Route matched with {action = "AddQuestions", controller = "Home"}. Executing controller action with signature Microsoft.AspNetCore.Mvc.IActionResult AddQuestions(Int32) on controller QuizzyPop.Controllers.HomeController (QuizzyPop).
2025-10-23 18:13:17.231 +02:00 [INF] Executing ViewResult, running view AddQuestions.
2025-10-23 18:13:17.244 +02:00 [INF] Executed ViewResult - view AddQuestions executed in 12.5557ms.
2025-10-23 18:13:17.394 +02:00 [INF] Executed action QuizzyPop.Controllers.HomeController.AddQuestions (QuizzyPop) in 116.0495ms
2025-10-23 18:13:17.419 +02:00 [INF] Executed endpoint 'QuizzyPop.Controllers.HomeController.AddQuestions (QuizzyPop)'
2025-10-23 18:13:17.473 +02:00 [INF] Request starting HTTP/2 GET https://localhost:7037/fonts/Baloo2-Regular.ttf - null null
2025-10-23 18:13:17.473 +02:00 [INF] Request finished HTTP/2 GET https://localhost:7037/Home/AddQuestions?quizId=3 - 200 null text/html; charset=utf-8 244.882ms
2025-10-23 18:13:17.474 +02:00 [INF] Request finished HTTP/2 GET https://localhost:7037/fonts/Baloo2-Regular.ttf - 404 0 null 1.0533ms
2025-10-23 18:13:17.474 +02:00 [INF] Request reached the end of the middleware pipeline without being handled by application code. Request path: GET https://localhost:7037/fonts/Baloo2-Regular.ttf, Response status code: 404
2025-10-23 18:13:26.472 +02:00 [INF] Request starting HTTP/2 POST https://localhost:7037/Home/AddQuestions - application/x-www-form-urlencoded 419
2025-10-23 18:13:26.498 +02:00 [INF] Executing endpoint 'QuizzyPop.Controllers.HomeController.AddQuestions (QuizzyPop)'
2025-10-23 18:13:26.503 +02:00 [INF] Route matched with {action = "AddQuestions", controller = "Home"}. Executing controller action with signature System.Threading.Tasks.Task`1[Microsoft.AspNetCore.Mvc.IActionResult] AddQuestions(QuizzyPop.ViewModels.QuizQuestionViewModel, System.String) on controller QuizzyPop.Controllers.HomeController (QuizzyPop).
2025-10-23 18:13:26.584 +02:00 [INF] Question added to quiz 3 with Id 7
2025-10-23 18:13:26.585 +02:00 [INF] Added question to quiz 3
2025-10-23 18:13:26.585 +02:00 [INF] Executing ViewResult, running view AddQuestions.
2025-10-23 18:13:26.711 +02:00 [INF] Executed ViewResult - view AddQuestions executed in 100.8287ms.
2025-10-23 18:13:26.732 +02:00 [INF] Executed action QuizzyPop.Controllers.HomeController.AddQuestions (QuizzyPop) in 228.7844ms
2025-10-23 18:13:26.755 +02:00 [INF] Request starting HTTP/2 GET https://localhost:7037/fonts/Baloo2-Regular.ttf - null null
2025-10-23 18:13:26.779 +02:00 [INF] Executed endpoint 'QuizzyPop.Controllers.HomeController.AddQuestions (QuizzyPop)'
2025-10-23 18:13:26.780 +02:00 [INF] Request finished HTTP/2 POST https://localhost:7037/Home/AddQuestions - 200 null text/html; charset=utf-8 308.773ms
2025-10-23 18:13:26.782 +02:00 [INF] Request finished HTTP/2 GET https://localhost:7037/fonts/Baloo2-Regular.ttf - 404 0 null 27.0286ms
2025-10-23 18:13:26.782 +02:00 [INF] Request reached the end of the middleware pipeline without being handled by application code. Request path: GET https://localhost:7037/fonts/Baloo2-Regular.ttf, Response status code: 404
2025-10-23 18:13:34.689 +02:00 [INF] Request starting HTTP/2 POST https://localhost:7037/Home/AddQuestions - application/x-www-form-urlencoded 422
2025-10-23 18:13:34.690 +02:00 [INF] Executing endpoint 'QuizzyPop.Controllers.HomeController.AddQuestions (QuizzyPop)'
2025-10-23 18:13:34.691 +02:00 [INF] Route matched with {action = "AddQuestions", controller = "Home"}. Executing controller action with signature System.Threading.Tasks.Task`1[Microsoft.AspNetCore.Mvc.IActionResult] AddQuestions(QuizzyPop.ViewModels.QuizQuestionViewModel, System.String) on controller QuizzyPop.Controllers.HomeController (QuizzyPop).
2025-10-23 18:13:34.708 +02:00 [INF] Question added to quiz 3 with Id 8
2025-10-23 18:13:34.709 +02:00 [INF] Added question to quiz 3
2025-10-23 18:13:34.710 +02:00 [INF] Executing RedirectResult, redirecting to /.
2025-10-23 18:13:34.710 +02:00 [INF] Executed action QuizzyPop.Controllers.HomeController.AddQuestions (QuizzyPop) in 19.1194ms
2025-10-23 18:13:34.710 +02:00 [INF] Executed endpoint 'QuizzyPop.Controllers.HomeController.AddQuestions (QuizzyPop)'
2025-10-23 18:13:34.710 +02:00 [INF] Request finished HTTP/2 POST https://localhost:7037/Home/AddQuestions - 302 0 null 21.3176ms
2025-10-23 18:13:34.763 +02:00 [INF] Request starting HTTP/2 GET https://localhost:7037/ - null null
2025-10-23 18:13:34.764 +02:00 [INF] Executing endpoint 'QuizzyPop.Controllers.HomeController.Index (QuizzyPop)'
2025-10-23 18:13:34.764 +02:00 [INF] Route matched with {action = "Index", controller = "Home"}. Executing controller action with signature Microsoft.AspNetCore.Mvc.IActionResult Index() on controller QuizzyPop.Controllers.HomeController (QuizzyPop).
2025-10-23 18:13:34.765 +02:00 [INF] Executing ViewResult, running view Index.
2025-10-23 18:13:34.769 +02:00 [INF] Executed ViewResult - view Index executed in 4.1592ms.
2025-10-23 18:13:34.817 +02:00 [INF] Executed action QuizzyPop.Controllers.HomeController.Index (QuizzyPop) in 52.3339ms
2025-10-23 18:13:34.817 +02:00 [INF] Executed endpoint 'QuizzyPop.Controllers.HomeController.Index (QuizzyPop)'
2025-10-23 18:13:34.817 +02:00 [INF] Request finished HTTP/2 GET https://localhost:7037/ - 200 null text/html; charset=utf-8 54.1962ms
2025-10-23 18:13:34.841 +02:00 [INF] Request starting HTTP/2 GET https://localhost:7037/fonts/Baloo2-Regular.ttf - null null
2025-10-23 18:13:34.842 +02:00 [INF] Request finished HTTP/2 GET https://localhost:7037/fonts/Baloo2-Regular.ttf - 404 0 null 0.9956ms
2025-10-23 18:13:34.842 +02:00 [INF] Request reached the end of the middleware pipeline without being handled by application code. Request path: GET https://localhost:7037/fonts/Baloo2-Regular.ttf, Response status code: 404
2025-10-23 18:13:35.714 +02:00 [INF] Request starting HTTP/2 GET https://localhost:7037/Home/TakeQuiz - null null
2025-10-23 18:13:35.715 +02:00 [INF] Executing endpoint 'QuizzyPop.Controllers.HomeController.TakeQuiz (QuizzyPop)'
2025-10-23 18:13:35.720 +02:00 [INF] Route matched with {action = "TakeQuiz", controller = "Home"}. Executing controller action with signature System.Threading.Tasks.Task`1[Microsoft.AspNetCore.Mvc.IActionResult] TakeQuiz() on controller QuizzyPop.Controllers.HomeController (QuizzyPop).
2025-10-23 18:13:35.764 +02:00 [INF] Loaded 3 quizzes from repository.
2025-10-23 18:13:35.765 +02:00 [INF] Executing ViewResult, running view TakeQuiz.
2025-10-23 18:13:35.908 +02:00 [INF] Executed ViewResult - view TakeQuiz executed in 118.0066ms.
2025-10-23 18:13:35.956 +02:00 [INF] Executed action QuizzyPop.Controllers.HomeController.TakeQuiz (QuizzyPop) in 235.2375ms
2025-10-23 18:13:35.956 +02:00 [INF] Request starting HTTP/2 GET https://localhost:7037/fonts/Baloo2-Regular.ttf - null null
2025-10-23 18:13:35.956 +02:00 [INF] Executed endpoint 'QuizzyPop.Controllers.HomeController.TakeQuiz (QuizzyPop)'
2025-10-23 18:13:35.956 +02:00 [INF] Request finished HTTP/2 GET https://localhost:7037/Home/TakeQuiz - 200 null text/html; charset=utf-8 242.4341ms
2025-10-23 18:13:36.007 +02:00 [INF] Request starting HTTP/2 GET https://localhost:7037/images/default-cover.png - null null
2025-10-23 18:13:36.007 +02:00 [INF] Request finished HTTP/2 GET https://localhost:7037/fonts/Baloo2-Regular.ttf - 404 0 null 51.6105ms
2025-10-23 18:13:36.007 +02:00 [INF] Request reached the end of the middleware pipeline without being handled by application code. Request path: GET https://localhost:7037/fonts/Baloo2-Regular.ttf, Response status code: 404
2025-10-23 18:13:36.008 +02:00 [INF] Request finished HTTP/2 GET https://localhost:7037/images/default-cover.png - 404 0 null 0.6797ms
2025-10-23 18:13:36.008 +02:00 [INF] Request reached the end of the middleware pipeline without being handled by application code. Request path: GET https://localhost:7037/images/default-cover.png, Response status code: 404
2025-10-23 18:13:36.638 +02:00 [INF] Request starting HTTP/2 GET https://localhost:7037/Home/StartQuiz/3 - null null
2025-10-23 18:13:36.639 +02:00 [INF] Executing endpoint 'QuizzyPop.Controllers.HomeController.StartQuiz (QuizzyPop)'
2025-10-23 18:13:36.644 +02:00 [INF] Route matched with {action = "StartQuiz", controller = "Home"}. Executing controller action with signature System.Threading.Tasks.Task`1[Microsoft.AspNetCore.Mvc.IActionResult] StartQuiz(Int32, Int32) on controller QuizzyPop.Controllers.HomeController (QuizzyPop).
2025-10-23 18:13:36.673 +02:00 [INF] Executing ViewResult, running view TakingQuiz.
2025-10-23 18:13:36.702 +02:00 [INF] Executed ViewResult - view TakingQuiz executed in 29.2963ms.
2025-10-23 18:13:36.727 +02:00 [INF] Executed action QuizzyPop.Controllers.HomeController.StartQuiz (QuizzyPop) in 57.818ms
2025-10-23 18:13:36.778 +02:00 [INF] Executed endpoint 'QuizzyPop.Controllers.HomeController.StartQuiz (QuizzyPop)'
2025-10-23 18:13:36.804 +02:00 [INF] Request starting HTTP/2 GET https://localhost:7037/fonts/Baloo2-Regular.ttf - null null
2025-10-23 18:13:36.804 +02:00 [INF] Request finished HTTP/2 GET https://localhost:7037/Home/StartQuiz/3 - 200 null text/html; charset=utf-8 186.7959ms
2025-10-23 18:13:36.804 +02:00 [INF] Request finished HTTP/2 GET https://localhost:7037/fonts/Baloo2-Regular.ttf - 404 0 null 0.7578ms
2025-10-23 18:13:36.805 +02:00 [INF] Request reached the end of the middleware pipeline without being handled by application code. Request path: GET https://localhost:7037/fonts/Baloo2-Regular.ttf, Response status code: 404
2025-10-23 18:13:38.390 +02:00 [INF] Request starting HTTP/2 POST https://localhost:7037/Home/SubmitQuiz - application/x-www-form-urlencoded 311
2025-10-23 18:13:38.391 +02:00 [INF] Executing endpoint 'QuizzyPop.Controllers.HomeController.SubmitQuiz (QuizzyPop)'
2025-10-23 18:13:38.398 +02:00 [INF] Route matched with {action = "SubmitQuiz", controller = "Home"}. Executing controller action with signature System.Threading.Tasks.Task`1[Microsoft.AspNetCore.Mvc.IActionResult] SubmitQuiz(QuizzyPop.ViewModels.TakingQuizViewModel, System.String, Int32) on controller QuizzyPop.Controllers.HomeController (QuizzyPop).
2025-10-23 18:13:38.421 +02:00 [INF] Executing RedirectResult, redirecting to /Home/StartQuiz/3?questionIndex=1.
2025-10-23 18:13:38.426 +02:00 [INF] Executed action QuizzyPop.Controllers.HomeController.SubmitQuiz (QuizzyPop) in 27.3693ms
2025-10-23 18:13:38.426 +02:00 [INF] Executed endpoint 'QuizzyPop.Controllers.HomeController.SubmitQuiz (QuizzyPop)'
2025-10-23 18:13:38.426 +02:00 [INF] Request finished HTTP/2 POST https://localhost:7037/Home/SubmitQuiz - 302 0 null 35.4799ms
2025-10-23 18:13:38.503 +02:00 [INF] Request starting HTTP/2 GET https://localhost:7037/Home/StartQuiz/3?questionIndex=1 - null null
2025-10-23 18:13:38.503 +02:00 [INF] Executing endpoint 'QuizzyPop.Controllers.HomeController.StartQuiz (QuizzyPop)'
2025-10-23 18:13:38.504 +02:00 [INF] Route matched with {action = "StartQuiz", controller = "Home"}. Executing controller action with signature System.Threading.Tasks.Task`1[Microsoft.AspNetCore.Mvc.IActionResult] StartQuiz(Int32, Int32) on controller QuizzyPop.Controllers.HomeController (QuizzyPop).
2025-10-23 18:13:38.509 +02:00 [INF] Executing ViewResult, running view TakingQuiz.
2025-10-23 18:13:38.557 +02:00 [INF] Executed ViewResult - view TakingQuiz executed in 46.729ms.
2025-10-23 18:13:38.608 +02:00 [INF] Executed action QuizzyPop.Controllers.HomeController.StartQuiz (QuizzyPop) in 79.0667ms
2025-10-23 18:13:38.630 +02:00 [INF] Executed endpoint 'QuizzyPop.Controllers.HomeController.StartQuiz (QuizzyPop)'
2025-10-23 18:13:38.678 +02:00 [INF] Request starting HTTP/2 GET https://localhost:7037/fonts/Baloo2-Regular.ttf - null null
2025-10-23 18:13:38.678 +02:00 [INF] Request finished HTTP/2 GET https://localhost:7037/Home/StartQuiz/3?questionIndex=1 - 200 null text/html; charset=utf-8 200.923ms
2025-10-23 18:13:38.678 +02:00 [INF] Request finished HTTP/2 GET https://localhost:7037/fonts/Baloo2-Regular.ttf - 404 0 null 0.72ms
2025-10-23 18:13:38.678 +02:00 [INF] Request reached the end of the middleware pipeline without being handled by application code. Request path: GET https://localhost:7037/fonts/Baloo2-Regular.ttf, Response status code: 404
2025-10-23 18:13:42.115 +02:00 [INF] Request starting HTTP/2 POST https://localhost:7037/Home/SubmitQuiz - application/x-www-form-urlencoded 313
2025-10-23 18:13:42.115 +02:00 [INF] Executing endpoint 'QuizzyPop.Controllers.HomeController.SubmitQuiz (QuizzyPop)'
2025-10-23 18:13:42.115 +02:00 [INF] Route matched with {action = "SubmitQuiz", controller = "Home"}. Executing controller action with signature System.Threading.Tasks.Task`1[Microsoft.AspNetCore.Mvc.IActionResult] SubmitQuiz(QuizzyPop.ViewModels.TakingQuizViewModel, System.String, Int32) on controller QuizzyPop.Controllers.HomeController (QuizzyPop).
2025-10-23 18:13:42.122 +02:00 [INF] Executing RedirectResult, redirecting to /Home/QuizCompleted?quizId=3&totalQuestions=2&correctAnswers=2.
2025-10-23 18:13:42.123 +02:00 [INF] Executed action QuizzyPop.Controllers.HomeController.SubmitQuiz (QuizzyPop) in 6.9554ms
2025-10-23 18:13:42.123 +02:00 [INF] Executed endpoint 'QuizzyPop.Controllers.HomeController.SubmitQuiz (QuizzyPop)'
2025-10-23 18:13:42.123 +02:00 [INF] Request finished HTTP/2 POST https://localhost:7037/Home/SubmitQuiz - 302 0 null 8.3178ms
2025-10-23 18:13:42.125 +02:00 [INF] Request starting HTTP/2 GET https://localhost:7037/Home/QuizCompleted?quizId=3&totalQuestions=2&correctAnswers=2 - null null
2025-10-23 18:13:42.126 +02:00 [INF] Executing endpoint 'QuizzyPop.Controllers.HomeController.QuizCompleted (QuizzyPop)'
2025-10-23 18:13:42.129 +02:00 [INF] Route matched with {action = "QuizCompleted", controller = "Home"}. Executing controller action with signature System.Threading.Tasks.Task`1[Microsoft.AspNetCore.Mvc.IActionResult] QuizCompleted(Int32, Int32, Int32) on controller QuizzyPop.Controllers.HomeController (QuizzyPop).
2025-10-23 18:13:42.134 +02:00 [INF] Executing ViewResult, running view QuizCompleted.
2025-10-23 18:13:42.192 +02:00 [INF] Executed ViewResult - view QuizCompleted executed in 57.997ms.
2025-10-23 18:13:42.213 +02:00 [INF] Executed action QuizzyPop.Controllers.HomeController.QuizCompleted (QuizzyPop) in 84.1264ms
2025-10-23 18:13:42.239 +02:00 [INF] Executed endpoint 'QuizzyPop.Controllers.HomeController.QuizCompleted (QuizzyPop)'
2025-10-23 18:13:42.265 +02:00 [INF] Request finished HTTP/2 GET https://localhost:7037/Home/QuizCompleted?quizId=3&totalQuestions=2&correctAnswers=2 - 200 null text/html; charset=utf-8 139.4887ms
2025-10-23 18:13:42.288 +02:00 [INF] Request starting HTTP/2 GET https://localhost:7037/fonts/Baloo2-Regular.ttf - null null
2025-10-23 18:13:42.289 +02:00 [INF] Request finished HTTP/2 GET https://localhost:7037/fonts/Baloo2-Regular.ttf - 404 0 null 0.6704ms
2025-10-23 18:13:42.289 +02:00 [INF] Request reached the end of the middleware pipeline without being handled by application code. Request path: GET https://localhost:7037/fonts/Baloo2-Regular.ttf, Response status code: 404
2025-10-23 18:13:46.599 +02:00 [INF] Request starting HTTP/2 POST https://localhost:7037/Home/RetryQuiz - application/x-www-form-urlencoded 191
2025-10-23 18:13:46.622 +02:00 [INF] Executing endpoint 'QuizzyPop.Controllers.HomeController.RetryQuiz (QuizzyPop)'
2025-10-23 18:13:46.623 +02:00 [INF] Route matched with {action = "RetryQuiz", controller = "Home"}. Executing controller action with signature Microsoft.AspNetCore.Mvc.IActionResult RetryQuiz(Int32) on controller QuizzyPop.Controllers.HomeController (QuizzyPop).
2025-10-23 18:13:46.624 +02:00 [INF] Executing RedirectResult, redirecting to /Home/StartQuiz/3?questionIndex=0.
2025-10-23 18:13:46.625 +02:00 [INF] Executed action QuizzyPop.Controllers.HomeController.RetryQuiz (QuizzyPop) in 1.9174ms
2025-10-23 18:13:46.625 +02:00 [INF] Executed endpoint 'QuizzyPop.Controllers.HomeController.RetryQuiz (QuizzyPop)'
2025-10-23 18:13:46.625 +02:00 [INF] Request finished HTTP/2 POST https://localhost:7037/Home/RetryQuiz - 302 0 null 26.2695ms
2025-10-23 18:13:46.675 +02:00 [INF] Request starting HTTP/2 GET https://localhost:7037/Home/StartQuiz/3?questionIndex=0 - null null
2025-10-23 18:13:46.676 +02:00 [INF] Executing endpoint 'QuizzyPop.Controllers.HomeController.StartQuiz (QuizzyPop)'
2025-10-23 18:13:46.676 +02:00 [INF] Route matched with {action = "StartQuiz", controller = "Home"}. Executing controller action with signature System.Threading.Tasks.Task`1[Microsoft.AspNetCore.Mvc.IActionResult] StartQuiz(Int32, Int32) on controller QuizzyPop.Controllers.HomeController (QuizzyPop).
2025-10-23 18:13:46.680 +02:00 [INF] Executing ViewResult, running view TakingQuiz.
2025-10-23 18:13:46.706 +02:00 [INF] Executed ViewResult - view TakingQuiz executed in 25.3542ms.
2025-10-23 18:13:46.707 +02:00 [INF] Executed action QuizzyPop.Controllers.HomeController.StartQuiz (QuizzyPop) in 30.7094ms
2025-10-23 18:13:46.732 +02:00 [INF] Executed endpoint 'QuizzyPop.Controllers.HomeController.StartQuiz (QuizzyPop)'
2025-10-23 18:13:46.805 +02:00 [INF] Request finished HTTP/2 GET https://localhost:7037/Home/StartQuiz/3?questionIndex=0 - 200 null text/html; charset=utf-8 129.4621ms
2025-10-23 18:13:46.805 +02:00 [INF] Request starting HTTP/2 GET https://localhost:7037/fonts/Baloo2-Regular.ttf - null null
2025-10-23 18:13:46.805 +02:00 [INF] Request finished HTTP/2 GET https://localhost:7037/fonts/Baloo2-Regular.ttf - 404 0 null 26.3035ms
2025-10-23 18:13:46.805 +02:00 [INF] Request reached the end of the middleware pipeline without being handled by application code. Request path: GET https://localhost:7037/fonts/Baloo2-Regular.ttf, Response status code: 404
2025-10-23 18:13:48.304 +02:00 [INF] Request starting HTTP/2 GET https://localhost:7037/Home/CreateQuiz - null null
2025-10-23 18:13:48.304 +02:00 [INF] Executing endpoint 'QuizzyPop.Controllers.HomeController.CreateQuiz (QuizzyPop)'
2025-10-23 18:13:48.304 +02:00 [INF] Route matched with {action = "CreateQuiz", controller = "Home"}. Executing controller action with signature System.Threading.Tasks.Task`1[Microsoft.AspNetCore.Mvc.IActionResult] CreateQuiz() on controller QuizzyPop.Controllers.HomeController (QuizzyPop).
2025-10-23 18:13:48.308 +02:00 [INF] Executing ViewResult, running view CreateQuiz.
2025-10-23 18:13:48.339 +02:00 [INF] Executed ViewResult - view CreateQuiz executed in 30.7829ms.
2025-10-23 18:13:48.339 +02:00 [INF] Executed action QuizzyPop.Controllers.HomeController.CreateQuiz (QuizzyPop) in 34.9615ms
2025-10-23 18:13:48.339 +02:00 [INF] Executed endpoint 'QuizzyPop.Controllers.HomeController.CreateQuiz (QuizzyPop)'
2025-10-23 18:13:48.340 +02:00 [INF] Request finished HTTP/2 GET https://localhost:7037/Home/CreateQuiz - 200 null text/html; charset=utf-8 36.2277ms
2025-10-23 18:13:48.352 +02:00 [INF] Request starting HTTP/2 GET https://localhost:7037/fonts/Baloo2-Regular.ttf - null null
2025-10-23 18:13:48.352 +02:00 [INF] Request finished HTTP/2 GET https://localhost:7037/fonts/Baloo2-Regular.ttf - 404 0 null 0.458ms
2025-10-23 18:13:48.352 +02:00 [INF] Request reached the end of the middleware pipeline without being handled by application code. Request path: GET https://localhost:7037/fonts/Baloo2-Regular.ttf, Response status code: 404
2025-10-23 18:13:54.788 +02:00 [INF] Request starting HTTP/2 POST https://localhost:7037/Home/CreateQuiz - multipart/form-data; boundary=----WebKitFormBoundary22DUpHshhd0jZa7f 1166
2025-10-23 18:13:54.789 +02:00 [INF] Executing endpoint 'QuizzyPop.Controllers.HomeController.CreateQuiz (QuizzyPop)'
2025-10-23 18:13:54.789 +02:00 [INF] Route matched with {action = "CreateQuiz", controller = "Home"}. Executing controller action with signature System.Threading.Tasks.Task`1[Microsoft.AspNetCore.Mvc.IActionResult] CreateQuiz(QuizzyPop.ViewModels.QuizMetaDataViewModel) on controller QuizzyPop.Controllers.HomeController (QuizzyPop).
2025-10-23 18:13:54.797 +02:00 [INF] Quiz 'test 2' added (ID: 4)
2025-10-23 18:13:54.810 +02:00 [INF] Quiz 'test 2' created successfully with ID 4
2025-10-23 18:13:54.811 +02:00 [INF] Executing RedirectResult, redirecting to /Home/AddQuestions?quizId=4.
2025-10-23 18:13:54.811 +02:00 [INF] Executed action QuizzyPop.Controllers.HomeController.CreateQuiz (QuizzyPop) in 21.266ms
2025-10-23 18:13:54.811 +02:00 [INF] Executed endpoint 'QuizzyPop.Controllers.HomeController.CreateQuiz (QuizzyPop)'
2025-10-23 18:13:54.811 +02:00 [INF] Request finished HTTP/2 POST https://localhost:7037/Home/CreateQuiz - 302 0 null 23.0027ms
2025-10-23 18:13:54.816 +02:00 [INF] Request starting HTTP/2 GET https://localhost:7037/Home/AddQuestions?quizId=4 - null null
2025-10-23 18:13:54.816 +02:00 [INF] Executing endpoint 'QuizzyPop.Controllers.HomeController.AddQuestions (QuizzyPop)'
2025-10-23 18:13:54.817 +02:00 [INF] Route matched with {action = "AddQuestions", controller = "Home"}. Executing controller action with signature Microsoft.AspNetCore.Mvc.IActionResult AddQuestions(Int32) on controller QuizzyPop.Controllers.HomeController (QuizzyPop).
2025-10-23 18:13:54.819 +02:00 [INF] Executing ViewResult, running view AddQuestions.
2025-10-23 18:13:54.839 +02:00 [INF] Executed ViewResult - view AddQuestions executed in 19.3457ms.
2025-10-23 18:13:54.840 +02:00 [INF] Executed action QuizzyPop.Controllers.HomeController.AddQuestions (QuizzyPop) in 22.4566ms
2025-10-23 18:13:54.840 +02:00 [INF] Executed endpoint 'QuizzyPop.Controllers.HomeController.AddQuestions (QuizzyPop)'
2025-10-23 18:13:54.840 +02:00 [INF] Request finished HTTP/2 GET https://localhost:7037/Home/AddQuestions?quizId=4 - 200 null text/html; charset=utf-8 23.8349ms
2025-10-23 18:13:54.918 +02:00 [INF] Request starting HTTP/2 GET https://localhost:7037/fonts/Baloo2-Regular.ttf - null null
2025-10-23 18:13:54.918 +02:00 [INF] Request finished HTTP/2 GET https://localhost:7037/fonts/Baloo2-Regular.ttf - 404 0 null 24.6887ms
2025-10-23 18:13:54.918 +02:00 [INF] Request reached the end of the middleware pipeline without being handled by application code. Request path: GET https://localhost:7037/fonts/Baloo2-Regular.ttf, Response status code: 404
2025-10-23 18:13:57.415 +02:00 [INF] Request starting HTTP/2 POST https://localhost:7037/Home/AddQuestions - application/x-www-form-urlencoded 399
2025-10-23 18:13:57.416 +02:00 [INF] Executing endpoint 'QuizzyPop.Controllers.HomeController.AddQuestions (QuizzyPop)'
2025-10-23 18:13:57.416 +02:00 [INF] Route matched with {action = "AddQuestions", controller = "Home"}. Executing controller action with signature System.Threading.Tasks.Task`1[Microsoft.AspNetCore.Mvc.IActionResult] AddQuestions(QuizzyPop.ViewModels.QuizQuestionViewModel, System.String) on controller QuizzyPop.Controllers.HomeController (QuizzyPop).
2025-10-23 18:13:57.417 +02:00 [INF] Executing ViewResult, running view AddQuestions.
2025-10-23 18:13:57.424 +02:00 [INF] Executed ViewResult - view AddQuestions executed in 6.6877ms.
2025-10-23 18:13:57.494 +02:00 [INF] Executed action QuizzyPop.Controllers.HomeController.AddQuestions (QuizzyPop) in 52.4375ms
2025-10-23 18:13:57.494 +02:00 [INF] Executed endpoint 'QuizzyPop.Controllers.HomeController.AddQuestions (QuizzyPop)'
2025-10-23 18:13:57.540 +02:00 [INF] Request finished HTTP/2 POST https://localhost:7037/Home/AddQuestions - 200 null text/html; charset=utf-8 124.3791ms
2025-10-23 18:13:57.540 +02:00 [INF] Request starting HTTP/2 GET https://localhost:7037/fonts/Baloo2-Regular.ttf - null null
2025-10-23 18:13:57.541 +02:00 [INF] Request finished HTTP/2 GET https://localhost:7037/fonts/Baloo2-Regular.ttf - 404 0 null 0.6143ms
2025-10-23 18:13:57.541 +02:00 [INF] Request reached the end of the middleware pipeline without being handled by application code. Request path: GET https://localhost:7037/fonts/Baloo2-Regular.ttf, Response status code: 404
2025-10-23 18:14:09.547 +02:00 [INF] Request starting HTTP/2 POST https://localhost:7037/Home/AddQuestions - application/x-www-form-urlencoded 408
2025-10-23 18:14:09.548 +02:00 [INF] Executing endpoint 'QuizzyPop.Controllers.HomeController.AddQuestions (QuizzyPop)'
2025-10-23 18:14:09.548 +02:00 [INF] Route matched with {action = "AddQuestions", controller = "Home"}. Executing controller action with signature System.Threading.Tasks.Task`1[Microsoft.AspNetCore.Mvc.IActionResult] AddQuestions(QuizzyPop.ViewModels.QuizQuestionViewModel, System.String) on controller QuizzyPop.Controllers.HomeController (QuizzyPop).
2025-10-23 18:14:09.558 +02:00 [INF] Question added to quiz 4 with Id 9
2025-10-23 18:14:09.560 +02:00 [INF] Added question to quiz 4
2025-10-23 18:14:09.560 +02:00 [INF] Executing ViewResult, running view AddQuestions.
2025-10-23 18:14:09.662 +02:00 [INF] Request starting HTTP/2 GET https://localhost:7037/fonts/Baloo2-Regular.ttf - null null
2025-10-23 18:14:09.668 +02:00 [INF] Executed ViewResult - view AddQuestions executed in 107.7612ms.
2025-10-23 18:14:09.668 +02:00 [INF] Request finished HTTP/2 GET https://localhost:7037/fonts/Baloo2-Regular.ttf - 404 0 null 5.1154ms
2025-10-23 18:14:09.668 +02:00 [INF] Executed action QuizzyPop.Controllers.HomeController.AddQuestions (QuizzyPop) in 119.635ms
2025-10-23 18:14:09.668 +02:00 [INF] Request reached the end of the middleware pipeline without being handled by application code. Request path: GET https://localhost:7037/fonts/Baloo2-Regular.ttf, Response status code: 404
2025-10-23 18:14:09.716 +02:00 [INF] Executed endpoint 'QuizzyPop.Controllers.HomeController.AddQuestions (QuizzyPop)'
2025-10-23 18:14:09.719 +02:00 [INF] Request finished HTTP/2 POST https://localhost:7037/Home/AddQuestions - 200 null text/html; charset=utf-8 171.5202ms
2025-10-23 18:14:56.670 +02:00 [INF] Request starting HTTP/2 GET https://localhost:7037/ - null null
2025-10-23 18:14:56.678 +02:00 [INF] Executing endpoint 'QuizzyPop.Controllers.HomeController.Index (QuizzyPop)'
2025-10-23 18:14:56.679 +02:00 [INF] Route matched with {action = "Index", controller = "Home"}. Executing controller action with signature Microsoft.AspNetCore.Mvc.IActionResult Index() on controller QuizzyPop.Controllers.HomeController (QuizzyPop).
2025-10-23 18:14:56.682 +02:00 [INF] Executing ViewResult, running view Index.
2025-10-23 18:14:56.728 +02:00 [INF] Executed ViewResult - view Index executed in 46.0797ms.
2025-10-23 18:14:56.757 +02:00 [INF] Request starting HTTP/2 GET https://localhost:7037/fonts/Baloo2-Regular.ttf - null null
2025-10-23 18:14:56.855 +02:00 [INF] Executed action QuizzyPop.Controllers.HomeController.Index (QuizzyPop) in 126.1957ms
2025-10-23 18:14:56.881 +02:00 [INF] Executed endpoint 'QuizzyPop.Controllers.HomeController.Index (QuizzyPop)'
2025-10-23 18:14:56.881 +02:00 [INF] Request finished HTTP/2 GET https://localhost:7037/ - 200 null text/html; charset=utf-8 262.3043ms
2025-10-23 18:14:56.881 +02:00 [INF] Request finished HTTP/2 GET https://localhost:7037/fonts/Baloo2-Regular.ttf - 404 0 null 123.9295ms
2025-10-23 18:14:56.886 +02:00 [INF] Request reached the end of the middleware pipeline without being handled by application code. Request path: GET https://localhost:7037/fonts/Baloo2-Regular.ttf, Response status code: 404
2025-10-23 18:14:57.957 +02:00 [INF] Request starting HTTP/2 GET https://localhost:7037/Home/TakeQuiz - null null
2025-10-23 18:14:57.958 +02:00 [INF] Executing endpoint 'QuizzyPop.Controllers.HomeController.TakeQuiz (QuizzyPop)'
2025-10-23 18:14:57.958 +02:00 [INF] Route matched with {action = "TakeQuiz", controller = "Home"}. Executing controller action with signature System.Threading.Tasks.Task`1[Microsoft.AspNetCore.Mvc.IActionResult] TakeQuiz() on controller QuizzyPop.Controllers.HomeController (QuizzyPop).
2025-10-23 18:14:57.972 +02:00 [INF] Loaded 4 quizzes from repository.
2025-10-23 18:14:57.972 +02:00 [INF] Executing ViewResult, running view TakeQuiz.
2025-10-23 18:14:58.001 +02:00 [INF] Executed ViewResult - view TakeQuiz executed in 28.6672ms.
2025-10-23 18:14:58.002 +02:00 [INF] Executed action QuizzyPop.Controllers.HomeController.TakeQuiz (QuizzyPop) in 43.3127ms
2025-10-23 18:14:58.002 +02:00 [INF] Executed endpoint 'QuizzyPop.Controllers.HomeController.TakeQuiz (QuizzyPop)'
2025-10-23 18:14:58.003 +02:00 [INF] Request finished HTTP/2 GET https://localhost:7037/Home/TakeQuiz - 200 null text/html; charset=utf-8 45.4979ms
2025-10-23 18:14:58.009 +02:00 [INF] Request starting HTTP/2 GET https://localhost:7037/images/default-cover.png - null null
2025-10-23 18:14:58.081 +02:00 [INF] Request starting HTTP/2 GET https://localhost:7037/fonts/Baloo2-Regular.ttf - null null
2025-10-23 18:14:58.085 +02:00 [INF] Request finished HTTP/2 GET https://localhost:7037/images/default-cover.png - 404 0 null 75.3507ms
2025-10-23 18:14:58.085 +02:00 [INF] Request reached the end of the middleware pipeline without being handled by application code. Request path: GET https://localhost:7037/images/default-cover.png, Response status code: 404
2025-10-23 18:14:58.087 +02:00 [INF] Request finished HTTP/2 GET https://localhost:7037/fonts/Baloo2-Regular.ttf - 404 0 null 31.2333ms
2025-10-23 18:14:58.087 +02:00 [INF] Request reached the end of the middleware pipeline without being handled by application code. Request path: GET https://localhost:7037/fonts/Baloo2-Regular.ttf, Response status code: 404
