2025-10-22 22:59:11.842 +02:00 [WRN] The property 'Question.Choices' is a collection or enumeration type with a value converter but with no value comparer. Set a value comparer to ensure the collection/enumeration elements are compared correctly.
2025-10-22 22:59:12.066 +02:00 [INF] User profile is available. Using '/Users/mathiasjudre/.aspnet/DataProtection-Keys' as key repository; keys will not be encrypted at rest.
2025-10-22 22:59:12.266 +02:00 [INF] Now listening on: https://localhost:7037
2025-10-22 22:59:12.267 +02:00 [INF] Now listening on: http://localhost:5299
2025-10-22 22:59:12.270 +02:00 [INF] Application started. Press Ctrl+C to shut down.
2025-10-22 22:59:12.271 +02:00 [INF] Hosting environment: Development
2025-10-22 22:59:12.271 +02:00 [INF] Content root path: /Users/mathiasjudre/Desktop/Skole/5. Semester/ITPE3200 - Webapplikasjoner/QuizzyPop/QuizzyPop
2025-10-22 22:59:12.495 +02:00 [INF] Request starting HTTP/2 GET https://localhost:7037/Home/Index - null null
2025-10-22 22:59:12.507 +02:00 [INF] Executing endpoint 'QuizzyPop.Controllers.HomeController.Index (QuizzyPop)'
2025-10-22 22:59:12.512 +02:00 [INF] Route matched with {action = "Index", controller = "Home"}. Executing controller action with signature Microsoft.AspNetCore.Mvc.IActionResult Index() on controller QuizzyPop.Controllers.HomeController (QuizzyPop).
2025-10-22 22:59:12.516 +02:00 [INF] Executing ViewResult, running view Index.
2025-10-22 22:59:12.559 +02:00 [INF] Executed ViewResult - view Index executed in 42.3202ms.
2025-10-22 22:59:12.586 +02:00 [INF] Executed action QuizzyPop.Controllers.HomeController.Index (QuizzyPop) in 73.3244ms
2025-10-22 22:59:12.586 +02:00 [INF] Executed endpoint 'QuizzyPop.Controllers.HomeController.Index (QuizzyPop)'
2025-10-22 22:59:12.588 +02:00 [INF] Request finished HTTP/2 GET https://localhost:7037/Home/Index - 200 null text/html; charset=utf-8 93.7882ms
2025-10-22 22:59:12.750 +02:00 [INF] Request starting HTTP/2 GET https://localhost:7037/fonts/Baloo2-Regular.ttf - null null
2025-10-22 22:59:12.753 +02:00 [INF] Request finished HTTP/2 GET https://localhost:7037/fonts/Baloo2-Regular.ttf - 404 0 null 3.2932ms
2025-10-22 22:59:12.754 +02:00 [INF] Request reached the end of the middleware pipeline without being handled by application code. Request path: GET https://localhost:7037/fonts/Baloo2-Regular.ttf, Response status code: 404
2025-10-22 22:59:13.855 +02:00 [INF] Request starting HTTP/2 GET https://localhost:7037/Home/TakeQuiz - null null
2025-10-22 22:59:13.859 +02:00 [INF] Executing endpoint 'QuizzyPop.Controllers.HomeController.TakeQuiz (QuizzyPop)'
2025-10-22 22:59:13.879 +02:00 [INF] Route matched with {action = "TakeQuiz", controller = "Home"}. Executing controller action with signature System.Threading.Tasks.Task`1[Microsoft.AspNetCore.Mvc.IActionResult] TakeQuiz() on controller QuizzyPop.Controllers.HomeController (QuizzyPop).
2025-10-22 22:59:14.021 +02:00 [INF] Loaded 6 quizzes from repository.
2025-10-22 22:59:14.023 +02:00 [INF] Executing ViewResult, running view TakeQuiz.
2025-10-22 22:59:14.279 +02:00 [INF] Executed ViewResult - view TakeQuiz executed in 257.3514ms.
2025-10-22 22:59:14.351 +02:00 [INF] Executed action QuizzyPop.Controllers.HomeController.TakeQuiz (QuizzyPop) in 472.5168ms
2025-10-22 22:59:14.352 +02:00 [INF] Executed endpoint 'QuizzyPop.Controllers.HomeController.TakeQuiz (QuizzyPop)'
2025-10-22 22:59:14.361 +02:00 [INF] Request starting HTTP/2 GET https://localhost:7037/fonts/Baloo2-Regular.ttf - null null
2025-10-22 22:59:14.388 +02:00 [INF] Request starting HTTP/2 GET https://localhost:7037/images/default-cover.png - null null
2025-10-22 22:59:14.388 +02:00 [INF] Request finished HTTP/2 GET https://localhost:7037/fonts/Baloo2-Regular.ttf - 404 0 null 27.6377ms
2025-10-22 22:59:14.393 +02:00 [INF] Request reached the end of the middleware pipeline without being handled by application code. Request path: GET https://localhost:7037/fonts/Baloo2-Regular.ttf, Response status code: 404
2025-10-22 22:59:14.396 +02:00 [INF] Request finished HTTP/2 GET https://localhost:7037/images/default-cover.png - 404 0 null 6.8176ms
2025-10-22 22:59:14.396 +02:00 [INF] Request reached the end of the middleware pipeline without being handled by application code. Request path: GET https://localhost:7037/images/default-cover.png, Response status code: 404
2025-10-22 22:59:14.397 +02:00 [INF] Request finished HTTP/2 GET https://localhost:7037/Home/TakeQuiz - 200 null text/html; charset=utf-8 542.7745ms
2025-10-22 22:59:20.529 +02:00 [INF] Request starting HTTP/2 GET https://localhost:7037/Home/CreateQuiz - null null
2025-10-22 22:59:20.532 +02:00 [INF] Executing endpoint 'QuizzyPop.Controllers.HomeController.CreateQuiz (QuizzyPop)'
2025-10-22 22:59:20.540 +02:00 [INF] Route matched with {action = "CreateQuiz", controller = "Home"}. Executing controller action with signature System.Threading.Tasks.Task`1[Microsoft.AspNetCore.Mvc.IActionResult] CreateQuiz() on controller QuizzyPop.Controllers.HomeController (QuizzyPop).
2025-10-22 22:59:20.595 +02:00 [INF] Executing ViewResult, running view CreateQuiz.
2025-10-22 22:59:20.722 +02:00 [INF] Executed ViewResult - view CreateQuiz executed in 126.95ms.
2025-10-22 22:59:20.790 +02:00 [INF] Executed action QuizzyPop.Controllers.HomeController.CreateQuiz (QuizzyPop) in 250.3807ms
2025-10-22 22:59:20.816 +02:00 [INF] Executed endpoint 'QuizzyPop.Controllers.HomeController.CreateQuiz (QuizzyPop)'
2025-10-22 22:59:20.816 +02:00 [INF] Request starting HTTP/2 GET https://localhost:7037/fonts/Baloo2-Regular.ttf - null null
2025-10-22 22:59:20.816 +02:00 [INF] Request finished HTTP/2 GET https://localhost:7037/Home/CreateQuiz - 200 null text/html; charset=utf-8 288.0281ms
2025-10-22 22:59:20.817 +02:00 [INF] Request finished HTTP/2 GET https://localhost:7037/fonts/Baloo2-Regular.ttf - 404 0 null 1.1646ms
2025-10-22 22:59:20.817 +02:00 [INF] Request reached the end of the middleware pipeline without being handled by application code. Request path: GET https://localhost:7037/fonts/Baloo2-Regular.ttf, Response status code: 404
2025-10-22 22:59:29.186 +02:00 [INF] Request starting HTTP/2 POST https://localhost:7037/Home/CreateQuiz - multipart/form-data; boundary=----WebKitFormBoundaryT86AEACmdrx5SUun 1169
2025-10-22 22:59:29.188 +02:00 [INF] Executing endpoint 'QuizzyPop.Controllers.HomeController.CreateQuiz (QuizzyPop)'
2025-10-22 22:59:29.211 +02:00 [INF] Route matched with {action = "CreateQuiz", controller = "Home"}. Executing controller action with signature System.Threading.Tasks.Task`1[Microsoft.AspNetCore.Mvc.IActionResult] CreateQuiz(QuizzyPop.ViewModels.QuizMetaDataViewModel) on controller QuizzyPop.Controllers.HomeController (QuizzyPop).
