2025-10-09 12:18:30.950 +02:00 [INF] User profile is available. Using '/Users/mathiasjudre/.aspnet/DataProtection-Keys' as key repository; keys will not be encrypted at rest.
2025-10-09 12:18:31.130 +02:00 [INF] Now listening on: https://localhost:7037
2025-10-09 12:18:31.131 +02:00 [INF] Now listening on: http://localhost:5299
2025-10-09 12:18:31.133 +02:00 [INF] Application started. Press Ctrl+C to shut down.
2025-10-09 12:18:31.134 +02:00 [INF] Hosting environment: Development
2025-10-09 12:18:31.159 +02:00 [INF] Content root path: /Users/mathiasjudre/Desktop/Skole/5. Semester/ITPE3200 - Webapplikasjoner/QuizzyPop/QuizzyPop
2025-10-09 12:18:31.816 +02:00 [INF] Request starting HTTP/2 GET https://localhost:7037/Home/Index - null null
2025-10-09 12:18:31.828 +02:00 [INF] Executing endpoint 'QuizzyPop.Controllers.HomeController.Index (QuizzyPop)'
2025-10-09 12:18:31.838 +02:00 [INF] Route matched with {action = "Index", controller = "Home"}. Executing controller action with signature Microsoft.AspNetCore.Mvc.IActionResult Index() on controller QuizzyPop.Controllers.HomeController (QuizzyPop).
2025-10-09 12:18:31.842 +02:00 [INF] Executing ViewResult, running view Index.
2025-10-09 12:18:31.870 +02:00 [INF] Executed ViewResult - view Index executed in 27.247ms.
2025-10-09 12:18:31.872 +02:00 [INF] Executed action QuizzyPop.Controllers.HomeController.Index (QuizzyPop) in 33.471ms
2025-10-09 12:18:31.872 +02:00 [INF] Executed endpoint 'QuizzyPop.Controllers.HomeController.Index (QuizzyPop)'
2025-10-09 12:18:31.873 +02:00 [INF] Request finished HTTP/2 GET https://localhost:7037/Home/Index - 200 null text/html; charset=utf-8 57.3061ms
2025-10-09 12:18:31.902 +02:00 [INF] Request starting HTTP/2 GET https://localhost:7037/css/purged.css - null null
2025-10-09 12:18:31.906 +02:00 [INF] The file /css/purged.css was not modified
2025-10-09 12:18:31.907 +02:00 [INF] Request finished HTTP/2 GET https://localhost:7037/css/purged.css - 304 null text/css 4.7039ms
2025-10-09 12:18:33.249 +02:00 [INF] Request starting HTTP/2 GET https://localhost:7037/Home/CreateQuiz - null null
2025-10-09 12:18:33.255 +02:00 [INF] Executing endpoint 'QuizzyPop.Controllers.HomeController.CreateQuiz (QuizzyPop)'
2025-10-09 12:18:33.261 +02:00 [INF] Route matched with {action = "CreateQuiz", controller = "Home"}. Executing controller action with signature Microsoft.AspNetCore.Mvc.IActionResult CreateQuiz() on controller QuizzyPop.Controllers.HomeController (QuizzyPop).
2025-10-09 12:18:33.266 +02:00 [INF] This is an information message.
2025-10-09 12:18:33.268 +02:00 [WRN] This is a warning message
2025-10-09 12:18:33.270 +02:00 [ERR] This is an error message.
2025-10-09 12:18:33.272 +02:00 [INF] Executing ViewResult, running view CreateQuiz.
2025-10-09 12:18:33.322 +02:00 [INF] Executed ViewResult - view CreateQuiz executed in 50.9141ms.
2025-10-09 12:18:33.322 +02:00 [INF] Executed action QuizzyPop.Controllers.HomeController.CreateQuiz (QuizzyPop) in 60.6728ms
2025-10-09 12:18:33.322 +02:00 [INF] Executed endpoint 'QuizzyPop.Controllers.HomeController.CreateQuiz (QuizzyPop)'
2025-10-09 12:18:33.322 +02:00 [INF] Request finished HTTP/2 GET https://localhost:7037/Home/CreateQuiz - 200 null text/html; charset=utf-8 74.0314ms
