2025-10-22 17:48:50.103 +02:00 [INF] User profile is available. Using '/Users/mathiasjudre/.aspnet/DataProtection-Keys' as key repository; keys will not be encrypted at rest.
2025-10-22 17:48:50.340 +02:00 [INF] Now listening on: https://localhost:7037
2025-10-22 17:48:50.340 +02:00 [INF] Now listening on: http://localhost:5299
2025-10-22 17:48:50.344 +02:00 [INF] Application started. Press Ctrl+C to shut down.
2025-10-22 17:48:50.345 +02:00 [INF] Hosting environment: Development
2025-10-22 17:48:50.345 +02:00 [INF] Content root path: /Users/mathiasjudre/Desktop/Skole/5. Semester/ITPE3200 - Webapplikasjoner/QuizzyPop/QuizzyPop
2025-10-22 17:48:50.888 +02:00 [INF] Request starting HTTP/2 GET https://localhost:7037/Home/Index - null null
2025-10-22 17:48:50.905 +02:00 [INF] Executing endpoint 'QuizzyPop.Controllers.HomeController.Index (QuizzyPop)'
2025-10-22 17:48:50.910 +02:00 [INF] Route matched with {action = "Index", controller = "Home"}. Executing controller action with signature Microsoft.AspNetCore.Mvc.IActionResult Index() on controller QuizzyPop.Controllers.HomeController (QuizzyPop).
2025-10-22 17:48:50.919 +02:00 [INF] Executing ViewResult, running view Index.
2025-10-22 17:48:50.991 +02:00 [INF] Executed ViewResult - view Index executed in 73.0633ms.
2025-10-22 17:48:50.993 +02:00 [INF] Executed action QuizzyPop.Controllers.HomeController.Index (QuizzyPop) in 82.8412ms
2025-10-22 17:48:50.994 +02:00 [INF] Executed endpoint 'QuizzyPop.Controllers.HomeController.Index (QuizzyPop)'
2025-10-22 17:48:50.996 +02:00 [INF] Request finished HTTP/2 GET https://localhost:7037/Home/Index - 200 null text/html; charset=utf-8 108.8527ms
2025-10-22 17:48:51.124 +02:00 [INF] Request starting HTTP/2 GET https://localhost:7037/images/quizzy-blueberry.png - null null
2025-10-22 17:48:51.124 +02:00 [INF] Request starting HTTP/2 GET https://localhost:7037/images/quizzy-no-arms.png - null null
2025-10-22 17:48:51.124 +02:00 [INF] Request starting HTTP/2 GET https://localhost:7037/css/quizzy-theme.css - null null
2025-10-22 17:48:51.149 +02:00 [INF] Request starting HTTP/2 GET https://localhost:7037/css/clouds.css - null null
2025-10-22 17:48:51.149 +02:00 [INF] Request starting HTTP/2 GET https://localhost:7037/css/layout.css - null null
2025-10-22 17:48:51.180 +02:00 [INF] The file /css/layout.css was not modified
2025-10-22 17:48:51.180 +02:00 [INF] Request finished HTTP/2 GET https://localhost:7037/css/layout.css - 304 null text/css 55.8575ms
2025-10-22 17:48:51.292 +02:00 [INF] Sending file. Request path: '/css/quizzy-theme.css'. Physical path: '/Users/mathiasjudre/Desktop/Skole/5. Semester/ITPE3200 - Webapplikasjoner/QuizzyPop/QuizzyPop/wwwroot/css/quizzy-theme.css'
2025-10-22 17:48:51.292 +02:00 [INF] Sending file. Request path: '/images/quizzy-no-arms.png'. Physical path: '/Users/mathiasjudre/Desktop/Skole/5. Semester/ITPE3200 - Webapplikasjoner/QuizzyPop/QuizzyPop/wwwroot/images/quizzy-no-arms.png'
2025-10-22 17:48:51.292 +02:00 [INF] Sending file. Request path: '/css/clouds.css'. Physical path: '/Users/mathiasjudre/Desktop/Skole/5. Semester/ITPE3200 - Webapplikasjoner/QuizzyPop/QuizzyPop/wwwroot/css/clouds.css'
2025-10-22 17:48:51.335 +02:00 [INF] Request finished HTTP/2 GET https://localhost:7037/css/quizzy-theme.css - 200 3327 text/css 210.7855ms
2025-10-22 17:48:51.335 +02:00 [INF] Request finished HTTP/2 GET https://localhost:7037/css/clouds.css - 200 1836 text/css 185.5129ms
2025-10-22 17:48:51.335 +02:00 [INF] Request finished HTTP/2 GET https://localhost:7037/images/quizzy-no-arms.png - 200 1734 image/png 211.1734ms
2025-10-22 17:48:51.464 +02:00 [INF] Sending file. Request path: '/images/quizzy-blueberry.png'. Physical path: '/Users/mathiasjudre/Desktop/Skole/5. Semester/ITPE3200 - Webapplikasjoner/QuizzyPop/QuizzyPop/wwwroot/images/quizzy-blueberry.png'
2025-10-22 17:48:51.465 +02:00 [INF] Request finished HTTP/2 GET https://localhost:7037/images/quizzy-blueberry.png - 200 1609119 image/png 340.8246ms
2025-10-22 17:48:51.465 +02:00 [INF] Request starting HTTP/2 GET https://localhost:7037/fonts/Baloo2-Regular.ttf - null null
2025-10-22 17:48:51.465 +02:00 [INF] Request starting HTTP/2 GET https://localhost:7037/fonts/Baby.ttf - null null
2025-10-22 17:48:51.465 +02:00 [INF] The file /fonts/Baby.ttf was not modified
2025-10-22 17:48:51.466 +02:00 [INF] Request finished HTTP/2 GET https://localhost:7037/fonts/Baby.ttf - 304 null application/x-font-ttf 0.6422ms
2025-10-22 17:48:51.468 +02:00 [INF] Request finished HTTP/2 GET https://localhost:7037/fonts/Baloo2-Regular.ttf - 404 0 null 2.93ms
2025-10-22 17:48:51.468 +02:00 [INF] Request reached the end of the middleware pipeline without being handled by application code. Request path: GET https://localhost:7037/fonts/Baloo2-Regular.ttf, Response status code: 404
2025-10-22 17:48:51.487 +02:00 [INF] Request starting HTTP/2 GET https://localhost:7037/favicon.ico - null null
2025-10-22 17:48:51.487 +02:00 [INF] The file /favicon.ico was not modified
2025-10-22 17:48:51.487 +02:00 [INF] Request finished HTTP/2 GET https://localhost:7037/favicon.ico - 304 null image/x-icon 0.7004ms
2025-10-22 17:48:56.314 +02:00 [INF] Request starting HTTP/2 GET https://localhost:7037/Home/TakeQuiz - null null
2025-10-22 17:48:56.319 +02:00 [INF] Executing endpoint 'QuizzyPop.Controllers.HomeController.TakeQuiz (QuizzyPop)'
2025-10-22 17:48:56.327 +02:00 [INF] Route matched with {action = "TakeQuiz", controller = "Home"}. Executing controller action with signature System.Threading.Tasks.Task`1[Microsoft.AspNetCore.Mvc.IActionResult] TakeQuiz() on controller QuizzyPop.Controllers.HomeController (QuizzyPop).
2025-10-22 17:48:56.425 +02:00 [INF] Loaded 2 quizzes from database.
2025-10-22 17:48:56.426 +02:00 [INF] Executing ViewResult, running view TakeQuiz.
2025-10-22 17:48:56.590 +02:00 [INF] Executed ViewResult - view TakeQuiz executed in 139.8845ms.
2025-10-22 17:48:56.614 +02:00 [INF] Request starting HTTP/2 GET https://localhost:7037/images/geometry.jpeg?v=ILbFYdycBluJl9o3yZDPEUTdIRSw7eFw8tJXk3FKY2E - null null
2025-10-22 17:48:56.614 +02:00 [INF] Request starting HTTP/2 GET https://localhost:7037/images/disney.webp?v=NaKwJmwsewkBDWX7ARsrHFZ7UNulgvesAY3mmwUAyOE - null null
2025-10-22 17:48:56.614 +02:00 [INF] Request starting HTTP/2 GET https://localhost:7037/images/search.png - null null
2025-10-22 17:48:56.639 +02:00 [INF] Executed action QuizzyPop.Controllers.HomeController.TakeQuiz (QuizzyPop) in 286.912ms
2025-10-22 17:48:56.664 +02:00 [INF] Request starting HTTP/2 GET https://localhost:7037/fonts/Baloo2-Regular.ttf - null null
2025-10-22 17:48:56.767 +02:00 [INF] Executed endpoint 'QuizzyPop.Controllers.HomeController.TakeQuiz (QuizzyPop)'
2025-10-22 17:48:56.769 +02:00 [INF] Request finished HTTP/2 GET https://localhost:7037/fonts/Baloo2-Regular.ttf - 404 0 null 129.5079ms
2025-10-22 17:48:56.795 +02:00 [INF] Request reached the end of the middleware pipeline without being handled by application code. Request path: GET https://localhost:7037/fonts/Baloo2-Regular.ttf, Response status code: 404
2025-10-22 17:48:56.879 +02:00 [INF] Sending file. Request path: '/images/search.png'. Physical path: '/Users/mathiasjudre/Desktop/Skole/5. Semester/ITPE3200 - Webapplikasjoner/QuizzyPop/QuizzyPop/wwwroot/images/search.png'
2025-10-22 17:48:56.882 +02:00 [INF] Request finished HTTP/2 GET https://localhost:7037/images/search.png - 200 54751 image/png 268.3252ms
2025-10-22 17:48:56.925 +02:00 [INF] Request finished HTTP/2 GET https://localhost:7037/Home/TakeQuiz - 200 null text/html; charset=utf-8 589.9739ms
2025-10-22 17:48:56.974 +02:00 [INF] Sending file. Request path: '/images/disney.webp'. Physical path: '/Users/mathiasjudre/Desktop/Skole/5. Semester/ITPE3200 - Webapplikasjoner/QuizzyPop/QuizzyPop/wwwroot/images/disney.webp'
2025-10-22 17:48:56.975 +02:00 [INF] Request finished HTTP/2 GET https://localhost:7037/images/disney.webp?v=NaKwJmwsewkBDWX7ARsrHFZ7UNulgvesAY3mmwUAyOE - 200 104982 image/webp 361.1189ms
2025-10-22 17:48:56.976 +02:00 [INF] Sending file. Request path: '/images/geometry.jpeg'. Physical path: '/Users/mathiasjudre/Desktop/Skole/5. Semester/ITPE3200 - Webapplikasjoner/QuizzyPop/QuizzyPop/wwwroot/images/geometry.jpeg'
2025-10-22 17:48:56.976 +02:00 [INF] Request finished HTTP/2 GET https://localhost:7037/images/geometry.jpeg?v=ILbFYdycBluJl9o3yZDPEUTdIRSw7eFw8tJXk3FKY2E - 200 146713 image/jpeg 362.1847ms
2025-10-22 17:48:59.647 +02:00 [INF] Request starting HTTP/2 GET https://localhost:7037/Home/StartQuiz/2 - null null
2025-10-22 17:48:59.648 +02:00 [INF] Executing endpoint 'QuizzyPop.Controllers.HomeController.StartQuiz (QuizzyPop)'
2025-10-22 17:48:59.669 +02:00 [INF] Route matched with {action = "StartQuiz", controller = "Home"}. Executing controller action with signature System.Threading.Tasks.Task`1[Microsoft.AspNetCore.Mvc.IActionResult] StartQuiz(Int32, Int32) on controller QuizzyPop.Controllers.HomeController (QuizzyPop).
2025-10-22 17:48:59.727 +02:00 [INF] Executing ViewResult, running view TakingQuiz.
2025-10-22 17:48:59.809 +02:00 [INF] Executed ViewResult - view TakingQuiz executed in 82.1909ms.
2025-10-22 17:48:59.809 +02:00 [INF] Executed action QuizzyPop.Controllers.HomeController.StartQuiz (QuizzyPop) in 139.243ms
2025-10-22 17:48:59.809 +02:00 [INF] Executed endpoint 'QuizzyPop.Controllers.HomeController.StartQuiz (QuizzyPop)'
2025-10-22 17:48:59.833 +02:00 [INF] Request starting HTTP/2 GET https://localhost:7037/fonts/Baloo2-Regular.ttf - null null
2025-10-22 17:48:59.833 +02:00 [INF] Request finished HTTP/2 GET https://localhost:7037/Home/StartQuiz/2 - 200 null text/html; charset=utf-8 186.8341ms
2025-10-22 17:48:59.834 +02:00 [INF] Request finished HTTP/2 GET https://localhost:7037/fonts/Baloo2-Regular.ttf - 404 0 null 0.6254ms
2025-10-22 17:48:59.834 +02:00 [INF] Request reached the end of the middleware pipeline without being handled by application code. Request path: GET https://localhost:7037/fonts/Baloo2-Regular.ttf, Response status code: 404
2025-10-22 17:49:04.509 +02:00 [INF] Request starting HTTP/2 POST https://localhost:7037/Home/SubmitQuiz - application/x-www-form-urlencoded 345
2025-10-22 17:49:04.510 +02:00 [INF] Executing endpoint 'QuizzyPop.Controllers.HomeController.SubmitQuiz (QuizzyPop)'
2025-10-22 17:49:04.519 +02:00 [INF] Route matched with {action = "SubmitQuiz", controller = "Home"}. Executing controller action with signature System.Threading.Tasks.Task`1[Microsoft.AspNetCore.Mvc.IActionResult] SubmitQuiz(QuizzyPop.ViewModels.TakingQuizViewModel, System.String, Int32) on controller QuizzyPop.Controllers.HomeController (QuizzyPop).
2025-10-22 17:49:04.563 +02:00 [INF] Executing RedirectResult, redirecting to /Home/StartQuiz/2?questionIndex=1.
2025-10-22 17:49:04.566 +02:00 [INF] Executed action QuizzyPop.Controllers.HomeController.SubmitQuiz (QuizzyPop) in 47.5166ms
2025-10-22 17:49:04.566 +02:00 [INF] Executed endpoint 'QuizzyPop.Controllers.HomeController.SubmitQuiz (QuizzyPop)'
2025-10-22 17:49:04.566 +02:00 [INF] Request finished HTTP/2 POST https://localhost:7037/Home/SubmitQuiz - 302 0 null 57.1957ms
2025-10-22 17:49:04.571 +02:00 [INF] Request starting HTTP/2 GET https://localhost:7037/Home/StartQuiz/2?questionIndex=1 - null null
2025-10-22 17:49:04.572 +02:00 [INF] Executing endpoint 'QuizzyPop.Controllers.HomeController.StartQuiz (QuizzyPop)'
2025-10-22 17:49:04.572 +02:00 [INF] Route matched with {action = "StartQuiz", controller = "Home"}. Executing controller action with signature System.Threading.Tasks.Task`1[Microsoft.AspNetCore.Mvc.IActionResult] StartQuiz(Int32, Int32) on controller QuizzyPop.Controllers.HomeController (QuizzyPop).
2025-10-22 17:49:04.579 +02:00 [INF] Executing ViewResult, running view TakingQuiz.
2025-10-22 17:49:04.632 +02:00 [INF] Executed ViewResult - view TakingQuiz executed in 52.604ms.
2025-10-22 17:49:04.655 +02:00 [INF] Executed action QuizzyPop.Controllers.HomeController.StartQuiz (QuizzyPop) in 82.6174ms
2025-10-22 17:49:04.655 +02:00 [INF] Executed endpoint 'QuizzyPop.Controllers.HomeController.StartQuiz (QuizzyPop)'
2025-10-22 17:49:04.701 +02:00 [INF] Request starting HTTP/2 GET https://localhost:7037/fonts/Baloo2-Regular.ttf - null null
2025-10-22 17:49:04.702 +02:00 [INF] Request finished HTTP/2 GET https://localhost:7037/Home/StartQuiz/2?questionIndex=1 - 200 null text/html; charset=utf-8 130.484ms
2025-10-22 17:49:04.702 +02:00 [INF] Request finished HTTP/2 GET https://localhost:7037/fonts/Baloo2-Regular.ttf - 404 0 null 1.0376ms
2025-10-22 17:49:04.703 +02:00 [INF] Request reached the end of the middleware pipeline without being handled by application code. Request path: GET https://localhost:7037/fonts/Baloo2-Regular.ttf, Response status code: 404
2025-10-22 17:49:12.934 +02:00 [INF] Request starting HTTP/2 POST https://localhost:7037/Home/SubmitQuiz - application/x-www-form-urlencoded 345
2025-10-22 17:49:12.935 +02:00 [INF] Executing endpoint 'QuizzyPop.Controllers.HomeController.SubmitQuiz (QuizzyPop)'
2025-10-22 17:49:12.936 +02:00 [INF] Route matched with {action = "SubmitQuiz", controller = "Home"}. Executing controller action with signature System.Threading.Tasks.Task`1[Microsoft.AspNetCore.Mvc.IActionResult] SubmitQuiz(QuizzyPop.ViewModels.TakingQuizViewModel, System.String, Int32) on controller QuizzyPop.Controllers.HomeController (QuizzyPop).
2025-10-22 17:49:12.951 +02:00 [INF] Executing RedirectResult, redirecting to /Home/StartQuiz/2?questionIndex=2.
2025-10-22 17:49:12.953 +02:00 [INF] Executed action QuizzyPop.Controllers.HomeController.SubmitQuiz (QuizzyPop) in 17.101ms
2025-10-22 17:49:12.953 +02:00 [INF] Executed endpoint 'QuizzyPop.Controllers.HomeController.SubmitQuiz (QuizzyPop)'
2025-10-22 17:49:12.953 +02:00 [INF] Request finished HTTP/2 POST https://localhost:7037/Home/SubmitQuiz - 302 0 null 19.6445ms
2025-10-22 17:49:13.033 +02:00 [INF] Request starting HTTP/2 GET https://localhost:7037/Home/StartQuiz/2?questionIndex=2 - null null
2025-10-22 17:49:13.034 +02:00 [INF] Executing endpoint 'QuizzyPop.Controllers.HomeController.StartQuiz (QuizzyPop)'
2025-10-22 17:49:13.034 +02:00 [INF] Route matched with {action = "StartQuiz", controller = "Home"}. Executing controller action with signature System.Threading.Tasks.Task`1[Microsoft.AspNetCore.Mvc.IActionResult] StartQuiz(Int32, Int32) on controller QuizzyPop.Controllers.HomeController (QuizzyPop).
2025-10-22 17:49:13.038 +02:00 [INF] Executing ViewResult, running view TakingQuiz.
2025-10-22 17:49:13.040 +02:00 [INF] Executed ViewResult - view TakingQuiz executed in 2.7305ms.
2025-10-22 17:49:13.091 +02:00 [INF] Executed action QuizzyPop.Controllers.HomeController.StartQuiz (QuizzyPop) in 56.9826ms
2025-10-22 17:49:13.092 +02:00 [INF] Executed endpoint 'QuizzyPop.Controllers.HomeController.StartQuiz (QuizzyPop)'
2025-10-22 17:49:13.114 +02:00 [INF] Request starting HTTP/2 GET https://localhost:7037/fonts/Baloo2-Regular.ttf - null null
2025-10-22 17:49:13.114 +02:00 [INF] Request finished HTTP/2 GET https://localhost:7037/Home/StartQuiz/2?questionIndex=2 - 200 null text/html; charset=utf-8 80.3173ms
2025-10-22 17:49:13.114 +02:00 [INF] Request finished HTTP/2 GET https://localhost:7037/fonts/Baloo2-Regular.ttf - 404 0 null 0.6492ms
2025-10-22 17:49:13.114 +02:00 [INF] Request reached the end of the middleware pipeline without being handled by application code. Request path: GET https://localhost:7037/fonts/Baloo2-Regular.ttf, Response status code: 404
2025-10-22 17:49:17.308 +02:00 [INF] Request starting HTTP/2 POST https://localhost:7037/Home/SubmitQuiz - application/x-www-form-urlencoded 347
2025-10-22 17:49:17.309 +02:00 [INF] Executing endpoint 'QuizzyPop.Controllers.HomeController.SubmitQuiz (QuizzyPop)'
2025-10-22 17:49:17.309 +02:00 [INF] Route matched with {action = "SubmitQuiz", controller = "Home"}. Executing controller action with signature System.Threading.Tasks.Task`1[Microsoft.AspNetCore.Mvc.IActionResult] SubmitQuiz(QuizzyPop.ViewModels.TakingQuizViewModel, System.String, Int32) on controller QuizzyPop.Controllers.HomeController (QuizzyPop).
2025-10-22 17:49:17.321 +02:00 [INF] Executing RedirectResult, redirecting to /Home/QuizCompleted?quizId=2&totalQuestions=3&correctAnswers=3.
2025-10-22 17:49:17.322 +02:00 [INF] Executed action QuizzyPop.Controllers.HomeController.SubmitQuiz (QuizzyPop) in 9.0954ms
2025-10-22 17:49:17.322 +02:00 [INF] Executed endpoint 'QuizzyPop.Controllers.HomeController.SubmitQuiz (QuizzyPop)'
2025-10-22 17:49:17.322 +02:00 [INF] Request finished HTTP/2 POST https://localhost:7037/Home/SubmitQuiz - 302 0 null 13.8568ms
2025-10-22 17:49:17.370 +02:00 [INF] Request starting HTTP/2 GET https://localhost:7037/Home/QuizCompleted?quizId=2&totalQuestions=3&correctAnswers=3 - null null
2025-10-22 17:49:17.371 +02:00 [INF] Executing endpoint 'QuizzyPop.Controllers.HomeController.QuizCompleted (QuizzyPop)'
2025-10-22 17:49:17.374 +02:00 [INF] Route matched with {action = "QuizCompleted", controller = "Home"}. Executing controller action with signature Microsoft.AspNetCore.Mvc.IActionResult QuizCompleted(Int32, Int32, Int32) on controller QuizzyPop.Controllers.HomeController (QuizzyPop).
2025-10-22 17:49:17.393 +02:00 [INF] Executing ViewResult, running view QuizCompleted.
2025-10-22 17:49:17.476 +02:00 [INF] Executed ViewResult - view QuizCompleted executed in 84.117ms.
2025-10-22 17:49:17.513 +02:00 [INF] Executed action QuizzyPop.Controllers.HomeController.QuizCompleted (QuizzyPop) in 138.6286ms
2025-10-22 17:49:17.513 +02:00 [INF] Executed endpoint 'QuizzyPop.Controllers.HomeController.QuizCompleted (QuizzyPop)'
2025-10-22 17:49:17.513 +02:00 [INF] Request finished HTTP/2 GET https://localhost:7037/Home/QuizCompleted?quizId=2&totalQuestions=3&correctAnswers=3 - 200 null text/html; charset=utf-8 143.799ms
2025-10-22 17:49:17.513 +02:00 [INF] Request starting HTTP/2 GET https://localhost:7037/images/quizzy-celebrate.png - null null
2025-10-22 17:49:17.538 +02:00 [INF] Request starting HTTP/2 GET https://localhost:7037/fonts/Baloo2-Regular.ttf - null null
2025-10-22 17:49:17.564 +02:00 [INF] Request finished HTTP/2 GET https://localhost:7037/fonts/Baloo2-Regular.ttf - 404 0 null 26.0922ms
2025-10-22 17:49:17.565 +02:00 [INF] Request reached the end of the middleware pipeline without being handled by application code. Request path: GET https://localhost:7037/fonts/Baloo2-Regular.ttf, Response status code: 404
2025-10-22 17:49:17.640 +02:00 [INF] Sending file. Request path: '/images/quizzy-celebrate.png'. Physical path: '/Users/mathiasjudre/Desktop/Skole/5. Semester/ITPE3200 - Webapplikasjoner/QuizzyPop/QuizzyPop/wwwroot/images/quizzy-celebrate.png'
2025-10-22 17:49:17.640 +02:00 [INF] Request finished HTTP/2 GET https://localhost:7037/images/quizzy-celebrate.png - 200 1117014 image/png 126.2902ms
2025-10-22 17:49:22.159 +02:00 [INF] Request starting HTTP/2 GET https://localhost:7037/ - null null
2025-10-22 17:49:22.159 +02:00 [INF] Executing endpoint 'QuizzyPop.Controllers.HomeController.Index (QuizzyPop)'
2025-10-22 17:49:22.159 +02:00 [INF] Route matched with {action = "Index", controller = "Home"}. Executing controller action with signature Microsoft.AspNetCore.Mvc.IActionResult Index() on controller QuizzyPop.Controllers.HomeController (QuizzyPop).
2025-10-22 17:49:22.159 +02:00 [INF] Executing ViewResult, running view Index.
2025-10-22 17:49:22.254 +02:00 [INF] Executed ViewResult - view Index executed in 94.8176ms.
2025-10-22 17:49:22.278 +02:00 [INF] Executed action QuizzyPop.Controllers.HomeController.Index (QuizzyPop) in 119.2612ms
2025-10-22 17:49:22.280 +02:00 [INF] Request starting HTTP/2 GET https://localhost:7037/fonts/Baloo2-Regular.ttf - null null
2025-10-22 17:49:22.280 +02:00 [INF] Executed endpoint 'QuizzyPop.Controllers.HomeController.Index (QuizzyPop)'
2025-10-22 17:49:22.302 +02:00 [INF] Request finished HTTP/2 GET https://localhost:7037/fonts/Baloo2-Regular.ttf - 404 0 null 22.5707ms
2025-10-22 17:49:22.302 +02:00 [INF] Request finished HTTP/2 GET https://localhost:7037/ - 200 null text/html; charset=utf-8 143.579ms
2025-10-22 17:49:22.302 +02:00 [INF] Request reached the end of the middleware pipeline without being handled by application code. Request path: GET https://localhost:7037/fonts/Baloo2-Regular.ttf, Response status code: 404
