2025-10-22 18:16:18.878 +02:00 [INF] User profile is available. Using '/Users/mathiasjudre/.aspnet/DataProtection-Keys' as key repository; keys will not be encrypted at rest.
2025-10-22 18:16:19.033 +02:00 [INF] Now listening on: https://localhost:7037
2025-10-22 18:16:19.033 +02:00 [INF] Now listening on: http://localhost:5299
2025-10-22 18:16:19.036 +02:00 [INF] Application started. Press Ctrl+C to shut down.
2025-10-22 18:16:19.036 +02:00 [INF] Hosting environment: Production
2025-10-22 18:16:19.037 +02:00 [INF] Content root path: /Users/mathiasjudre/Desktop/Skole/5. Semester/ITPE3200 - Webapplikasjoner/QuizzyPop/QuizzyPop
2025-10-22 18:16:19.345 +02:00 [INF] Request starting HTTP/2 GET https://localhost:7037/Home/Index - null null
2025-10-22 18:16:19.396 +02:00 [INF] Executing endpoint 'QuizzyPop.Controllers.HomeController.Index (QuizzyPop)'
2025-10-22 18:16:19.423 +02:00 [INF] Route matched with {action = "Index", controller = "Home"}. Executing controller action with signature Microsoft.AspNetCore.Mvc.IActionResult Index() on controller QuizzyPop.Controllers.HomeController (QuizzyPop).
2025-10-22 18:16:19.500 +02:00 [INF] Executing ViewResult, running view Index.
2025-10-22 18:16:19.545 +02:00 [INF] Executed ViewResult - view Index executed in 45.6513ms.
2025-10-22 18:16:19.549 +02:00 [INF] Executed action QuizzyPop.Controllers.HomeController.Index (QuizzyPop) in 125.7715ms
2025-10-22 18:16:19.550 +02:00 [INF] Executed endpoint 'QuizzyPop.Controllers.HomeController.Index (QuizzyPop)'
2025-10-22 18:16:19.556 +02:00 [INF] Request finished HTTP/2 GET https://localhost:7037/Home/Index - 200 null text/html; charset=utf-8 211.2283ms
2025-10-22 18:16:19.780 +02:00 [INF] Request starting HTTP/2 GET https://localhost:7037/fonts/Baloo2-Regular.ttf - null null
2025-10-22 18:16:19.784 +02:00 [INF] Request finished HTTP/2 GET https://localhost:7037/fonts/Baloo2-Regular.ttf - 404 0 null 3.8816ms
2025-10-22 18:16:19.785 +02:00 [INF] Request reached the end of the middleware pipeline without being handled by application code. Request path: GET https://localhost:7037/fonts/Baloo2-Regular.ttf, Response status code: 404
2025-10-22 18:16:20.926 +02:00 [INF] Request starting HTTP/2 GET https://localhost:7037/Home/CreateQuiz - null null
2025-10-22 18:16:20.933 +02:00 [INF] Executing endpoint 'QuizzyPop.Controllers.HomeController.CreateQuiz (QuizzyPop)'
2025-10-22 18:16:20.939 +02:00 [INF] Route matched with {action = "CreateQuiz", controller = "Home"}. Executing controller action with signature Microsoft.AspNetCore.Mvc.IActionResult CreateQuiz() on controller QuizzyPop.Controllers.HomeController (QuizzyPop).
2025-10-22 18:16:21.287 +02:00 [INF] Executing ViewResult, running view CreateQuiz.
2025-10-22 18:16:21.433 +02:00 [INF] Executed ViewResult - view CreateQuiz executed in 144.077ms.
2025-10-22 18:16:21.435 +02:00 [INF] Executed action QuizzyPop.Controllers.HomeController.CreateQuiz (QuizzyPop) in 495.39ms
2025-10-22 18:16:21.435 +02:00 [INF] Request starting HTTP/2 GET https://localhost:7037/fonts/Baloo2-Regular.ttf - null null
2025-10-22 18:16:21.435 +02:00 [INF] Executed endpoint 'QuizzyPop.Controllers.HomeController.CreateQuiz (QuizzyPop)'
2025-10-22 18:16:21.435 +02:00 [INF] Request finished HTTP/2 GET https://localhost:7037/fonts/Baloo2-Regular.ttf - 404 0 null 0.6991ms
2025-10-22 18:16:21.436 +02:00 [INF] Request reached the end of the middleware pipeline without being handled by application code. Request path: GET https://localhost:7037/fonts/Baloo2-Regular.ttf, Response status code: 404
2025-10-22 18:16:21.439 +02:00 [INF] Request finished HTTP/2 GET https://localhost:7037/Home/CreateQuiz - 200 null text/html; charset=utf-8 512.929ms
2025-10-22 18:16:23.233 +02:00 [INF] Request starting HTTP/2 GET https://localhost:7037/Home/About - null null
2025-10-22 18:16:23.257 +02:00 [INF] Executing endpoint 'QuizzyPop.Controllers.HomeController.About (QuizzyPop)'
2025-10-22 18:16:23.260 +02:00 [INF] Route matched with {action = "About", controller = "Home"}. Executing controller action with signature Microsoft.AspNetCore.Mvc.IActionResult About() on controller QuizzyPop.Controllers.HomeController (QuizzyPop).
