2025-10-12 11:28:44.466 +02:00 [INF] User profile is available. Using 'C:\Users\anjat\AppData\Local\ASP.NET\DataProtection-Keys' as key repository and Windows DPAPI to encrypt keys at rest.
2025-10-12 11:28:44.654 +02:00 [INF] Now listening on: http://localhost:5299
2025-10-12 11:28:44.667 +02:00 [INF] Application started. Press Ctrl+C to shut down.
2025-10-12 11:28:44.671 +02:00 [INF] Hosting environment: Development
2025-10-12 11:28:44.674 +02:00 [INF] Content root path: C:\Users\anjat\QuizzyPop\QuizzyPop
2025-10-12 11:28:45.273 +02:00 [INF] Request starting HTTP/1.1 GET http://localhost:5299/ - null null
2025-10-12 11:28:45.335 +02:00 [WRN] Failed to determine the https port for redirect.
2025-10-12 11:28:45.388 +02:00 [INF] Executing endpoint 'QuizzyPop.Controllers.HomeController.Index (QuizzyPop)'
2025-10-12 11:28:45.512 +02:00 [INF] Route matched with {action = "Index", controller = "Home"}. Executing controller action with signature Microsoft.AspNetCore.Mvc.IActionResult Index() on controller QuizzyPop.Controllers.HomeController (QuizzyPop).
2025-10-12 11:28:45.551 +02:00 [INF] Executing ViewResult, running view Index.
2025-10-12 11:28:45.891 +02:00 [INF] Executed ViewResult - view Index executed in 348.9101ms.
2025-10-12 11:28:45.988 +02:00 [INF] Executed action QuizzyPop.Controllers.HomeController.Index (QuizzyPop) in 473.6073ms
2025-10-12 11:28:45.988 +02:00 [INF] Executed endpoint 'QuizzyPop.Controllers.HomeController.Index (QuizzyPop)'
2025-10-12 11:28:46.110 +02:00 [INF] Request finished HTTP/1.1 GET http://localhost:5299/ - 200 null text/html; charset=utf-8 841.9287ms
2025-10-12 11:28:46.354 +02:00 [INF] Request starting HTTP/1.1 GET http://localhost:5299/css/purged.css - null null
2025-10-12 11:28:46.390 +02:00 [INF] Request starting HTTP/1.1 GET http://localhost:5299/css/clouds.css - null null
2025-10-12 11:28:46.402 +02:00 [INF] The file /css/clouds.css was not modified
2025-10-12 11:28:46.403 +02:00 [INF] Request finished HTTP/1.1 GET http://localhost:5299/css/clouds.css - 304 null text/css 12.799ms
2025-10-12 11:28:46.512 +02:00 [INF] Sending file. Request path: '/css/purged.css'. Physical path: 'C:\Users\anjat\QuizzyPop\QuizzyPop\wwwroot\css\purged.css'
2025-10-12 11:28:46.513 +02:00 [INF] Request finished HTTP/1.1 GET http://localhost:5299/css/purged.css - 200 13182 text/css 170.5382ms
2025-10-12 11:28:48.603 +02:00 [INF] Request starting HTTP/1.1 GET http://localhost:5299/Home/CreateQuiz - null null
2025-10-12 11:28:48.610 +02:00 [INF] Executing endpoint 'QuizzyPop.Controllers.HomeController.CreateQuiz (QuizzyPop)'
2025-10-12 11:28:48.619 +02:00 [INF] Route matched with {action = "CreateQuiz", controller = "Home"}. Executing controller action with signature Microsoft.AspNetCore.Mvc.IActionResult CreateQuiz() on controller QuizzyPop.Controllers.HomeController (QuizzyPop).
2025-10-12 11:28:48.627 +02:00 [INF] This is an information message.
2025-10-12 11:28:48.644 +02:00 [WRN] This is a warning message
2025-10-12 11:28:48.657 +02:00 [ERR] This is an error message.
2025-10-12 11:28:48.662 +02:00 [INF] Executing ViewResult, running view CreateQuiz.
2025-10-12 11:28:48.973 +02:00 [INF] Executed ViewResult - view CreateQuiz executed in 314.5866ms.
2025-10-12 11:28:48.974 +02:00 [INF] Executed action QuizzyPop.Controllers.HomeController.CreateQuiz (QuizzyPop) in 354.0314ms
2025-10-12 11:28:48.974 +02:00 [INF] Executed endpoint 'QuizzyPop.Controllers.HomeController.CreateQuiz (QuizzyPop)'
2025-10-12 11:28:48.974 +02:00 [INF] Request finished HTTP/1.1 GET http://localhost:5299/Home/CreateQuiz - 200 null text/html; charset=utf-8 370.7925ms
2025-10-12 11:28:50.299 +02:00 [INF] Request starting HTTP/1.1 GET http://localhost:5299/Account/Login - null null
2025-10-12 11:28:50.300 +02:00 [INF] Executing endpoint 'QuizzyPop.Controllers.AccountController.Login (QuizzyPop)'
2025-10-12 11:28:50.302 +02:00 [INF] Route matched with {action = "Login", controller = "Account"}. Executing controller action with signature Microsoft.AspNetCore.Mvc.IActionResult Login() on controller QuizzyPop.Controllers.AccountController (QuizzyPop).
2025-10-12 11:28:50.303 +02:00 [INF] Executing ViewResult, running view Login.
2025-10-12 11:28:50.310 +02:00 [INF] Executed ViewResult - view Login executed in 7.4481ms.
2025-10-12 11:28:50.310 +02:00 [INF] Executed action QuizzyPop.Controllers.AccountController.Login (QuizzyPop) in 7.9271ms
2025-10-12 11:28:50.310 +02:00 [INF] Executed endpoint 'QuizzyPop.Controllers.AccountController.Login (QuizzyPop)'
2025-10-12 11:28:50.310 +02:00 [INF] Request finished HTTP/1.1 GET http://localhost:5299/Account/Login - 200 null text/html; charset=utf-8 11.0875ms
2025-10-12 11:28:50.390 +02:00 [INF] Request starting HTTP/1.1 GET http://localhost:5299/fonts/Baloo2-Regular.ttf - null null
2025-10-12 11:28:50.392 +02:00 [INF] Request finished HTTP/1.1 GET http://localhost:5299/fonts/Baloo2-Regular.ttf - 404 0 null 2.629ms
2025-10-12 11:28:50.393 +02:00 [INF] Request reached the end of the middleware pipeline without being handled by application code. Request path: GET http://localhost:5299/fonts/Baloo2-Regular.ttf, Response status code: 404
2025-10-12 11:31:37.840 +02:00 [INF] Request starting HTTP/1.1 GET http://localhost:5299/Home/TakeQuiz - null null
2025-10-12 11:31:37.844 +02:00 [INF] Executing endpoint 'QuizzyPop.Controllers.HomeController.TakeQuiz (QuizzyPop)'
2025-10-12 11:31:37.846 +02:00 [INF] Route matched with {action = "TakeQuiz", controller = "Home"}. Executing controller action with signature Microsoft.AspNetCore.Mvc.IActionResult TakeQuiz() on controller QuizzyPop.Controllers.HomeController (QuizzyPop).
2025-10-12 11:31:37.850 +02:00 [INF] TakeQuiz() called — loaded 5 quizzes
2025-10-12 11:31:37.856 +02:00 [INF] Executing ViewResult, running view TakeQuiz.
2025-10-12 11:31:37.863 +02:00 [INF] Executed ViewResult - view TakeQuiz executed in 12.5921ms.
2025-10-12 11:31:37.863 +02:00 [INF] Executed action QuizzyPop.Controllers.HomeController.TakeQuiz (QuizzyPop) in 17.3682ms
2025-10-12 11:31:37.863 +02:00 [INF] Executed endpoint 'QuizzyPop.Controllers.HomeController.TakeQuiz (QuizzyPop)'
2025-10-12 11:31:37.863 +02:00 [INF] Request finished HTTP/1.1 GET http://localhost:5299/Home/TakeQuiz - 200 null text/html; charset=utf-8 23.805ms
2025-10-12 11:31:37.949 +02:00 [INF] Request starting HTTP/1.1 GET http://localhost:5299/css/purged.css - null null
2025-10-12 11:31:37.950 +02:00 [INF] The file /css/purged.css was not modified
2025-10-12 11:31:37.950 +02:00 [INF] Request finished HTTP/1.1 GET http://localhost:5299/css/purged.css - 304 null text/css 0.687ms
2025-10-12 11:31:37.950 +02:00 [INF] Request starting HTTP/1.1 GET http://localhost:5299/css/clouds.css - null null
2025-10-12 11:31:37.950 +02:00 [INF] The file /css/clouds.css was not modified
2025-10-12 11:31:37.950 +02:00 [INF] Request finished HTTP/1.1 GET http://localhost:5299/css/clouds.css - 304 null text/css 0.3312ms
2025-10-12 11:31:38.036 +02:00 [INF] Request starting HTTP/1.1 GET http://localhost:5299/fonts/Baloo2-Regular.ttf - null null
2025-10-12 11:31:38.036 +02:00 [INF] Request finished HTTP/1.1 GET http://localhost:5299/fonts/Baloo2-Regular.ttf - 404 0 null 0.5834ms
2025-10-12 11:31:38.037 +02:00 [INF] Request reached the end of the middleware pipeline without being handled by application code. Request path: GET http://localhost:5299/fonts/Baloo2-Regular.ttf, Response status code: 404
2025-10-12 11:31:44.646 +02:00 [INF] Request starting HTTP/1.1 GET http://localhost:5299/Home/StartQuiz/Animals of Savanna - null null
2025-10-12 11:31:44.647 +02:00 [INF] Executing endpoint 'QuizzyPop.Controllers.HomeController.StartQuiz (QuizzyPop)'
2025-10-12 11:31:44.654 +02:00 [INF] Route matched with {action = "StartQuiz", controller = "Home"}. Executing controller action with signature Microsoft.AspNetCore.Mvc.IActionResult StartQuiz(System.String, Int32) on controller QuizzyPop.Controllers.HomeController (QuizzyPop).
2025-10-12 11:31:44.666 +02:00 [INF] Executing ViewResult, running view TakingQuiz.
2025-10-12 11:31:44.670 +02:00 [INF] Executed ViewResult - view TakingQuiz executed in 4.0453ms.
2025-10-12 11:31:44.670 +02:00 [INF] Executed action QuizzyPop.Controllers.HomeController.StartQuiz (QuizzyPop) in 16.1906ms
2025-10-12 11:31:44.670 +02:00 [INF] Executed endpoint 'QuizzyPop.Controllers.HomeController.StartQuiz (QuizzyPop)'
2025-10-12 11:31:44.670 +02:00 [INF] Request finished HTTP/1.1 GET http://localhost:5299/Home/StartQuiz/Animals of Savanna - 200 null text/html; charset=utf-8 24.1042ms
2025-10-12 11:31:44.717 +02:00 [INF] Request starting HTTP/1.1 GET http://localhost:5299/fonts/Baloo2-Regular.ttf - null null
2025-10-12 11:31:44.718 +02:00 [INF] Request finished HTTP/1.1 GET http://localhost:5299/fonts/Baloo2-Regular.ttf - 404 0 null 0.4114ms
2025-10-12 11:31:44.718 +02:00 [INF] Request reached the end of the middleware pipeline without being handled by application code. Request path: GET http://localhost:5299/fonts/Baloo2-Regular.ttf, Response status code: 404
2025-10-12 11:32:23.791 +02:00 [INF] Request starting HTTP/1.1 POST http://localhost:5299/Home/SubmitQuiz - application/x-www-form-urlencoded 259
2025-10-12 11:32:23.792 +02:00 [INF] Executing endpoint 'QuizzyPop.Controllers.HomeController.SubmitQuiz (QuizzyPop)'
2025-10-12 11:32:23.798 +02:00 [INF] Route matched with {action = "SubmitQuiz", controller = "Home"}. Executing controller action with signature Microsoft.AspNetCore.Mvc.IActionResult SubmitQuiz(QuizzyPop.ViewModels.TakingQuizViewModel, System.String) on controller QuizzyPop.Controllers.HomeController (QuizzyPop).
2025-10-12 11:32:23.816 +02:00 [INF] Executing RedirectResult, redirecting to /Home/StartQuiz/Animals%20of%20Savanna?questionIndex=1.
2025-10-12 11:32:23.817 +02:00 [INF] Executed action QuizzyPop.Controllers.HomeController.SubmitQuiz (QuizzyPop) in 18.1031ms
2025-10-12 11:32:23.817 +02:00 [INF] Executed endpoint 'QuizzyPop.Controllers.HomeController.SubmitQuiz (QuizzyPop)'
2025-10-12 11:32:23.817 +02:00 [INF] Request finished HTTP/1.1 POST http://localhost:5299/Home/SubmitQuiz - 302 0 null 25.2937ms
2025-10-12 11:32:23.823 +02:00 [INF] Request starting HTTP/1.1 GET http://localhost:5299/Home/StartQuiz/Animals of Savanna?questionIndex=1 - null null
2025-10-12 11:32:23.823 +02:00 [INF] Executing endpoint 'QuizzyPop.Controllers.HomeController.StartQuiz (QuizzyPop)'
2025-10-12 11:32:23.823 +02:00 [INF] Route matched with {action = "StartQuiz", controller = "Home"}. Executing controller action with signature Microsoft.AspNetCore.Mvc.IActionResult StartQuiz(System.String, Int32) on controller QuizzyPop.Controllers.HomeController (QuizzyPop).
2025-10-12 11:32:23.827 +02:00 [INF] Executing ViewResult, running view TakingQuiz.
2025-10-12 11:32:23.828 +02:00 [INF] Executed ViewResult - view TakingQuiz executed in 1.233ms.
2025-10-12 11:32:23.828 +02:00 [INF] Executed action QuizzyPop.Controllers.HomeController.StartQuiz (QuizzyPop) in 5.0826ms
2025-10-12 11:32:23.828 +02:00 [INF] Executed endpoint 'QuizzyPop.Controllers.HomeController.StartQuiz (QuizzyPop)'
2025-10-12 11:32:23.828 +02:00 [INF] Request finished HTTP/1.1 GET http://localhost:5299/Home/StartQuiz/Animals of Savanna?questionIndex=1 - 200 null text/html; charset=utf-8 5.5481ms
2025-10-12 11:32:23.869 +02:00 [INF] Request starting HTTP/1.1 GET http://localhost:5299/css/purged.css - null null
2025-10-12 11:32:23.870 +02:00 [INF] The file /css/purged.css was not modified
2025-10-12 11:32:23.870 +02:00 [INF] Request finished HTTP/1.1 GET http://localhost:5299/css/purged.css - 304 null text/css 0.6016ms
2025-10-12 11:32:23.917 +02:00 [INF] Request starting HTTP/1.1 GET http://localhost:5299/fonts/Baloo2-Regular.ttf - null null
2025-10-12 11:32:23.918 +02:00 [INF] Request finished HTTP/1.1 GET http://localhost:5299/fonts/Baloo2-Regular.ttf - 404 0 null 0.8782ms
2025-10-12 11:32:23.918 +02:00 [INF] Request reached the end of the middleware pipeline without being handled by application code. Request path: GET http://localhost:5299/fonts/Baloo2-Regular.ttf, Response status code: 404
2025-10-12 11:32:27.558 +02:00 [INF] Request starting HTTP/1.1 POST http://localhost:5299/Home/SubmitQuiz - application/x-www-form-urlencoded 259
2025-10-12 11:32:27.558 +02:00 [INF] Executing endpoint 'QuizzyPop.Controllers.HomeController.SubmitQuiz (QuizzyPop)'
2025-10-12 11:32:27.558 +02:00 [INF] Route matched with {action = "SubmitQuiz", controller = "Home"}. Executing controller action with signature Microsoft.AspNetCore.Mvc.IActionResult SubmitQuiz(QuizzyPop.ViewModels.TakingQuizViewModel, System.String) on controller QuizzyPop.Controllers.HomeController (QuizzyPop).
2025-10-12 11:32:27.560 +02:00 [INF] Executing RedirectResult, redirecting to /Home/StartQuiz/Animals%20of%20Savanna?questionIndex=2.
2025-10-12 11:32:27.560 +02:00 [INF] Executed action QuizzyPop.Controllers.HomeController.SubmitQuiz (QuizzyPop) in 1.5263ms
2025-10-12 11:32:27.560 +02:00 [INF] Executed endpoint 'QuizzyPop.Controllers.HomeController.SubmitQuiz (QuizzyPop)'
2025-10-12 11:32:27.560 +02:00 [INF] Request finished HTTP/1.1 POST http://localhost:5299/Home/SubmitQuiz - 302 0 null 2.3786ms
2025-10-12 11:32:27.565 +02:00 [INF] Request starting HTTP/1.1 GET http://localhost:5299/Home/StartQuiz/Animals of Savanna?questionIndex=2 - null null
2025-10-12 11:32:27.565 +02:00 [INF] Executing endpoint 'QuizzyPop.Controllers.HomeController.StartQuiz (QuizzyPop)'
2025-10-12 11:32:27.565 +02:00 [INF] Route matched with {action = "StartQuiz", controller = "Home"}. Executing controller action with signature Microsoft.AspNetCore.Mvc.IActionResult StartQuiz(System.String, Int32) on controller QuizzyPop.Controllers.HomeController (QuizzyPop).
2025-10-12 11:32:27.565 +02:00 [INF] Executing ViewResult, running view TakingQuiz.
2025-10-12 11:32:27.567 +02:00 [INF] Executed ViewResult - view TakingQuiz executed in 1.2532ms.
2025-10-12 11:32:27.567 +02:00 [INF] Executed action QuizzyPop.Controllers.HomeController.StartQuiz (QuizzyPop) in 1.6387ms
2025-10-12 11:32:27.567 +02:00 [INF] Executed endpoint 'QuizzyPop.Controllers.HomeController.StartQuiz (QuizzyPop)'
2025-10-12 11:32:27.567 +02:00 [INF] Request finished HTTP/1.1 GET http://localhost:5299/Home/StartQuiz/Animals of Savanna?questionIndex=2 - 200 null text/html; charset=utf-8 2.0094ms
2025-10-12 11:32:27.617 +02:00 [INF] Request starting HTTP/1.1 GET http://localhost:5299/fonts/Baloo2-Regular.ttf - null null
2025-10-12 11:32:27.617 +02:00 [INF] Request finished HTTP/1.1 GET http://localhost:5299/fonts/Baloo2-Regular.ttf - 404 0 null 0.3316ms
2025-10-12 11:32:27.617 +02:00 [INF] Request reached the end of the middleware pipeline without being handled by application code. Request path: GET http://localhost:5299/fonts/Baloo2-Regular.ttf, Response status code: 404
2025-10-12 11:32:31.073 +02:00 [INF] Request starting HTTP/1.1 POST http://localhost:5299/Home/SubmitQuiz - application/x-www-form-urlencoded 261
2025-10-12 11:32:31.074 +02:00 [INF] Executing endpoint 'QuizzyPop.Controllers.HomeController.SubmitQuiz (QuizzyPop)'
2025-10-12 11:32:31.074 +02:00 [INF] Route matched with {action = "SubmitQuiz", controller = "Home"}. Executing controller action with signature Microsoft.AspNetCore.Mvc.IActionResult SubmitQuiz(QuizzyPop.ViewModels.TakingQuizViewModel, System.String) on controller QuizzyPop.Controllers.HomeController (QuizzyPop).
2025-10-12 11:32:31.074 +02:00 [INF] Executing RedirectResult, redirecting to /Home/QuizCompleted.
2025-10-12 11:32:31.074 +02:00 [INF] Executed action QuizzyPop.Controllers.HomeController.SubmitQuiz (QuizzyPop) in 0.6341ms
2025-10-12 11:32:31.074 +02:00 [INF] Executed endpoint 'QuizzyPop.Controllers.HomeController.SubmitQuiz (QuizzyPop)'
2025-10-12 11:32:31.075 +02:00 [INF] Request finished HTTP/1.1 POST http://localhost:5299/Home/SubmitQuiz - 302 0 null 1.1695ms
2025-10-12 11:32:31.080 +02:00 [INF] Request starting HTTP/1.1 GET http://localhost:5299/Home/QuizCompleted - null null
2025-10-12 11:32:31.080 +02:00 [INF] Executing endpoint 'QuizzyPop.Controllers.HomeController.QuizCompleted (QuizzyPop)'
2025-10-12 11:32:31.081 +02:00 [INF] Route matched with {action = "QuizCompleted", controller = "Home"}. Executing controller action with signature Microsoft.AspNetCore.Mvc.IActionResult QuizCompleted() on controller QuizzyPop.Controllers.HomeController (QuizzyPop).
2025-10-12 11:32:31.082 +02:00 [INF] Executing ViewResult, running view QuizCompleted.
2025-10-12 11:32:31.085 +02:00 [INF] Executed ViewResult - view QuizCompleted executed in 3.7578ms.
2025-10-12 11:32:31.086 +02:00 [INF] Executed action QuizzyPop.Controllers.HomeController.QuizCompleted (QuizzyPop) in 4.5711ms
2025-10-12 11:32:31.086 +02:00 [INF] Executed endpoint 'QuizzyPop.Controllers.HomeController.QuizCompleted (QuizzyPop)'
2025-10-12 11:32:31.086 +02:00 [INF] Request finished HTTP/1.1 GET http://localhost:5299/Home/QuizCompleted - 200 null text/html; charset=utf-8 5.9738ms
2025-10-12 11:32:31.128 +02:00 [INF] Request starting HTTP/1.1 GET http://localhost:5299/images/QuizzyOrange.png - null null
2025-10-12 11:32:31.129 +02:00 [INF] Request finished HTTP/1.1 GET http://localhost:5299/images/QuizzyOrange.png - 404 0 null 0.461ms
2025-10-12 11:32:31.129 +02:00 [INF] Request reached the end of the middleware pipeline without being handled by application code. Request path: GET http://localhost:5299/images/QuizzyOrange.png, Response status code: 404
2025-10-12 11:32:31.150 +02:00 [INF] Request starting HTTP/1.1 GET http://localhost:5299/fonts/Baloo2-Regular.ttf - null null
2025-10-12 11:32:31.151 +02:00 [INF] Request finished HTTP/1.1 GET http://localhost:5299/fonts/Baloo2-Regular.ttf - 404 0 null 0.6753ms
2025-10-12 11:32:31.151 +02:00 [INF] Request reached the end of the middleware pipeline without being handled by application code. Request path: GET http://localhost:5299/fonts/Baloo2-Regular.ttf, Response status code: 404
2025-10-12 11:32:41.871 +02:00 [INF] Request starting HTTP/1.1 GET http://localhost:5299/ - null null
2025-10-12 11:32:41.871 +02:00 [INF] Executing endpoint 'QuizzyPop.Controllers.HomeController.Index (QuizzyPop)'
2025-10-12 11:32:41.871 +02:00 [INF] Route matched with {action = "Index", controller = "Home"}. Executing controller action with signature Microsoft.AspNetCore.Mvc.IActionResult Index() on controller QuizzyPop.Controllers.HomeController (QuizzyPop).
2025-10-12 11:32:41.872 +02:00 [INF] Executing ViewResult, running view Index.
2025-10-12 11:32:41.872 +02:00 [INF] Executed ViewResult - view Index executed in 0.7463ms.
2025-10-12 11:32:41.872 +02:00 [INF] Executed action QuizzyPop.Controllers.HomeController.Index (QuizzyPop) in 1.0012ms
2025-10-12 11:32:41.873 +02:00 [INF] Executed endpoint 'QuizzyPop.Controllers.HomeController.Index (QuizzyPop)'
2025-10-12 11:32:41.873 +02:00 [INF] Request finished HTTP/1.1 GET http://localhost:5299/ - 200 null text/html; charset=utf-8 1.6764ms
