2025-10-23 18:57:30.158 +02:00 [WRN] The property 'Question.Choices' is a collection or enumeration type with a value converter but with no value comparer. Set a value comparer to ensure the collection/enumeration elements are compared correctly.
2025-10-23 18:57:30.624 +02:00 [WRN] The property 'Question.Choices' is a collection or enumeration type with a value converter but with no value comparer. Set a value comparer to ensure the collection/enumeration elements are compared correctly.
2025-10-23 18:57:32.089 +02:00 [INF] User profile is available. Using 'C:\Users\anjat\AppData\Local\ASP.NET\DataProtection-Keys' as key repository and Windows DPAPI to encrypt keys at rest.
2025-10-23 18:57:32.265 +02:00 [INF] Now listening on: http://localhost:5299
2025-10-23 18:57:32.275 +02:00 [INF] Application started. Press Ctrl+C to shut down.
2025-10-23 18:57:32.279 +02:00 [INF] Hosting environment: Development
2025-10-23 18:57:32.282 +02:00 [INF] Content root path: C:\Users\anjat\QuizzyPop\QuizzyPop
2025-10-23 18:57:32.933 +02:00 [INF] Request starting HTTP/1.1 GET http://localhost:5299/ - null null
2025-10-23 18:57:32.959 +02:00 [WRN] Failed to determine the https port for redirect.
2025-10-23 18:57:33.029 +02:00 [INF] Executing endpoint 'QuizzyPop.Controllers.HomeController.Index (QuizzyPop)'
2025-10-23 18:57:33.057 +02:00 [INF] Route matched with {action = "Index", controller = "Home"}. Executing controller action with signature Microsoft.AspNetCore.Mvc.IActionResult Index() on controller QuizzyPop.Controllers.HomeController (QuizzyPop).
2025-10-23 18:57:33.076 +02:00 [INF] Executing ViewResult, running view Index.
2025-10-23 18:57:33.219 +02:00 [INF] Executed ViewResult - view Index executed in 145.6144ms.
2025-10-23 18:57:33.224 +02:00 [INF] Executed action QuizzyPop.Controllers.HomeController.Index (QuizzyPop) in 166.5694ms
2025-10-23 18:57:33.225 +02:00 [INF] Executed endpoint 'QuizzyPop.Controllers.HomeController.Index (QuizzyPop)'
2025-10-23 18:57:33.234 +02:00 [INF] Request finished HTTP/1.1 GET http://localhost:5299/ - 200 null text/html; charset=utf-8 304.2095ms
2025-10-23 18:57:33.627 +02:00 [INF] Request starting HTTP/1.1 GET http://localhost:5299/fonts/Baloo2-Regular.ttf - null null
2025-10-23 18:57:33.637 +02:00 [INF] Request finished HTTP/1.1 GET http://localhost:5299/fonts/Baloo2-Regular.ttf - 404 0 null 9.7747ms
2025-10-23 18:57:33.639 +02:00 [INF] Request reached the end of the middleware pipeline without being handled by application code. Request path: GET http://localhost:5299/fonts/Baloo2-Regular.ttf, Response status code: 404
2025-10-23 18:57:36.156 +02:00 [INF] Request starting HTTP/1.1 GET http://localhost:5299/Home/CreateQuiz - null null
2025-10-23 18:57:36.165 +02:00 [INF] Executing endpoint 'QuizzyPop.Controllers.HomeController.CreateQuiz (QuizzyPop)'
2025-10-23 18:57:36.175 +02:00 [INF] Route matched with {action = "CreateQuiz", controller = "Home"}. Executing controller action with signature System.Threading.Tasks.Task`1[Microsoft.AspNetCore.Mvc.IActionResult] CreateQuiz() on controller QuizzyPop.Controllers.HomeController (QuizzyPop).
2025-10-23 18:57:36.323 +02:00 [INF] Executing ViewResult, running view CreateQuiz.
2025-10-23 18:57:36.422 +02:00 [INF] Accessing expired session, Key:fe98f2da-c9e4-ab60-8ca3-ebf932d4df88
2025-10-23 18:57:36.425 +02:00 [INF] Executed ViewResult - view CreateQuiz executed in 103.3519ms.
2025-10-23 18:57:36.425 +02:00 [INF] Executed action QuizzyPop.Controllers.HomeController.CreateQuiz (QuizzyPop) in 250.5544ms
2025-10-23 18:57:36.426 +02:00 [INF] Executed endpoint 'QuizzyPop.Controllers.HomeController.CreateQuiz (QuizzyPop)'
2025-10-23 18:57:36.429 +02:00 [INF] Request finished HTTP/1.1 GET http://localhost:5299/Home/CreateQuiz - 200 null text/html; charset=utf-8 274.9693ms
2025-10-23 18:57:36.534 +02:00 [INF] Request starting HTTP/1.1 GET http://localhost:5299/fonts/Baloo2-Regular.ttf - null null
2025-10-23 18:57:36.534 +02:00 [INF] Request finished HTTP/1.1 GET http://localhost:5299/fonts/Baloo2-Regular.ttf - 404 0 null 0.9352ms
2025-10-23 18:57:36.535 +02:00 [INF] Request reached the end of the middleware pipeline without being handled by application code. Request path: GET http://localhost:5299/fonts/Baloo2-Regular.ttf, Response status code: 404
2025-10-23 18:57:37.527 +02:00 [INF] Request starting HTTP/1.1 GET http://localhost:5299/Account/Login - null null
2025-10-23 18:57:37.528 +02:00 [INF] Executing endpoint 'AccountController.Login (QuizzyPop)'
2025-10-23 18:57:37.530 +02:00 [INF] Route matched with {action = "Login", controller = "Account"}. Executing controller action with signature Microsoft.AspNetCore.Mvc.IActionResult Login() on controller AccountController (QuizzyPop).
2025-10-23 18:57:37.532 +02:00 [INF] Executing ViewResult, running view Login.
2025-10-23 18:57:37.540 +02:00 [INF] Accessing expired session, Key:fe98f2da-c9e4-ab60-8ca3-ebf932d4df88
2025-10-23 18:57:37.541 +02:00 [INF] Executed ViewResult - view Login executed in 9.5122ms.
2025-10-23 18:57:37.541 +02:00 [INF] Executed action AccountController.Login (QuizzyPop) in 11.1394ms
2025-10-23 18:57:37.541 +02:00 [INF] Executed endpoint 'AccountController.Login (QuizzyPop)'
2025-10-23 18:57:37.542 +02:00 [INF] Request finished HTTP/1.1 GET http://localhost:5299/Account/Login - 200 null text/html; charset=utf-8 14.8264ms
2025-10-23 18:57:37.644 +02:00 [INF] Request starting HTTP/1.1 GET http://localhost:5299/fonts/Baloo2-Regular.ttf - null null
2025-10-23 18:57:37.646 +02:00 [INF] Request finished HTTP/1.1 GET http://localhost:5299/fonts/Baloo2-Regular.ttf - 404 0 null 2.2395ms
2025-10-23 18:57:37.646 +02:00 [INF] Request reached the end of the middleware pipeline without being handled by application code. Request path: GET http://localhost:5299/fonts/Baloo2-Regular.ttf, Response status code: 404
2025-10-23 18:57:43.014 +02:00 [INF] Request starting HTTP/1.1 POST http://localhost:5299/Account/Login - application/x-www-form-urlencoded 226
2025-10-23 18:57:43.015 +02:00 [INF] Executing endpoint 'AccountController.Login (QuizzyPop)'
2025-10-23 18:57:43.027 +02:00 [INF] Route matched with {action = "Login", controller = "Account"}. Executing controller action with signature Microsoft.AspNetCore.Mvc.IActionResult Login(QuizzyPop.ViewModels.LoginViewModel) on controller AccountController (QuizzyPop).
2025-10-23 18:57:43.160 +02:00 [WRN] Failed login attempt for email: demo@quizzypop.com
2025-10-23 18:57:43.160 +02:00 [INF] Executing ViewResult, running view Login.
2025-10-23 18:57:43.161 +02:00 [INF] Accessing expired session, Key:fe98f2da-c9e4-ab60-8ca3-ebf932d4df88
2025-10-23 18:57:43.161 +02:00 [INF] Executed ViewResult - view Login executed in 1.273ms.
2025-10-23 18:57:43.162 +02:00 [INF] Executed action AccountController.Login (QuizzyPop) in 133.9674ms
2025-10-23 18:57:43.162 +02:00 [INF] Executed endpoint 'AccountController.Login (QuizzyPop)'
2025-10-23 18:57:43.162 +02:00 [INF] Request finished HTTP/1.1 POST http://localhost:5299/Account/Login - 200 null text/html; charset=utf-8 148.0368ms
2025-10-23 18:57:43.201 +02:00 [INF] Request starting HTTP/1.1 GET http://localhost:5299/fonts/Baloo2-Regular.ttf - null null
2025-10-23 18:57:43.202 +02:00 [INF] Request finished HTTP/1.1 GET http://localhost:5299/fonts/Baloo2-Regular.ttf - 404 0 null 0.8639ms
2025-10-23 18:57:43.202 +02:00 [INF] Request reached the end of the middleware pipeline without being handled by application code. Request path: GET http://localhost:5299/fonts/Baloo2-Regular.ttf, Response status code: 404
2025-10-23 18:57:51.164 +02:00 [INF] Request starting HTTP/1.1 POST http://localhost:5299/Account/Login - application/x-www-form-urlencoded 226
2025-10-23 18:57:51.165 +02:00 [INF] Executing endpoint 'AccountController.Login (QuizzyPop)'
2025-10-23 18:57:51.165 +02:00 [INF] Route matched with {action = "Login", controller = "Account"}. Executing controller action with signature Microsoft.AspNetCore.Mvc.IActionResult Login(QuizzyPop.ViewModels.LoginViewModel) on controller AccountController (QuizzyPop).
2025-10-23 18:57:51.176 +02:00 [WRN] Failed login attempt for email: demo@quizzypop.com
2025-10-23 18:57:51.177 +02:00 [INF] Executing ViewResult, running view Login.
2025-10-23 18:57:51.178 +02:00 [INF] Accessing expired session, Key:fe98f2da-c9e4-ab60-8ca3-ebf932d4df88
2025-10-23 18:57:51.178 +02:00 [INF] Executed ViewResult - view Login executed in 1.3962ms.
2025-10-23 18:57:51.178 +02:00 [INF] Executed action AccountController.Login (QuizzyPop) in 13.0428ms
2025-10-23 18:57:51.178 +02:00 [INF] Executed endpoint 'AccountController.Login (QuizzyPop)'
2025-10-23 18:57:51.178 +02:00 [INF] Request finished HTTP/1.1 POST http://localhost:5299/Account/Login - 200 null text/html; charset=utf-8 13.9339ms
2025-10-23 18:57:51.238 +02:00 [INF] Request starting HTTP/1.1 GET http://localhost:5299/fonts/Baloo2-Regular.ttf - null null
2025-10-23 18:57:51.239 +02:00 [INF] Request finished HTTP/1.1 GET http://localhost:5299/fonts/Baloo2-Regular.ttf - 404 0 null 0.6583ms
2025-10-23 18:57:51.239 +02:00 [INF] Request reached the end of the middleware pipeline without being handled by application code. Request path: GET http://localhost:5299/fonts/Baloo2-Regular.ttf, Response status code: 404
