2025-10-22 22:36:38.551 +02:00 [WRN] The property 'Question.Choices' is a collection or enumeration type with a value converter but with no value comparer. Set a value comparer to ensure the collection/enumeration elements are compared correctly.
2025-10-22 22:36:39.226 +02:00 [INF] User profile is available. Using 'C:\Users\Vincent Ngo\AppData\Local\ASP.NET\DataProtection-Keys' as key repository and Windows DPAPI to encrypt keys at rest.
2025-10-22 22:36:39.278 +02:00 [INF] Now listening on: http://localhost:5299
2025-10-22 22:36:39.282 +02:00 [INF] Application started. Press Ctrl+C to shut down.
2025-10-22 22:36:39.282 +02:00 [INF] Hosting environment: Development
2025-10-22 22:36:39.283 +02:00 [INF] Content root path: C:\Users\Vincent Ngo\Downloads\QuizzyPop\QuizzyPop
2025-10-22 22:36:45.397 +02:00 [INF] Request starting HTTP/1.1 GET http://localhost:5299/Home/CreateQuiz - null null
2025-10-22 22:36:45.448 +02:00 [WRN] Failed to determine the https port for redirect.
2025-10-22 22:36:45.537 +02:00 [INF] Executing endpoint 'QuizzyPop.Controllers.HomeController.CreateQuiz (QuizzyPop)'
2025-10-22 22:36:45.567 +02:00 [INF] Route matched with {action = "CreateQuiz", controller = "Home"}. Executing controller action with signature Microsoft.AspNetCore.Mvc.IActionResult CreateQuiz() on controller QuizzyPop.Controllers.HomeController (QuizzyPop).
2025-10-22 22:36:45.764 +02:00 [INF] Executing ViewResult, running view CreateQuiz.
2025-10-22 22:36:45.907 +02:00 [INF] Accessing expired session, Key:9a63785d-eac7-fe47-9a75-9d1a1b9838b0
2025-10-22 22:36:45.928 +02:00 [INF] Executed ViewResult - view CreateQuiz executed in 163.9773ms.
2025-10-22 22:36:45.929 +02:00 [INF] Executed action QuizzyPop.Controllers.HomeController.CreateQuiz (QuizzyPop) in 360.7534ms
2025-10-22 22:36:45.929 +02:00 [INF] Executed endpoint 'QuizzyPop.Controllers.HomeController.CreateQuiz (QuizzyPop)'
2025-10-22 22:36:45.935 +02:00 [INF] Request finished HTTP/1.1 GET http://localhost:5299/Home/CreateQuiz - 200 null text/html; charset=utf-8 543.8029ms
2025-10-22 22:36:46.295 +02:00 [INF] Request starting HTTP/1.1 GET http://localhost:5299/fonts/Baloo2-Regular.ttf - null null
2025-10-22 22:36:46.311 +02:00 [INF] Request finished HTTP/1.1 GET http://localhost:5299/fonts/Baloo2-Regular.ttf - 404 0 null 16.2583ms
2025-10-22 22:36:46.319 +02:00 [INF] Request reached the end of the middleware pipeline without being handled by application code. Request path: GET http://localhost:5299/fonts/Baloo2-Regular.ttf, Response status code: 404
2025-10-22 22:36:47.534 +02:00 [INF] Request starting HTTP/1.1 GET http://localhost:5299/Home/TakeQuiz - null null
2025-10-22 22:36:47.540 +02:00 [INF] Executing endpoint 'QuizzyPop.Controllers.HomeController.TakeQuiz (QuizzyPop)'
2025-10-22 22:36:47.549 +02:00 [INF] Route matched with {action = "TakeQuiz", controller = "Home"}. Executing controller action with signature System.Threading.Tasks.Task`1[Microsoft.AspNetCore.Mvc.IActionResult] TakeQuiz() on controller QuizzyPop.Controllers.HomeController (QuizzyPop).
2025-10-22 22:36:47.886 +02:00 [INF] Loaded 3 quizzes from database.
2025-10-22 22:36:47.889 +02:00 [INF] Executing ViewResult, running view TakeQuiz.
2025-10-22 22:36:47.939 +02:00 [INF] Accessing expired session, Key:9a63785d-eac7-fe47-9a75-9d1a1b9838b0
2025-10-22 22:36:47.940 +02:00 [INF] Executed ViewResult - view TakeQuiz executed in 52.535ms.
2025-10-22 22:36:47.941 +02:00 [INF] Executed action QuizzyPop.Controllers.HomeController.TakeQuiz (QuizzyPop) in 391.6743ms
2025-10-22 22:36:47.942 +02:00 [INF] Executed endpoint 'QuizzyPop.Controllers.HomeController.TakeQuiz (QuizzyPop)'
2025-10-22 22:36:47.942 +02:00 [INF] Request finished HTTP/1.1 GET http://localhost:5299/Home/TakeQuiz - 200 null text/html; charset=utf-8 408.2723ms
2025-10-22 22:36:47.966 +02:00 [INF] Request starting HTTP/1.1 GET http://localhost:5299/images/default-cover.png - null null
2025-10-22 22:36:47.967 +02:00 [INF] Request finished HTTP/1.1 GET http://localhost:5299/images/default-cover.png - 404 0 null 1.138ms
2025-10-22 22:36:47.967 +02:00 [INF] Request reached the end of the middleware pipeline without being handled by application code. Request path: GET http://localhost:5299/images/default-cover.png, Response status code: 404
2025-10-22 22:36:48.013 +02:00 [INF] Request starting HTTP/1.1 GET http://localhost:5299/fonts/Baloo2-Regular.ttf - null null
2025-10-22 22:36:48.014 +02:00 [INF] Request finished HTTP/1.1 GET http://localhost:5299/fonts/Baloo2-Regular.ttf - 404 0 null 1.5057ms
2025-10-22 22:36:48.015 +02:00 [INF] Request reached the end of the middleware pipeline without being handled by application code. Request path: GET http://localhost:5299/fonts/Baloo2-Regular.ttf, Response status code: 404
2025-10-22 22:36:48.834 +02:00 [INF] Request starting HTTP/1.1 GET http://localhost:5299/Home/CreateQuiz - null null
2025-10-22 22:36:48.835 +02:00 [INF] Executing endpoint 'QuizzyPop.Controllers.HomeController.CreateQuiz (QuizzyPop)'
2025-10-22 22:36:48.836 +02:00 [INF] Route matched with {action = "CreateQuiz", controller = "Home"}. Executing controller action with signature Microsoft.AspNetCore.Mvc.IActionResult CreateQuiz() on controller QuizzyPop.Controllers.HomeController (QuizzyPop).
2025-10-22 22:36:48.843 +02:00 [INF] Executing ViewResult, running view CreateQuiz.
2025-10-22 22:36:48.849 +02:00 [INF] Accessing expired session, Key:9a63785d-eac7-fe47-9a75-9d1a1b9838b0
2025-10-22 22:36:48.850 +02:00 [INF] Executed ViewResult - view CreateQuiz executed in 6.9229ms.
2025-10-22 22:36:48.850 +02:00 [INF] Executed action QuizzyPop.Controllers.HomeController.CreateQuiz (QuizzyPop) in 14.1243ms
2025-10-22 22:36:48.850 +02:00 [INF] Executed endpoint 'QuizzyPop.Controllers.HomeController.CreateQuiz (QuizzyPop)'
2025-10-22 22:36:48.850 +02:00 [INF] Request finished HTTP/1.1 GET http://localhost:5299/Home/CreateQuiz - 200 null text/html; charset=utf-8 15.8883ms
2025-10-22 22:36:48.909 +02:00 [INF] Request starting HTTP/1.1 GET http://localhost:5299/fonts/Baloo2-Regular.ttf - null null
2025-10-22 22:36:48.910 +02:00 [INF] Request finished HTTP/1.1 GET http://localhost:5299/fonts/Baloo2-Regular.ttf - 404 0 null 1.0351ms
2025-10-22 22:36:48.911 +02:00 [INF] Request reached the end of the middleware pipeline without being handled by application code. Request path: GET http://localhost:5299/fonts/Baloo2-Regular.ttf, Response status code: 404
2025-10-22 22:36:54.878 +02:00 [INF] Application is shutting down...
