2025-10-13 18:23:49.361 +02:00 [INF] User profile is available. Using 'C:\Users\Vincent Ngo\AppData\Local\ASP.NET\DataProtection-Keys' as key repository and Windows DPAPI to encrypt keys at rest.
2025-10-13 18:23:49.408 +02:00 [INF] Now listening on: http://localhost:5299
2025-10-13 18:23:49.411 +02:00 [INF] Application started. Press Ctrl+C to shut down.
2025-10-13 18:23:49.411 +02:00 [INF] Hosting environment: Development
2025-10-13 18:23:49.411 +02:00 [INF] Content root path: C:\Users\Vincent Ngo\Downloads\QuizzyPop\Quizzypop
2025-10-13 18:23:51.943 +02:00 [INF] Request starting HTTP/1.1 GET http://localhost:5299/ - null null
2025-10-13 18:23:51.971 +02:00 [WRN] Failed to determine the https port for redirect.
2025-10-13 18:23:52.023 +02:00 [INF] Executing endpoint 'QuizzyPop.Controllers.HomeController.Index (QuizzyPop)'
2025-10-13 18:23:52.043 +02:00 [INF] Route matched with {action = "Index", controller = "Home"}. Executing controller action with signature Microsoft.AspNetCore.Mvc.IActionResult Index() on controller QuizzyPop.Controllers.HomeController (QuizzyPop).
2025-10-13 18:23:52.073 +02:00 [INF] Executing ViewResult, running view Index.
2025-10-13 18:23:52.172 +02:00 [INF] Executed ViewResult - view Index executed in 105.0701ms.
2025-10-13 18:23:52.175 +02:00 [INF] Executed action QuizzyPop.Controllers.HomeController.Index (QuizzyPop) in 130.7324ms
2025-10-13 18:23:52.175 +02:00 [INF] Executed endpoint 'QuizzyPop.Controllers.HomeController.Index (QuizzyPop)'
2025-10-13 18:23:52.186 +02:00 [INF] Request finished HTTP/1.1 GET http://localhost:5299/ - 200 null text/html; charset=utf-8 242.2761ms
2025-10-13 18:23:57.933 +02:00 [INF] Request starting HTTP/1.1 GET http://localhost:5299/Home/TakeQuiz - null null
2025-10-13 18:23:57.937 +02:00 [INF] Executing endpoint 'QuizzyPop.Controllers.HomeController.TakeQuiz (QuizzyPop)'
2025-10-13 18:23:57.943 +02:00 [INF] Route matched with {action = "TakeQuiz", controller = "Home"}. Executing controller action with signature System.Threading.Tasks.Task`1[Microsoft.AspNetCore.Mvc.IActionResult] TakeQuiz() on controller QuizzyPop.Controllers.HomeController (QuizzyPop).
2025-10-13 18:23:58.117 +02:00 [INF] Loaded 2 quizzes from database.
2025-10-13 18:23:58.121 +02:00 [INF] Executing ViewResult, running view TakeQuiz.
2025-10-13 18:23:58.141 +02:00 [INF] Executed ViewResult - view TakeQuiz executed in 22.1742ms.
2025-10-13 18:23:58.142 +02:00 [INF] Executed action QuizzyPop.Controllers.HomeController.TakeQuiz (QuizzyPop) in 198.7179ms
2025-10-13 18:23:58.142 +02:00 [INF] Executed endpoint 'QuizzyPop.Controllers.HomeController.TakeQuiz (QuizzyPop)'
2025-10-13 18:23:58.143 +02:00 [INF] Request finished HTTP/1.1 GET http://localhost:5299/Home/TakeQuiz - 200 null text/html; charset=utf-8 210.8115ms
2025-10-13 18:23:58.230 +02:00 [INF] Request starting HTTP/1.1 GET http://localhost:5299/fonts/Baloo2-Regular.ttf - null null
2025-10-13 18:23:58.232 +02:00 [INF] Request finished HTTP/1.1 GET http://localhost:5299/fonts/Baloo2-Regular.ttf - 404 0 null 2.6668ms
2025-10-13 18:23:58.234 +02:00 [INF] Request reached the end of the middleware pipeline without being handled by application code. Request path: GET http://localhost:5299/fonts/Baloo2-Regular.ttf, Response status code: 404
2025-10-13 18:23:59.792 +02:00 [INF] Request starting HTTP/1.1 GET http://localhost:5299/Home/StartQuiz/Geometry - null null
2025-10-13 18:23:59.794 +02:00 [INF] Executing endpoint 'QuizzyPop.Controllers.HomeController.StartQuiz (QuizzyPop)'
2025-10-13 18:23:59.805 +02:00 [INF] Route matched with {action = "StartQuiz", controller = "Home"}. Executing controller action with signature Microsoft.AspNetCore.Mvc.IActionResult StartQuiz(System.String, Int32) on controller QuizzyPop.Controllers.HomeController (QuizzyPop).
2025-10-13 18:23:59.821 +02:00 [INF] Executing ViewResult, running view TakingQuiz.
2025-10-13 18:23:59.832 +02:00 [INF] Executed ViewResult - view TakingQuiz executed in 11.2004ms.
2025-10-13 18:23:59.833 +02:00 [INF] Executed action QuizzyPop.Controllers.HomeController.StartQuiz (QuizzyPop) in 26.8881ms
2025-10-13 18:23:59.833 +02:00 [INF] Executed endpoint 'QuizzyPop.Controllers.HomeController.StartQuiz (QuizzyPop)'
2025-10-13 18:23:59.834 +02:00 [INF] Request finished HTTP/1.1 GET http://localhost:5299/Home/StartQuiz/Geometry - 200 null text/html; charset=utf-8 41.4817ms
2025-10-13 18:23:59.870 +02:00 [INF] Request starting HTTP/1.1 GET http://localhost:5299/fonts/Baloo2-Regular.ttf - null null
2025-10-13 18:23:59.870 +02:00 [INF] Request finished HTTP/1.1 GET http://localhost:5299/fonts/Baloo2-Regular.ttf - 404 0 null 0.9086ms
2025-10-13 18:23:59.871 +02:00 [INF] Request reached the end of the middleware pipeline without being handled by application code. Request path: GET http://localhost:5299/fonts/Baloo2-Regular.ttf, Response status code: 404
