2025-10-13 18:22:15.668 +02:00 [INF] User profile is available. Using 'C:\Users\Vincent Ngo\AppData\Local\ASP.NET\DataProtection-Keys' as key repository and Windows DPAPI to encrypt keys at rest.
2025-10-13 18:22:15.776 +02:00 [INF] Now listening on: http://localhost:5299
2025-10-13 18:22:15.779 +02:00 [INF] Application started. Press Ctrl+C to shut down.
2025-10-13 18:22:15.780 +02:00 [INF] Hosting environment: Development
2025-10-13 18:22:15.780 +02:00 [INF] Content root path: C:\Users\Vincent Ngo\Downloads\QuizzyPop\Quizzypop
2025-10-13 18:22:19.968 +02:00 [INF] Request starting HTTP/1.1 GET http://localhost:5299/ - null null
2025-10-13 18:22:20.000 +02:00 [WRN] Failed to determine the https port for redirect.
2025-10-13 18:22:20.039 +02:00 [INF] Executing endpoint 'QuizzyPop.Controllers.HomeController.Index (QuizzyPop)'
2025-10-13 18:22:20.064 +02:00 [INF] Route matched with {action = "Index", controller = "Home"}. Executing controller action with signature Microsoft.AspNetCore.Mvc.IActionResult Index() on controller QuizzyPop.Controllers.HomeController (QuizzyPop).
2025-10-13 18:22:20.088 +02:00 [INF] Executing ViewResult, running view Index.
2025-10-13 18:22:20.185 +02:00 [INF] Executed ViewResult - view Index executed in 103.662ms.
2025-10-13 18:22:20.187 +02:00 [INF] Executed action QuizzyPop.Controllers.HomeController.Index (QuizzyPop) in 122.0102ms
2025-10-13 18:22:20.188 +02:00 [INF] Executed endpoint 'QuizzyPop.Controllers.HomeController.Index (QuizzyPop)'
2025-10-13 18:22:20.195 +02:00 [INF] Request finished HTTP/1.1 GET http://localhost:5299/ - 200 null text/html; charset=utf-8 233.9951ms
2025-10-13 18:22:24.313 +02:00 [INF] Request starting HTTP/1.1 GET http://localhost:5299/Home/TakeQuiz - null null
2025-10-13 18:22:24.316 +02:00 [INF] Executing endpoint 'QuizzyPop.Controllers.HomeController.TakeQuiz (QuizzyPop)'
2025-10-13 18:22:24.323 +02:00 [INF] Route matched with {action = "TakeQuiz", controller = "Home"}. Executing controller action with signature System.Threading.Tasks.Task`1[Microsoft.AspNetCore.Mvc.IActionResult] TakeQuiz() on controller QuizzyPop.Controllers.HomeController (QuizzyPop).
2025-10-13 18:22:24.555 +02:00 [INF] Loaded 2 quizzes from database.
2025-10-13 18:22:24.564 +02:00 [INF] Executing ViewResult, running view TakeQuiz.
2025-10-13 18:22:24.604 +02:00 [INF] Executed ViewResult - view TakeQuiz executed in 46.9162ms.
2025-10-13 18:22:24.604 +02:00 [INF] Executed action QuizzyPop.Controllers.HomeController.TakeQuiz (QuizzyPop) in 281.3868ms
2025-10-13 18:22:24.604 +02:00 [INF] Executed endpoint 'QuizzyPop.Controllers.HomeController.TakeQuiz (QuizzyPop)'
2025-10-13 18:22:24.606 +02:00 [INF] Request finished HTTP/1.1 GET http://localhost:5299/Home/TakeQuiz - 200 null text/html; charset=utf-8 293.4289ms
2025-10-13 18:22:24.689 +02:00 [INF] Request starting HTTP/1.1 GET http://localhost:5299/fonts/Baloo2-Regular.ttf - null null
2025-10-13 18:22:24.697 +02:00 [INF] Request finished HTTP/1.1 GET http://localhost:5299/fonts/Baloo2-Regular.ttf - 404 0 null 8.5784ms
2025-10-13 18:22:24.700 +02:00 [INF] Request reached the end of the middleware pipeline without being handled by application code. Request path: GET http://localhost:5299/fonts/Baloo2-Regular.ttf, Response status code: 404
2025-10-13 18:22:26.893 +02:00 [INF] Request starting HTTP/1.1 GET http://localhost:5299/Home/StartQuiz/Geometry - null null
2025-10-13 18:22:26.897 +02:00 [INF] Executing endpoint 'QuizzyPop.Controllers.HomeController.StartQuiz (QuizzyPop)'
2025-10-13 18:22:26.907 +02:00 [INF] Route matched with {action = "StartQuiz", controller = "Home"}. Executing controller action with signature Microsoft.AspNetCore.Mvc.IActionResult StartQuiz(System.String, Int32) on controller QuizzyPop.Controllers.HomeController (QuizzyPop).
2025-10-13 18:22:26.927 +02:00 [INF] Executing ViewResult, running view TakingQuiz.
2025-10-13 18:22:26.947 +02:00 [INF] Executed ViewResult - view TakingQuiz executed in 23.0695ms.
2025-10-13 18:22:26.948 +02:00 [INF] Executed action QuizzyPop.Controllers.HomeController.StartQuiz (QuizzyPop) in 40.8149ms
2025-10-13 18:22:26.948 +02:00 [INF] Executed endpoint 'QuizzyPop.Controllers.HomeController.StartQuiz (QuizzyPop)'
2025-10-13 18:22:26.949 +02:00 [INF] Request finished HTTP/1.1 GET http://localhost:5299/Home/StartQuiz/Geometry - 200 null text/html; charset=utf-8 56.3912ms
2025-10-13 18:22:26.996 +02:00 [INF] Request starting HTTP/1.1 GET http://localhost:5299/fonts/Baloo2-Regular.ttf - null null
2025-10-13 18:22:26.997 +02:00 [INF] Request finished HTTP/1.1 GET http://localhost:5299/fonts/Baloo2-Regular.ttf - 404 0 null 1.2617ms
2025-10-13 18:22:26.998 +02:00 [INF] Request reached the end of the middleware pipeline without being handled by application code. Request path: GET http://localhost:5299/fonts/Baloo2-Regular.ttf, Response status code: 404
2025-10-13 18:23:38.201 +02:00 [INF] Application is shutting down...
